2024-08-13 08:53:54,363 [INFO] Activator:176 - 


2024-08-13 08:53:54,366 [INFO] Activator:177 - !SESSION log4j initialized
2024-08-13 08:53:58,543 [INFO] LogOutputStream:77 - [STDOUT_REDIRECT] 
2024-08-13 08:54:05,648 [INFO] ApplicationProperties:184 - Using Application install path: C:\ST\STM32CubeIDE_1.16.0\STM32CubeIDE\plugins\com.st.stm32cube.common.mx_6.12.0.202406281431
2024-08-13 08:54:05,699 [INFO] DbMcusXml:78 - Set database path to: C:\ST\STM32CubeIDE_1.16.0\STM32CubeIDE\plugins\com.st.stm32cube.common.mx_6.12.0.202406281431\\db\/mcu/
2024-08-13 08:54:05,700 [INFO] ApiDb:274 - Set plugin database path to: C:\ST\STM32CubeIDE_1.16.0\STM32CubeIDE\plugins\com.st.stm32cube.common.mx_6.12.0.202406281431\\db\/plugins/boardmanager/
2024-08-13 08:54:05,702 [WARN] ApiDb:259 - Overriding images path with different value:  => C:\ST\STM32CubeIDE_1.16.0\STM32CubeIDE\plugins\com.st.stm32cube.common.mx_6.12.0.202406281431\\db\/plugins/mcufinder/images/
2024-08-13 08:54:06,798 [ERROR] ConfigurationRetriever:142 - IOException on connection: Connect timed out
2024-08-13 08:54:11,040 [WARN] ApiFinderProperties:113 - C:\Users\zchua\.stmcufinder\plugins\mcufinder\mcu\mcuFinder.mfd doesn't exist
2024-08-13 08:54:11,041 [INFO] ApiDb:250 - Set database path to: C:\Users\zchua\.stmcufinder\plugins\mcufinder//mcu/
2024-08-13 08:54:11,043 [INFO] DbMcusAds:125 - Set database path to: C:\Users\zchua\.stmcufinder\plugins\mcufinder//mcu/
2024-08-13 08:54:11,058 [INFO] CrossReferenceDbSqlite:203 - Set database path to: C:\Users\zchua\.stmcufinder\plugins\mcufinder//mcu/cs/
2024-08-13 08:54:11,181 [INFO] RulesReader:64 - Compatibility file has been processed (297 Rules)
2024-08-13 08:54:11,358 [INFO] DbMcusXml:78 - Set database path to: C:\ST\STM32CubeIDE_1.16.0\STM32CubeIDE\plugins\com.st.stm32cube.common.mx_6.12.0.202406281431\\db\/mcu/
2024-08-13 08:54:11,358 [INFO] ApiDb:274 - Set plugin database path to: C:\ST\STM32CubeIDE_1.16.0\STM32CubeIDE\plugins\com.st.stm32cube.common.mx_6.12.0.202406281431\\db\/plugins/boardmanager/
2024-08-13 08:54:11,359 [INFO] ApiDb:261 - Set plugin images path to: C:\ST\STM32CubeIDE_1.16.0\STM32CubeIDE\plugins\com.st.stm32cube.common.mx_6.12.0.202406281431\\db\/plugins/mcufinder/images/
2024-08-13 08:54:11,359 [WARN] DbFile:41 - Overriding database path with different value: C:\Users\zchua\.stmcufinder\plugins\mcufinder/ => C:\Users\zchua\.stmcufinder\plugins\mcufinder
2024-08-13 08:54:11,359 [INFO] ApiDb:250 - Set database path to: C:\Users\zchua\.stmcufinder\plugins\mcufinder//mcu/
2024-08-13 08:54:11,360 [WARN] DbFile:41 - Overriding database path with different value: C:\Users\zchua\.stmcufinder\plugins\mcufinder/ => C:\Users\zchua\.stmcufinder\plugins\mcufinder
2024-08-13 08:54:11,360 [INFO] DbMcusAds:125 - Set database path to: C:\Users\zchua\.stmcufinder\plugins\mcufinder//mcu/
2024-08-13 08:54:11,360 [WARN] DbFile:41 - Overriding database path with different value: C:\Users\zchua\.stmcufinder\plugins\mcufinder/ => C:\Users\zchua\.stmcufinder\plugins\mcufinder
2024-08-13 08:54:11,360 [WARN] DbFile:41 - Overriding database path with different value: C:\Users\zchua\.stmcufinder\plugins\mcufinder/ => C:\Users\zchua\.stmcufinder\plugins\mcufinder
2024-08-13 08:54:11,360 [INFO] CrossReferenceDbSqlite:203 - Set database path to: C:\Users\zchua\.stmcufinder\plugins\mcufinder//mcu/cs/
2024-08-13 08:54:11,546 [INFO] MainPanel:268 - HeapMemory: 268435456
2024-08-13 08:54:11,705 [INFO] DbMcusXml:78 - Set database path to: C:\ST\STM32CubeIDE_1.16.0\STM32CubeIDE\plugins\com.st.stm32cube.common.mx_6.12.0.202406281431\\db\/mcu/
2024-08-13 08:54:11,705 [INFO] ApiDb:274 - Set plugin database path to: C:\ST\STM32CubeIDE_1.16.0\STM32CubeIDE\plugins\com.st.stm32cube.common.mx_6.12.0.202406281431\\db\/plugins/boardmanager/
2024-08-13 08:54:11,705 [INFO] ApiDb:261 - Set plugin images path to: C:\ST\STM32CubeIDE_1.16.0\STM32CubeIDE\plugins\com.st.stm32cube.common.mx_6.12.0.202406281431\\db\/plugins/mcufinder/images/
2024-08-13 08:54:11,707 [WARN] DbFile:41 - Overriding database path with different value: C:\Users\zchua\.stmcufinder\plugins\mcufinder/ => C:\Users\zchua\.stmcufinder\plugins\mcufinder
2024-08-13 08:54:11,707 [INFO] ApiDb:250 - Set database path to: C:\Users\zchua\.stmcufinder\plugins\mcufinder//mcu/
2024-08-13 08:54:11,707 [WARN] DbFile:41 - Overriding database path with different value: C:\Users\zchua\.stmcufinder\plugins\mcufinder/ => C:\Users\zchua\.stmcufinder\plugins\mcufinder
2024-08-13 08:54:11,707 [INFO] DbMcusAds:125 - Set database path to: C:\Users\zchua\.stmcufinder\plugins\mcufinder//mcu/
2024-08-13 08:54:11,707 [WARN] DbFile:41 - Overriding database path with different value: C:\Users\zchua\.stmcufinder\plugins\mcufinder/ => C:\Users\zchua\.stmcufinder\plugins\mcufinder
2024-08-13 08:54:11,707 [WARN] DbFile:41 - Overriding database path with different value: C:\Users\zchua\.stmcufinder\plugins\mcufinder/ => C:\Users\zchua\.stmcufinder\plugins\mcufinder
2024-08-13 08:54:11,707 [INFO] CrossReferenceDbSqlite:203 - Set database path to: C:\Users\zchua\.stmcufinder\plugins\mcufinder//mcu/cs/
2024-08-13 08:54:11,743 [INFO] ApplicationProperties:184 - Using Application install path: C:\ST\STM32CubeIDE_1.16.0\STM32CubeIDE\plugins\com.st.stm32cube.common.mx_6.12.0.202406281431
2024-08-13 08:54:11,745 [INFO] PluginManage:196 - Search for loadable plugins [exclusion list=, ]
2024-08-13 08:54:11,747 [INFO] PluginManage:310 - Check plugin analytics
2024-08-13 08:54:11,802 [ERROR] ConfigurationRetriever:142 - IOException on connection: Connect timed out
2024-08-13 08:54:12,029 [INFO] AnalyticsPlugin:253 - Accepted Software Licenses: 
2024-08-13 08:54:12,030 [INFO] AnalyticsPlugin:255 - Accepted CMSIS Pack Licenses: 
2024-08-13 08:54:12,031 [INFO] AnalyticsPlugin:257 - Accepted Firmware Licenses: 
2024-08-13 08:54:12,036 [INFO] PluginManage:359 - Loaded plugin analytics (category:tool,tabindex:-1)
2024-08-13 08:54:12,036 [INFO] PluginManage:310 - Check plugin cadmodel
2024-08-13 08:54:12,046 [INFO] CADModel:105 - Init CAD model plugin
2024-08-13 08:54:12,047 [INFO] PluginManage:359 - Loaded plugin cadmodel (category:power,tabindex:5)
2024-08-13 08:54:12,048 [INFO] PluginManage:310 - Check plugin clock
2024-08-13 08:54:12,068 [INFO] PluginManage:359 - Loaded plugin clock (category:base,tabindex:2)
2024-08-13 08:54:12,068 [INFO] PluginManage:310 - Check plugin ddr
2024-08-13 08:54:12,076 [INFO] PluginManage:359 - Loaded plugin ddr (category:tool,tabindex:6)
2024-08-13 08:54:12,076 [INFO] PluginManage:310 - Check plugin filemanager
2024-08-13 08:54:12,316 [INFO] PluginManage:359 - Loaded plugin filemanager (category:base,tabindex:10)
2024-08-13 08:54:12,317 [INFO] PluginManage:310 - Check plugin ipmanager
2024-08-13 08:54:12,330 [INFO] PluginManage:359 - Loaded plugin ipmanager (category:base,tabindex:5)
2024-08-13 08:54:12,330 [INFO] PluginManage:310 - Check plugin lpbam
2024-08-13 08:54:12,341 [INFO] PluginManage:359 - Loaded plugin lpbam (category:base,tabindex:0)
2024-08-13 08:54:12,341 [INFO] PluginManage:310 - Check plugin memorymap
2024-08-13 08:54:12,356 [INFO] PluginManage:359 - Loaded plugin memorymap (category:base,tabindex:4)
2024-08-13 08:54:12,357 [INFO] PluginManage:310 - Check plugin pinoutandconfiguration
2024-08-13 08:54:12,367 [INFO] PluginManage:359 - Loaded plugin pinoutandconfiguration (category:base,tabindex:1)
2024-08-13 08:54:12,367 [INFO] PluginManage:310 - Check plugin pinoutconfig
2024-08-13 08:54:12,504 [WARN] SupportedApi:132 - Cannot load RTOS API schema: s4s-elt-must-match.1: The content of 'definitions' must match (annotation?, (simpleType | complexType)?, (unique | key | keyref)*)). A problem was found starting at: attribute.
2024-08-13 08:54:12,698 [INFO] PluginManage:359 - Loaded plugin pinoutconfig (category:base,tabindex:0)
2024-08-13 08:54:12,698 [INFO] PluginManage:310 - Check plugin power
2024-08-13 08:54:12,716 [INFO] PluginManage:359 - Loaded plugin power (category:power,tabindex:4)
2024-08-13 08:54:12,716 [INFO] PluginManage:310 - Check plugin projectmanager
2024-08-13 08:54:12,741 [INFO] PluginManage:359 - Loaded plugin projectmanager (category:projectmanager,tabindex:4)
2024-08-13 08:54:12,742 [INFO] PluginManage:310 - Check plugin rif
2024-08-13 08:54:12,752 [INFO] PluginManage:359 - Loaded plugin rif (category:base,tabindex:3)
2024-08-13 08:54:12,753 [INFO] PluginManage:310 - Check plugin thirdparty
2024-08-13 08:54:12,926 [INFO] PluginManage:359 - Loaded plugin thirdparty (category:base,tabindex:-1)
2024-08-13 08:54:12,926 [WARN] IntegrityCheckThread:84 - waiting for thirdparty lock release [integrity check]
2024-08-13 08:54:12,927 [INFO] PluginManage:310 - Check plugin tools
2024-08-13 08:54:12,927 [INFO] IntegrityCheckThread:86 - entering critical section [integrity check]
2024-08-13 08:54:12,928 [INFO] ThirdPartyUpdaterWithRetryManager:70 - Updater plugin not ready yet. [1/15]
2024-08-13 08:54:12,931 [INFO] PluginManage:359 - Loaded plugin tools (category:base,tabindex:7)
2024-08-13 08:54:12,932 [INFO] PluginManage:310 - Check plugin tutovideos
2024-08-13 08:54:13,158 [INFO] PluginManage:359 - Loaded plugin tutovideos (category:base,tabindex:-1)
2024-08-13 08:54:13,159 [INFO] PluginManage:310 - Check plugin updater
2024-08-13 08:54:13,183 [INFO] PluginManage:359 - Loaded plugin updater (category:base,tabindex:12)
2024-08-13 08:54:13,184 [INFO] PluginManage:310 - Check plugin userauth
2024-08-13 08:54:13,192 [INFO] UserAuth:113 - Init User Auth plugin
2024-08-13 08:54:13,193 [INFO] PluginManage:359 - Loaded plugin userauth (category:base,tabindex:14)
2024-08-13 08:54:13,193 [INFO] PluginManage:283 - PluginManage : Loaded plugins [18]
2024-08-13 08:54:13,479 [INFO] PinOutPanel:1561 - setPackage(No Configuration,No Configuration)
2024-08-13 08:54:13,609 [INFO] CADModel:165 - CPN selected for project level
2024-08-13 08:54:13,610 [INFO] CADModel:114 - Register for checkConnection events
2024-08-13 08:54:13,629 [INFO] IPUIPlugin:80 - create IPUIPlugin
2024-08-13 08:54:13,629 [INFO] PluginManager:220 - loadIPPluginJar : add adc
2024-08-13 08:54:13,632 [INFO] IPUIPlugin:80 - create IPUIPlugin
2024-08-13 08:54:13,632 [INFO] PluginManager:220 - loadIPPluginJar : add aes
2024-08-13 08:54:13,636 [INFO] IPUIPlugin:80 - create IPUIPlugin
2024-08-13 08:54:13,636 [INFO] PluginManager:220 - loadIPPluginJar : add can
2024-08-13 08:54:13,638 [INFO] IPUIPlugin:80 - create IPUIPlugin
2024-08-13 08:54:13,638 [INFO] PluginManager:220 - loadIPPluginJar : add comp
2024-08-13 08:54:13,641 [INFO] IPUIPlugin:80 - create IPUIPlugin
2024-08-13 08:54:13,641 [INFO] PluginManager:220 - loadIPPluginJar : add cryp
2024-08-13 08:54:13,644 [INFO] IPUIPlugin:80 - create IPUIPlugin
2024-08-13 08:54:13,644 [INFO] PluginManager:220 - loadIPPluginJar : add ddr_ctrl_phy
2024-08-13 08:54:13,647 [INFO] IPUIPlugin:80 - create IPUIPlugin
2024-08-13 08:54:13,647 [INFO] PluginManager:220 - loadIPPluginJar : add dfsdm
2024-08-13 08:54:13,653 [INFO] IPUIPlugin:80 - create IPUIPlugin
2024-08-13 08:54:13,654 [INFO] PluginManager:220 - loadIPPluginJar : add dma
2024-08-13 08:54:13,656 [INFO] IPUIPlugin:80 - create IPUIPlugin
2024-08-13 08:54:13,656 [INFO] PluginManager:220 - loadIPPluginJar : add dma3
2024-08-13 08:54:13,659 [INFO] IPUIPlugin:80 - create IPUIPlugin
2024-08-13 08:54:13,659 [INFO] PluginManager:220 - loadIPPluginJar : add extmemmanager
2024-08-13 08:54:13,661 [INFO] IPUIPlugin:80 - create IPUIPlugin
2024-08-13 08:54:13,661 [INFO] PluginManager:220 - loadIPPluginJar : add fatfs
2024-08-13 08:54:13,665 [INFO] IPUIPlugin:80 - create IPUIPlugin
2024-08-13 08:54:13,666 [INFO] PluginManager:220 - loadIPPluginJar : add fmc
2024-08-13 08:54:13,673 [INFO] IPUIPlugin:80 - create IPUIPlugin
2024-08-13 08:54:13,673 [INFO] PluginManager:220 - loadIPPluginJar : add freertos
2024-08-13 08:54:13,675 [INFO] IPUIPlugin:80 - create IPUIPlugin
2024-08-13 08:54:13,675 [INFO] PluginManager:220 - loadIPPluginJar : add genericplugin
2024-08-13 08:54:13,678 [INFO] IPUIPlugin:80 - create IPUIPlugin
2024-08-13 08:54:13,678 [INFO] PluginManager:220 - loadIPPluginJar : add gfxmmu
2024-08-13 08:54:13,684 [INFO] IPUIPlugin:80 - create IPUIPlugin
2024-08-13 08:54:13,685 [INFO] PluginManager:220 - loadIPPluginJar : add gic
2024-08-13 08:54:13,689 [INFO] IPUIPlugin:80 - create IPUIPlugin
2024-08-13 08:54:13,689 [INFO] PluginManager:220 - loadIPPluginJar : add gpio
2024-08-13 08:54:13,693 [INFO] IPUIPlugin:80 - create IPUIPlugin
2024-08-13 08:54:13,693 [INFO] PluginManager:220 - loadIPPluginJar : add gtzc
2024-08-13 08:54:13,696 [INFO] IPUIPlugin:80 - create IPUIPlugin
2024-08-13 08:54:13,696 [INFO] PluginManager:220 - loadIPPluginJar : add hash
2024-08-13 08:54:13,699 [INFO] IPUIPlugin:80 - create IPUIPlugin
2024-08-13 08:54:13,699 [INFO] PluginManager:220 - loadIPPluginJar : add i2c
2024-08-13 08:54:13,702 [INFO] IPUIPlugin:80 - create IPUIPlugin
2024-08-13 08:54:13,702 [INFO] PluginManager:220 - loadIPPluginJar : add i2s
2024-08-13 08:54:13,707 [INFO] IPUIPlugin:80 - create IPUIPlugin
2024-08-13 08:54:13,707 [INFO] PluginManager:220 - loadIPPluginJar : add i3c
2024-08-13 08:54:13,711 [INFO] IPUIPlugin:80 - create IPUIPlugin
2024-08-13 08:54:13,712 [INFO] PluginManager:220 - loadIPPluginJar : add ipddr
2024-08-13 08:54:13,722 [INFO] IPUIPlugin:80 - create IPUIPlugin
2024-08-13 08:54:13,722 [INFO] PluginManager:220 - loadIPPluginJar : add linkedlist
2024-08-13 08:54:13,725 [INFO] IPUIPlugin:80 - create IPUIPlugin
2024-08-13 08:54:13,725 [INFO] PluginManager:220 - loadIPPluginJar : add lorawan
2024-08-13 08:54:13,727 [INFO] IPUIPlugin:80 - create IPUIPlugin
2024-08-13 08:54:13,728 [INFO] PluginManager:220 - loadIPPluginJar : add ltdc
2024-08-13 08:54:13,734 [INFO] IPUIPlugin:80 - create IPUIPlugin
2024-08-13 08:54:13,735 [INFO] PluginManager:220 - loadIPPluginJar : add mdma
2024-08-13 08:54:13,739 [INFO] IPUIPlugin:80 - create IPUIPlugin
2024-08-13 08:54:13,739 [INFO] PluginManager:220 - loadIPPluginJar : add nvic
2024-08-13 08:54:13,743 [INFO] IPUIPlugin:80 - create IPUIPlugin
2024-08-13 08:54:13,743 [INFO] PluginManager:220 - loadIPPluginJar : add opamp
2024-08-13 08:54:13,746 [INFO] IPUIPlugin:80 - create IPUIPlugin
2024-08-13 08:54:13,746 [INFO] PluginManager:220 - loadIPPluginJar : add openamp
2024-08-13 08:54:13,750 [INFO] IPUIPlugin:80 - create IPUIPlugin
2024-08-13 08:54:13,750 [INFO] PluginManager:220 - loadIPPluginJar : add pdm2pcm
2024-08-13 08:54:13,757 [INFO] IPUIPlugin:80 - create IPUIPlugin
2024-08-13 08:54:13,760 [INFO] PluginManager:220 - loadIPPluginJar : add plateformsettings
2024-08-13 08:54:13,762 [INFO] IPUIPlugin:80 - create IPUIPlugin
2024-08-13 08:54:13,762 [INFO] PluginManager:220 - loadIPPluginJar : add quadspi
2024-08-13 08:54:13,764 [INFO] IPUIPlugin:80 - create IPUIPlugin
2024-08-13 08:54:13,765 [INFO] PluginManager:220 - loadIPPluginJar : add radio
2024-08-13 08:54:13,772 [INFO] IPUIPlugin:80 - create IPUIPlugin
2024-08-13 08:54:13,772 [INFO] PluginManager:220 - loadIPPluginJar : add resmgrutility
2024-08-13 08:54:13,775 [INFO] IPUIPlugin:80 - create IPUIPlugin
2024-08-13 08:54:13,775 [INFO] PluginManager:220 - loadIPPluginJar : add sai
2024-08-13 08:54:13,778 [INFO] IPUIPlugin:80 - create IPUIPlugin
2024-08-13 08:54:13,779 [INFO] PluginManager:220 - loadIPPluginJar : add spi
2024-08-13 08:54:13,785 [INFO] IPUIPlugin:80 - create IPUIPlugin
2024-08-13 08:54:13,785 [INFO] PluginManager:220 - loadIPPluginJar : add stm32_wpan
2024-08-13 08:54:13,788 [INFO] IPUIPlugin:80 - create IPUIPlugin
2024-08-13 08:54:13,788 [INFO] PluginManager:220 - loadIPPluginJar : add tim
2024-08-13 08:54:13,792 [INFO] IPUIPlugin:80 - create IPUIPlugin
2024-08-13 08:54:13,792 [INFO] PluginManager:220 - loadIPPluginJar : add touchsensing
2024-08-13 08:54:13,793 [INFO] IPUIPlugin:80 - create IPUIPlugin
2024-08-13 08:54:13,794 [INFO] PluginManager:220 - loadIPPluginJar : add tracer_emb
2024-08-13 08:54:13,796 [INFO] IPUIPlugin:80 - create IPUIPlugin
2024-08-13 08:54:13,797 [INFO] PluginManager:220 - loadIPPluginJar : add ts
2024-08-13 08:54:13,799 [INFO] IPUIPlugin:80 - create IPUIPlugin
2024-08-13 08:54:13,799 [INFO] PluginManager:220 - loadIPPluginJar : add tsc
2024-08-13 08:54:13,802 [INFO] IPUIPlugin:80 - create IPUIPlugin
2024-08-13 08:54:13,802 [INFO] PluginManager:220 - loadIPPluginJar : add ucpd
2024-08-13 08:54:13,805 [INFO] IPUIPlugin:80 - create IPUIPlugin
2024-08-13 08:54:13,805 [INFO] PluginManager:220 - loadIPPluginJar : add usart
2024-08-13 08:54:13,808 [INFO] IPUIPlugin:80 - create IPUIPlugin
2024-08-13 08:54:13,808 [INFO] PluginManager:220 - loadIPPluginJar : add usbx
2024-08-13 08:54:13,945 [INFO] CADModel:165 - CPN selected for project level
2024-08-13 08:54:13,945 [INFO] CADModel:114 - Register for checkConnection events
2024-08-13 08:54:13,945 [FATAL] Updater:334 - Updater called before beeing initialized
2024-08-13 08:54:13,945 [ERROR] CADModel:125 - Updater not yet initialized, retry later 
2024-08-13 08:54:14,099 [INFO] CADModel:165 - CPN selected for project level
2024-08-13 08:54:14,099 [INFO] CADModel:114 - Register for checkConnection events
2024-08-13 08:54:14,099 [FATAL] Updater:334 - Updater called before beeing initialized
2024-08-13 08:54:14,099 [ERROR] CADModel:125 - Updater not yet initialized, retry later 
2024-08-13 08:54:14,102 [FATAL] Updater:334 - Updater called before beeing initialized
2024-08-13 08:54:14,246 [FATAL] Updater:334 - Updater called before beeing initialized
2024-08-13 08:54:14,252 [INFO] DbMcusAds:53 - JSON generation date=Thu Sep 30 14:55:09 MYT 2021 (1632984909247)
2024-08-13 08:54:14,252 [FATAL] Updater:334 - Updater called before beeing initialized
2024-08-13 08:54:14,303 [WARN] DetailPanel:346 - Failed to get advertising image, set to default
2024-08-13 08:54:14,432 [FATAL] Updater:334 - Updater called before beeing initialized
2024-08-13 08:54:14,435 [FATAL] Updater:334 - Updater called before beeing initialized
2024-08-13 08:54:14,435 [FATAL] Updater:334 - Updater called before beeing initialized
2024-08-13 08:54:14,435 [WARN] DetailPanel:346 - Failed to get advertising image, set to default
2024-08-13 08:54:14,435 [FATAL] Updater:334 - Updater called before beeing initialized
2024-08-13 08:54:14,504 [ERROR] Updater:1164 - MainUpdater not yet initialized. External WinMGr cannot be set.
2024-08-13 08:54:14,506 [INFO] Updater:1100 - Updater Version found : 6.12.0
2024-08-13 08:54:14,530 [INFO] ApplicationProperties:184 - Using Application install path: C:\ST\STM32CubeIDE_1.16.0\STM32CubeIDE\plugins\com.st.stm32cube.common.mx_6.12.0.202406281431
2024-08-13 08:54:15,929 [INFO] ThirdPartyUpdaterWithRetryManager:70 - Updater plugin not ready yet. [2/15]
2024-08-13 08:54:16,108 [ERROR] LogOutputStream:75 - [STDERR_REDIRECT] Aug 13, 2024 8:54:16 AM java.util.prefs.WindowsPreferences <init>
2024-08-13 08:54:16,109 [ERROR] LogOutputStream:75 - [STDERR_REDIRECT] WARNING: Could not open/create prefs root node Software\JavaSoft\Prefs at root 0xffffffff80000002. Windows RegCreateKeyEx(...) returned error code 5.
2024-08-13 08:54:16,109 [ERROR] LogOutputStream:75 - [STDERR_REDIRECT] 
2024-08-13 08:54:16,127 [INFO] MainUpdater:526 - Copy updater definitions from MX database
2024-08-13 08:54:16,156 [INFO] MainUpdater:559 - Copy flag file definitions from MX database
2024-08-13 08:54:16,161 [INFO] MainUpdater:575 - Copy thirdparty index definitions from MX database
2024-08-13 08:54:16,164 [INFO] MainUpdater:594 - Copy default thirdparty db definitions from MX database
2024-08-13 08:54:16,804 [ERROR] ConfigurationRetriever:142 - IOException on connection: Connect timed out
2024-08-13 08:54:17,039 [ERROR] ConfigurationRetriever:142 - IOException on connection: Connect timed out
2024-08-13 08:54:18,930 [FATAL] Updater:334 - Updater called before beeing initialized
2024-08-13 08:54:18,931 [ERROR] IntegrityCheckThread:130 - Cannot retrieve database content from updater: error 21
2024-08-13 08:54:18,932 [INFO] ThirdParty:978 - Integrity check success = false
2024-08-13 08:54:18,932 [INFO] IntegrityCheckThread:100 - exiting critical section [integrity check]
2024-08-13 08:54:18,932 [INFO] IntegrityCheckThread:103 - End integrity checks thread
2024-08-13 08:54:20,308 [WARN] CheckConnectionManager:291 - Warning during Server Connection :  timeout Connect to sw-center.st.com:443 [sw-center.st.com/203.121.59.234, sw-center.st.com/203.121.59.208] failed: Connect timed out
2024-08-13 08:54:22,041 [ERROR] ConfigurationRetriever:142 - IOException on connection: Connect timed out
2024-08-13 08:54:24,318 [WARN] CheckConnectionManager:291 - Warning during Server Connection :  timeout Connect to sw-center.st.com:443 [sw-center.st.com/203.121.59.234, sw-center.st.com/203.121.59.208] failed: Connect timed out
2024-08-13 08:54:24,326 [INFO] MainUpdater:2873 - connection check result : 22
2024-08-13 08:54:24,327 [INFO] MainUpdater:290 - Updater Check For Update Now.
2024-08-13 08:54:24,327 [INFO] MicroXplorer:498 - Change Database Version : DB.6.0.120
2024-08-13 08:54:24,341 [INFO] McuFinderGlobals:63 - Set McuFinder mode to 2 (CubeIDE integrated)
2024-08-13 08:54:24,341 [INFO] UserAuth:179 - activating auth plugin
2024-08-13 08:54:24,344 [INFO] UserAuth:417 - Internet connection configuration mode: 2
2024-08-13 08:54:24,367 [INFO] UserAuth:417 - Internet connection configuration mode: 2
2024-08-13 08:54:24,385 [WARN] CheckServerUpdateThread:151 - Open CheckUpdateFile Fail
2024-08-13 08:54:24,508 [INFO] CheckServerUpdateThread:120 - End of CheckServer Thread
2024-08-13 08:54:27,043 [ERROR] ConfigurationRetriever:142 - IOException on connection: Connect timed out
2024-08-13 09:04:15,778 [ERROR] LogOutputStream:75 - [STDERR_REDIRECT] org.eclipse.cdt.managedbuilder.core.BuildException: No toolchain option in toolchain configuration cdt.managedbuild.toolchain.gnu.mingw.exe.debug.1892369854: 
2024-08-13 09:04:15,780 [ERROR] LogOutputStream:75 - [STDERR_REDIRECT] 	at com.st.stm32cube.ide.mcu.toolchain.ToolChainHelper.getToolChainId(ToolChainHelper.java:166)
2024-08-13 09:04:15,781 [ERROR] LogOutputStream:75 - [STDERR_REDIRECT] 	at com.st.stm32cube.ide.mcu.toolchain.ToolChainHelper.getToolChainInfo(ToolChainHelper.java:109)
2024-08-13 09:04:15,783 [ERROR] LogOutputStream:75 - [STDERR_REDIRECT] 	at com.st.stm32cube.ide.mcu.toolchain.ui.unmanaged.ToolSettingsTab.createControls(ToolSettingsTab.java:149)
2024-08-13 09:04:15,784 [ERROR] LogOutputStream:75 - [STDERR_REDIRECT] 	at org.eclipse.cdt.ui.newui.AbstractCPropertyTab.createControls(AbstractCPropertyTab.java:139)
2024-08-13 09:04:15,785 [ERROR] LogOutputStream:75 - [STDERR_REDIRECT] 	at org.eclipse.cdt.ui.newui.AbstractPage.loadTab(AbstractPage.java:1199)
2024-08-13 09:04:15,787 [ERROR] LogOutputStream:75 - [STDERR_REDIRECT] 	at org.eclipse.cdt.ui.newui.AbstractPage.loadExtensionsSynchronized(AbstractPage.java:1143)
2024-08-13 09:04:15,788 [ERROR] LogOutputStream:75 - [STDERR_REDIRECT] 	at org.eclipse.cdt.ui.newui.AbstractPage.createWidgets(AbstractPage.java:373)
2024-08-13 09:04:15,789 [ERROR] LogOutputStream:75 - [STDERR_REDIRECT] 	at org.eclipse.cdt.ui.newui.AbstractPage.contentForCDT(AbstractPage.java:359)
2024-08-13 09:04:15,790 [ERROR] LogOutputStream:75 - [STDERR_REDIRECT] 	at org.eclipse.cdt.ui.newui.AbstractPage.createContents(AbstractPage.java:256)
2024-08-13 09:04:15,791 [ERROR] LogOutputStream:75 - [STDERR_REDIRECT] 	at org.eclipse.jface.preference.PreferencePage.createControl(PreferencePage.java:244)
2024-08-13 09:04:15,794 [ERROR] LogOutputStream:75 - [STDERR_REDIRECT] 	at org.eclipse.jface.preference.PreferenceDialog.createPageControl(PreferenceDialog.java:1434)
2024-08-13 09:04:15,795 [ERROR] LogOutputStream:75 - [STDERR_REDIRECT] 	at org.eclipse.jface.preference.PreferenceDialog$8.run(PreferenceDialog.java:1197)
2024-08-13 09:04:15,796 [ERROR] LogOutputStream:75 - [STDERR_REDIRECT] 	at org.eclipse.core.runtime.SafeRunner.run(SafeRunner.java:47)
2024-08-13 09:04:15,797 [ERROR] LogOutputStream:75 - [STDERR_REDIRECT] 	at org.eclipse.jface.util.SafeRunnable.run(SafeRunnable.java:174)
2024-08-13 09:04:15,798 [ERROR] LogOutputStream:75 - [STDERR_REDIRECT] 	at org.eclipse.jface.preference.PreferenceDialog.showPage(PreferenceDialog.java:1189)
2024-08-13 09:04:15,799 [ERROR] LogOutputStream:75 - [STDERR_REDIRECT] 	at org.eclipse.ui.internal.dialogs.FilteredPreferenceDialog.showPage(FilteredPreferenceDialog.java:630)
2024-08-13 09:04:15,801 [ERROR] LogOutputStream:75 - [STDERR_REDIRECT] 	at org.eclipse.jface.preference.PreferenceDialog$5.lambda$0(PreferenceDialog.java:661)
2024-08-13 09:04:15,802 [ERROR] LogOutputStream:75 - [STDERR_REDIRECT] 	at org.eclipse.swt.custom.BusyIndicator.showWhile(BusyIndicator.java:67)
2024-08-13 09:04:15,803 [ERROR] LogOutputStream:75 - [STDERR_REDIRECT] 	at org.eclipse.jface.preference.PreferenceDialog$5.selectionChanged(PreferenceDialog.java:658)
2024-08-13 09:04:15,804 [ERROR] LogOutputStream:75 - [STDERR_REDIRECT] 	at org.eclipse.jface.viewers.StructuredViewer$3.run(StructuredViewer.java:821)
2024-08-13 09:04:15,804 [ERROR] LogOutputStream:75 - [STDERR_REDIRECT] 	at org.eclipse.core.runtime.SafeRunner.run(SafeRunner.java:47)
2024-08-13 09:04:15,805 [ERROR] LogOutputStream:75 - [STDERR_REDIRECT] 	at org.eclipse.jface.util.SafeRunnable.run(SafeRunnable.java:174)
2024-08-13 09:04:15,806 [ERROR] LogOutputStream:75 - [STDERR_REDIRECT] 	at org.eclipse.jface.viewers.StructuredViewer.firePostSelectionChanged(StructuredViewer.java:818)
2024-08-13 09:04:15,808 [ERROR] LogOutputStream:75 - [STDERR_REDIRECT] 	at org.eclipse.jface.viewers.ColumnViewer.firePostSelectionChanged(ColumnViewer.java:1070)
2024-08-13 09:04:15,809 [ERROR] LogOutputStream:75 - [STDERR_REDIRECT] 	at org.eclipse.jface.viewers.StructuredViewer.handlePostSelect(StructuredViewer.java:1190)
2024-08-13 09:04:15,810 [ERROR] LogOutputStream:75 - [STDERR_REDIRECT] 	at org.eclipse.swt.events.SelectionListener$1.widgetSelected(SelectionListener.java:84)
2024-08-13 09:04:15,812 [ERROR] LogOutputStream:75 - [STDERR_REDIRECT] 	at org.eclipse.jface.util.OpenStrategy.firePostSelectionEvent(OpenStrategy.java:284)
2024-08-13 09:04:15,812 [ERROR] LogOutputStream:75 - [STDERR_REDIRECT] 	at org.eclipse.jface.util.OpenStrategy$1.lambda$1(OpenStrategy.java:438)
2024-08-13 09:04:15,813 [ERROR] LogOutputStream:75 - [STDERR_REDIRECT] 	at org.eclipse.swt.widgets.RunnableLock.run(RunnableLock.java:40)
2024-08-13 09:04:15,814 [ERROR] LogOutputStream:75 - [STDERR_REDIRECT] 	at org.eclipse.swt.widgets.Synchronizer.runAsyncMessages(Synchronizer.java:132)
2024-08-13 09:04:15,815 [ERROR] LogOutputStream:75 - [STDERR_REDIRECT] 	at org.eclipse.swt.widgets.Display.runAsyncMessages(Display.java:4046)
2024-08-13 09:04:15,816 [ERROR] LogOutputStream:75 - [STDERR_REDIRECT] 	at org.eclipse.swt.widgets.Display.readAndDispatch(Display.java:3662)
2024-08-13 09:04:15,817 [ERROR] LogOutputStream:75 - [STDERR_REDIRECT] 	at org.eclipse.jface.window.Window.runEventLoop(Window.java:823)
2024-08-13 09:04:15,818 [ERROR] LogOutputStream:75 - [STDERR_REDIRECT] 	at org.eclipse.jface.window.Window.open(Window.java:799)
2024-08-13 09:04:15,819 [ERROR] LogOutputStream:75 - [STDERR_REDIRECT] 	at org.eclipse.ui.dialogs.PropertyDialogAction.run(PropertyDialogAction.java:155)
2024-08-13 09:04:15,820 [ERROR] LogOutputStream:75 - [STDERR_REDIRECT] 	at org.eclipse.jface.action.Action.runWithEvent(Action.java:474)
2024-08-13 09:04:15,820 [ERROR] LogOutputStream:75 - [STDERR_REDIRECT] 	at org.eclipse.jface.action.ActionContributionItem.handleWidgetSelection(ActionContributionItem.java:580)
2024-08-13 09:04:15,822 [ERROR] LogOutputStream:75 - [STDERR_REDIRECT] 	at org.eclipse.jface.action.ActionContributionItem.lambda$4(ActionContributionItem.java:414)
2024-08-13 09:04:15,822 [ERROR] LogOutputStream:75 - [STDERR_REDIRECT] 	at org.eclipse.swt.widgets.EventTable.sendEvent(EventTable.java:89)
2024-08-13 09:04:15,823 [ERROR] LogOutputStream:75 - [STDERR_REDIRECT] 	at org.eclipse.swt.widgets.Display.sendEvent(Display.java:4273)
2024-08-13 09:04:15,824 [ERROR] LogOutputStream:75 - [STDERR_REDIRECT] 	at org.eclipse.swt.widgets.Widget.sendEvent(Widget.java:1066)
2024-08-13 09:04:15,825 [ERROR] LogOutputStream:75 - [STDERR_REDIRECT] 	at org.eclipse.swt.widgets.Display.runDeferredEvents(Display.java:4071)
2024-08-13 09:04:15,826 [ERROR] LogOutputStream:75 - [STDERR_REDIRECT] 	at org.eclipse.swt.widgets.Display.readAndDispatch(Display.java:3659)
2024-08-13 09:04:15,827 [ERROR] LogOutputStream:75 - [STDERR_REDIRECT] 	at org.eclipse.e4.ui.internal.workbench.swt.PartRenderingEngine$5.run(PartRenderingEngine.java:1155)
2024-08-13 09:04:15,828 [ERROR] LogOutputStream:75 - [STDERR_REDIRECT] 	at org.eclipse.core.databinding.observable.Realm.runWithDefault(Realm.java:342)
2024-08-13 09:04:15,829 [ERROR] LogOutputStream:75 - [STDERR_REDIRECT] 	at org.eclipse.e4.ui.internal.workbench.swt.PartRenderingEngine.run(PartRenderingEngine.java:1046)
2024-08-13 09:04:15,830 [ERROR] LogOutputStream:75 - [STDERR_REDIRECT] 	at org.eclipse.e4.ui.internal.workbench.E4Workbench.createAndRunUI(E4Workbench.java:155)
2024-08-13 09:04:15,832 [ERROR] LogOutputStream:75 - [STDERR_REDIRECT] 	at org.eclipse.ui.internal.Workbench.lambda$3(Workbench.java:648)
2024-08-13 09:04:15,833 [ERROR] LogOutputStream:75 - [STDERR_REDIRECT] 	at org.eclipse.core.databinding.observable.Realm.runWithDefault(Realm.java:342)
2024-08-13 09:04:15,834 [ERROR] LogOutputStream:75 - [STDERR_REDIRECT] 	at org.eclipse.ui.internal.Workbench.createAndRunWorkbench(Workbench.java:555)
2024-08-13 09:04:15,835 [ERROR] LogOutputStream:75 - [STDERR_REDIRECT] 	at org.eclipse.ui.PlatformUI.createAndRunWorkbench(PlatformUI.java:173)
2024-08-13 09:04:15,836 [ERROR] LogOutputStream:75 - [STDERR_REDIRECT] 	at org.eclipse.ui.internal.ide.application.IDEApplication.start(IDEApplication.java:152)
2024-08-13 09:04:15,837 [ERROR] LogOutputStream:75 - [STDERR_REDIRECT] 	at org.eclipse.equinox.internal.app.EclipseAppHandle.run(EclipseAppHandle.java:208)
2024-08-13 09:04:15,838 [ERROR] LogOutputStream:75 - [STDERR_REDIRECT] 	at org.eclipse.core.runtime.internal.adaptor.EclipseAppLauncher.runApplication(EclipseAppLauncher.java:136)
2024-08-13 09:04:15,840 [ERROR] LogOutputStream:75 - [STDERR_REDIRECT] 	at org.eclipse.core.runtime.internal.adaptor.EclipseAppLauncher.start(EclipseAppLauncher.java:104)
2024-08-13 09:04:15,841 [ERROR] LogOutputStream:75 - [STDERR_REDIRECT] 	at org.eclipse.core.runtime.adaptor.EclipseStarter.run(EclipseStarter.java:402)
2024-08-13 09:04:15,841 [ERROR] LogOutputStream:75 - [STDERR_REDIRECT] 	at org.eclipse.core.runtime.adaptor.EclipseStarter.run(EclipseStarter.java:255)
2024-08-13 09:04:15,842 [ERROR] LogOutputStream:75 - [STDERR_REDIRECT] 	at java.base/jdk.internal.reflect.NativeMethodAccessorImpl.invoke0(Native Method)
2024-08-13 09:04:15,843 [ERROR] LogOutputStream:75 - [STDERR_REDIRECT] 	at java.base/jdk.internal.reflect.NativeMethodAccessorImpl.invoke(NativeMethodAccessorImpl.java:77)
2024-08-13 09:04:15,844 [ERROR] LogOutputStream:75 - [STDERR_REDIRECT] 	at java.base/jdk.internal.reflect.DelegatingMethodAccessorImpl.invoke(DelegatingMethodAccessorImpl.java:43)
2024-08-13 09:04:15,845 [ERROR] LogOutputStream:75 - [STDERR_REDIRECT] 	at java.base/java.lang.reflect.Method.invoke(Method.java:568)
2024-08-13 09:04:15,846 [ERROR] LogOutputStream:75 - [STDERR_REDIRECT] 	at org.eclipse.equinox.launcher.Main.invokeFramework(Main.java:651)
2024-08-13 09:04:15,847 [ERROR] LogOutputStream:75 - [STDERR_REDIRECT] 	at org.eclipse.equinox.launcher.Main.basicRun(Main.java:588)
2024-08-13 09:04:15,848 [ERROR] LogOutputStream:75 - [STDERR_REDIRECT] 	at org.eclipse.equinox.launcher.Main.run(Main.java:1459)
2024-08-13 09:22:14,512 [ERROR] ConfigurationRetriever:142 - IOException on connection: Connect timed out
2024-08-13 09:22:19,515 [ERROR] ConfigurationRetriever:142 - IOException on connection: Connect timed out
2024-08-13 09:22:24,517 [ERROR] ConfigurationRetriever:142 - IOException on connection: Connect timed out
