2024-08-23 14:33:36,194 [INFO] Activator:176 - 


2024-08-23 14:33:36,206 [INFO] Activator:177 - !SESSION log4j initialized
2024-08-23 14:33:41,552 [INFO] LogOutputStream:77 - [STDOUT_REDIRECT] 
2024-08-23 14:33:44,010 [INFO] ApplicationProperties:184 - Using Application install path: C:\ST\STM32CubeIDE_1.16.0\STM32CubeIDE\plugins\com.st.stm32cube.common.mx_6.12.0.202406281431
2024-08-23 14:33:44,031 [INFO] DbMcusXml:78 - Set database path to: C:\ST\STM32CubeIDE_1.16.0\STM32CubeIDE\plugins\com.st.stm32cube.common.mx_6.12.0.202406281431\\db\/mcu/
2024-08-23 14:33:44,031 [INFO] ApiDb:274 - Set plugin database path to: C:\ST\STM32CubeIDE_1.16.0\STM32CubeIDE\plugins\com.st.stm32cube.common.mx_6.12.0.202406281431\\db\/plugins/boardmanager/
2024-08-23 14:33:44,032 [WARN] ApiDb:259 - Overriding images path with different value:  => C:\ST\STM32CubeIDE_1.16.0\STM32CubeIDE\plugins\com.st.stm32cube.common.mx_6.12.0.202406281431\\db\/plugins/mcufinder/images/
2024-08-23 14:33:44,041 [INFO] ApiDb:250 - Set database path to: C:\Users\zchua\.stmcufinder\plugins\mcufinder//mcu/
2024-08-23 14:33:44,042 [INFO] DbMcusAds:125 - Set database path to: C:\Users\zchua\.stmcufinder\plugins\mcufinder//mcu/
2024-08-23 14:33:44,044 [INFO] CrossReferenceDbSqlite:203 - Set database path to: C:\Users\zchua\.stmcufinder\plugins\mcufinder//mcu/cs/
2024-08-23 14:33:44,168 [INFO] RulesReader:64 - Compatibility file has been processed (297 Rules)
2024-08-23 14:33:44,278 [INFO] DbMcusXml:78 - Set database path to: C:\ST\STM32CubeIDE_1.16.0\STM32CubeIDE\plugins\com.st.stm32cube.common.mx_6.12.0.202406281431\\db\/mcu/
2024-08-23 14:33:44,278 [INFO] ApiDb:274 - Set plugin database path to: C:\ST\STM32CubeIDE_1.16.0\STM32CubeIDE\plugins\com.st.stm32cube.common.mx_6.12.0.202406281431\\db\/plugins/boardmanager/
2024-08-23 14:33:44,278 [INFO] ApiDb:261 - Set plugin images path to: C:\ST\STM32CubeIDE_1.16.0\STM32CubeIDE\plugins\com.st.stm32cube.common.mx_6.12.0.202406281431\\db\/plugins/mcufinder/images/
2024-08-23 14:33:44,279 [WARN] DbFile:41 - Overriding database path with different value: C:\Users\zchua\.stmcufinder\plugins\mcufinder/ => C:\Users\zchua\.stmcufinder\plugins\mcufinder
2024-08-23 14:33:44,279 [INFO] ApiDb:250 - Set database path to: C:\Users\zchua\.stmcufinder\plugins\mcufinder//mcu/
2024-08-23 14:33:44,279 [WARN] DbFile:41 - Overriding database path with different value: C:\Users\zchua\.stmcufinder\plugins\mcufinder/ => C:\Users\zchua\.stmcufinder\plugins\mcufinder
2024-08-23 14:33:44,279 [INFO] DbMcusAds:125 - Set database path to: C:\Users\zchua\.stmcufinder\plugins\mcufinder//mcu/
2024-08-23 14:33:44,279 [WARN] DbFile:41 - Overriding database path with different value: C:\Users\zchua\.stmcufinder\plugins\mcufinder/ => C:\Users\zchua\.stmcufinder\plugins\mcufinder
2024-08-23 14:33:44,279 [WARN] DbFile:41 - Overriding database path with different value: C:\Users\zchua\.stmcufinder\plugins\mcufinder/ => C:\Users\zchua\.stmcufinder\plugins\mcufinder
2024-08-23 14:33:44,279 [INFO] CrossReferenceDbSqlite:203 - Set database path to: C:\Users\zchua\.stmcufinder\plugins\mcufinder//mcu/cs/
2024-08-23 14:33:44,397 [INFO] MainPanel:268 - HeapMemory: 268435456
2024-08-23 14:33:44,526 [INFO] DbMcusXml:78 - Set database path to: C:\ST\STM32CubeIDE_1.16.0\STM32CubeIDE\plugins\com.st.stm32cube.common.mx_6.12.0.202406281431\\db\/mcu/
2024-08-23 14:33:44,526 [INFO] ApiDb:274 - Set plugin database path to: C:\ST\STM32CubeIDE_1.16.0\STM32CubeIDE\plugins\com.st.stm32cube.common.mx_6.12.0.202406281431\\db\/plugins/boardmanager/
2024-08-23 14:33:44,527 [INFO] ApiDb:261 - Set plugin images path to: C:\ST\STM32CubeIDE_1.16.0\STM32CubeIDE\plugins\com.st.stm32cube.common.mx_6.12.0.202406281431\\db\/plugins/mcufinder/images/
2024-08-23 14:33:44,527 [WARN] DbFile:41 - Overriding database path with different value: C:\Users\zchua\.stmcufinder\plugins\mcufinder/ => C:\Users\zchua\.stmcufinder\plugins\mcufinder
2024-08-23 14:33:44,527 [INFO] ApiDb:250 - Set database path to: C:\Users\zchua\.stmcufinder\plugins\mcufinder//mcu/
2024-08-23 14:33:44,527 [WARN] DbFile:41 - Overriding database path with different value: C:\Users\zchua\.stmcufinder\plugins\mcufinder/ => C:\Users\zchua\.stmcufinder\plugins\mcufinder
2024-08-23 14:33:44,527 [INFO] DbMcusAds:125 - Set database path to: C:\Users\zchua\.stmcufinder\plugins\mcufinder//mcu/
2024-08-23 14:33:44,527 [WARN] DbFile:41 - Overriding database path with different value: C:\Users\zchua\.stmcufinder\plugins\mcufinder/ => C:\Users\zchua\.stmcufinder\plugins\mcufinder
2024-08-23 14:33:44,527 [WARN] DbFile:41 - Overriding database path with different value: C:\Users\zchua\.stmcufinder\plugins\mcufinder/ => C:\Users\zchua\.stmcufinder\plugins\mcufinder
2024-08-23 14:33:44,527 [INFO] CrossReferenceDbSqlite:203 - Set database path to: C:\Users\zchua\.stmcufinder\plugins\mcufinder//mcu/cs/
2024-08-23 14:33:44,550 [INFO] ApplicationProperties:184 - Using Application install path: C:\ST\STM32CubeIDE_1.16.0\STM32CubeIDE\plugins\com.st.stm32cube.common.mx_6.12.0.202406281431
2024-08-23 14:33:44,552 [INFO] PluginManage:196 - Search for loadable plugins [exclusion list=, ]
2024-08-23 14:33:44,556 [INFO] PluginManage:310 - Check plugin analytics
2024-08-23 14:33:44,779 [INFO] AnalyticsPlugin:253 - Accepted Software Licenses: 
2024-08-23 14:33:44,779 [INFO] AnalyticsPlugin:255 - Accepted CMSIS Pack Licenses: 
2024-08-23 14:33:44,780 [INFO] AnalyticsPlugin:257 - Accepted Firmware Licenses: 
2024-08-23 14:33:44,783 [INFO] PluginManage:359 - Loaded plugin analytics (category:tool,tabindex:-1)
2024-08-23 14:33:44,783 [INFO] PluginManage:310 - Check plugin cadmodel
2024-08-23 14:33:44,791 [INFO] CADModel:105 - Init CAD model plugin
2024-08-23 14:33:44,791 [INFO] PluginManage:359 - Loaded plugin cadmodel (category:power,tabindex:5)
2024-08-23 14:33:44,791 [INFO] PluginManage:310 - Check plugin clock
2024-08-23 14:33:44,805 [INFO] PluginManage:359 - Loaded plugin clock (category:base,tabindex:2)
2024-08-23 14:33:44,805 [INFO] PluginManage:310 - Check plugin ddr
2024-08-23 14:33:44,809 [INFO] PluginManage:359 - Loaded plugin ddr (category:tool,tabindex:6)
2024-08-23 14:33:44,809 [INFO] PluginManage:310 - Check plugin filemanager
2024-08-23 14:33:44,998 [INFO] PluginManage:359 - Loaded plugin filemanager (category:base,tabindex:10)
2024-08-23 14:33:44,999 [INFO] PluginManage:310 - Check plugin ipmanager
2024-08-23 14:33:45,011 [INFO] PluginManage:359 - Loaded plugin ipmanager (category:base,tabindex:5)
2024-08-23 14:33:45,012 [INFO] PluginManage:310 - Check plugin lpbam
2024-08-23 14:33:45,024 [INFO] PluginManage:359 - Loaded plugin lpbam (category:base,tabindex:0)
2024-08-23 14:33:45,024 [INFO] PluginManage:310 - Check plugin memorymap
2024-08-23 14:33:45,041 [INFO] PluginManage:359 - Loaded plugin memorymap (category:base,tabindex:4)
2024-08-23 14:33:45,041 [INFO] PluginManage:310 - Check plugin pinoutandconfiguration
2024-08-23 14:33:45,053 [INFO] PluginManage:359 - Loaded plugin pinoutandconfiguration (category:base,tabindex:1)
2024-08-23 14:33:45,053 [INFO] PluginManage:310 - Check plugin pinoutconfig
2024-08-23 14:33:45,162 [WARN] SupportedApi:132 - Cannot load RTOS API schema: s4s-elt-must-match.1: The content of 'definitions' must match (annotation?, (simpleType | complexType)?, (unique | key | keyref)*)). A problem was found starting at: attribute.
2024-08-23 14:33:45,488 [INFO] PluginManage:359 - Loaded plugin pinoutconfig (category:base,tabindex:0)
2024-08-23 14:33:45,488 [INFO] PluginManage:310 - Check plugin power
2024-08-23 14:33:45,505 [INFO] PluginManage:359 - Loaded plugin power (category:power,tabindex:4)
2024-08-23 14:33:45,506 [INFO] PluginManage:310 - Check plugin projectmanager
2024-08-23 14:33:45,533 [INFO] PluginManage:359 - Loaded plugin projectmanager (category:projectmanager,tabindex:4)
2024-08-23 14:33:45,533 [INFO] PluginManage:310 - Check plugin rif
2024-08-23 14:33:45,546 [INFO] PluginManage:359 - Loaded plugin rif (category:base,tabindex:3)
2024-08-23 14:33:45,546 [INFO] PluginManage:310 - Check plugin thirdparty
2024-08-23 14:33:45,819 [INFO] PluginManage:359 - Loaded plugin thirdparty (category:base,tabindex:-1)
2024-08-23 14:33:45,819 [WARN] IntegrityCheckThread:84 - waiting for thirdparty lock release [integrity check]
2024-08-23 14:33:45,821 [INFO] PluginManage:310 - Check plugin tools
2024-08-23 14:33:45,821 [INFO] IntegrityCheckThread:86 - entering critical section [integrity check]
2024-08-23 14:33:45,823 [INFO] ThirdPartyUpdaterWithRetryManager:70 - Updater plugin not ready yet. [1/15]
2024-08-23 14:33:45,827 [INFO] PluginManage:359 - Loaded plugin tools (category:base,tabindex:7)
2024-08-23 14:33:45,828 [INFO] PluginManage:310 - Check plugin tutovideos
2024-08-23 14:33:46,140 [INFO] PluginManage:359 - Loaded plugin tutovideos (category:base,tabindex:-1)
2024-08-23 14:33:46,141 [INFO] PluginManage:310 - Check plugin updater
2024-08-23 14:33:46,186 [INFO] PluginManage:359 - Loaded plugin updater (category:base,tabindex:12)
2024-08-23 14:33:46,187 [INFO] PluginManage:310 - Check plugin userauth
2024-08-23 14:33:46,199 [INFO] UserAuth:113 - Init User Auth plugin
2024-08-23 14:33:46,199 [INFO] PluginManage:359 - Loaded plugin userauth (category:base,tabindex:14)
2024-08-23 14:33:46,200 [INFO] PluginManage:283 - PluginManage : Loaded plugins [18]
2024-08-23 14:33:46,728 [INFO] PinOutPanel:1561 - setPackage(No Configuration,No Configuration)
2024-08-23 14:33:46,930 [INFO] CADModel:165 - CPN selected for project level
2024-08-23 14:33:46,930 [INFO] CADModel:114 - Register for checkConnection events
2024-08-23 14:33:46,958 [INFO] IPUIPlugin:80 - create IPUIPlugin
2024-08-23 14:33:46,959 [INFO] PluginManager:220 - loadIPPluginJar : add adc
2024-08-23 14:33:46,963 [INFO] IPUIPlugin:80 - create IPUIPlugin
2024-08-23 14:33:46,964 [INFO] PluginManager:220 - loadIPPluginJar : add aes
2024-08-23 14:33:46,968 [INFO] IPUIPlugin:80 - create IPUIPlugin
2024-08-23 14:33:46,968 [INFO] PluginManager:220 - loadIPPluginJar : add can
2024-08-23 14:33:46,971 [INFO] IPUIPlugin:80 - create IPUIPlugin
2024-08-23 14:33:46,971 [INFO] PluginManager:220 - loadIPPluginJar : add comp
2024-08-23 14:33:46,975 [INFO] IPUIPlugin:80 - create IPUIPlugin
2024-08-23 14:33:46,975 [INFO] PluginManager:220 - loadIPPluginJar : add cryp
2024-08-23 14:33:46,980 [INFO] IPUIPlugin:80 - create IPUIPlugin
2024-08-23 14:33:46,982 [INFO] PluginManager:220 - loadIPPluginJar : add ddr_ctrl_phy
2024-08-23 14:33:46,985 [INFO] IPUIPlugin:80 - create IPUIPlugin
2024-08-23 14:33:46,985 [INFO] PluginManager:220 - loadIPPluginJar : add dfsdm
2024-08-23 14:33:46,993 [INFO] IPUIPlugin:80 - create IPUIPlugin
2024-08-23 14:33:46,994 [INFO] PluginManager:220 - loadIPPluginJar : add dma
2024-08-23 14:33:46,999 [INFO] IPUIPlugin:80 - create IPUIPlugin
2024-08-23 14:33:46,999 [INFO] PluginManager:220 - loadIPPluginJar : add dma3
2024-08-23 14:33:47,004 [INFO] IPUIPlugin:80 - create IPUIPlugin
2024-08-23 14:33:47,005 [INFO] PluginManager:220 - loadIPPluginJar : add extmemmanager
2024-08-23 14:33:47,009 [INFO] IPUIPlugin:80 - create IPUIPlugin
2024-08-23 14:33:47,009 [INFO] PluginManager:220 - loadIPPluginJar : add fatfs
2024-08-23 14:33:47,016 [INFO] IPUIPlugin:80 - create IPUIPlugin
2024-08-23 14:33:47,016 [INFO] PluginManager:220 - loadIPPluginJar : add fmc
2024-08-23 14:33:47,025 [INFO] IPUIPlugin:80 - create IPUIPlugin
2024-08-23 14:33:47,025 [INFO] PluginManager:220 - loadIPPluginJar : add freertos
2024-08-23 14:33:47,027 [INFO] IPUIPlugin:80 - create IPUIPlugin
2024-08-23 14:33:47,027 [INFO] PluginManager:220 - loadIPPluginJar : add genericplugin
2024-08-23 14:33:47,031 [INFO] IPUIPlugin:80 - create IPUIPlugin
2024-08-23 14:33:47,031 [INFO] PluginManager:220 - loadIPPluginJar : add gfxmmu
2024-08-23 14:33:47,037 [INFO] IPUIPlugin:80 - create IPUIPlugin
2024-08-23 14:33:47,038 [INFO] PluginManager:220 - loadIPPluginJar : add gic
2024-08-23 14:33:47,043 [INFO] IPUIPlugin:80 - create IPUIPlugin
2024-08-23 14:33:47,043 [INFO] PluginManager:220 - loadIPPluginJar : add gpio
2024-08-23 14:33:47,047 [INFO] IPUIPlugin:80 - create IPUIPlugin
2024-08-23 14:33:47,047 [INFO] PluginManager:220 - loadIPPluginJar : add gtzc
2024-08-23 14:33:47,050 [INFO] IPUIPlugin:80 - create IPUIPlugin
2024-08-23 14:33:47,051 [INFO] PluginManager:220 - loadIPPluginJar : add hash
2024-08-23 14:33:47,054 [INFO] IPUIPlugin:80 - create IPUIPlugin
2024-08-23 14:33:47,054 [INFO] PluginManager:220 - loadIPPluginJar : add i2c
2024-08-23 14:33:47,058 [INFO] IPUIPlugin:80 - create IPUIPlugin
2024-08-23 14:33:47,058 [INFO] PluginManager:220 - loadIPPluginJar : add i2s
2024-08-23 14:33:47,062 [INFO] IPUIPlugin:80 - create IPUIPlugin
2024-08-23 14:33:47,062 [INFO] PluginManager:220 - loadIPPluginJar : add i3c
2024-08-23 14:33:47,067 [INFO] IPUIPlugin:80 - create IPUIPlugin
2024-08-23 14:33:47,067 [INFO] PluginManager:220 - loadIPPluginJar : add ipddr
2024-08-23 14:33:47,077 [INFO] IPUIPlugin:80 - create IPUIPlugin
2024-08-23 14:33:47,077 [INFO] PluginManager:220 - loadIPPluginJar : add linkedlist
2024-08-23 14:33:47,081 [INFO] IPUIPlugin:80 - create IPUIPlugin
2024-08-23 14:33:47,082 [INFO] PluginManager:220 - loadIPPluginJar : add lorawan
2024-08-23 14:33:47,085 [INFO] IPUIPlugin:80 - create IPUIPlugin
2024-08-23 14:33:47,085 [INFO] PluginManager:220 - loadIPPluginJar : add ltdc
2024-08-23 14:33:47,094 [INFO] IPUIPlugin:80 - create IPUIPlugin
2024-08-23 14:33:47,094 [INFO] PluginManager:220 - loadIPPluginJar : add mdma
2024-08-23 14:33:47,100 [INFO] IPUIPlugin:80 - create IPUIPlugin
2024-08-23 14:33:47,100 [INFO] PluginManager:220 - loadIPPluginJar : add nvic
2024-08-23 14:33:47,105 [INFO] IPUIPlugin:80 - create IPUIPlugin
2024-08-23 14:33:47,106 [INFO] PluginManager:220 - loadIPPluginJar : add opamp
2024-08-23 14:33:47,111 [INFO] IPUIPlugin:80 - create IPUIPlugin
2024-08-23 14:33:47,111 [INFO] PluginManager:220 - loadIPPluginJar : add openamp
2024-08-23 14:33:47,117 [INFO] IPUIPlugin:80 - create IPUIPlugin
2024-08-23 14:33:47,117 [INFO] PluginManager:220 - loadIPPluginJar : add pdm2pcm
2024-08-23 14:33:47,125 [INFO] IPUIPlugin:80 - create IPUIPlugin
2024-08-23 14:33:47,128 [INFO] PluginManager:220 - loadIPPluginJar : add plateformsettings
2024-08-23 14:33:47,131 [INFO] IPUIPlugin:80 - create IPUIPlugin
2024-08-23 14:33:47,131 [INFO] PluginManager:220 - loadIPPluginJar : add quadspi
2024-08-23 14:33:47,134 [INFO] IPUIPlugin:80 - create IPUIPlugin
2024-08-23 14:33:47,134 [INFO] PluginManager:220 - loadIPPluginJar : add radio
2024-08-23 14:33:47,141 [INFO] IPUIPlugin:80 - create IPUIPlugin
2024-08-23 14:33:47,141 [INFO] PluginManager:220 - loadIPPluginJar : add resmgrutility
2024-08-23 14:33:47,145 [INFO] IPUIPlugin:80 - create IPUIPlugin
2024-08-23 14:33:47,145 [INFO] PluginManager:220 - loadIPPluginJar : add sai
2024-08-23 14:33:47,148 [INFO] IPUIPlugin:80 - create IPUIPlugin
2024-08-23 14:33:47,148 [INFO] PluginManager:220 - loadIPPluginJar : add spi
2024-08-23 14:33:47,155 [INFO] IPUIPlugin:80 - create IPUIPlugin
2024-08-23 14:33:47,155 [INFO] PluginManager:220 - loadIPPluginJar : add stm32_wpan
2024-08-23 14:33:47,158 [INFO] IPUIPlugin:80 - create IPUIPlugin
2024-08-23 14:33:47,158 [INFO] PluginManager:220 - loadIPPluginJar : add tim
2024-08-23 14:33:47,162 [INFO] IPUIPlugin:80 - create IPUIPlugin
2024-08-23 14:33:47,163 [INFO] PluginManager:220 - loadIPPluginJar : add touchsensing
2024-08-23 14:33:47,165 [INFO] IPUIPlugin:80 - create IPUIPlugin
2024-08-23 14:33:47,165 [INFO] PluginManager:220 - loadIPPluginJar : add tracer_emb
2024-08-23 14:33:47,169 [INFO] IPUIPlugin:80 - create IPUIPlugin
2024-08-23 14:33:47,169 [INFO] PluginManager:220 - loadIPPluginJar : add ts
2024-08-23 14:33:47,172 [INFO] IPUIPlugin:80 - create IPUIPlugin
2024-08-23 14:33:47,173 [INFO] PluginManager:220 - loadIPPluginJar : add tsc
2024-08-23 14:33:47,175 [INFO] IPUIPlugin:80 - create IPUIPlugin
2024-08-23 14:33:47,175 [INFO] PluginManager:220 - loadIPPluginJar : add ucpd
2024-08-23 14:33:47,179 [INFO] IPUIPlugin:80 - create IPUIPlugin
2024-08-23 14:33:47,179 [INFO] PluginManager:220 - loadIPPluginJar : add usart
2024-08-23 14:33:47,183 [INFO] IPUIPlugin:80 - create IPUIPlugin
2024-08-23 14:33:47,183 [INFO] PluginManager:220 - loadIPPluginJar : add usbx
2024-08-23 14:33:47,338 [INFO] CADModel:165 - CPN selected for project level
2024-08-23 14:33:47,339 [INFO] CADModel:114 - Register for checkConnection events
2024-08-23 14:33:47,339 [FATAL] Updater:334 - Updater called before beeing initialized
2024-08-23 14:33:47,339 [ERROR] CADModel:125 - Updater not yet initialized, retry later 
2024-08-23 14:33:47,516 [INFO] CADModel:165 - CPN selected for project level
2024-08-23 14:33:47,516 [INFO] CADModel:114 - Register for checkConnection events
2024-08-23 14:33:47,516 [FATAL] Updater:334 - Updater called before beeing initialized
2024-08-23 14:33:47,516 [ERROR] CADModel:125 - Updater not yet initialized, retry later 
2024-08-23 14:33:47,521 [FATAL] Updater:334 - Updater called before beeing initialized
2024-08-23 14:33:47,735 [FATAL] Updater:334 - Updater called before beeing initialized
2024-08-23 14:33:47,742 [INFO] DbMcusAds:53 - JSON generation date=Thu Sep 30 14:55:09 MYT 2021 (1632984909247)
2024-08-23 14:33:47,742 [FATAL] Updater:334 - Updater called before beeing initialized
2024-08-23 14:33:47,823 [WARN] DetailPanel:346 - Failed to get advertising image, set to default
2024-08-23 14:33:47,973 [FATAL] Updater:334 - Updater called before beeing initialized
2024-08-23 14:33:47,978 [FATAL] Updater:334 - Updater called before beeing initialized
2024-08-23 14:33:47,978 [FATAL] Updater:334 - Updater called before beeing initialized
2024-08-23 14:33:47,978 [WARN] DetailPanel:346 - Failed to get advertising image, set to default
2024-08-23 14:33:47,982 [FATAL] Updater:334 - Updater called before beeing initialized
2024-08-23 14:33:48,135 [ERROR] Updater:1164 - MainUpdater not yet initialized. External WinMGr cannot be set.
2024-08-23 14:33:48,142 [INFO] Updater:1100 - Updater Version found : 6.12.0
2024-08-23 14:33:48,211 [INFO] ApplicationProperties:184 - Using Application install path: C:\ST\STM32CubeIDE_1.16.0\STM32CubeIDE\plugins\com.st.stm32cube.common.mx_6.12.0.202406281431
2024-08-23 14:33:48,829 [INFO] ThirdPartyUpdaterWithRetryManager:70 - Updater plugin not ready yet. [2/15]
2024-08-23 14:33:49,843 [ERROR] LogOutputStream:75 - [STDERR_REDIRECT] Aug 23, 2024 2:33:49 PM java.util.prefs.WindowsPreferences <init>
2024-08-23 14:33:49,845 [ERROR] LogOutputStream:75 - [STDERR_REDIRECT] WARNING: Could not open/create prefs root node Software\JavaSoft\Prefs at root 0xffffffff80000002. Windows RegCreateKeyEx(...) returned error code 5.
2024-08-23 14:33:49,845 [ERROR] LogOutputStream:75 - [STDERR_REDIRECT] 
2024-08-23 14:33:50,340 [INFO] MainUpdater:2873 - connection check result : 10
2024-08-23 14:33:50,341 [INFO] MainUpdater:3567 - Updater definition file requires update
2024-08-23 14:33:50,343 [INFO] MainUpdater:290 - Updater Check For Update Now.
2024-08-23 14:33:50,343 [INFO] MicroXplorer:498 - Change Database Version : DB.6.0.120
2024-08-23 14:33:50,355 [INFO] McuFinderGlobals:63 - Set McuFinder mode to 2 (CubeIDE integrated)
2024-08-23 14:33:50,355 [INFO] UserAuth:179 - activating auth plugin
2024-08-23 14:33:50,361 [INFO] UserAuth:417 - Internet connection configuration mode: 1
2024-08-23 14:33:50,389 [INFO] JxBrowserEngine:152 - Initiate JxBrowser Engine with user profile folder
2024-08-23 14:33:50,420 [INFO] ServerAccessManage:473 - Download File updaters.zip
2024-08-23 14:33:50,567 [INFO] FileExtend:240 - Unzip File : updaters.zip
2024-08-23 14:33:50,569 [INFO] FileExtend:255 - Standard Zip Deflate
2024-08-23 14:33:51,841 [WARN] MainUpdater:1194 - Updater busy. Cannot search thirdparties
2024-08-23 14:33:51,841 [INFO] ThirdPartyUpdaterWithRetryManager:96 - Updater plugin is busy. [1/15]
2024-08-23 14:33:52,009 [INFO] ServerAccessManage:473 - Download File PacksControlFlags.xml
2024-08-23 14:33:52,138 [INFO] ServerAccessManage:473 - Download File cubemx.pidx
2024-08-23 14:33:53,082 [INFO] ServerAccessManage:473 - Download File STMicroelectronics.FP-ATR-ASTRA1.pdsc
2024-08-23 14:33:54,847 [WARN] MainUpdater:1194 - Updater busy. Cannot search thirdparties
2024-08-23 14:33:54,847 [INFO] ThirdPartyUpdaterWithRetryManager:96 - Updater plugin is busy. [2/15]
2024-08-23 14:33:56,390 [INFO] ServerAccessManage:473 - Download File STMicroelectronics.FP-ATR-SIGFOX1.pdsc
2024-08-23 14:33:57,848 [WARN] MainUpdater:1194 - Updater busy. Cannot search thirdparties
2024-08-23 14:33:57,849 [INFO] ThirdPartyUpdaterWithRetryManager:96 - Updater plugin is busy. [3/15]
2024-08-23 14:33:58,068 [INFO] ServerAccessManage:473 - Download File STMicroelectronics.FP-SNS-STBOX1.pdsc
2024-08-23 14:33:58,988 [INFO] WebApp:167 - Instantiating new browser for Auth
2024-08-23 14:34:00,380 [INFO] ServerAccessManage:473 - Download File STMicroelectronics.FP-SNS-FLIGHT1.pdsc
2024-08-23 14:34:00,833 [INFO] WebApp:448 - Apply proxy settings
2024-08-23 14:34:00,833 [INFO] WebApp:533 - Chromium requires no authentication
2024-08-23 14:34:00,849 [INFO] WebApp:476 - Direct internet connection detected
2024-08-23 14:34:00,859 [WARN] MainUpdater:1194 - Updater busy. Cannot search thirdparties
2024-08-23 14:34:00,859 [INFO] ThirdPartyUpdaterWithRetryManager:96 - Updater plugin is busy. [4/15]
2024-08-23 14:34:00,894 [INFO] WebApp:869 - Register for checkConnection events
2024-08-23 14:34:00,895 [INFO] WebApp:448 - Apply proxy settings
2024-08-23 14:34:00,895 [INFO] WebApp:533 - Chromium requires no authentication
2024-08-23 14:34:00,895 [INFO] WebApp:476 - Direct internet connection detected
2024-08-23 14:34:01,205 [INFO] WebApp:220 - Starting web application
2024-08-23 14:34:01,206 [INFO] WebApp:578 - Web application path used C:\ST\STM32CubeIDE_1.16.0\STM32CubeIDE\plugins\com.st.stm32cube.common.mx_6.12.0.202406281431\db\plugins\mcufinder\reactClient1\index.html
2024-08-23 14:34:03,863 [WARN] MainUpdater:1194 - Updater busy. Cannot search thirdparties
2024-08-23 14:34:03,863 [INFO] ThirdPartyUpdaterWithRetryManager:96 - Updater plugin is busy. [5/15]
2024-08-23 14:34:04,475 [INFO] ServerAccessManage:473 - Download File STMicroelectronics.FP-SNS-MOTENV1.pdsc
2024-08-23 14:34:06,863 [WARN] MainUpdater:1194 - Updater busy. Cannot search thirdparties
2024-08-23 14:34:06,863 [INFO] ThirdPartyUpdaterWithRetryManager:96 - Updater plugin is busy. [6/15]
2024-08-23 14:34:09,865 [WARN] MainUpdater:1194 - Updater busy. Cannot search thirdparties
2024-08-23 14:34:09,865 [INFO] ThirdPartyUpdaterWithRetryManager:96 - Updater plugin is busy. [7/15]
2024-08-23 14:34:10,643 [INFO] ServerAccessManage:473 - Download File STMicroelectronics.FP-SNS-MOTENVWB1.pdsc
2024-08-23 14:34:12,866 [WARN] MainUpdater:1194 - Updater busy. Cannot search thirdparties
2024-08-23 14:34:12,866 [INFO] ThirdPartyUpdaterWithRetryManager:96 - Updater plugin is busy. [8/15]
2024-08-23 14:34:13,114 [INFO] ServerAccessManage:473 - Download File STMicroelectronics.FP-SNS-SMARTAG2.pdsc
2024-08-23 14:34:14,780 [INFO] ServerAccessManage:473 - Download File STMicroelectronics.X-CUBE-AI.pdsc
2024-08-23 14:34:15,867 [WARN] MainUpdater:1194 - Updater busy. Cannot search thirdparties
2024-08-23 14:34:15,867 [INFO] ThirdPartyUpdaterWithRetryManager:96 - Updater plugin is busy. [9/15]
2024-08-23 14:34:18,869 [WARN] MainUpdater:1194 - Updater busy. Cannot search thirdparties
2024-08-23 14:34:18,870 [INFO] ThirdPartyUpdaterWithRetryManager:96 - Updater plugin is busy. [10/15]
2024-08-23 14:34:21,872 [WARN] MainUpdater:1194 - Updater busy. Cannot search thirdparties
2024-08-23 14:34:21,872 [INFO] ThirdPartyUpdaterWithRetryManager:96 - Updater plugin is busy. [11/15]
2024-08-23 14:34:24,873 [WARN] MainUpdater:1194 - Updater busy. Cannot search thirdparties
2024-08-23 14:34:24,873 [INFO] ThirdPartyUpdaterWithRetryManager:96 - Updater plugin is busy. [12/15]
2024-08-23 14:34:27,839 [INFO] ServerAccessManage:473 - Download File STMicroelectronics.X-CUBE-ALS.pdsc
2024-08-23 14:34:27,882 [WARN] MainUpdater:1194 - Updater busy. Cannot search thirdparties
2024-08-23 14:34:27,882 [INFO] ThirdPartyUpdaterWithRetryManager:96 - Updater plugin is busy. [13/15]
2024-08-23 14:34:30,884 [WARN] MainUpdater:1194 - Updater busy. Cannot search thirdparties
2024-08-23 14:34:30,884 [INFO] ThirdPartyUpdaterWithRetryManager:96 - Updater plugin is busy. [14/15]
2024-08-23 14:34:31,062 [INFO] ServerAccessManage:473 - Download File STMicroelectronics.X-CUBE-BLE1.pdsc
2024-08-23 14:34:33,884 [WARN] MainUpdater:1194 - Updater busy. Cannot search thirdparties
2024-08-23 14:34:33,885 [INFO] ThirdPartyUpdaterWithRetryManager:96 - Updater plugin is busy. [15/15]
2024-08-23 14:34:33,885 [ERROR] IntegrityCheckThread:130 - Cannot retrieve database content from updater: error -1
2024-08-23 14:34:33,885 [INFO] ThirdParty:978 - Integrity check success = false
2024-08-23 14:34:33,885 [INFO] IntegrityCheckThread:100 - exiting critical section [integrity check]
2024-08-23 14:34:33,885 [INFO] IntegrityCheckThread:103 - End integrity checks thread
2024-08-23 14:34:42,576 [ERROR] ServerAccessManage:1089 - Problem, file not found on Server
2024-08-23 14:34:43,372 [INFO] ServerAccessManage:473 - Download File STMicroelectronics.X-CUBE-BLE2.pdsc
2024-08-23 14:34:50,443 [INFO] ServerAccessManage:473 - Download File STMicroelectronics.X-CUBE-BLEMGR.pdsc
2024-08-23 14:34:56,838 [INFO] ServerAccessManage:473 - Download File STMicroelectronics.X-CUBE-DISPLAY.pdsc
2024-08-23 14:35:02,435 [INFO] ServerAccessManage:473 - Download File STMicroelectronics.X-CUBE-DPOWER.pdsc
2024-08-23 14:35:04,025 [ERROR] ServerAccessManage:1089 - Problem, file not found on Server
2024-08-23 14:35:04,875 [ERROR] ServerAccessManage:1089 - Problem, file not found on Server
2024-08-23 14:35:05,667 [ERROR] ServerAccessManage:1089 - Problem, file not found on Server
2024-08-23 14:35:06,449 [ERROR] ServerAccessManage:1089 - Problem, file not found on Server
2024-08-23 14:35:07,249 [ERROR] ServerAccessManage:1089 - Problem, file not found on Server
2024-08-23 14:35:08,030 [ERROR] ServerAccessManage:1089 - Problem, file not found on Server
2024-08-23 14:35:08,824 [ERROR] ServerAccessManage:1089 - Problem, file not found on Server
2024-08-23 14:35:09,576 [ERROR] ServerAccessManage:1089 - Problem, file not found on Server
2024-08-23 14:35:10,343 [ERROR] ServerAccessManage:1089 - Problem, file not found on Server
2024-08-23 14:35:11,126 [ERROR] ServerAccessManage:1089 - Problem, file not found on Server
2024-08-23 14:35:11,859 [ERROR] ServerAccessManage:1089 - Problem, file not found on Server
2024-08-23 14:35:12,673 [INFO] ServerAccessManage:473 - Download File STMicroelectronics.X-CUBE-EEPRMA1.pdsc
2024-08-23 14:35:14,408 [ERROR] ServerAccessManage:1089 - Problem, file not found on Server
2024-08-23 14:35:16,757 [ERROR] ServerAccessManage:1089 - Problem, file not found on Server
2024-08-23 14:35:19,880 [INFO] ServerAccessManage:473 - Download File STMicroelectronics.X-CUBE-FREERTOS.pdsc
2024-08-23 14:35:23,983 [INFO] ServerAccessManage:473 - Download File STMicroelectronics.X-CUBE-GNSS1.pdsc
2024-08-23 14:35:30,956 [ERROR] ServerAccessManage:1089 - Problem, file not found on Server
2024-08-23 14:35:31,706 [ERROR] ServerAccessManage:1089 - Problem, file not found on Server
2024-08-23 14:35:32,476 [ERROR] ServerAccessManage:1089 - Problem, file not found on Server
2024-08-23 14:35:33,220 [ERROR] ServerAccessManage:1089 - Problem, file not found on Server
2024-08-23 14:35:34,003 [ERROR] ServerAccessManage:1089 - Problem, file not found on Server
2024-08-23 14:35:34,762 [ERROR] ServerAccessManage:1089 - Problem, file not found on Server
2024-08-23 14:35:35,580 [INFO] ServerAccessManage:473 - Download File STMicroelectronics.X-CUBE-ISPU.pdsc
2024-08-23 14:35:38,079 [INFO] ServerAccessManage:473 - Download File STMicroelectronics.X-CUBE-MEMS1.pdsc
2024-08-23 14:35:44,091 [INFO] ServerAccessManage:473 - Download File STMicroelectronics.X-CUBE-NFC4.pdsc
2024-08-23 14:35:54,018 [INFO] ServerAccessManage:473 - Download File STMicroelectronics.X-CUBE-NFC6.pdsc
2024-08-23 14:35:56,541 [INFO] ServerAccessManage:473 - Download File STMicroelectronics.X-CUBE-NFC7.pdsc
2024-08-23 14:35:58,883 [INFO] ServerAccessManage:473 - Download File STMicroelectronics.X-CUBE-SFXS2LP1.pdsc
2024-08-23 14:36:02,732 [INFO] ServerAccessManage:473 - Download File STMicroelectronics.X-CUBE-SAFEA1.pdsc
2024-08-23 14:36:04,353 [INFO] ServerAccessManage:473 - Download File STMicroelectronics.X-CUBE-SUBG2.pdsc
2024-08-23 14:36:12,008 [INFO] ServerAccessManage:473 - Download File STMicroelectronics.X-CUBE-SMBUS.pdsc
2024-08-23 14:36:13,023 [ERROR] ServerAccessManage:1089 - Problem, file not found on Server
2024-08-23 14:36:13,821 [INFO] ServerAccessManage:473 - Download File STMicroelectronics.X-CUBE-TCPP.pdsc
2024-08-23 14:36:14,681 [INFO] ServerAccessManage:473 - Download File STMicroelectronics.X-CUBE-TOF1.pdsc
2024-08-23 14:36:16,788 [ERROR] ServerAccessManage:1089 - Problem, file not found on Server
2024-08-23 14:36:17,635 [INFO] ServerAccessManage:473 - Download File STMicroelectronics.X-CUBE-TOUCHGFX.pdsc
2024-08-23 14:36:35,167 [INFO] ServerAccessManage:473 - Download File STMicroelectronics.X-CUBE-ALGOBUILD.pdsc
2024-08-23 14:36:39,321 [INFO] ServerAccessManage:473 - Download File STMicroelectronics.X-CUBE-AZRTOS-H7.pdsc
2024-08-23 14:36:41,998 [INFO] ServerAccessManage:473 - Download File STMicroelectronics.X-CUBE-AZRTOS-H7RS.pdsc
2024-08-23 14:36:43,583 [INFO] ServerAccessManage:473 - Download File STMicroelectronics.X-CUBE-AZRTOS-F4.pdsc
2024-08-23 14:36:46,047 [INFO] ServerAccessManage:473 - Download File STMicroelectronics.X-CUBE-AZRTOS-F7.pdsc
2024-08-23 14:36:48,959 [INFO] ServerAccessManage:473 - Download File STMicroelectronics.X-CUBE-AZRTOS-L4.pdsc
2024-08-23 14:36:51,316 [INFO] ServerAccessManage:473 - Download File STMicroelectronics.X-CUBE-AZRTOS-L5.pdsc
2024-08-23 14:36:54,515 [INFO] ServerAccessManage:473 - Download File STMicroelectronics.X-CUBE-AZRTOS-G0.pdsc
2024-08-23 14:36:57,412 [INFO] ServerAccessManage:473 - Download File STMicroelectronics.X-CUBE-AZRTOS-G4.pdsc
2024-08-23 14:37:00,224 [INFO] ServerAccessManage:473 - Download File STMicroelectronics.X-CUBE-AZRTOS-WB.pdsc
2024-08-23 14:37:02,674 [INFO] ServerAccessManage:473 - Download File STMicroelectronics.X-CUBE-AZRTOS-WL.pdsc
2024-08-23 14:37:26,049 [ERROR] ServerAccessManage:1172 - Problem during Server Connection :  IO error Connection timed out: getsockopt
2024-08-23 14:37:26,050 [ERROR] ServerAccessManage:651 - Problem during Server Connection :  : wolfSSL.I-CUBE-wolfSSL.pdsc.
2024-08-23 14:37:47,117 [ERROR] ServerAccessManage:1172 - Problem during Server Connection :  IO error Connection timed out: getsockopt
2024-08-23 14:37:47,118 [ERROR] ServerAccessManage:651 - Problem during Server Connection :  : wolfSSL.I-CUBE-wolfMQTT.pdsc.
2024-08-23 14:38:08,357 [ERROR] ServerAccessManage:1172 - Problem during Server Connection :  IO error Connection timed out: getsockopt
2024-08-23 14:38:08,358 [ERROR] ServerAccessManage:651 - Problem during Server Connection :  : wolfSSL.I-CUBE-wolfTPM.pdsc.
2024-08-23 14:38:29,418 [ERROR] ServerAccessManage:1172 - Problem during Server Connection :  IO error Connection timed out: getsockopt
2024-08-23 14:38:29,418 [ERROR] ServerAccessManage:651 - Problem during Server Connection :  : wolfSSL.I-CUBE-wolfSSH.pdsc.
2024-08-23 14:38:52,433 [ERROR] ServerAccessManage:1172 - Problem during Server Connection :  IO error Connection timed out: getsockopt
2024-08-23 14:38:52,434 [ERROR] ServerAccessManage:651 - Problem during Server Connection :  : RealThread.X-CUBE-RT-Thread_Nano.pdsc.
2024-08-23 14:39:13,696 [ERROR] ServerAccessManage:1172 - Problem during Server Connection :  IO error Connection timed out: getsockopt
2024-08-23 14:39:13,696 [ERROR] ServerAccessManage:651 - Problem during Server Connection :  : SEGGER.I-CUBE-embOS.pdsc.
2024-08-23 14:39:35,896 [ERROR] ServerAccessManage:1172 - Problem during Server Connection :  IO error Connection timed out: getsockopt
2024-08-23 14:39:35,897 [ERROR] ServerAccessManage:651 - Problem during Server Connection :  : portGmbH.I-Cube-SoM-uGOAL.pdsc.
2024-08-23 14:39:58,043 [ERROR] ServerAccessManage:1172 - Problem during Server Connection :  IO error Connection timed out: getsockopt
2024-08-23 14:39:58,043 [ERROR] ServerAccessManage:651 - Problem during Server Connection :  : emotas.I-CUBE-CANOPEN.pdsc.
2024-08-23 14:40:19,300 [ERROR] ServerAccessManage:1172 - Problem during Server Connection :  IO error Connection timed out: getsockopt
2024-08-23 14:40:19,300 [ERROR] ServerAccessManage:651 - Problem during Server Connection :  : WES.I-CUBE-Cesium.pdsc.
2024-08-23 14:40:40,559 [ERROR] ServerAccessManage:1172 - Problem during Server Connection :  IO error Connection timed out: getsockopt
2024-08-23 14:40:40,559 [ERROR] ServerAccessManage:651 - Problem during Server Connection :  : ITTIA_DB.I-CUBE-ITTIADB.pdsc.
2024-08-23 14:41:01,607 [ERROR] ServerAccessManage:1172 - Problem during Server Connection :  IO error Connection timed out: getsockopt
2024-08-23 14:41:01,608 [ERROR] ServerAccessManage:651 - Problem during Server Connection :  : Infineon.AIROC-Wi-Fi-Bluetooth-STM32.pdsc.
2024-08-23 14:41:22,645 [ERROR] ServerAccessManage:1172 - Problem during Server Connection :  IO error Connection timed out: getsockopt
2024-08-23 14:41:22,645 [ERROR] ServerAccessManage:651 - Problem during Server Connection :  : Cesanta.I-CUBE-Mongoose.pdsc.
2024-08-23 14:41:43,733 [ERROR] ServerAccessManage:1172 - Problem during Server Connection :  IO error Connection timed out: getsockopt
2024-08-23 14:41:43,733 [ERROR] ServerAccessManage:651 - Problem during Server Connection :  : EmbeddedOffice.I-CUBE-FS-RTOS.pdsc.
2024-08-23 14:41:43,828 [WARN] PackLoader:240 - Cannot read IP mode file for STMicroelectronics.FP-ATR-ASTRA1.2.0.0
2024-08-23 14:41:43,837 [WARN] PackLoader:240 - Cannot read IP mode file for STMicroelectronics.FP-ATR-SIGFOX1.3.2.0
2024-08-23 14:41:43,847 [WARN] PackLoader:240 - Cannot read IP mode file for STMicroelectronics.FP-SNS-STBOX1.2.0.0
2024-08-23 14:41:43,860 [WARN] PackLoader:240 - Cannot read IP mode file for STMicroelectronics.FP-SNS-FLIGHT1.5.0.2
2024-08-23 14:41:43,869 [WARN] PackLoader:240 - Cannot read IP mode file for STMicroelectronics.FP-SNS-MOTENV1.5.0.0
2024-08-23 14:41:43,875 [WARN] PackLoader:240 - Cannot read IP mode file for STMicroelectronics.FP-SNS-MOTENVWB1.1.4.0
2024-08-23 14:41:43,881 [WARN] PackLoader:240 - Cannot read IP mode file for STMicroelectronics.FP-SNS-SMARTAG2.1.2.0
2024-08-23 14:41:43,887 [WARN] PackLoader:240 - Cannot read IP mode file for STMicroelectronics.X-CUBE-AI.9.0.0
2024-08-23 14:41:43,894 [WARN] PackLoader:240 - Cannot read IP mode file for STMicroelectronics.X-CUBE-ALS.1.0.2
2024-08-23 14:41:43,901 [WARN] PackLoader:240 - Cannot read IP mode file for STMicroelectronics.X-CUBE-BLE1.7.0.0
2024-08-23 14:41:43,907 [WARN] PackLoader:240 - Cannot read IP mode file for STMicroelectronics.X-CUBE-BLE2.3.3.0
2024-08-23 14:41:43,920 [WARN] PackLoader:240 - Cannot read IP mode file for STMicroelectronics.X-CUBE-BLEMGR.3.1.0
2024-08-23 14:41:43,932 [WARN] PackLoader:240 - Cannot read IP mode file for STMicroelectronics.X-CUBE-DISPLAY.3.0.0
2024-08-23 14:41:43,937 [INFO] CheckServerUpdateThread:120 - End of CheckServer Thread
2024-08-23 14:41:43,946 [WARN] PackLoader:240 - Cannot read IP mode file for STMicroelectronics.X-CUBE-DPower.1.2.0
2024-08-23 14:41:43,956 [WARN] PackLoader:240 - Cannot read IP mode file for STMicroelectronics.X-CUBE-EEPRMA1.5.1.0
2024-08-23 14:41:43,963 [WARN] PackLoader:240 - Cannot read IP mode file for STMicroelectronics.X-CUBE-FREERTOS.1.2.0
2024-08-23 14:41:43,970 [WARN] PackLoader:240 - Cannot read IP mode file for STMicroelectronics.X-CUBE-GNSS1.6.0.0
2024-08-23 14:41:43,975 [WARN] PackLoader:240 - Cannot read IP mode file for STMicroelectronics.X-CUBE-ISPU.2.0.0
2024-08-23 14:41:44,019 [WARN] PackLoader:240 - Cannot read IP mode file for STMicroelectronics.X-CUBE-MEMS1.11.0.0
2024-08-23 14:41:44,131 [WARN] PackLoader:240 - Cannot read IP mode file for STMicroelectronics.X-CUBE-NFC4.3.0.0
2024-08-23 14:41:44,141 [WARN] PackLoader:240 - Cannot read IP mode file for STMicroelectronics.X-CUBE-NFC6.3.1.0
2024-08-23 14:41:44,148 [WARN] PackLoader:240 - Cannot read IP mode file for STMicroelectronics.X-CUBE-NFC7.1.0.1
2024-08-23 14:41:44,156 [WARN] PackLoader:240 - Cannot read IP mode file for STMicroelectronics.X-CUBE-SFXS2LP1.4.0.0
2024-08-23 14:41:44,166 [WARN] PackLoader:240 - Cannot read IP mode file for STMicroelectronics.X-CUBE-SAFEA1.1.2.2
2024-08-23 14:41:44,176 [WARN] PackLoader:240 - Cannot read IP mode file for STMicroelectronics.X-CUBE-SUBG2.5.0.0
2024-08-23 14:41:44,184 [WARN] PackLoader:240 - Cannot read IP mode file for STMicroelectronics.X-CUBE-SMBUS.2.1.0
2024-08-23 14:41:44,189 [WARN] PackLoader:240 - Cannot read IP mode file for STMicroelectronics.X-CUBE-TCPP.4.1.0
2024-08-23 14:41:44,199 [WARN] PackLoader:240 - Cannot read IP mode file for STMicroelectronics.X-CUBE-TOF1.3.4.2
2024-08-23 14:41:44,218 [WARN] PackLoader:240 - Cannot read IP mode file for STMicroelectronics.X-CUBE-TOUCHGFX.4.24.0
2024-08-23 14:41:44,225 [WARN] PackLoader:240 - Cannot read IP mode file for STMicroelectronics.X-CUBE-ALGOBUILD.1.4.0
2024-08-23 14:41:44,240 [WARN] PackLoader:240 - Cannot read IP mode file for STMicroelectronics.X-CUBE-AZRTOS-H7.3.3.0
2024-08-23 14:41:44,260 [WARN] PackLoader:240 - Cannot read IP mode file for STMicroelectronics.X-CUBE-AZRTOS-H7RS.1.0.0
2024-08-23 14:41:44,289 [WARN] PackLoader:240 - Cannot read IP mode file for STMicroelectronics.X-CUBE-AZRTOS-F4.1.1.0
2024-08-23 14:41:44,306 [WARN] PackLoader:240 - Cannot read IP mode file for STMicroelectronics.X-CUBE-AZRTOS-F7.1.1.0
2024-08-23 14:41:44,328 [WARN] ConditionMgr:438 - getConditionDescription Invalid condition id : LAN8742 Phy interface Condition cause : null
2024-08-23 14:41:44,328 [WARN] PackLoader:240 - Cannot read IP mode file for STMicroelectronics.X-CUBE-AZRTOS-L4.2.0.0
2024-08-23 14:41:44,329 [WARN] ConditionMgr:1039 - genDependencies : Invalid condition id : LAN8742 Phy interface Condition cause : null
2024-08-23 14:41:44,330 [WARN] ConditionMgr:1039 - genDependencies : Invalid condition id : LAN8742 Phy interface Condition cause : null
2024-08-23 14:41:44,330 [WARN] ConditionMgr:1039 - genDependencies : Invalid condition id : LAN8742 Phy interface Condition cause : null
2024-08-23 14:41:44,382 [WARN] PackLoader:240 - Cannot read IP mode file for STMicroelectronics.X-CUBE-AZRTOS-L5.2.0.0
2024-08-23 14:41:44,403 [WARN] PackLoader:240 - Cannot read IP mode file for STMicroelectronics.X-CUBE-AZRTOS-G0.1.1.0
2024-08-23 14:41:44,420 [WARN] PackLoader:240 - Cannot read IP mode file for STMicroelectronics.X-CUBE-AZRTOS-G4.2.0.0
2024-08-23 14:41:44,434 [WARN] ConditionMgr:438 - getConditionDescription Invalid condition id : UX DEVICE CLASS RTOS Condition cause : null
2024-08-23 14:41:44,434 [WARN] ConditionMgr:438 - getConditionDescription Invalid condition id : UX DEVICE CLASS RTOS Condition cause : null
2024-08-23 14:41:44,437 [WARN] PackLoader:240 - Cannot read IP mode file for STMicroelectronics.X-CUBE-AZRTOS-WB.2.0.0
2024-08-23 14:41:44,437 [WARN] ConditionMgr:1039 - genDependencies : Invalid condition id : UX DEVICE CLASS RTOS Condition cause : null
2024-08-23 14:41:44,438 [WARN] ConditionMgr:1039 - genDependencies : Invalid condition id : UX DEVICE CLASS RTOS Condition cause : null
2024-08-23 14:41:44,438 [WARN] ConditionMgr:1039 - genDependencies : Invalid condition id : UX DEVICE CLASS RTOS Condition cause : null
2024-08-23 14:41:44,439 [WARN] ConditionMgr:1039 - genDependencies : Invalid condition id : UX DEVICE CLASS RTOS Condition cause : null
2024-08-23 14:41:44,439 [WARN] ConditionMgr:1039 - genDependencies : Invalid condition id : UX DEVICE CLASS RTOS Condition cause : null
2024-08-23 14:41:44,447 [INFO] LogOutputStream:77 - [STDOUT_REDIRECT] 1 : Invalid condition id : UX_CORESTACK_Condition cause : null
2024-08-23 14:41:44,448 [INFO] LogOutputStream:77 - [STDOUT_REDIRECT] 1 : Invalid condition id : UX_CORESTACK_Condition cause : null
2024-08-23 14:41:44,449 [INFO] LogOutputStream:77 - [STDOUT_REDIRECT] 1 : Invalid condition id : UX_CORESTACK_Condition cause : null
2024-08-23 14:41:44,450 [INFO] LogOutputStream:77 - [STDOUT_REDIRECT] 1 : Invalid condition id : UX_CORESTACK_Condition cause : null
2024-08-23 14:41:44,450 [INFO] LogOutputStream:77 - [STDOUT_REDIRECT] 1 : Invalid condition id : UX_CORESTACK_Condition cause : null
2024-08-23 14:41:44,453 [WARN] PackLoader:240 - Cannot read IP mode file for STMicroelectronics.X-CUBE-AZRTOS-WL.2.0.0
2024-08-23 14:41:44,454 [INFO] PopulateThirdPartyThread:66 - Ending populate Thread
2024-08-23 14:41:44,457 [INFO] ThirdParty:1030 - CMSIS Pack Vendor :STMicroelectronics X-CUBE-AZRTOS-H7 3.3.0
2024-08-23 14:41:44,457 [INFO] ThirdParty:1030 - CMSIS Pack Vendor :STMicroelectronics X-CUBE-DISPLAY 3.0.0
2024-08-23 14:41:44,457 [INFO] ThirdParty:1030 - CMSIS Pack Vendor :STMicroelectronics X-CUBE-GNSS1 6.0.0
2024-08-23 14:41:44,458 [INFO] ThirdParty:1030 - CMSIS Pack Vendor :STMicroelectronics FP-SNS-MOTENVWB1 1.4.0
2024-08-23 14:41:44,458 [INFO] ThirdParty:1030 - CMSIS Pack Vendor :STMicroelectronics X-CUBE-AZRTOS-F4 1.1.0
2024-08-23 14:41:44,458 [INFO] ThirdParty:1030 - CMSIS Pack Vendor :STMicroelectronics FP-ATR-SIGFOX1 3.2.0
2024-08-23 14:41:44,458 [INFO] ThirdParty:1030 - CMSIS Pack Vendor :STMicroelectronics X-CUBE-BLE1 7.0.0
2024-08-23 14:41:44,458 [INFO] ThirdParty:1030 - CMSIS Pack Vendor :STMicroelectronics X-CUBE-SMBUS 2.1.0
2024-08-23 14:41:44,458 [INFO] ThirdParty:1030 - CMSIS Pack Vendor :STMicroelectronics X-CUBE-ISPU 2.0.0
2024-08-23 14:41:44,458 [INFO] ThirdParty:1030 - CMSIS Pack Vendor :STMicroelectronics X-CUBE-TCPP 4.1.0
2024-08-23 14:41:44,458 [INFO] ThirdParty:1030 - CMSIS Pack Vendor :STMicroelectronics X-CUBE-EEPRMA1 5.1.0
2024-08-23 14:41:44,458 [INFO] ThirdParty:1030 - CMSIS Pack Vendor :STMicroelectronics X-CUBE-ALS 1.0.2
2024-08-23 14:41:44,458 [INFO] ThirdParty:1030 - CMSIS Pack Vendor :STMicroelectronics X-CUBE-FREERTOS 1.2.0
2024-08-23 14:41:44,458 [INFO] ThirdParty:1030 - CMSIS Pack Vendor :STMicroelectronics X-CUBE-AZRTOS-WB 2.0.0
2024-08-23 14:41:44,458 [INFO] ThirdParty:1030 - CMSIS Pack Vendor :STMicroelectronics X-CUBE-NFC7 1.0.1
2024-08-23 14:41:44,458 [INFO] ThirdParty:1030 - CMSIS Pack Vendor :STMicroelectronics X-CUBE-TOUCHGFX 4.24.0
2024-08-23 14:41:44,458 [INFO] ThirdParty:1030 - CMSIS Pack Vendor :STMicroelectronics X-CUBE-AZRTOS-F7 1.1.0
2024-08-23 14:41:44,458 [INFO] ThirdParty:1030 - CMSIS Pack Vendor :STMicroelectronics X-CUBE-AZRTOS-L5 2.0.0
2024-08-23 14:41:44,458 [INFO] ThirdParty:1030 - CMSIS Pack Vendor :STMicroelectronics X-CUBE-NFC6 3.1.0
2024-08-23 14:41:44,458 [INFO] ThirdParty:1030 - CMSIS Pack Vendor :STMicroelectronics FP-SNS-STBOX1 2.0.0
2024-08-23 14:41:44,458 [INFO] ThirdParty:1030 - CMSIS Pack Vendor :STMicroelectronics X-CUBE-BLEMGR 3.1.0
2024-08-23 14:41:44,458 [INFO] ThirdParty:1030 - CMSIS Pack Vendor :STMicroelectronics FP-SNS-SMARTAG2 1.2.0
2024-08-23 14:41:44,459 [INFO] ThirdParty:1030 - CMSIS Pack Vendor :STMicroelectronics X-CUBE-AZRTOS-WL 2.0.0
2024-08-23 14:41:44,459 [INFO] ThirdParty:1030 - CMSIS Pack Vendor :STMicroelectronics X-CUBE-MEMS1 11.0.0
2024-08-23 14:41:44,459 [INFO] ThirdParty:1030 - CMSIS Pack Vendor :STMicroelectronics X-CUBE-ALGOBUILD 1.4.0
2024-08-23 14:41:44,459 [INFO] ThirdParty:1030 - CMSIS Pack Vendor :STMicroelectronics FP-SNS-MOTENV1 5.0.0
2024-08-23 14:41:44,459 [INFO] ThirdParty:1030 - CMSIS Pack Vendor :STMicroelectronics X-CUBE-AZRTOS-G0 1.1.0
2024-08-23 14:41:44,459 [INFO] ThirdParty:1030 - CMSIS Pack Vendor :STMicroelectronics X-CUBE-DPower 1.2.0
2024-08-23 14:41:44,459 [INFO] ThirdParty:1030 - CMSIS Pack Vendor :STMicroelectronics X-CUBE-NFC4 3.0.0
2024-08-23 14:41:44,459 [INFO] ThirdParty:1030 - CMSIS Pack Vendor :STMicroelectronics X-CUBE-SAFEA1 1.2.2
2024-08-23 14:41:44,459 [INFO] ThirdParty:1030 - CMSIS Pack Vendor :STMicroelectronics X-CUBE-SUBG2 5.0.0
2024-08-23 14:41:44,459 [INFO] ThirdParty:1030 - CMSIS Pack Vendor :STMicroelectronics X-CUBE-AZRTOS-H7RS 1.0.0
2024-08-23 14:41:44,459 [INFO] ThirdParty:1030 - CMSIS Pack Vendor :STMicroelectronics X-CUBE-AZRTOS-L4 2.0.0
2024-08-23 14:41:44,459 [INFO] ThirdParty:1030 - CMSIS Pack Vendor :STMicroelectronics FP-ATR-ASTRA1 2.0.0
2024-08-23 14:41:44,459 [INFO] ThirdParty:1030 - CMSIS Pack Vendor :STMicroelectronics X-CUBE-SFXS2LP1 4.0.0
2024-08-23 14:41:44,459 [INFO] ThirdParty:1030 - CMSIS Pack Vendor :STMicroelectronics FP-SNS-FLIGHT1 5.0.2
2024-08-23 14:41:44,459 [INFO] ThirdParty:1030 - CMSIS Pack Vendor :STMicroelectronics X-CUBE-BLE2 3.3.0
2024-08-23 14:41:44,459 [INFO] ThirdParty:1030 - CMSIS Pack Vendor :STMicroelectronics X-CUBE-TOF1 3.4.2
2024-08-23 14:41:44,459 [INFO] ThirdParty:1030 - CMSIS Pack Vendor :STMicroelectronics X-CUBE-AI 9.0.0
2024-08-23 14:41:44,459 [INFO] ThirdParty:1030 - CMSIS Pack Vendor :STMicroelectronics X-CUBE-AZRTOS-G4 2.0.0
2024-08-23 14:41:44,460 [INFO] LoadServerUpdatesThread:375 - End of LoadServerUpdate Thread
2024-08-23 20:20:57,625 [INFO] WebApp:186 - Connection restablished
