2024-08-20 09:24:53,465 [INFO] Activator:176 - 


2024-08-20 09:24:53,476 [INFO] Activator:177 - !SESSION log4j initialized
2024-08-20 09:24:58,700 [INFO] LogOutputStream:77 - [STDOUT_REDIRECT] 
2024-08-20 09:25:01,229 [ERROR] ConfigurationRetriever:142 - IOException on connection: Connect timed out
2024-08-20 09:25:01,345 [INFO] ApplicationProperties:184 - Using Application install path: C:\ST\STM32CubeIDE_1.16.0\STM32CubeIDE\plugins\com.st.stm32cube.common.mx_6.12.0.202406281431
2024-08-20 09:25:01,375 [INFO] DbMcusXml:78 - Set database path to: C:\ST\STM32CubeIDE_1.16.0\STM32CubeIDE\plugins\com.st.stm32cube.common.mx_6.12.0.202406281431\\db\/mcu/
2024-08-20 09:25:01,375 [INFO] ApiDb:274 - Set plugin database path to: C:\ST\STM32CubeIDE_1.16.0\STM32CubeIDE\plugins\com.st.stm32cube.common.mx_6.12.0.202406281431\\db\/plugins/boardmanager/
2024-08-20 09:25:01,376 [WARN] ApiDb:259 - Overriding images path with different value:  => C:\ST\STM32CubeIDE_1.16.0\STM32CubeIDE\plugins\com.st.stm32cube.common.mx_6.12.0.202406281431\\db\/plugins/mcufinder/images/
2024-08-20 09:25:01,387 [INFO] ApiDb:250 - Set database path to: C:\Users\zchua\.stmcufinder\plugins\mcufinder//mcu/
2024-08-20 09:25:01,389 [INFO] DbMcusAds:125 - Set database path to: C:\Users\zchua\.stmcufinder\plugins\mcufinder//mcu/
2024-08-20 09:25:01,392 [INFO] CrossReferenceDbSqlite:203 - Set database path to: C:\Users\zchua\.stmcufinder\plugins\mcufinder//mcu/cs/
2024-08-20 09:25:01,512 [INFO] RulesReader:64 - Compatibility file has been processed (297 Rules)
2024-08-20 09:25:01,703 [INFO] DbMcusXml:78 - Set database path to: C:\ST\STM32CubeIDE_1.16.0\STM32CubeIDE\plugins\com.st.stm32cube.common.mx_6.12.0.202406281431\\db\/mcu/
2024-08-20 09:25:01,705 [INFO] ApiDb:274 - Set plugin database path to: C:\ST\STM32CubeIDE_1.16.0\STM32CubeIDE\plugins\com.st.stm32cube.common.mx_6.12.0.202406281431\\db\/plugins/boardmanager/
2024-08-20 09:25:01,705 [INFO] ApiDb:261 - Set plugin images path to: C:\ST\STM32CubeIDE_1.16.0\STM32CubeIDE\plugins\com.st.stm32cube.common.mx_6.12.0.202406281431\\db\/plugins/mcufinder/images/
2024-08-20 09:25:01,705 [WARN] DbFile:41 - Overriding database path with different value: C:\Users\zchua\.stmcufinder\plugins\mcufinder/ => C:\Users\zchua\.stmcufinder\plugins\mcufinder
2024-08-20 09:25:01,706 [INFO] ApiDb:250 - Set database path to: C:\Users\zchua\.stmcufinder\plugins\mcufinder//mcu/
2024-08-20 09:25:01,706 [WARN] DbFile:41 - Overriding database path with different value: C:\Users\zchua\.stmcufinder\plugins\mcufinder/ => C:\Users\zchua\.stmcufinder\plugins\mcufinder
2024-08-20 09:25:01,706 [INFO] DbMcusAds:125 - Set database path to: C:\Users\zchua\.stmcufinder\plugins\mcufinder//mcu/
2024-08-20 09:25:01,707 [WARN] DbFile:41 - Overriding database path with different value: C:\Users\zchua\.stmcufinder\plugins\mcufinder/ => C:\Users\zchua\.stmcufinder\plugins\mcufinder
2024-08-20 09:25:01,707 [WARN] DbFile:41 - Overriding database path with different value: C:\Users\zchua\.stmcufinder\plugins\mcufinder/ => C:\Users\zchua\.stmcufinder\plugins\mcufinder
2024-08-20 09:25:01,707 [INFO] CrossReferenceDbSqlite:203 - Set database path to: C:\Users\zchua\.stmcufinder\plugins\mcufinder//mcu/cs/
2024-08-20 09:25:01,870 [INFO] MainPanel:268 - HeapMemory: 268435456
2024-08-20 09:25:02,019 [INFO] DbMcusXml:78 - Set database path to: C:\ST\STM32CubeIDE_1.16.0\STM32CubeIDE\plugins\com.st.stm32cube.common.mx_6.12.0.202406281431\\db\/mcu/
2024-08-20 09:25:02,019 [INFO] ApiDb:274 - Set plugin database path to: C:\ST\STM32CubeIDE_1.16.0\STM32CubeIDE\plugins\com.st.stm32cube.common.mx_6.12.0.202406281431\\db\/plugins/boardmanager/
2024-08-20 09:25:02,019 [INFO] ApiDb:261 - Set plugin images path to: C:\ST\STM32CubeIDE_1.16.0\STM32CubeIDE\plugins\com.st.stm32cube.common.mx_6.12.0.202406281431\\db\/plugins/mcufinder/images/
2024-08-20 09:25:02,019 [WARN] DbFile:41 - Overriding database path with different value: C:\Users\zchua\.stmcufinder\plugins\mcufinder/ => C:\Users\zchua\.stmcufinder\plugins\mcufinder
2024-08-20 09:25:02,019 [INFO] ApiDb:250 - Set database path to: C:\Users\zchua\.stmcufinder\plugins\mcufinder//mcu/
2024-08-20 09:25:02,020 [WARN] DbFile:41 - Overriding database path with different value: C:\Users\zchua\.stmcufinder\plugins\mcufinder/ => C:\Users\zchua\.stmcufinder\plugins\mcufinder
2024-08-20 09:25:02,020 [INFO] DbMcusAds:125 - Set database path to: C:\Users\zchua\.stmcufinder\plugins\mcufinder//mcu/
2024-08-20 09:25:02,020 [WARN] DbFile:41 - Overriding database path with different value: C:\Users\zchua\.stmcufinder\plugins\mcufinder/ => C:\Users\zchua\.stmcufinder\plugins\mcufinder
2024-08-20 09:25:02,020 [WARN] DbFile:41 - Overriding database path with different value: C:\Users\zchua\.stmcufinder\plugins\mcufinder/ => C:\Users\zchua\.stmcufinder\plugins\mcufinder
2024-08-20 09:25:02,020 [INFO] CrossReferenceDbSqlite:203 - Set database path to: C:\Users\zchua\.stmcufinder\plugins\mcufinder//mcu/cs/
2024-08-20 09:25:02,042 [INFO] ApplicationProperties:184 - Using Application install path: C:\ST\STM32CubeIDE_1.16.0\STM32CubeIDE\plugins\com.st.stm32cube.common.mx_6.12.0.202406281431
2024-08-20 09:25:02,043 [INFO] PluginManage:196 - Search for loadable plugins [exclusion list=, ]
2024-08-20 09:25:02,044 [INFO] PluginManage:310 - Check plugin analytics
2024-08-20 09:25:02,279 [INFO] AnalyticsPlugin:253 - Accepted Software Licenses: 
2024-08-20 09:25:02,280 [INFO] AnalyticsPlugin:255 - Accepted CMSIS Pack Licenses: 
2024-08-20 09:25:02,280 [INFO] AnalyticsPlugin:257 - Accepted Firmware Licenses: 
2024-08-20 09:25:02,285 [INFO] PluginManage:359 - Loaded plugin analytics (category:tool,tabindex:-1)
2024-08-20 09:25:02,285 [INFO] PluginManage:310 - Check plugin cadmodel
2024-08-20 09:25:02,293 [INFO] CADModel:105 - Init CAD model plugin
2024-08-20 09:25:02,293 [INFO] PluginManage:359 - Loaded plugin cadmodel (category:power,tabindex:5)
2024-08-20 09:25:02,294 [INFO] PluginManage:310 - Check plugin clock
2024-08-20 09:25:02,309 [INFO] PluginManage:359 - Loaded plugin clock (category:base,tabindex:2)
2024-08-20 09:25:02,310 [INFO] PluginManage:310 - Check plugin ddr
2024-08-20 09:25:02,313 [INFO] PluginManage:359 - Loaded plugin ddr (category:tool,tabindex:6)
2024-08-20 09:25:02,313 [INFO] PluginManage:310 - Check plugin filemanager
2024-08-20 09:25:02,553 [INFO] PluginManage:359 - Loaded plugin filemanager (category:base,tabindex:10)
2024-08-20 09:25:02,553 [INFO] PluginManage:310 - Check plugin ipmanager
2024-08-20 09:25:02,570 [INFO] PluginManage:359 - Loaded plugin ipmanager (category:base,tabindex:5)
2024-08-20 09:25:02,570 [INFO] PluginManage:310 - Check plugin lpbam
2024-08-20 09:25:02,581 [INFO] PluginManage:359 - Loaded plugin lpbam (category:base,tabindex:0)
2024-08-20 09:25:02,581 [INFO] PluginManage:310 - Check plugin memorymap
2024-08-20 09:25:02,601 [INFO] PluginManage:359 - Loaded plugin memorymap (category:base,tabindex:4)
2024-08-20 09:25:02,602 [INFO] PluginManage:310 - Check plugin pinoutandconfiguration
2024-08-20 09:25:02,613 [INFO] PluginManage:359 - Loaded plugin pinoutandconfiguration (category:base,tabindex:1)
2024-08-20 09:25:02,613 [INFO] PluginManage:310 - Check plugin pinoutconfig
2024-08-20 09:25:02,717 [WARN] SupportedApi:132 - Cannot load RTOS API schema: s4s-elt-must-match.1: The content of 'definitions' must match (annotation?, (simpleType | complexType)?, (unique | key | keyref)*)). A problem was found starting at: attribute.
2024-08-20 09:25:02,890 [INFO] PluginManage:359 - Loaded plugin pinoutconfig (category:base,tabindex:0)
2024-08-20 09:25:02,890 [INFO] PluginManage:310 - Check plugin power
2024-08-20 09:25:02,904 [INFO] PluginManage:359 - Loaded plugin power (category:power,tabindex:4)
2024-08-20 09:25:02,904 [INFO] PluginManage:310 - Check plugin projectmanager
2024-08-20 09:25:02,924 [INFO] PluginManage:359 - Loaded plugin projectmanager (category:projectmanager,tabindex:4)
2024-08-20 09:25:02,924 [INFO] PluginManage:310 - Check plugin rif
2024-08-20 09:25:02,934 [INFO] PluginManage:359 - Loaded plugin rif (category:base,tabindex:3)
2024-08-20 09:25:02,935 [INFO] PluginManage:310 - Check plugin thirdparty
2024-08-20 09:25:03,102 [INFO] PluginManage:359 - Loaded plugin thirdparty (category:base,tabindex:-1)
2024-08-20 09:25:03,102 [WARN] IntegrityCheckThread:84 - waiting for thirdparty lock release [integrity check]
2024-08-20 09:25:03,103 [INFO] PluginManage:310 - Check plugin tools
2024-08-20 09:25:03,103 [INFO] IntegrityCheckThread:86 - entering critical section [integrity check]
2024-08-20 09:25:03,103 [INFO] ThirdPartyUpdaterWithRetryManager:70 - Updater plugin not ready yet. [1/15]
2024-08-20 09:25:03,107 [INFO] PluginManage:359 - Loaded plugin tools (category:base,tabindex:7)
2024-08-20 09:25:03,107 [INFO] PluginManage:310 - Check plugin tutovideos
2024-08-20 09:25:03,231 [ERROR] ConfigurationRetriever:142 - IOException on connection: Connect timed out
2024-08-20 09:25:03,382 [INFO] PluginManage:359 - Loaded plugin tutovideos (category:base,tabindex:-1)
2024-08-20 09:25:03,382 [INFO] PluginManage:310 - Check plugin updater
2024-08-20 09:25:03,402 [INFO] PluginManage:359 - Loaded plugin updater (category:base,tabindex:12)
2024-08-20 09:25:03,402 [INFO] PluginManage:310 - Check plugin userauth
2024-08-20 09:25:03,410 [INFO] UserAuth:113 - Init User Auth plugin
2024-08-20 09:25:03,410 [INFO] PluginManage:359 - Loaded plugin userauth (category:base,tabindex:14)
2024-08-20 09:25:03,410 [INFO] PluginManage:283 - PluginManage : Loaded plugins [18]
2024-08-20 09:25:03,697 [INFO] PinOutPanel:1561 - setPackage(No Configuration,No Configuration)
2024-08-20 09:25:03,823 [INFO] CADModel:165 - CPN selected for project level
2024-08-20 09:25:03,823 [INFO] CADModel:114 - Register for checkConnection events
2024-08-20 09:25:03,849 [INFO] IPUIPlugin:80 - create IPUIPlugin
2024-08-20 09:25:03,849 [INFO] PluginManager:220 - loadIPPluginJar : add adc
2024-08-20 09:25:03,853 [INFO] IPUIPlugin:80 - create IPUIPlugin
2024-08-20 09:25:03,853 [INFO] PluginManager:220 - loadIPPluginJar : add aes
2024-08-20 09:25:03,856 [INFO] IPUIPlugin:80 - create IPUIPlugin
2024-08-20 09:25:03,856 [INFO] PluginManager:220 - loadIPPluginJar : add can
2024-08-20 09:25:03,859 [INFO] IPUIPlugin:80 - create IPUIPlugin
2024-08-20 09:25:03,859 [INFO] PluginManager:220 - loadIPPluginJar : add comp
2024-08-20 09:25:03,862 [INFO] IPUIPlugin:80 - create IPUIPlugin
2024-08-20 09:25:03,862 [INFO] PluginManager:220 - loadIPPluginJar : add cryp
2024-08-20 09:25:03,868 [INFO] IPUIPlugin:80 - create IPUIPlugin
2024-08-20 09:25:03,868 [INFO] PluginManager:220 - loadIPPluginJar : add ddr_ctrl_phy
2024-08-20 09:25:03,872 [INFO] IPUIPlugin:80 - create IPUIPlugin
2024-08-20 09:25:03,872 [INFO] PluginManager:220 - loadIPPluginJar : add dfsdm
2024-08-20 09:25:03,880 [INFO] IPUIPlugin:80 - create IPUIPlugin
2024-08-20 09:25:03,881 [INFO] PluginManager:220 - loadIPPluginJar : add dma
2024-08-20 09:25:03,885 [INFO] IPUIPlugin:80 - create IPUIPlugin
2024-08-20 09:25:03,885 [INFO] PluginManager:220 - loadIPPluginJar : add dma3
2024-08-20 09:25:03,889 [INFO] IPUIPlugin:80 - create IPUIPlugin
2024-08-20 09:25:03,890 [INFO] PluginManager:220 - loadIPPluginJar : add extmemmanager
2024-08-20 09:25:03,892 [INFO] IPUIPlugin:80 - create IPUIPlugin
2024-08-20 09:25:03,893 [INFO] PluginManager:220 - loadIPPluginJar : add fatfs
2024-08-20 09:25:03,899 [INFO] IPUIPlugin:80 - create IPUIPlugin
2024-08-20 09:25:03,899 [INFO] PluginManager:220 - loadIPPluginJar : add fmc
2024-08-20 09:25:03,906 [INFO] IPUIPlugin:80 - create IPUIPlugin
2024-08-20 09:25:03,907 [INFO] PluginManager:220 - loadIPPluginJar : add freertos
2024-08-20 09:25:03,909 [INFO] IPUIPlugin:80 - create IPUIPlugin
2024-08-20 09:25:03,909 [INFO] PluginManager:220 - loadIPPluginJar : add genericplugin
2024-08-20 09:25:03,913 [INFO] IPUIPlugin:80 - create IPUIPlugin
2024-08-20 09:25:03,913 [INFO] PluginManager:220 - loadIPPluginJar : add gfxmmu
2024-08-20 09:25:03,919 [INFO] IPUIPlugin:80 - create IPUIPlugin
2024-08-20 09:25:03,919 [INFO] PluginManager:220 - loadIPPluginJar : add gic
2024-08-20 09:25:03,923 [INFO] IPUIPlugin:80 - create IPUIPlugin
2024-08-20 09:25:03,923 [INFO] PluginManager:220 - loadIPPluginJar : add gpio
2024-08-20 09:25:03,928 [INFO] IPUIPlugin:80 - create IPUIPlugin
2024-08-20 09:25:03,928 [INFO] PluginManager:220 - loadIPPluginJar : add gtzc
2024-08-20 09:25:03,932 [INFO] IPUIPlugin:80 - create IPUIPlugin
2024-08-20 09:25:03,932 [INFO] PluginManager:220 - loadIPPluginJar : add hash
2024-08-20 09:25:03,936 [INFO] IPUIPlugin:80 - create IPUIPlugin
2024-08-20 09:25:03,936 [INFO] PluginManager:220 - loadIPPluginJar : add i2c
2024-08-20 09:25:03,939 [INFO] IPUIPlugin:80 - create IPUIPlugin
2024-08-20 09:25:03,940 [INFO] PluginManager:220 - loadIPPluginJar : add i2s
2024-08-20 09:25:03,943 [INFO] IPUIPlugin:80 - create IPUIPlugin
2024-08-20 09:25:03,943 [INFO] PluginManager:220 - loadIPPluginJar : add i3c
2024-08-20 09:25:03,948 [INFO] IPUIPlugin:80 - create IPUIPlugin
2024-08-20 09:25:03,948 [INFO] PluginManager:220 - loadIPPluginJar : add ipddr
2024-08-20 09:25:03,957 [INFO] IPUIPlugin:80 - create IPUIPlugin
2024-08-20 09:25:03,958 [INFO] PluginManager:220 - loadIPPluginJar : add linkedlist
2024-08-20 09:25:03,961 [INFO] IPUIPlugin:80 - create IPUIPlugin
2024-08-20 09:25:03,961 [INFO] PluginManager:220 - loadIPPluginJar : add lorawan
2024-08-20 09:25:03,963 [INFO] IPUIPlugin:80 - create IPUIPlugin
2024-08-20 09:25:03,963 [INFO] PluginManager:220 - loadIPPluginJar : add ltdc
2024-08-20 09:25:03,969 [INFO] IPUIPlugin:80 - create IPUIPlugin
2024-08-20 09:25:03,969 [INFO] PluginManager:220 - loadIPPluginJar : add mdma
2024-08-20 09:25:03,974 [INFO] IPUIPlugin:80 - create IPUIPlugin
2024-08-20 09:25:03,975 [INFO] PluginManager:220 - loadIPPluginJar : add nvic
2024-08-20 09:25:03,979 [INFO] IPUIPlugin:80 - create IPUIPlugin
2024-08-20 09:25:03,979 [INFO] PluginManager:220 - loadIPPluginJar : add opamp
2024-08-20 09:25:03,983 [INFO] IPUIPlugin:80 - create IPUIPlugin
2024-08-20 09:25:03,983 [INFO] PluginManager:220 - loadIPPluginJar : add openamp
2024-08-20 09:25:03,987 [INFO] IPUIPlugin:80 - create IPUIPlugin
2024-08-20 09:25:03,987 [INFO] PluginManager:220 - loadIPPluginJar : add pdm2pcm
2024-08-20 09:25:03,995 [INFO] IPUIPlugin:80 - create IPUIPlugin
2024-08-20 09:25:03,998 [INFO] PluginManager:220 - loadIPPluginJar : add plateformsettings
2024-08-20 09:25:04,000 [INFO] IPUIPlugin:80 - create IPUIPlugin
2024-08-20 09:25:04,000 [INFO] PluginManager:220 - loadIPPluginJar : add quadspi
2024-08-20 09:25:04,002 [INFO] IPUIPlugin:80 - create IPUIPlugin
2024-08-20 09:25:04,003 [INFO] PluginManager:220 - loadIPPluginJar : add radio
2024-08-20 09:25:04,008 [INFO] IPUIPlugin:80 - create IPUIPlugin
2024-08-20 09:25:04,008 [INFO] PluginManager:220 - loadIPPluginJar : add resmgrutility
2024-08-20 09:25:04,011 [INFO] IPUIPlugin:80 - create IPUIPlugin
2024-08-20 09:25:04,011 [INFO] PluginManager:220 - loadIPPluginJar : add sai
2024-08-20 09:25:04,014 [INFO] IPUIPlugin:80 - create IPUIPlugin
2024-08-20 09:25:04,014 [INFO] PluginManager:220 - loadIPPluginJar : add spi
2024-08-20 09:25:04,019 [INFO] IPUIPlugin:80 - create IPUIPlugin
2024-08-20 09:25:04,019 [INFO] PluginManager:220 - loadIPPluginJar : add stm32_wpan
2024-08-20 09:25:04,022 [INFO] IPUIPlugin:80 - create IPUIPlugin
2024-08-20 09:25:04,022 [INFO] PluginManager:220 - loadIPPluginJar : add tim
2024-08-20 09:25:04,025 [INFO] IPUIPlugin:80 - create IPUIPlugin
2024-08-20 09:25:04,025 [INFO] PluginManager:220 - loadIPPluginJar : add touchsensing
2024-08-20 09:25:04,029 [INFO] IPUIPlugin:80 - create IPUIPlugin
2024-08-20 09:25:04,029 [INFO] PluginManager:220 - loadIPPluginJar : add tracer_emb
2024-08-20 09:25:04,032 [INFO] IPUIPlugin:80 - create IPUIPlugin
2024-08-20 09:25:04,032 [INFO] PluginManager:220 - loadIPPluginJar : add ts
2024-08-20 09:25:04,033 [INFO] IPUIPlugin:80 - create IPUIPlugin
2024-08-20 09:25:04,034 [INFO] PluginManager:220 - loadIPPluginJar : add tsc
2024-08-20 09:25:04,036 [INFO] IPUIPlugin:80 - create IPUIPlugin
2024-08-20 09:25:04,036 [INFO] PluginManager:220 - loadIPPluginJar : add ucpd
2024-08-20 09:25:04,040 [INFO] IPUIPlugin:80 - create IPUIPlugin
2024-08-20 09:25:04,040 [INFO] PluginManager:220 - loadIPPluginJar : add usart
2024-08-20 09:25:04,044 [INFO] IPUIPlugin:80 - create IPUIPlugin
2024-08-20 09:25:04,044 [INFO] PluginManager:220 - loadIPPluginJar : add usbx
2024-08-20 09:25:04,185 [INFO] CADModel:165 - CPN selected for project level
2024-08-20 09:25:04,186 [INFO] CADModel:114 - Register for checkConnection events
2024-08-20 09:25:04,186 [FATAL] Updater:334 - Updater called before beeing initialized
2024-08-20 09:25:04,186 [ERROR] CADModel:125 - Updater not yet initialized, retry later 
2024-08-20 09:25:04,333 [INFO] CADModel:165 - CPN selected for project level
2024-08-20 09:25:04,333 [INFO] CADModel:114 - Register for checkConnection events
2024-08-20 09:25:04,333 [FATAL] Updater:334 - Updater called before beeing initialized
2024-08-20 09:25:04,333 [ERROR] CADModel:125 - Updater not yet initialized, retry later 
2024-08-20 09:25:04,337 [FATAL] Updater:334 - Updater called before beeing initialized
2024-08-20 09:25:04,476 [FATAL] Updater:334 - Updater called before beeing initialized
2024-08-20 09:25:04,482 [INFO] DbMcusAds:53 - JSON generation date=Thu Sep 30 14:55:09 MYT 2021 (1632984909247)
2024-08-20 09:25:04,482 [FATAL] Updater:334 - Updater called before beeing initialized
2024-08-20 09:25:04,531 [WARN] DetailPanel:346 - Failed to get advertising image, set to default
2024-08-20 09:25:04,634 [FATAL] Updater:334 - Updater called before beeing initialized
2024-08-20 09:25:04,637 [FATAL] Updater:334 - Updater called before beeing initialized
2024-08-20 09:25:04,637 [FATAL] Updater:334 - Updater called before beeing initialized
2024-08-20 09:25:04,637 [WARN] DetailPanel:346 - Failed to get advertising image, set to default
2024-08-20 09:25:04,638 [FATAL] Updater:334 - Updater called before beeing initialized
2024-08-20 09:25:04,695 [ERROR] Updater:1164 - MainUpdater not yet initialized. External WinMGr cannot be set.
2024-08-20 09:25:04,697 [INFO] Updater:1100 - Updater Version found : 6.12.0
2024-08-20 09:25:04,718 [INFO] ApplicationProperties:184 - Using Application install path: C:\ST\STM32CubeIDE_1.16.0\STM32CubeIDE\plugins\com.st.stm32cube.common.mx_6.12.0.202406281431
2024-08-20 09:25:05,234 [ERROR] ConfigurationRetriever:142 - IOException on connection: Connect timed out
2024-08-20 09:25:06,105 [INFO] ThirdPartyUpdaterWithRetryManager:70 - Updater plugin not ready yet. [2/15]
2024-08-20 09:25:06,308 [ERROR] LogOutputStream:75 - [STDERR_REDIRECT] Aug 20, 2024 9:25:06 AM java.util.prefs.WindowsPreferences <init>
2024-08-20 09:25:06,309 [ERROR] LogOutputStream:75 - [STDERR_REDIRECT] WARNING: Could not open/create prefs root node Software\JavaSoft\Prefs at root 0xffffffff80000002. Windows RegCreateKeyEx(...) returned error code 5.
2024-08-20 09:25:06,309 [ERROR] LogOutputStream:75 - [STDERR_REDIRECT] 
2024-08-20 09:25:07,286 [ERROR] ConfigurationRetriever:142 - IOException on connection: Connect timed out
2024-08-20 09:25:09,107 [FATAL] Updater:334 - Updater called before beeing initialized
2024-08-20 09:25:09,108 [ERROR] IntegrityCheckThread:130 - Cannot retrieve database content from updater: error 21
2024-08-20 09:25:09,108 [INFO] ThirdParty:978 - Integrity check success = false
2024-08-20 09:25:09,108 [INFO] IntegrityCheckThread:100 - exiting critical section [integrity check]
2024-08-20 09:25:09,108 [INFO] IntegrityCheckThread:103 - End integrity checks thread
2024-08-20 09:25:10,581 [WARN] CheckConnectionManager:291 - Warning during Server Connection :  timeout Connect to sw-center.st.com:443 [sw-center.st.com/203.121.59.234, sw-center.st.com/203.121.59.208] failed: Connect timed out
2024-08-20 09:25:12,289 [ERROR] ConfigurationRetriever:142 - IOException on connection: Connect timed out
2024-08-20 09:25:14,609 [WARN] CheckConnectionManager:291 - Warning during Server Connection :  timeout Connect to sw-center.st.com:443 [sw-center.st.com/203.121.59.234, sw-center.st.com/203.121.59.208] failed: Connect timed out
2024-08-20 09:25:14,620 [INFO] MainUpdater:2873 - connection check result : 22
2024-08-20 09:25:14,622 [INFO] MainUpdater:290 - Updater Check For Update Now.
2024-08-20 09:25:14,623 [INFO] MicroXplorer:498 - Change Database Version : DB.6.0.120
2024-08-20 09:25:14,638 [INFO] McuFinderGlobals:63 - Set McuFinder mode to 2 (CubeIDE integrated)
2024-08-20 09:25:14,638 [INFO] UserAuth:179 - activating auth plugin
2024-08-20 09:25:14,643 [INFO] UserAuth:417 - Internet connection configuration mode: 2
2024-08-20 09:25:14,664 [INFO] UserAuth:417 - Internet connection configuration mode: 2
2024-08-20 09:25:14,832 [INFO] CheckServerUpdateThread:120 - End of CheckServer Thread
2024-08-20 09:25:17,296 [ERROR] ConfigurationRetriever:142 - IOException on connection: Connect timed out
2024-08-20 10:15:42,476 [ERROR] ConfigurationRetriever:142 - IOException on connection: Connect timed out
2024-08-20 10:15:44,479 [ERROR] ConfigurationRetriever:142 - IOException on connection: Connect timed out
2024-08-20 10:15:46,481 [ERROR] ConfigurationRetriever:142 - IOException on connection: Connect timed out
2024-08-20 10:15:47,466 [ERROR] LogOutputStream:75 - [STDERR_REDIRECT] 
2024-08-20 10:20:04,164 [INFO] Activator:176 - 


2024-08-20 10:20:04,166 [INFO] Activator:177 - !SESSION log4j initialized
2024-08-20 10:20:07,973 [INFO] LogOutputStream:77 - [STDOUT_REDIRECT] 
2024-08-20 10:20:10,010 [INFO] ApplicationProperties:184 - Using Application install path: C:\ST\STM32CubeIDE_1.16.0\STM32CubeIDE\plugins\com.st.stm32cube.common.mx_6.12.0.202406281431
2024-08-20 10:20:10,034 [INFO] DbMcusXml:78 - Set database path to: C:\ST\STM32CubeIDE_1.16.0\STM32CubeIDE\plugins\com.st.stm32cube.common.mx_6.12.0.202406281431\\db\/mcu/
2024-08-20 10:20:10,035 [INFO] ApiDb:274 - Set plugin database path to: C:\ST\STM32CubeIDE_1.16.0\STM32CubeIDE\plugins\com.st.stm32cube.common.mx_6.12.0.202406281431\\db\/plugins/boardmanager/
2024-08-20 10:20:10,035 [WARN] ApiDb:259 - Overriding images path with different value:  => C:\ST\STM32CubeIDE_1.16.0\STM32CubeIDE\plugins\com.st.stm32cube.common.mx_6.12.0.202406281431\\db\/plugins/mcufinder/images/
2024-08-20 10:20:10,044 [INFO] ApiDb:250 - Set database path to: C:\Users\zchua\.stmcufinder\plugins\mcufinder//mcu/
2024-08-20 10:20:10,045 [INFO] DbMcusAds:125 - Set database path to: C:\Users\zchua\.stmcufinder\plugins\mcufinder//mcu/
2024-08-20 10:20:10,047 [INFO] CrossReferenceDbSqlite:203 - Set database path to: C:\Users\zchua\.stmcufinder\plugins\mcufinder//mcu/cs/
2024-08-20 10:20:10,159 [INFO] RulesReader:64 - Compatibility file has been processed (297 Rules)
2024-08-20 10:20:10,252 [INFO] DbMcusXml:78 - Set database path to: C:\ST\STM32CubeIDE_1.16.0\STM32CubeIDE\plugins\com.st.stm32cube.common.mx_6.12.0.202406281431\\db\/mcu/
2024-08-20 10:20:10,253 [INFO] ApiDb:274 - Set plugin database path to: C:\ST\STM32CubeIDE_1.16.0\STM32CubeIDE\plugins\com.st.stm32cube.common.mx_6.12.0.202406281431\\db\/plugins/boardmanager/
2024-08-20 10:20:10,253 [INFO] ApiDb:261 - Set plugin images path to: C:\ST\STM32CubeIDE_1.16.0\STM32CubeIDE\plugins\com.st.stm32cube.common.mx_6.12.0.202406281431\\db\/plugins/mcufinder/images/
2024-08-20 10:20:10,253 [WARN] DbFile:41 - Overriding database path with different value: C:\Users\zchua\.stmcufinder\plugins\mcufinder/ => C:\Users\zchua\.stmcufinder\plugins\mcufinder
2024-08-20 10:20:10,253 [INFO] ApiDb:250 - Set database path to: C:\Users\zchua\.stmcufinder\plugins\mcufinder//mcu/
2024-08-20 10:20:10,253 [WARN] DbFile:41 - Overriding database path with different value: C:\Users\zchua\.stmcufinder\plugins\mcufinder/ => C:\Users\zchua\.stmcufinder\plugins\mcufinder
2024-08-20 10:20:10,253 [INFO] DbMcusAds:125 - Set database path to: C:\Users\zchua\.stmcufinder\plugins\mcufinder//mcu/
2024-08-20 10:20:10,253 [WARN] DbFile:41 - Overriding database path with different value: C:\Users\zchua\.stmcufinder\plugins\mcufinder/ => C:\Users\zchua\.stmcufinder\plugins\mcufinder
2024-08-20 10:20:10,253 [WARN] DbFile:41 - Overriding database path with different value: C:\Users\zchua\.stmcufinder\plugins\mcufinder/ => C:\Users\zchua\.stmcufinder\plugins\mcufinder
2024-08-20 10:20:10,253 [INFO] CrossReferenceDbSqlite:203 - Set database path to: C:\Users\zchua\.stmcufinder\plugins\mcufinder//mcu/cs/
2024-08-20 10:20:10,346 [INFO] MainPanel:268 - HeapMemory: 268435456
2024-08-20 10:20:10,357 [ERROR] ConfigurationRetriever:142 - IOException on connection: Connect timed out
2024-08-20 10:20:10,418 [INFO] DbMcusXml:78 - Set database path to: C:\ST\STM32CubeIDE_1.16.0\STM32CubeIDE\plugins\com.st.stm32cube.common.mx_6.12.0.202406281431\\db\/mcu/
2024-08-20 10:20:10,418 [INFO] ApiDb:274 - Set plugin database path to: C:\ST\STM32CubeIDE_1.16.0\STM32CubeIDE\plugins\com.st.stm32cube.common.mx_6.12.0.202406281431\\db\/plugins/boardmanager/
2024-08-20 10:20:10,419 [INFO] ApiDb:261 - Set plugin images path to: C:\ST\STM32CubeIDE_1.16.0\STM32CubeIDE\plugins\com.st.stm32cube.common.mx_6.12.0.202406281431\\db\/plugins/mcufinder/images/
2024-08-20 10:20:10,420 [WARN] DbFile:41 - Overriding database path with different value: C:\Users\zchua\.stmcufinder\plugins\mcufinder/ => C:\Users\zchua\.stmcufinder\plugins\mcufinder
2024-08-20 10:20:10,420 [INFO] ApiDb:250 - Set database path to: C:\Users\zchua\.stmcufinder\plugins\mcufinder//mcu/
2024-08-20 10:20:10,420 [WARN] DbFile:41 - Overriding database path with different value: C:\Users\zchua\.stmcufinder\plugins\mcufinder/ => C:\Users\zchua\.stmcufinder\plugins\mcufinder
2024-08-20 10:20:10,420 [INFO] DbMcusAds:125 - Set database path to: C:\Users\zchua\.stmcufinder\plugins\mcufinder//mcu/
2024-08-20 10:20:10,420 [WARN] DbFile:41 - Overriding database path with different value: C:\Users\zchua\.stmcufinder\plugins\mcufinder/ => C:\Users\zchua\.stmcufinder\plugins\mcufinder
2024-08-20 10:20:10,420 [WARN] DbFile:41 - Overriding database path with different value: C:\Users\zchua\.stmcufinder\plugins\mcufinder/ => C:\Users\zchua\.stmcufinder\plugins\mcufinder
2024-08-20 10:20:10,420 [INFO] CrossReferenceDbSqlite:203 - Set database path to: C:\Users\zchua\.stmcufinder\plugins\mcufinder//mcu/cs/
2024-08-20 10:20:10,440 [INFO] ApplicationProperties:184 - Using Application install path: C:\ST\STM32CubeIDE_1.16.0\STM32CubeIDE\plugins\com.st.stm32cube.common.mx_6.12.0.202406281431
2024-08-20 10:20:10,441 [INFO] PluginManage:196 - Search for loadable plugins [exclusion list=, ]
2024-08-20 10:20:10,443 [INFO] PluginManage:310 - Check plugin analytics
2024-08-20 10:20:10,630 [INFO] AnalyticsPlugin:253 - Accepted Software Licenses: 
2024-08-20 10:20:10,631 [INFO] AnalyticsPlugin:255 - Accepted CMSIS Pack Licenses: 
2024-08-20 10:20:10,631 [INFO] AnalyticsPlugin:257 - Accepted Firmware Licenses: 
2024-08-20 10:20:10,634 [INFO] PluginManage:359 - Loaded plugin analytics (category:tool,tabindex:-1)
2024-08-20 10:20:10,635 [INFO] PluginManage:310 - Check plugin cadmodel
2024-08-20 10:20:10,641 [INFO] CADModel:105 - Init CAD model plugin
2024-08-20 10:20:10,641 [INFO] PluginManage:359 - Loaded plugin cadmodel (category:power,tabindex:5)
2024-08-20 10:20:10,642 [INFO] PluginManage:310 - Check plugin clock
2024-08-20 10:20:10,653 [INFO] PluginManage:359 - Loaded plugin clock (category:base,tabindex:2)
2024-08-20 10:20:10,653 [INFO] PluginManage:310 - Check plugin ddr
2024-08-20 10:20:10,656 [INFO] PluginManage:359 - Loaded plugin ddr (category:tool,tabindex:6)
2024-08-20 10:20:10,656 [INFO] PluginManage:310 - Check plugin filemanager
2024-08-20 10:20:10,838 [INFO] PluginManage:359 - Loaded plugin filemanager (category:base,tabindex:10)
2024-08-20 10:20:10,838 [INFO] PluginManage:310 - Check plugin ipmanager
2024-08-20 10:20:10,849 [INFO] PluginManage:359 - Loaded plugin ipmanager (category:base,tabindex:5)
2024-08-20 10:20:10,849 [INFO] PluginManage:310 - Check plugin lpbam
2024-08-20 10:20:10,857 [INFO] PluginManage:359 - Loaded plugin lpbam (category:base,tabindex:0)
2024-08-20 10:20:10,858 [INFO] PluginManage:310 - Check plugin memorymap
2024-08-20 10:20:10,868 [INFO] PluginManage:359 - Loaded plugin memorymap (category:base,tabindex:4)
2024-08-20 10:20:10,868 [INFO] PluginManage:310 - Check plugin pinoutandconfiguration
2024-08-20 10:20:10,874 [INFO] PluginManage:359 - Loaded plugin pinoutandconfiguration (category:base,tabindex:1)
2024-08-20 10:20:10,874 [INFO] PluginManage:310 - Check plugin pinoutconfig
2024-08-20 10:20:10,961 [WARN] SupportedApi:132 - Cannot load RTOS API schema: s4s-elt-must-match.1: The content of 'definitions' must match (annotation?, (simpleType | complexType)?, (unique | key | keyref)*)). A problem was found starting at: attribute.
2024-08-20 10:20:11,099 [INFO] PluginManage:359 - Loaded plugin pinoutconfig (category:base,tabindex:0)
2024-08-20 10:20:11,100 [INFO] PluginManage:310 - Check plugin power
2024-08-20 10:20:11,111 [INFO] PluginManage:359 - Loaded plugin power (category:power,tabindex:4)
2024-08-20 10:20:11,111 [INFO] PluginManage:310 - Check plugin projectmanager
2024-08-20 10:20:11,133 [INFO] PluginManage:359 - Loaded plugin projectmanager (category:projectmanager,tabindex:4)
2024-08-20 10:20:11,133 [INFO] PluginManage:310 - Check plugin rif
2024-08-20 10:20:11,140 [INFO] PluginManage:359 - Loaded plugin rif (category:base,tabindex:3)
2024-08-20 10:20:11,140 [INFO] PluginManage:310 - Check plugin thirdparty
2024-08-20 10:20:11,265 [INFO] PluginManage:359 - Loaded plugin thirdparty (category:base,tabindex:-1)
2024-08-20 10:20:11,265 [WARN] IntegrityCheckThread:84 - waiting for thirdparty lock release [integrity check]
2024-08-20 10:20:11,265 [INFO] IntegrityCheckThread:86 - entering critical section [integrity check]
2024-08-20 10:20:11,265 [INFO] PluginManage:310 - Check plugin tools
2024-08-20 10:20:11,266 [INFO] ThirdPartyUpdaterWithRetryManager:70 - Updater plugin not ready yet. [1/15]
2024-08-20 10:20:11,268 [INFO] PluginManage:359 - Loaded plugin tools (category:base,tabindex:7)
2024-08-20 10:20:11,268 [INFO] PluginManage:310 - Check plugin tutovideos
2024-08-20 10:20:11,420 [INFO] PluginManage:359 - Loaded plugin tutovideos (category:base,tabindex:-1)
2024-08-20 10:20:11,421 [INFO] PluginManage:310 - Check plugin updater
2024-08-20 10:20:11,435 [INFO] PluginManage:359 - Loaded plugin updater (category:base,tabindex:12)
2024-08-20 10:20:11,435 [INFO] PluginManage:310 - Check plugin userauth
2024-08-20 10:20:11,441 [INFO] UserAuth:113 - Init User Auth plugin
2024-08-20 10:20:11,441 [INFO] PluginManage:359 - Loaded plugin userauth (category:base,tabindex:14)
2024-08-20 10:20:11,442 [INFO] PluginManage:283 - PluginManage : Loaded plugins [18]
2024-08-20 10:20:11,685 [INFO] PinOutPanel:1561 - setPackage(No Configuration,No Configuration)
2024-08-20 10:20:11,844 [INFO] CADModel:165 - CPN selected for project level
2024-08-20 10:20:11,844 [INFO] CADModel:114 - Register for checkConnection events
2024-08-20 10:20:11,862 [INFO] IPUIPlugin:80 - create IPUIPlugin
2024-08-20 10:20:11,862 [INFO] PluginManager:220 - loadIPPluginJar : add adc
2024-08-20 10:20:11,865 [INFO] IPUIPlugin:80 - create IPUIPlugin
2024-08-20 10:20:11,865 [INFO] PluginManager:220 - loadIPPluginJar : add aes
2024-08-20 10:20:11,867 [INFO] IPUIPlugin:80 - create IPUIPlugin
2024-08-20 10:20:11,868 [INFO] PluginManager:220 - loadIPPluginJar : add can
2024-08-20 10:20:11,869 [INFO] IPUIPlugin:80 - create IPUIPlugin
2024-08-20 10:20:11,869 [INFO] PluginManager:220 - loadIPPluginJar : add comp
2024-08-20 10:20:11,872 [INFO] IPUIPlugin:80 - create IPUIPlugin
2024-08-20 10:20:11,872 [INFO] PluginManager:220 - loadIPPluginJar : add cryp
2024-08-20 10:20:11,875 [INFO] IPUIPlugin:80 - create IPUIPlugin
2024-08-20 10:20:11,875 [INFO] PluginManager:220 - loadIPPluginJar : add ddr_ctrl_phy
2024-08-20 10:20:11,877 [INFO] IPUIPlugin:80 - create IPUIPlugin
2024-08-20 10:20:11,877 [INFO] PluginManager:220 - loadIPPluginJar : add dfsdm
2024-08-20 10:20:11,882 [INFO] IPUIPlugin:80 - create IPUIPlugin
2024-08-20 10:20:11,883 [INFO] PluginManager:220 - loadIPPluginJar : add dma
2024-08-20 10:20:11,885 [INFO] IPUIPlugin:80 - create IPUIPlugin
2024-08-20 10:20:11,885 [INFO] PluginManager:220 - loadIPPluginJar : add dma3
2024-08-20 10:20:11,889 [INFO] IPUIPlugin:80 - create IPUIPlugin
2024-08-20 10:20:11,889 [INFO] PluginManager:220 - loadIPPluginJar : add extmemmanager
2024-08-20 10:20:11,891 [INFO] IPUIPlugin:80 - create IPUIPlugin
2024-08-20 10:20:11,891 [INFO] PluginManager:220 - loadIPPluginJar : add fatfs
2024-08-20 10:20:11,895 [INFO] IPUIPlugin:80 - create IPUIPlugin
2024-08-20 10:20:11,895 [INFO] PluginManager:220 - loadIPPluginJar : add fmc
2024-08-20 10:20:11,900 [INFO] IPUIPlugin:80 - create IPUIPlugin
2024-08-20 10:20:11,901 [INFO] PluginManager:220 - loadIPPluginJar : add freertos
2024-08-20 10:20:11,902 [INFO] IPUIPlugin:80 - create IPUIPlugin
2024-08-20 10:20:11,902 [INFO] PluginManager:220 - loadIPPluginJar : add genericplugin
2024-08-20 10:20:11,904 [INFO] IPUIPlugin:80 - create IPUIPlugin
2024-08-20 10:20:11,904 [INFO] PluginManager:220 - loadIPPluginJar : add gfxmmu
2024-08-20 10:20:11,909 [INFO] IPUIPlugin:80 - create IPUIPlugin
2024-08-20 10:20:11,909 [INFO] PluginManager:220 - loadIPPluginJar : add gic
2024-08-20 10:20:11,913 [INFO] IPUIPlugin:80 - create IPUIPlugin
2024-08-20 10:20:11,913 [INFO] PluginManager:220 - loadIPPluginJar : add gpio
2024-08-20 10:20:11,916 [INFO] IPUIPlugin:80 - create IPUIPlugin
2024-08-20 10:20:11,916 [INFO] PluginManager:220 - loadIPPluginJar : add gtzc
2024-08-20 10:20:11,918 [INFO] IPUIPlugin:80 - create IPUIPlugin
2024-08-20 10:20:11,918 [INFO] PluginManager:220 - loadIPPluginJar : add hash
2024-08-20 10:20:11,920 [INFO] IPUIPlugin:80 - create IPUIPlugin
2024-08-20 10:20:11,920 [INFO] PluginManager:220 - loadIPPluginJar : add i2c
2024-08-20 10:20:11,922 [INFO] IPUIPlugin:80 - create IPUIPlugin
2024-08-20 10:20:11,922 [INFO] PluginManager:220 - loadIPPluginJar : add i2s
2024-08-20 10:20:11,924 [INFO] IPUIPlugin:80 - create IPUIPlugin
2024-08-20 10:20:11,924 [INFO] PluginManager:220 - loadIPPluginJar : add i3c
2024-08-20 10:20:11,927 [INFO] IPUIPlugin:80 - create IPUIPlugin
2024-08-20 10:20:11,928 [INFO] PluginManager:220 - loadIPPluginJar : add ipddr
2024-08-20 10:20:11,934 [INFO] IPUIPlugin:80 - create IPUIPlugin
2024-08-20 10:20:11,934 [INFO] PluginManager:220 - loadIPPluginJar : add linkedlist
2024-08-20 10:20:11,936 [INFO] IPUIPlugin:80 - create IPUIPlugin
2024-08-20 10:20:11,937 [INFO] PluginManager:220 - loadIPPluginJar : add lorawan
2024-08-20 10:20:11,938 [INFO] IPUIPlugin:80 - create IPUIPlugin
2024-08-20 10:20:11,938 [INFO] PluginManager:220 - loadIPPluginJar : add ltdc
2024-08-20 10:20:11,944 [INFO] IPUIPlugin:80 - create IPUIPlugin
2024-08-20 10:20:11,944 [INFO] PluginManager:220 - loadIPPluginJar : add mdma
2024-08-20 10:20:11,949 [INFO] IPUIPlugin:80 - create IPUIPlugin
2024-08-20 10:20:11,949 [INFO] PluginManager:220 - loadIPPluginJar : add nvic
2024-08-20 10:20:11,953 [INFO] IPUIPlugin:80 - create IPUIPlugin
2024-08-20 10:20:11,953 [INFO] PluginManager:220 - loadIPPluginJar : add opamp
2024-08-20 10:20:11,956 [INFO] IPUIPlugin:80 - create IPUIPlugin
2024-08-20 10:20:11,956 [INFO] PluginManager:220 - loadIPPluginJar : add openamp
2024-08-20 10:20:11,959 [INFO] IPUIPlugin:80 - create IPUIPlugin
2024-08-20 10:20:11,960 [INFO] PluginManager:220 - loadIPPluginJar : add pdm2pcm
2024-08-20 10:20:11,965 [INFO] IPUIPlugin:80 - create IPUIPlugin
2024-08-20 10:20:11,967 [INFO] PluginManager:220 - loadIPPluginJar : add plateformsettings
2024-08-20 10:20:11,969 [INFO] IPUIPlugin:80 - create IPUIPlugin
2024-08-20 10:20:11,969 [INFO] PluginManager:220 - loadIPPluginJar : add quadspi
2024-08-20 10:20:11,970 [INFO] IPUIPlugin:80 - create IPUIPlugin
2024-08-20 10:20:11,971 [INFO] PluginManager:220 - loadIPPluginJar : add radio
2024-08-20 10:20:11,974 [INFO] IPUIPlugin:80 - create IPUIPlugin
2024-08-20 10:20:11,974 [INFO] PluginManager:220 - loadIPPluginJar : add resmgrutility
2024-08-20 10:20:11,977 [INFO] IPUIPlugin:80 - create IPUIPlugin
2024-08-20 10:20:11,978 [INFO] PluginManager:220 - loadIPPluginJar : add sai
2024-08-20 10:20:11,980 [INFO] IPUIPlugin:80 - create IPUIPlugin
2024-08-20 10:20:11,980 [INFO] PluginManager:220 - loadIPPluginJar : add spi
2024-08-20 10:20:11,984 [INFO] IPUIPlugin:80 - create IPUIPlugin
2024-08-20 10:20:11,984 [INFO] PluginManager:220 - loadIPPluginJar : add stm32_wpan
2024-08-20 10:20:11,986 [INFO] IPUIPlugin:80 - create IPUIPlugin
2024-08-20 10:20:11,986 [INFO] PluginManager:220 - loadIPPluginJar : add tim
2024-08-20 10:20:11,988 [INFO] IPUIPlugin:80 - create IPUIPlugin
2024-08-20 10:20:11,989 [INFO] PluginManager:220 - loadIPPluginJar : add touchsensing
2024-08-20 10:20:11,990 [INFO] IPUIPlugin:80 - create IPUIPlugin
2024-08-20 10:20:11,990 [INFO] PluginManager:220 - loadIPPluginJar : add tracer_emb
2024-08-20 10:20:11,992 [INFO] IPUIPlugin:80 - create IPUIPlugin
2024-08-20 10:20:11,993 [INFO] PluginManager:220 - loadIPPluginJar : add ts
2024-08-20 10:20:11,994 [INFO] IPUIPlugin:80 - create IPUIPlugin
2024-08-20 10:20:11,994 [INFO] PluginManager:220 - loadIPPluginJar : add tsc
2024-08-20 10:20:11,996 [INFO] IPUIPlugin:80 - create IPUIPlugin
2024-08-20 10:20:11,996 [INFO] PluginManager:220 - loadIPPluginJar : add ucpd
2024-08-20 10:20:11,998 [INFO] IPUIPlugin:80 - create IPUIPlugin
2024-08-20 10:20:11,998 [INFO] PluginManager:220 - loadIPPluginJar : add usart
2024-08-20 10:20:12,000 [INFO] IPUIPlugin:80 - create IPUIPlugin
2024-08-20 10:20:12,000 [INFO] PluginManager:220 - loadIPPluginJar : add usbx
2024-08-20 10:20:12,132 [INFO] CADModel:165 - CPN selected for project level
2024-08-20 10:20:12,132 [INFO] CADModel:114 - Register for checkConnection events
2024-08-20 10:20:12,133 [FATAL] Updater:334 - Updater called before beeing initialized
2024-08-20 10:20:12,133 [ERROR] CADModel:125 - Updater not yet initialized, retry later 
2024-08-20 10:20:12,247 [INFO] CADModel:165 - CPN selected for project level
2024-08-20 10:20:12,247 [INFO] CADModel:114 - Register for checkConnection events
2024-08-20 10:20:12,247 [FATAL] Updater:334 - Updater called before beeing initialized
2024-08-20 10:20:12,247 [ERROR] CADModel:125 - Updater not yet initialized, retry later 
2024-08-20 10:20:12,250 [FATAL] Updater:334 - Updater called before beeing initialized
2024-08-20 10:20:12,361 [ERROR] ConfigurationRetriever:142 - IOException on connection: Connect timed out
2024-08-20 10:20:12,375 [FATAL] Updater:334 - Updater called before beeing initialized
2024-08-20 10:20:12,379 [INFO] DbMcusAds:53 - JSON generation date=Thu Sep 30 14:55:09 MYT 2021 (1632984909247)
2024-08-20 10:20:12,379 [FATAL] Updater:334 - Updater called before beeing initialized
2024-08-20 10:20:12,425 [WARN] DetailPanel:346 - Failed to get advertising image, set to default
2024-08-20 10:20:12,524 [FATAL] Updater:334 - Updater called before beeing initialized
2024-08-20 10:20:12,525 [FATAL] Updater:334 - Updater called before beeing initialized
2024-08-20 10:20:12,526 [FATAL] Updater:334 - Updater called before beeing initialized
2024-08-20 10:20:12,526 [WARN] DetailPanel:346 - Failed to get advertising image, set to default
2024-08-20 10:20:12,526 [FATAL] Updater:334 - Updater called before beeing initialized
2024-08-20 10:20:12,575 [ERROR] Updater:1164 - MainUpdater not yet initialized. External WinMGr cannot be set.
2024-08-20 10:20:12,577 [INFO] Updater:1100 - Updater Version found : 6.12.0
2024-08-20 10:20:12,595 [INFO] ApplicationProperties:184 - Using Application install path: C:\ST\STM32CubeIDE_1.16.0\STM32CubeIDE\plugins\com.st.stm32cube.common.mx_6.12.0.202406281431
2024-08-20 10:20:14,169 [ERROR] LogOutputStream:75 - [STDERR_REDIRECT] Aug 20, 2024 10:20:14 AM java.util.prefs.WindowsPreferences <init>
2024-08-20 10:20:14,170 [ERROR] LogOutputStream:75 - [STDERR_REDIRECT] WARNING: Could not open/create prefs root node Software\JavaSoft\Prefs at root 0xffffffff80000002. Windows RegCreateKeyEx(...) returned error code 5.
2024-08-20 10:20:14,170 [ERROR] LogOutputStream:75 - [STDERR_REDIRECT] 
2024-08-20 10:20:14,267 [INFO] ThirdPartyUpdaterWithRetryManager:70 - Updater plugin not ready yet. [2/15]
2024-08-20 10:20:14,364 [ERROR] ConfigurationRetriever:142 - IOException on connection: Connect timed out
2024-08-20 10:20:15,637 [ERROR] ConfigurationRetriever:142 - IOException on connection: Connect timed out
2024-08-20 10:20:17,268 [FATAL] Updater:334 - Updater called before beeing initialized
2024-08-20 10:20:17,268 [ERROR] IntegrityCheckThread:130 - Cannot retrieve database content from updater: error 21
2024-08-20 10:20:17,268 [INFO] ThirdParty:978 - Integrity check success = false
2024-08-20 10:20:17,269 [INFO] IntegrityCheckThread:100 - exiting critical section [integrity check]
2024-08-20 10:20:17,269 [INFO] IntegrityCheckThread:103 - End integrity checks thread
2024-08-20 10:20:18,341 [WARN] CheckConnectionManager:291 - Warning during Server Connection :  timeout Connect to sw-center.st.com:443 [sw-center.st.com/203.121.59.234, sw-center.st.com/203.121.59.208] failed: Connect timed out
2024-08-20 10:20:20,639 [ERROR] ConfigurationRetriever:142 - IOException on connection: Connect timed out
2024-08-20 10:20:22,346 [WARN] CheckConnectionManager:291 - Warning during Server Connection :  timeout Connect to sw-center.st.com:443 [sw-center.st.com/203.121.59.234, sw-center.st.com/203.121.59.208] failed: Connect timed out
2024-08-20 10:20:22,350 [INFO] MainUpdater:2873 - connection check result : 22
2024-08-20 10:20:22,351 [INFO] MainUpdater:290 - Updater Check For Update Now.
2024-08-20 10:20:22,351 [INFO] MicroXplorer:498 - Change Database Version : DB.6.0.120
2024-08-20 10:20:22,356 [INFO] McuFinderGlobals:63 - Set McuFinder mode to 2 (CubeIDE integrated)
2024-08-20 10:20:22,356 [INFO] UserAuth:179 - activating auth plugin
2024-08-20 10:20:22,359 [INFO] UserAuth:417 - Internet connection configuration mode: 2
2024-08-20 10:20:22,381 [INFO] UserAuth:417 - Internet connection configuration mode: 2
2024-08-20 10:20:22,531 [INFO] CheckServerUpdateThread:120 - End of CheckServer Thread
2024-08-20 10:20:25,641 [ERROR] ConfigurationRetriever:142 - IOException on connection: Connect timed out
2024-08-20 11:04:52,188 [ERROR] ConfigurationRetriever:142 - IOException on connection: Connect timed out
2024-08-20 11:04:54,194 [ERROR] ConfigurationRetriever:142 - IOException on connection: Connect timed out
2024-08-20 11:04:56,196 [ERROR] ConfigurationRetriever:142 - IOException on connection: Connect timed out
2024-08-20 11:04:57,585 [ERROR] LogOutputStream:75 - [STDERR_REDIRECT] 
