2024-08-17 00:20:05,099 [INFO] Activator:176 - 


2024-08-17 00:20:05,113 [INFO] Activator:177 - !SESSION log4j initialized
2024-08-17 00:20:13,244 [INFO] LogOutputStream:77 - [STDOUT_REDIRECT] 
2024-08-17 00:20:17,436 [ERROR] ConfigurationRetriever:142 - IOException on connection: Connect timed out
2024-08-17 00:20:19,371 [INFO] ApplicationProperties:184 - Using Application install path: C:\ST\STM32CubeIDE_1.16.0\STM32CubeIDE\plugins\com.st.stm32cube.common.mx_6.12.0.202406281431
2024-08-17 00:20:19,416 [INFO] DbMcusXml:78 - Set database path to: C:\ST\STM32CubeIDE_1.16.0\STM32CubeIDE\plugins\com.st.stm32cube.common.mx_6.12.0.202406281431\\db\/mcu/
2024-08-17 00:20:19,417 [INFO] ApiDb:274 - Set plugin database path to: C:\ST\STM32CubeIDE_1.16.0\STM32CubeIDE\plugins\com.st.stm32cube.common.mx_6.12.0.202406281431\\db\/plugins/boardmanager/
2024-08-17 00:20:19,418 [WARN] ApiDb:259 - Overriding images path with different value:  => C:\ST\STM32CubeIDE_1.16.0\STM32CubeIDE\plugins\com.st.stm32cube.common.mx_6.12.0.202406281431\\db\/plugins/mcufinder/images/
2024-08-17 00:20:19,433 [INFO] ApiDb:250 - Set database path to: C:\Users\zchua\.stmcufinder\plugins\mcufinder//mcu/
2024-08-17 00:20:19,436 [INFO] DbMcusAds:125 - Set database path to: C:\Users\zchua\.stmcufinder\plugins\mcufinder//mcu/
2024-08-17 00:20:19,438 [ERROR] ConfigurationRetriever:142 - IOException on connection: Connect timed out
2024-08-17 00:20:19,439 [INFO] CrossReferenceDbSqlite:203 - Set database path to: C:\Users\zchua\.stmcufinder\plugins\mcufinder//mcu/cs/
2024-08-17 00:20:19,657 [INFO] RulesReader:64 - Compatibility file has been processed (297 Rules)
2024-08-17 00:20:19,857 [INFO] DbMcusXml:78 - Set database path to: C:\ST\STM32CubeIDE_1.16.0\STM32CubeIDE\plugins\com.st.stm32cube.common.mx_6.12.0.202406281431\\db\/mcu/
2024-08-17 00:20:19,858 [INFO] ApiDb:274 - Set plugin database path to: C:\ST\STM32CubeIDE_1.16.0\STM32CubeIDE\plugins\com.st.stm32cube.common.mx_6.12.0.202406281431\\db\/plugins/boardmanager/
2024-08-17 00:20:19,858 [INFO] ApiDb:261 - Set plugin images path to: C:\ST\STM32CubeIDE_1.16.0\STM32CubeIDE\plugins\com.st.stm32cube.common.mx_6.12.0.202406281431\\db\/plugins/mcufinder/images/
2024-08-17 00:20:19,859 [WARN] DbFile:41 - Overriding database path with different value: C:\Users\zchua\.stmcufinder\plugins\mcufinder/ => C:\Users\zchua\.stmcufinder\plugins\mcufinder
2024-08-17 00:20:19,859 [INFO] ApiDb:250 - Set database path to: C:\Users\zchua\.stmcufinder\plugins\mcufinder//mcu/
2024-08-17 00:20:19,859 [WARN] DbFile:41 - Overriding database path with different value: C:\Users\zchua\.stmcufinder\plugins\mcufinder/ => C:\Users\zchua\.stmcufinder\plugins\mcufinder
2024-08-17 00:20:19,859 [INFO] DbMcusAds:125 - Set database path to: C:\Users\zchua\.stmcufinder\plugins\mcufinder//mcu/
2024-08-17 00:20:19,859 [WARN] DbFile:41 - Overriding database path with different value: C:\Users\zchua\.stmcufinder\plugins\mcufinder/ => C:\Users\zchua\.stmcufinder\plugins\mcufinder
2024-08-17 00:20:19,859 [WARN] DbFile:41 - Overriding database path with different value: C:\Users\zchua\.stmcufinder\plugins\mcufinder/ => C:\Users\zchua\.stmcufinder\plugins\mcufinder
2024-08-17 00:20:19,859 [INFO] CrossReferenceDbSqlite:203 - Set database path to: C:\Users\zchua\.stmcufinder\plugins\mcufinder//mcu/cs/
2024-08-17 00:20:20,045 [INFO] MainPanel:268 - HeapMemory: 268435456
2024-08-17 00:20:20,244 [INFO] DbMcusXml:78 - Set database path to: C:\ST\STM32CubeIDE_1.16.0\STM32CubeIDE\plugins\com.st.stm32cube.common.mx_6.12.0.202406281431\\db\/mcu/
2024-08-17 00:20:20,244 [INFO] ApiDb:274 - Set plugin database path to: C:\ST\STM32CubeIDE_1.16.0\STM32CubeIDE\plugins\com.st.stm32cube.common.mx_6.12.0.202406281431\\db\/plugins/boardmanager/
2024-08-17 00:20:20,244 [INFO] ApiDb:261 - Set plugin images path to: C:\ST\STM32CubeIDE_1.16.0\STM32CubeIDE\plugins\com.st.stm32cube.common.mx_6.12.0.202406281431\\db\/plugins/mcufinder/images/
2024-08-17 00:20:20,245 [WARN] DbFile:41 - Overriding database path with different value: C:\Users\zchua\.stmcufinder\plugins\mcufinder/ => C:\Users\zchua\.stmcufinder\plugins\mcufinder
2024-08-17 00:20:20,246 [INFO] ApiDb:250 - Set database path to: C:\Users\zchua\.stmcufinder\plugins\mcufinder//mcu/
2024-08-17 00:20:20,246 [WARN] DbFile:41 - Overriding database path with different value: C:\Users\zchua\.stmcufinder\plugins\mcufinder/ => C:\Users\zchua\.stmcufinder\plugins\mcufinder
2024-08-17 00:20:20,246 [INFO] DbMcusAds:125 - Set database path to: C:\Users\zchua\.stmcufinder\plugins\mcufinder//mcu/
2024-08-17 00:20:20,246 [WARN] DbFile:41 - Overriding database path with different value: C:\Users\zchua\.stmcufinder\plugins\mcufinder/ => C:\Users\zchua\.stmcufinder\plugins\mcufinder
2024-08-17 00:20:20,246 [WARN] DbFile:41 - Overriding database path with different value: C:\Users\zchua\.stmcufinder\plugins\mcufinder/ => C:\Users\zchua\.stmcufinder\plugins\mcufinder
2024-08-17 00:20:20,247 [INFO] CrossReferenceDbSqlite:203 - Set database path to: C:\Users\zchua\.stmcufinder\plugins\mcufinder//mcu/cs/
2024-08-17 00:20:20,286 [INFO] ApplicationProperties:184 - Using Application install path: C:\ST\STM32CubeIDE_1.16.0\STM32CubeIDE\plugins\com.st.stm32cube.common.mx_6.12.0.202406281431
2024-08-17 00:20:20,289 [INFO] PluginManage:196 - Search for loadable plugins [exclusion list=, ]
2024-08-17 00:20:20,292 [INFO] PluginManage:310 - Check plugin analytics
2024-08-17 00:20:20,696 [INFO] AnalyticsPlugin:253 - Accepted Software Licenses: 
2024-08-17 00:20:20,697 [INFO] AnalyticsPlugin:255 - Accepted CMSIS Pack Licenses: 
2024-08-17 00:20:20,699 [INFO] AnalyticsPlugin:257 - Accepted Firmware Licenses: 
2024-08-17 00:20:20,759 [INFO] PluginManage:359 - Loaded plugin analytics (category:tool,tabindex:-1)
2024-08-17 00:20:20,761 [INFO] PluginManage:310 - Check plugin cadmodel
2024-08-17 00:20:20,924 [INFO] CADModel:105 - Init CAD model plugin
2024-08-17 00:20:20,927 [INFO] PluginManage:359 - Loaded plugin cadmodel (category:power,tabindex:5)
2024-08-17 00:20:20,928 [INFO] PluginManage:310 - Check plugin clock
2024-08-17 00:20:21,022 [INFO] PluginManage:359 - Loaded plugin clock (category:base,tabindex:2)
2024-08-17 00:20:21,022 [INFO] PluginManage:310 - Check plugin ddr
2024-08-17 00:20:21,029 [INFO] PluginManage:359 - Loaded plugin ddr (category:tool,tabindex:6)
2024-08-17 00:20:21,031 [INFO] PluginManage:310 - Check plugin filemanager
2024-08-17 00:20:21,441 [ERROR] ConfigurationRetriever:142 - IOException on connection: Connect timed out
2024-08-17 00:20:21,527 [INFO] PluginManage:359 - Loaded plugin filemanager (category:base,tabindex:10)
2024-08-17 00:20:21,527 [INFO] PluginManage:310 - Check plugin ipmanager
2024-08-17 00:20:21,555 [INFO] PluginManage:359 - Loaded plugin ipmanager (category:base,tabindex:5)
2024-08-17 00:20:21,555 [INFO] PluginManage:310 - Check plugin lpbam
2024-08-17 00:20:21,576 [INFO] PluginManage:359 - Loaded plugin lpbam (category:base,tabindex:0)
2024-08-17 00:20:21,577 [INFO] PluginManage:310 - Check plugin memorymap
2024-08-17 00:20:21,614 [INFO] PluginManage:359 - Loaded plugin memorymap (category:base,tabindex:4)
2024-08-17 00:20:21,615 [INFO] PluginManage:310 - Check plugin pinoutandconfiguration
2024-08-17 00:20:21,635 [INFO] PluginManage:359 - Loaded plugin pinoutandconfiguration (category:base,tabindex:1)
2024-08-17 00:20:21,636 [INFO] PluginManage:310 - Check plugin pinoutconfig
2024-08-17 00:20:21,940 [WARN] SupportedApi:132 - Cannot load RTOS API schema: s4s-elt-must-match.1: The content of 'definitions' must match (annotation?, (simpleType | complexType)?, (unique | key | keyref)*)). A problem was found starting at: attribute.
2024-08-17 00:20:22,474 [INFO] PluginManage:359 - Loaded plugin pinoutconfig (category:base,tabindex:0)
2024-08-17 00:20:22,475 [INFO] PluginManage:310 - Check plugin power
2024-08-17 00:20:22,517 [INFO] PluginManage:359 - Loaded plugin power (category:power,tabindex:4)
2024-08-17 00:20:22,518 [INFO] PluginManage:310 - Check plugin projectmanager
2024-08-17 00:20:22,570 [INFO] PluginManage:359 - Loaded plugin projectmanager (category:projectmanager,tabindex:4)
2024-08-17 00:20:22,571 [INFO] PluginManage:310 - Check plugin rif
2024-08-17 00:20:22,588 [INFO] PluginManage:359 - Loaded plugin rif (category:base,tabindex:3)
2024-08-17 00:20:22,589 [INFO] PluginManage:310 - Check plugin thirdparty
2024-08-17 00:20:22,920 [WARN] IntegrityCheckThread:84 - waiting for thirdparty lock release [integrity check]
2024-08-17 00:20:22,921 [INFO] IntegrityCheckThread:86 - entering critical section [integrity check]
2024-08-17 00:20:22,921 [INFO] PluginManage:359 - Loaded plugin thirdparty (category:base,tabindex:-1)
2024-08-17 00:20:22,921 [INFO] ThirdPartyUpdaterWithRetryManager:70 - Updater plugin not ready yet. [1/15]
2024-08-17 00:20:22,921 [INFO] PluginManage:310 - Check plugin tools
2024-08-17 00:20:22,941 [INFO] PluginManage:359 - Loaded plugin tools (category:base,tabindex:7)
2024-08-17 00:20:22,941 [INFO] PluginManage:310 - Check plugin tutovideos
2024-08-17 00:20:23,474 [INFO] PluginManage:359 - Loaded plugin tutovideos (category:base,tabindex:-1)
2024-08-17 00:20:23,474 [INFO] PluginManage:310 - Check plugin updater
2024-08-17 00:20:23,510 [INFO] PluginManage:359 - Loaded plugin updater (category:base,tabindex:12)
2024-08-17 00:20:23,511 [INFO] PluginManage:310 - Check plugin userauth
2024-08-17 00:20:23,523 [INFO] UserAuth:113 - Init User Auth plugin
2024-08-17 00:20:23,524 [INFO] PluginManage:359 - Loaded plugin userauth (category:base,tabindex:14)
2024-08-17 00:20:23,525 [INFO] PluginManage:283 - PluginManage : Loaded plugins [18]
2024-08-17 00:20:23,977 [INFO] PinOutPanel:1561 - setPackage(No Configuration,No Configuration)
2024-08-17 00:20:24,174 [INFO] CADModel:165 - CPN selected for project level
2024-08-17 00:20:24,174 [INFO] CADModel:114 - Register for checkConnection events
2024-08-17 00:20:24,211 [INFO] IPUIPlugin:80 - create IPUIPlugin
2024-08-17 00:20:24,212 [INFO] PluginManager:220 - loadIPPluginJar : add adc
2024-08-17 00:20:24,218 [INFO] IPUIPlugin:80 - create IPUIPlugin
2024-08-17 00:20:24,219 [INFO] PluginManager:220 - loadIPPluginJar : add aes
2024-08-17 00:20:24,223 [INFO] IPUIPlugin:80 - create IPUIPlugin
2024-08-17 00:20:24,223 [INFO] PluginManager:220 - loadIPPluginJar : add can
2024-08-17 00:20:24,229 [INFO] IPUIPlugin:80 - create IPUIPlugin
2024-08-17 00:20:24,229 [INFO] PluginManager:220 - loadIPPluginJar : add comp
2024-08-17 00:20:24,236 [INFO] IPUIPlugin:80 - create IPUIPlugin
2024-08-17 00:20:24,236 [INFO] PluginManager:220 - loadIPPluginJar : add cryp
2024-08-17 00:20:24,242 [INFO] IPUIPlugin:80 - create IPUIPlugin
2024-08-17 00:20:24,243 [INFO] PluginManager:220 - loadIPPluginJar : add ddr_ctrl_phy
2024-08-17 00:20:24,249 [INFO] IPUIPlugin:80 - create IPUIPlugin
2024-08-17 00:20:24,249 [INFO] PluginManager:220 - loadIPPluginJar : add dfsdm
2024-08-17 00:20:24,262 [INFO] IPUIPlugin:80 - create IPUIPlugin
2024-08-17 00:20:24,263 [INFO] PluginManager:220 - loadIPPluginJar : add dma
2024-08-17 00:20:24,271 [INFO] IPUIPlugin:80 - create IPUIPlugin
2024-08-17 00:20:24,271 [INFO] PluginManager:220 - loadIPPluginJar : add dma3
2024-08-17 00:20:24,278 [INFO] IPUIPlugin:80 - create IPUIPlugin
2024-08-17 00:20:24,279 [INFO] PluginManager:220 - loadIPPluginJar : add extmemmanager
2024-08-17 00:20:24,283 [INFO] IPUIPlugin:80 - create IPUIPlugin
2024-08-17 00:20:24,283 [INFO] PluginManager:220 - loadIPPluginJar : add fatfs
2024-08-17 00:20:24,292 [INFO] IPUIPlugin:80 - create IPUIPlugin
2024-08-17 00:20:24,292 [INFO] PluginManager:220 - loadIPPluginJar : add fmc
2024-08-17 00:20:24,307 [INFO] IPUIPlugin:80 - create IPUIPlugin
2024-08-17 00:20:24,308 [INFO] PluginManager:220 - loadIPPluginJar : add freertos
2024-08-17 00:20:24,312 [INFO] IPUIPlugin:80 - create IPUIPlugin
2024-08-17 00:20:24,312 [INFO] PluginManager:220 - loadIPPluginJar : add genericplugin
2024-08-17 00:20:24,317 [INFO] IPUIPlugin:80 - create IPUIPlugin
2024-08-17 00:20:24,318 [INFO] PluginManager:220 - loadIPPluginJar : add gfxmmu
2024-08-17 00:20:24,328 [INFO] IPUIPlugin:80 - create IPUIPlugin
2024-08-17 00:20:24,329 [INFO] PluginManager:220 - loadIPPluginJar : add gic
2024-08-17 00:20:24,338 [INFO] IPUIPlugin:80 - create IPUIPlugin
2024-08-17 00:20:24,338 [INFO] PluginManager:220 - loadIPPluginJar : add gpio
2024-08-17 00:20:24,344 [INFO] IPUIPlugin:80 - create IPUIPlugin
2024-08-17 00:20:24,344 [INFO] PluginManager:220 - loadIPPluginJar : add gtzc
2024-08-17 00:20:24,349 [INFO] IPUIPlugin:80 - create IPUIPlugin
2024-08-17 00:20:24,349 [INFO] PluginManager:220 - loadIPPluginJar : add hash
2024-08-17 00:20:24,356 [INFO] IPUIPlugin:80 - create IPUIPlugin
2024-08-17 00:20:24,356 [INFO] PluginManager:220 - loadIPPluginJar : add i2c
2024-08-17 00:20:24,360 [INFO] IPUIPlugin:80 - create IPUIPlugin
2024-08-17 00:20:24,360 [INFO] PluginManager:220 - loadIPPluginJar : add i2s
2024-08-17 00:20:24,364 [INFO] IPUIPlugin:80 - create IPUIPlugin
2024-08-17 00:20:24,364 [INFO] PluginManager:220 - loadIPPluginJar : add i3c
2024-08-17 00:20:24,371 [INFO] IPUIPlugin:80 - create IPUIPlugin
2024-08-17 00:20:24,371 [INFO] PluginManager:220 - loadIPPluginJar : add ipddr
2024-08-17 00:20:24,388 [INFO] IPUIPlugin:80 - create IPUIPlugin
2024-08-17 00:20:24,389 [INFO] PluginManager:220 - loadIPPluginJar : add linkedlist
2024-08-17 00:20:24,398 [INFO] IPUIPlugin:80 - create IPUIPlugin
2024-08-17 00:20:24,398 [INFO] PluginManager:220 - loadIPPluginJar : add lorawan
2024-08-17 00:20:24,403 [INFO] IPUIPlugin:80 - create IPUIPlugin
2024-08-17 00:20:24,403 [INFO] PluginManager:220 - loadIPPluginJar : add ltdc
2024-08-17 00:20:24,416 [INFO] IPUIPlugin:80 - create IPUIPlugin
2024-08-17 00:20:24,417 [INFO] PluginManager:220 - loadIPPluginJar : add mdma
2024-08-17 00:20:24,424 [INFO] IPUIPlugin:80 - create IPUIPlugin
2024-08-17 00:20:24,424 [INFO] PluginManager:220 - loadIPPluginJar : add nvic
2024-08-17 00:20:24,432 [INFO] IPUIPlugin:80 - create IPUIPlugin
2024-08-17 00:20:24,432 [INFO] PluginManager:220 - loadIPPluginJar : add opamp
2024-08-17 00:20:24,438 [INFO] IPUIPlugin:80 - create IPUIPlugin
2024-08-17 00:20:24,439 [INFO] PluginManager:220 - loadIPPluginJar : add openamp
2024-08-17 00:20:24,446 [INFO] IPUIPlugin:80 - create IPUIPlugin
2024-08-17 00:20:24,447 [INFO] PluginManager:220 - loadIPPluginJar : add pdm2pcm
2024-08-17 00:20:24,458 [INFO] IPUIPlugin:80 - create IPUIPlugin
2024-08-17 00:20:24,464 [INFO] PluginManager:220 - loadIPPluginJar : add plateformsettings
2024-08-17 00:20:24,468 [INFO] IPUIPlugin:80 - create IPUIPlugin
2024-08-17 00:20:24,468 [INFO] PluginManager:220 - loadIPPluginJar : add quadspi
2024-08-17 00:20:24,472 [INFO] IPUIPlugin:80 - create IPUIPlugin
2024-08-17 00:20:24,473 [INFO] PluginManager:220 - loadIPPluginJar : add radio
2024-08-17 00:20:24,482 [INFO] IPUIPlugin:80 - create IPUIPlugin
2024-08-17 00:20:24,482 [INFO] PluginManager:220 - loadIPPluginJar : add resmgrutility
2024-08-17 00:20:24,488 [INFO] IPUIPlugin:80 - create IPUIPlugin
2024-08-17 00:20:24,488 [INFO] PluginManager:220 - loadIPPluginJar : add sai
2024-08-17 00:20:24,496 [INFO] IPUIPlugin:80 - create IPUIPlugin
2024-08-17 00:20:24,496 [INFO] PluginManager:220 - loadIPPluginJar : add spi
2024-08-17 00:20:24,504 [INFO] IPUIPlugin:80 - create IPUIPlugin
2024-08-17 00:20:24,504 [INFO] PluginManager:220 - loadIPPluginJar : add stm32_wpan
2024-08-17 00:20:24,508 [INFO] IPUIPlugin:80 - create IPUIPlugin
2024-08-17 00:20:24,508 [INFO] PluginManager:220 - loadIPPluginJar : add tim
2024-08-17 00:20:24,514 [INFO] IPUIPlugin:80 - create IPUIPlugin
2024-08-17 00:20:24,514 [INFO] PluginManager:220 - loadIPPluginJar : add touchsensing
2024-08-17 00:20:24,517 [INFO] IPUIPlugin:80 - create IPUIPlugin
2024-08-17 00:20:24,517 [INFO] PluginManager:220 - loadIPPluginJar : add tracer_emb
2024-08-17 00:20:24,522 [INFO] IPUIPlugin:80 - create IPUIPlugin
2024-08-17 00:20:24,523 [INFO] PluginManager:220 - loadIPPluginJar : add ts
2024-08-17 00:20:24,527 [INFO] IPUIPlugin:80 - create IPUIPlugin
2024-08-17 00:20:24,527 [INFO] PluginManager:220 - loadIPPluginJar : add tsc
2024-08-17 00:20:24,531 [INFO] IPUIPlugin:80 - create IPUIPlugin
2024-08-17 00:20:24,531 [INFO] PluginManager:220 - loadIPPluginJar : add ucpd
2024-08-17 00:20:24,535 [INFO] IPUIPlugin:80 - create IPUIPlugin
2024-08-17 00:20:24,535 [INFO] PluginManager:220 - loadIPPluginJar : add usart
2024-08-17 00:20:24,541 [INFO] IPUIPlugin:80 - create IPUIPlugin
2024-08-17 00:20:24,541 [INFO] PluginManager:220 - loadIPPluginJar : add usbx
2024-08-17 00:20:24,726 [INFO] CADModel:165 - CPN selected for project level
2024-08-17 00:20:24,726 [INFO] CADModel:114 - Register for checkConnection events
2024-08-17 00:20:24,727 [FATAL] Updater:334 - Updater called before beeing initialized
2024-08-17 00:20:24,727 [ERROR] CADModel:125 - Updater not yet initialized, retry later 
2024-08-17 00:20:24,947 [INFO] CADModel:165 - CPN selected for project level
2024-08-17 00:20:24,948 [INFO] CADModel:114 - Register for checkConnection events
2024-08-17 00:20:24,948 [FATAL] Updater:334 - Updater called before beeing initialized
2024-08-17 00:20:24,948 [ERROR] CADModel:125 - Updater not yet initialized, retry later 
2024-08-17 00:20:24,954 [FATAL] Updater:334 - Updater called before beeing initialized
2024-08-17 00:20:25,156 [FATAL] Updater:334 - Updater called before beeing initialized
2024-08-17 00:20:25,165 [INFO] DbMcusAds:53 - JSON generation date=Thu Sep 30 14:55:09 MYT 2021 (1632984909247)
2024-08-17 00:20:25,165 [FATAL] Updater:334 - Updater called before beeing initialized
2024-08-17 00:20:25,239 [WARN] DetailPanel:346 - Failed to get advertising image, set to default
2024-08-17 00:20:25,421 [FATAL] Updater:334 - Updater called before beeing initialized
2024-08-17 00:20:25,424 [FATAL] Updater:334 - Updater called before beeing initialized
2024-08-17 00:20:25,424 [FATAL] Updater:334 - Updater called before beeing initialized
2024-08-17 00:20:25,424 [WARN] DetailPanel:346 - Failed to get advertising image, set to default
2024-08-17 00:20:25,426 [FATAL] Updater:334 - Updater called before beeing initialized
2024-08-17 00:20:25,509 [ERROR] Updater:1164 - MainUpdater not yet initialized. External WinMGr cannot be set.
2024-08-17 00:20:25,513 [INFO] Updater:1100 - Updater Version found : 6.12.0
2024-08-17 00:20:25,544 [INFO] ApplicationProperties:184 - Using Application install path: C:\ST\STM32CubeIDE_1.16.0\STM32CubeIDE\plugins\com.st.stm32cube.common.mx_6.12.0.202406281431
2024-08-17 00:20:25,761 [ERROR] ConfigurationRetriever:142 - IOException on connection: Connect timed out
2024-08-17 00:20:25,923 [INFO] ThirdPartyUpdaterWithRetryManager:70 - Updater plugin not ready yet. [2/15]
2024-08-17 00:20:27,122 [ERROR] LogOutputStream:75 - [STDERR_REDIRECT] Aug 17, 2024 12:20:27 AM java.util.prefs.WindowsPreferences <init>
2024-08-17 00:20:27,123 [ERROR] LogOutputStream:75 - [STDERR_REDIRECT] WARNING: Could not open/create prefs root node Software\JavaSoft\Prefs at root 0xffffffff80000002. Windows RegCreateKeyEx(...) returned error code 5.
2024-08-17 00:20:27,123 [ERROR] LogOutputStream:75 - [STDERR_REDIRECT] 
2024-08-17 00:20:28,924 [FATAL] Updater:334 - Updater called before beeing initialized
2024-08-17 00:20:28,925 [ERROR] IntegrityCheckThread:130 - Cannot retrieve database content from updater: error 21
2024-08-17 00:20:28,925 [INFO] ThirdParty:978 - Integrity check success = false
2024-08-17 00:20:28,925 [INFO] IntegrityCheckThread:100 - exiting critical section [integrity check]
2024-08-17 00:20:28,925 [INFO] IntegrityCheckThread:103 - End integrity checks thread
2024-08-17 00:20:30,764 [ERROR] ConfigurationRetriever:142 - IOException on connection: Connect timed out
2024-08-17 00:20:31,367 [WARN] CheckConnectionManager:291 - Warning during Server Connection :  timeout Connect to sw-center.st.com:443 [sw-center.st.com/202.75.140.136, sw-center.st.com/202.75.140.144] failed: Connect timed out
2024-08-17 00:20:35,375 [WARN] CheckConnectionManager:291 - Warning during Server Connection :  timeout Connect to sw-center.st.com:443 [sw-center.st.com/202.75.140.136, sw-center.st.com/202.75.140.144] failed: Connect timed out
2024-08-17 00:20:35,384 [INFO] MainUpdater:2873 - connection check result : 22
2024-08-17 00:20:35,387 [INFO] MainUpdater:290 - Updater Check For Update Now.
2024-08-17 00:20:35,387 [INFO] MicroXplorer:498 - Change Database Version : DB.6.0.120
2024-08-17 00:20:35,400 [INFO] McuFinderGlobals:63 - Set McuFinder mode to 2 (CubeIDE integrated)
2024-08-17 00:20:35,401 [INFO] UserAuth:179 - activating auth plugin
2024-08-17 00:20:35,408 [INFO] UserAuth:417 - Internet connection configuration mode: 2
2024-08-17 00:20:35,581 [INFO] UserAuth:417 - Internet connection configuration mode: 2
2024-08-17 00:20:35,688 [INFO] CheckServerUpdateThread:120 - End of CheckServer Thread
2024-08-17 00:20:35,766 [ERROR] ConfigurationRetriever:142 - IOException on connection: Connect timed out
