2024-08-22 13:52:07,189 [INFO] Activator:176 - 


2024-08-22 13:52:07,209 [INFO] Activator:177 - !SESSION log4j initialized
2024-08-22 13:52:16,245 [INFO] LogOutputStream:77 - [STDOUT_REDIRECT] 
2024-08-22 13:52:19,050 [ERROR] ConfigurationRetriever:142 - IOException on connection: Connect timed out
2024-08-22 13:52:20,765 [INFO] ApplicationProperties:184 - Using Application install path: C:\ST\STM32CubeIDE_1.16.0\STM32CubeIDE\plugins\com.st.stm32cube.common.mx_6.12.0.202406281431
2024-08-22 13:52:20,797 [INFO] DbMcusXml:78 - Set database path to: C:\ST\STM32CubeIDE_1.16.0\STM32CubeIDE\plugins\com.st.stm32cube.common.mx_6.12.0.202406281431\\db\/mcu/
2024-08-22 13:52:20,798 [INFO] ApiDb:274 - Set plugin database path to: C:\ST\STM32CubeIDE_1.16.0\STM32CubeIDE\plugins\com.st.stm32cube.common.mx_6.12.0.202406281431\\db\/plugins/boardmanager/
2024-08-22 13:52:20,798 [WARN] ApiDb:259 - Overriding images path with different value:  => C:\ST\STM32CubeIDE_1.16.0\STM32CubeIDE\plugins\com.st.stm32cube.common.mx_6.12.0.202406281431\\db\/plugins/mcufinder/images/
2024-08-22 13:52:20,808 [INFO] ApiDb:250 - Set database path to: C:\Users\zchua\.stmcufinder\plugins\mcufinder//mcu/
2024-08-22 13:52:20,810 [INFO] DbMcusAds:125 - Set database path to: C:\Users\zchua\.stmcufinder\plugins\mcufinder//mcu/
2024-08-22 13:52:20,815 [INFO] CrossReferenceDbSqlite:203 - Set database path to: C:\Users\zchua\.stmcufinder\plugins\mcufinder//mcu/cs/
2024-08-22 13:52:21,009 [INFO] RulesReader:64 - Compatibility file has been processed (297 Rules)
2024-08-22 13:52:21,054 [ERROR] ConfigurationRetriever:142 - IOException on connection: Connect timed out
2024-08-22 13:52:21,184 [INFO] DbMcusXml:78 - Set database path to: C:\ST\STM32CubeIDE_1.16.0\STM32CubeIDE\plugins\com.st.stm32cube.common.mx_6.12.0.202406281431\\db\/mcu/
2024-08-22 13:52:21,184 [INFO] ApiDb:274 - Set plugin database path to: C:\ST\STM32CubeIDE_1.16.0\STM32CubeIDE\plugins\com.st.stm32cube.common.mx_6.12.0.202406281431\\db\/plugins/boardmanager/
2024-08-22 13:52:21,184 [INFO] ApiDb:261 - Set plugin images path to: C:\ST\STM32CubeIDE_1.16.0\STM32CubeIDE\plugins\com.st.stm32cube.common.mx_6.12.0.202406281431\\db\/plugins/mcufinder/images/
2024-08-22 13:52:21,184 [WARN] DbFile:41 - Overriding database path with different value: C:\Users\zchua\.stmcufinder\plugins\mcufinder/ => C:\Users\zchua\.stmcufinder\plugins\mcufinder
2024-08-22 13:52:21,184 [INFO] ApiDb:250 - Set database path to: C:\Users\zchua\.stmcufinder\plugins\mcufinder//mcu/
2024-08-22 13:52:21,185 [WARN] DbFile:41 - Overriding database path with different value: C:\Users\zchua\.stmcufinder\plugins\mcufinder/ => C:\Users\zchua\.stmcufinder\plugins\mcufinder
2024-08-22 13:52:21,185 [INFO] DbMcusAds:125 - Set database path to: C:\Users\zchua\.stmcufinder\plugins\mcufinder//mcu/
2024-08-22 13:52:21,185 [WARN] DbFile:41 - Overriding database path with different value: C:\Users\zchua\.stmcufinder\plugins\mcufinder/ => C:\Users\zchua\.stmcufinder\plugins\mcufinder
2024-08-22 13:52:21,185 [WARN] DbFile:41 - Overriding database path with different value: C:\Users\zchua\.stmcufinder\plugins\mcufinder/ => C:\Users\zchua\.stmcufinder\plugins\mcufinder
2024-08-22 13:52:21,185 [INFO] CrossReferenceDbSqlite:203 - Set database path to: C:\Users\zchua\.stmcufinder\plugins\mcufinder//mcu/cs/
2024-08-22 13:52:21,318 [INFO] MainPanel:268 - HeapMemory: 268435456
2024-08-22 13:52:21,429 [INFO] DbMcusXml:78 - Set database path to: C:\ST\STM32CubeIDE_1.16.0\STM32CubeIDE\plugins\com.st.stm32cube.common.mx_6.12.0.202406281431\\db\/mcu/
2024-08-22 13:52:21,429 [INFO] ApiDb:274 - Set plugin database path to: C:\ST\STM32CubeIDE_1.16.0\STM32CubeIDE\plugins\com.st.stm32cube.common.mx_6.12.0.202406281431\\db\/plugins/boardmanager/
2024-08-22 13:52:21,429 [INFO] ApiDb:261 - Set plugin images path to: C:\ST\STM32CubeIDE_1.16.0\STM32CubeIDE\plugins\com.st.stm32cube.common.mx_6.12.0.202406281431\\db\/plugins/mcufinder/images/
2024-08-22 13:52:21,429 [WARN] DbFile:41 - Overriding database path with different value: C:\Users\zchua\.stmcufinder\plugins\mcufinder/ => C:\Users\zchua\.stmcufinder\plugins\mcufinder
2024-08-22 13:52:21,430 [INFO] ApiDb:250 - Set database path to: C:\Users\zchua\.stmcufinder\plugins\mcufinder//mcu/
2024-08-22 13:52:21,430 [WARN] DbFile:41 - Overriding database path with different value: C:\Users\zchua\.stmcufinder\plugins\mcufinder/ => C:\Users\zchua\.stmcufinder\plugins\mcufinder
2024-08-22 13:52:21,430 [INFO] DbMcusAds:125 - Set database path to: C:\Users\zchua\.stmcufinder\plugins\mcufinder//mcu/
2024-08-22 13:52:21,430 [WARN] DbFile:41 - Overriding database path with different value: C:\Users\zchua\.stmcufinder\plugins\mcufinder/ => C:\Users\zchua\.stmcufinder\plugins\mcufinder
2024-08-22 13:52:21,430 [WARN] DbFile:41 - Overriding database path with different value: C:\Users\zchua\.stmcufinder\plugins\mcufinder/ => C:\Users\zchua\.stmcufinder\plugins\mcufinder
2024-08-22 13:52:21,430 [INFO] CrossReferenceDbSqlite:203 - Set database path to: C:\Users\zchua\.stmcufinder\plugins\mcufinder//mcu/cs/
2024-08-22 13:52:21,466 [INFO] ApplicationProperties:184 - Using Application install path: C:\ST\STM32CubeIDE_1.16.0\STM32CubeIDE\plugins\com.st.stm32cube.common.mx_6.12.0.202406281431
2024-08-22 13:52:21,468 [INFO] PluginManage:196 - Search for loadable plugins [exclusion list=, ]
2024-08-22 13:52:21,469 [INFO] PluginManage:310 - Check plugin analytics
2024-08-22 13:52:21,739 [INFO] AnalyticsPlugin:253 - Accepted Software Licenses: 
2024-08-22 13:52:21,740 [INFO] AnalyticsPlugin:255 - Accepted CMSIS Pack Licenses: 
2024-08-22 13:52:21,740 [INFO] AnalyticsPlugin:257 - Accepted Firmware Licenses: 
2024-08-22 13:52:21,744 [INFO] PluginManage:359 - Loaded plugin analytics (category:tool,tabindex:-1)
2024-08-22 13:52:21,745 [INFO] PluginManage:310 - Check plugin cadmodel
2024-08-22 13:52:21,753 [INFO] CADModel:105 - Init CAD model plugin
2024-08-22 13:52:21,754 [INFO] PluginManage:359 - Loaded plugin cadmodel (category:power,tabindex:5)
2024-08-22 13:52:21,754 [INFO] PluginManage:310 - Check plugin clock
2024-08-22 13:52:21,770 [INFO] PluginManage:359 - Loaded plugin clock (category:base,tabindex:2)
2024-08-22 13:52:21,770 [INFO] PluginManage:310 - Check plugin ddr
2024-08-22 13:52:21,776 [INFO] PluginManage:359 - Loaded plugin ddr (category:tool,tabindex:6)
2024-08-22 13:52:21,776 [INFO] PluginManage:310 - Check plugin filemanager
2024-08-22 13:52:22,044 [INFO] PluginManage:359 - Loaded plugin filemanager (category:base,tabindex:10)
2024-08-22 13:52:22,044 [INFO] PluginManage:310 - Check plugin ipmanager
2024-08-22 13:52:22,065 [INFO] PluginManage:359 - Loaded plugin ipmanager (category:base,tabindex:5)
2024-08-22 13:52:22,065 [INFO] PluginManage:310 - Check plugin lpbam
2024-08-22 13:52:22,080 [INFO] PluginManage:359 - Loaded plugin lpbam (category:base,tabindex:0)
2024-08-22 13:52:22,081 [INFO] PluginManage:310 - Check plugin memorymap
2024-08-22 13:52:22,100 [INFO] PluginManage:359 - Loaded plugin memorymap (category:base,tabindex:4)
2024-08-22 13:52:22,101 [INFO] PluginManage:310 - Check plugin pinoutandconfiguration
2024-08-22 13:52:22,116 [INFO] PluginManage:359 - Loaded plugin pinoutandconfiguration (category:base,tabindex:1)
2024-08-22 13:52:22,117 [INFO] PluginManage:310 - Check plugin pinoutconfig
2024-08-22 13:52:22,261 [WARN] SupportedApi:132 - Cannot load RTOS API schema: s4s-elt-must-match.1: The content of 'definitions' must match (annotation?, (simpleType | complexType)?, (unique | key | keyref)*)). A problem was found starting at: attribute.
2024-08-22 13:52:22,519 [INFO] PluginManage:359 - Loaded plugin pinoutconfig (category:base,tabindex:0)
2024-08-22 13:52:22,520 [INFO] PluginManage:310 - Check plugin power
2024-08-22 13:52:22,538 [INFO] PluginManage:359 - Loaded plugin power (category:power,tabindex:4)
2024-08-22 13:52:22,540 [INFO] PluginManage:310 - Check plugin projectmanager
2024-08-22 13:52:22,576 [INFO] PluginManage:359 - Loaded plugin projectmanager (category:projectmanager,tabindex:4)
2024-08-22 13:52:22,577 [INFO] PluginManage:310 - Check plugin rif
2024-08-22 13:52:22,586 [INFO] PluginManage:359 - Loaded plugin rif (category:base,tabindex:3)
2024-08-22 13:52:22,587 [INFO] PluginManage:310 - Check plugin thirdparty
2024-08-22 13:52:22,796 [INFO] PluginManage:359 - Loaded plugin thirdparty (category:base,tabindex:-1)
2024-08-22 13:52:22,795 [WARN] IntegrityCheckThread:84 - waiting for thirdparty lock release [integrity check]
2024-08-22 13:52:22,796 [INFO] IntegrityCheckThread:86 - entering critical section [integrity check]
2024-08-22 13:52:22,796 [INFO] PluginManage:310 - Check plugin tools
2024-08-22 13:52:22,797 [INFO] ThirdPartyUpdaterWithRetryManager:70 - Updater plugin not ready yet. [1/15]
2024-08-22 13:52:22,800 [INFO] PluginManage:359 - Loaded plugin tools (category:base,tabindex:7)
2024-08-22 13:52:22,801 [INFO] PluginManage:310 - Check plugin tutovideos
2024-08-22 13:52:23,079 [ERROR] ConfigurationRetriever:142 - IOException on connection: Connect timed out
2024-08-22 13:52:23,100 [INFO] PluginManage:359 - Loaded plugin tutovideos (category:base,tabindex:-1)
2024-08-22 13:52:23,100 [INFO] PluginManage:310 - Check plugin updater
2024-08-22 13:52:23,130 [INFO] PluginManage:359 - Loaded plugin updater (category:base,tabindex:12)
2024-08-22 13:52:23,130 [INFO] PluginManage:310 - Check plugin userauth
2024-08-22 13:52:23,146 [INFO] UserAuth:113 - Init User Auth plugin
2024-08-22 13:52:23,147 [INFO] PluginManage:359 - Loaded plugin userauth (category:base,tabindex:14)
2024-08-22 13:52:23,147 [INFO] PluginManage:283 - PluginManage : Loaded plugins [18]
2024-08-22 13:52:23,726 [INFO] PinOutPanel:1561 - setPackage(No Configuration,No Configuration)
2024-08-22 13:52:23,993 [INFO] CADModel:165 - CPN selected for project level
2024-08-22 13:52:23,994 [INFO] CADModel:114 - Register for checkConnection events
2024-08-22 13:52:24,030 [INFO] IPUIPlugin:80 - create IPUIPlugin
2024-08-22 13:52:24,030 [INFO] PluginManager:220 - loadIPPluginJar : add adc
2024-08-22 13:52:24,037 [INFO] IPUIPlugin:80 - create IPUIPlugin
2024-08-22 13:52:24,037 [INFO] PluginManager:220 - loadIPPluginJar : add aes
2024-08-22 13:52:24,044 [INFO] IPUIPlugin:80 - create IPUIPlugin
2024-08-22 13:52:24,044 [INFO] PluginManager:220 - loadIPPluginJar : add can
2024-08-22 13:52:24,049 [INFO] IPUIPlugin:80 - create IPUIPlugin
2024-08-22 13:52:24,049 [INFO] PluginManager:220 - loadIPPluginJar : add comp
2024-08-22 13:52:24,054 [INFO] IPUIPlugin:80 - create IPUIPlugin
2024-08-22 13:52:24,054 [INFO] PluginManager:220 - loadIPPluginJar : add cryp
2024-08-22 13:52:24,060 [INFO] IPUIPlugin:80 - create IPUIPlugin
2024-08-22 13:52:24,060 [INFO] PluginManager:220 - loadIPPluginJar : add ddr_ctrl_phy
2024-08-22 13:52:24,066 [INFO] IPUIPlugin:80 - create IPUIPlugin
2024-08-22 13:52:24,066 [INFO] PluginManager:220 - loadIPPluginJar : add dfsdm
2024-08-22 13:52:24,078 [INFO] IPUIPlugin:80 - create IPUIPlugin
2024-08-22 13:52:24,079 [INFO] PluginManager:220 - loadIPPluginJar : add dma
2024-08-22 13:52:24,084 [INFO] IPUIPlugin:80 - create IPUIPlugin
2024-08-22 13:52:24,085 [INFO] PluginManager:220 - loadIPPluginJar : add dma3
2024-08-22 13:52:24,090 [INFO] IPUIPlugin:80 - create IPUIPlugin
2024-08-22 13:52:24,091 [INFO] PluginManager:220 - loadIPPluginJar : add extmemmanager
2024-08-22 13:52:24,096 [INFO] IPUIPlugin:80 - create IPUIPlugin
2024-08-22 13:52:24,097 [INFO] PluginManager:220 - loadIPPluginJar : add fatfs
2024-08-22 13:52:24,108 [INFO] IPUIPlugin:80 - create IPUIPlugin
2024-08-22 13:52:24,108 [INFO] PluginManager:220 - loadIPPluginJar : add fmc
2024-08-22 13:52:24,120 [INFO] IPUIPlugin:80 - create IPUIPlugin
2024-08-22 13:52:24,121 [INFO] PluginManager:220 - loadIPPluginJar : add freertos
2024-08-22 13:52:24,125 [INFO] IPUIPlugin:80 - create IPUIPlugin
2024-08-22 13:52:24,125 [INFO] PluginManager:220 - loadIPPluginJar : add genericplugin
2024-08-22 13:52:24,131 [INFO] IPUIPlugin:80 - create IPUIPlugin
2024-08-22 13:52:24,132 [INFO] PluginManager:220 - loadIPPluginJar : add gfxmmu
2024-08-22 13:52:24,142 [INFO] IPUIPlugin:80 - create IPUIPlugin
2024-08-22 13:52:24,143 [INFO] PluginManager:220 - loadIPPluginJar : add gic
2024-08-22 13:52:24,151 [INFO] IPUIPlugin:80 - create IPUIPlugin
2024-08-22 13:52:24,152 [INFO] PluginManager:220 - loadIPPluginJar : add gpio
2024-08-22 13:52:24,158 [INFO] IPUIPlugin:80 - create IPUIPlugin
2024-08-22 13:52:24,158 [INFO] PluginManager:220 - loadIPPluginJar : add gtzc
2024-08-22 13:52:24,165 [INFO] IPUIPlugin:80 - create IPUIPlugin
2024-08-22 13:52:24,165 [INFO] PluginManager:220 - loadIPPluginJar : add hash
2024-08-22 13:52:24,173 [INFO] IPUIPlugin:80 - create IPUIPlugin
2024-08-22 13:52:24,173 [INFO] PluginManager:220 - loadIPPluginJar : add i2c
2024-08-22 13:52:24,179 [INFO] IPUIPlugin:80 - create IPUIPlugin
2024-08-22 13:52:24,180 [INFO] PluginManager:220 - loadIPPluginJar : add i2s
2024-08-22 13:52:24,185 [INFO] IPUIPlugin:80 - create IPUIPlugin
2024-08-22 13:52:24,186 [INFO] PluginManager:220 - loadIPPluginJar : add i3c
2024-08-22 13:52:24,195 [INFO] IPUIPlugin:80 - create IPUIPlugin
2024-08-22 13:52:24,195 [INFO] PluginManager:220 - loadIPPluginJar : add ipddr
2024-08-22 13:52:24,213 [INFO] IPUIPlugin:80 - create IPUIPlugin
2024-08-22 13:52:24,213 [INFO] PluginManager:220 - loadIPPluginJar : add linkedlist
2024-08-22 13:52:24,219 [INFO] IPUIPlugin:80 - create IPUIPlugin
2024-08-22 13:52:24,219 [INFO] PluginManager:220 - loadIPPluginJar : add lorawan
2024-08-22 13:52:24,224 [INFO] IPUIPlugin:80 - create IPUIPlugin
2024-08-22 13:52:24,224 [INFO] PluginManager:220 - loadIPPluginJar : add ltdc
2024-08-22 13:52:24,238 [INFO] IPUIPlugin:80 - create IPUIPlugin
2024-08-22 13:52:24,238 [INFO] PluginManager:220 - loadIPPluginJar : add mdma
2024-08-22 13:52:24,246 [INFO] IPUIPlugin:80 - create IPUIPlugin
2024-08-22 13:52:24,247 [INFO] PluginManager:220 - loadIPPluginJar : add nvic
2024-08-22 13:52:24,253 [INFO] IPUIPlugin:80 - create IPUIPlugin
2024-08-22 13:52:24,254 [INFO] PluginManager:220 - loadIPPluginJar : add opamp
2024-08-22 13:52:24,261 [INFO] IPUIPlugin:80 - create IPUIPlugin
2024-08-22 13:52:24,262 [INFO] PluginManager:220 - loadIPPluginJar : add openamp
2024-08-22 13:52:24,267 [INFO] IPUIPlugin:80 - create IPUIPlugin
2024-08-22 13:52:24,267 [INFO] PluginManager:220 - loadIPPluginJar : add pdm2pcm
2024-08-22 13:52:24,282 [INFO] IPUIPlugin:80 - create IPUIPlugin
2024-08-22 13:52:24,288 [INFO] PluginManager:220 - loadIPPluginJar : add plateformsettings
2024-08-22 13:52:24,291 [INFO] IPUIPlugin:80 - create IPUIPlugin
2024-08-22 13:52:24,292 [INFO] PluginManager:220 - loadIPPluginJar : add quadspi
2024-08-22 13:52:24,297 [INFO] IPUIPlugin:80 - create IPUIPlugin
2024-08-22 13:52:24,298 [INFO] PluginManager:220 - loadIPPluginJar : add radio
2024-08-22 13:52:24,304 [INFO] IPUIPlugin:80 - create IPUIPlugin
2024-08-22 13:52:24,304 [INFO] PluginManager:220 - loadIPPluginJar : add resmgrutility
2024-08-22 13:52:24,311 [INFO] IPUIPlugin:80 - create IPUIPlugin
2024-08-22 13:52:24,311 [INFO] PluginManager:220 - loadIPPluginJar : add sai
2024-08-22 13:52:24,316 [INFO] IPUIPlugin:80 - create IPUIPlugin
2024-08-22 13:52:24,316 [INFO] PluginManager:220 - loadIPPluginJar : add spi
2024-08-22 13:52:24,326 [INFO] IPUIPlugin:80 - create IPUIPlugin
2024-08-22 13:52:24,326 [INFO] PluginManager:220 - loadIPPluginJar : add stm32_wpan
2024-08-22 13:52:24,331 [INFO] IPUIPlugin:80 - create IPUIPlugin
2024-08-22 13:52:24,331 [INFO] PluginManager:220 - loadIPPluginJar : add tim
2024-08-22 13:52:24,338 [INFO] IPUIPlugin:80 - create IPUIPlugin
2024-08-22 13:52:24,338 [INFO] PluginManager:220 - loadIPPluginJar : add touchsensing
2024-08-22 13:52:24,343 [INFO] IPUIPlugin:80 - create IPUIPlugin
2024-08-22 13:52:24,343 [INFO] PluginManager:220 - loadIPPluginJar : add tracer_emb
2024-08-22 13:52:24,347 [INFO] IPUIPlugin:80 - create IPUIPlugin
2024-08-22 13:52:24,347 [INFO] PluginManager:220 - loadIPPluginJar : add ts
2024-08-22 13:52:24,351 [INFO] IPUIPlugin:80 - create IPUIPlugin
2024-08-22 13:52:24,351 [INFO] PluginManager:220 - loadIPPluginJar : add tsc
2024-08-22 13:52:24,355 [INFO] IPUIPlugin:80 - create IPUIPlugin
2024-08-22 13:52:24,356 [INFO] PluginManager:220 - loadIPPluginJar : add ucpd
2024-08-22 13:52:24,361 [INFO] IPUIPlugin:80 - create IPUIPlugin
2024-08-22 13:52:24,361 [INFO] PluginManager:220 - loadIPPluginJar : add usart
2024-08-22 13:52:24,368 [INFO] IPUIPlugin:80 - create IPUIPlugin
2024-08-22 13:52:24,368 [INFO] PluginManager:220 - loadIPPluginJar : add usbx
2024-08-22 13:52:24,606 [INFO] CADModel:165 - CPN selected for project level
2024-08-22 13:52:24,606 [INFO] CADModel:114 - Register for checkConnection events
2024-08-22 13:52:24,606 [FATAL] Updater:334 - Updater called before beeing initialized
2024-08-22 13:52:24,607 [ERROR] CADModel:125 - Updater not yet initialized, retry later 
2024-08-22 13:52:24,881 [INFO] CADModel:165 - CPN selected for project level
2024-08-22 13:52:24,881 [INFO] CADModel:114 - Register for checkConnection events
2024-08-22 13:52:24,881 [FATAL] Updater:334 - Updater called before beeing initialized
2024-08-22 13:52:24,881 [ERROR] CADModel:125 - Updater not yet initialized, retry later 
2024-08-22 13:52:24,888 [FATAL] Updater:334 - Updater called before beeing initialized
2024-08-22 13:52:25,194 [FATAL] Updater:334 - Updater called before beeing initialized
2024-08-22 13:52:25,204 [INFO] DbMcusAds:53 - JSON generation date=Thu Sep 30 14:55:09 MYT 2021 (1632984909247)
2024-08-22 13:52:25,205 [FATAL] Updater:334 - Updater called before beeing initialized
2024-08-22 13:52:25,298 [WARN] DetailPanel:346 - Failed to get advertising image, set to default
2024-08-22 13:52:25,540 [FATAL] Updater:334 - Updater called before beeing initialized
2024-08-22 13:52:25,545 [FATAL] Updater:334 - Updater called before beeing initialized
2024-08-22 13:52:25,545 [FATAL] Updater:334 - Updater called before beeing initialized
2024-08-22 13:52:25,546 [WARN] DetailPanel:346 - Failed to get advertising image, set to default
2024-08-22 13:52:25,547 [FATAL] Updater:334 - Updater called before beeing initialized
2024-08-22 13:52:25,658 [ERROR] Updater:1164 - MainUpdater not yet initialized. External WinMGr cannot be set.
2024-08-22 13:52:25,662 [INFO] Updater:1100 - Updater Version found : 6.12.0
2024-08-22 13:52:25,714 [INFO] ApplicationProperties:184 - Using Application install path: C:\ST\STM32CubeIDE_1.16.0\STM32CubeIDE\plugins\com.st.stm32cube.common.mx_6.12.0.202406281431
2024-08-22 13:52:25,805 [INFO] ThirdPartyUpdaterWithRetryManager:70 - Updater plugin not ready yet. [2/15]
2024-08-22 13:52:26,746 [ERROR] ConfigurationRetriever:142 - IOException on connection: Connect timed out
2024-08-22 13:52:27,334 [ERROR] LogOutputStream:75 - [STDERR_REDIRECT] Aug 22, 2024 1:52:27 PM java.util.prefs.WindowsPreferences <init>
2024-08-22 13:52:27,338 [ERROR] LogOutputStream:75 - [STDERR_REDIRECT] WARNING: Could not open/create prefs root node Software\JavaSoft\Prefs at root 0xffffffff80000002. Windows RegCreateKeyEx(...) returned error code 5.
2024-08-22 13:52:27,338 [ERROR] LogOutputStream:75 - [STDERR_REDIRECT] 
2024-08-22 13:52:28,814 [FATAL] Updater:334 - Updater called before beeing initialized
2024-08-22 13:52:28,815 [ERROR] IntegrityCheckThread:130 - Cannot retrieve database content from updater: error 21
2024-08-22 13:52:28,816 [INFO] ThirdParty:978 - Integrity check success = false
2024-08-22 13:52:28,816 [INFO] IntegrityCheckThread:100 - exiting critical section [integrity check]
2024-08-22 13:52:28,816 [INFO] IntegrityCheckThread:103 - End integrity checks thread
2024-08-22 13:52:31,715 [WARN] CheckConnectionManager:291 - Warning during Server Connection :  timeout Connect to sw-center.st.com:443 [sw-center.st.com/203.121.59.208, sw-center.st.com/203.121.59.234] failed: Connect timed out
2024-08-22 13:52:31,749 [ERROR] ConfigurationRetriever:142 - IOException on connection: Connect timed out
2024-08-22 13:52:35,724 [WARN] CheckConnectionManager:291 - Warning during Server Connection :  timeout Connect to sw-center.st.com:443 [sw-center.st.com/203.121.59.208, sw-center.st.com/203.121.59.234] failed: Connect timed out
2024-08-22 13:52:35,729 [INFO] MainUpdater:2873 - connection check result : 22
2024-08-22 13:52:35,730 [INFO] MainUpdater:290 - Updater Check For Update Now.
2024-08-22 13:52:35,730 [INFO] MicroXplorer:498 - Change Database Version : DB.6.0.120
2024-08-22 13:52:35,738 [INFO] McuFinderGlobals:63 - Set McuFinder mode to 2 (CubeIDE integrated)
2024-08-22 13:52:35,739 [INFO] UserAuth:179 - activating auth plugin
2024-08-22 13:52:35,742 [INFO] UserAuth:417 - Internet connection configuration mode: 2
2024-08-22 13:52:35,765 [INFO] UserAuth:417 - Internet connection configuration mode: 2
2024-08-22 13:52:35,931 [INFO] CheckServerUpdateThread:120 - End of CheckServer Thread
2024-08-22 13:52:36,760 [ERROR] ConfigurationRetriever:142 - IOException on connection: Connect timed out
2024-08-22 19:29:11,246 [ERROR] LogOutputStream:75 - [STDERR_REDIRECT] 
