2024-08-15 14:14:31,873 [INFO] Activator:176 - 


2024-08-15 14:14:31,881 [INFO] Activator:177 - !SESSION log4j initialized
2024-08-15 14:14:35,722 [INFO] LogOutputStream:77 - [STDOUT_REDIRECT] 
2024-08-15 14:14:38,282 [ERROR] ConfigurationRetriever:142 - IOException on connection: Connect timed out
2024-08-15 14:14:38,348 [INFO] ApplicationProperties:184 - Using Application install path: C:\ST\STM32CubeIDE_1.16.0\STM32CubeIDE\plugins\com.st.stm32cube.common.mx_6.12.0.202406281431
2024-08-15 14:14:38,376 [INFO] DbMcusXml:78 - Set database path to: C:\ST\STM32CubeIDE_1.16.0\STM32CubeIDE\plugins\com.st.stm32cube.common.mx_6.12.0.202406281431\\db\/mcu/
2024-08-15 14:14:38,377 [INFO] ApiDb:274 - Set plugin database path to: C:\ST\STM32CubeIDE_1.16.0\STM32CubeIDE\plugins\com.st.stm32cube.common.mx_6.12.0.202406281431\\db\/plugins/boardmanager/
2024-08-15 14:14:38,377 [WARN] ApiDb:259 - Overriding images path with different value:  => C:\ST\STM32CubeIDE_1.16.0\STM32CubeIDE\plugins\com.st.stm32cube.common.mx_6.12.0.202406281431\\db\/plugins/mcufinder/images/
2024-08-15 14:14:38,390 [INFO] ApiDb:250 - Set database path to: C:\Users\zchua\.stmcufinder\plugins\mcufinder//mcu/
2024-08-15 14:14:38,392 [INFO] DbMcusAds:125 - Set database path to: C:\Users\zchua\.stmcufinder\plugins\mcufinder//mcu/
2024-08-15 14:14:38,395 [INFO] CrossReferenceDbSqlite:203 - Set database path to: C:\Users\zchua\.stmcufinder\plugins\mcufinder//mcu/cs/
2024-08-15 14:14:38,544 [INFO] RulesReader:64 - Compatibility file has been processed (297 Rules)
2024-08-15 14:14:38,683 [INFO] DbMcusXml:78 - Set database path to: C:\ST\STM32CubeIDE_1.16.0\STM32CubeIDE\plugins\com.st.stm32cube.common.mx_6.12.0.202406281431\\db\/mcu/
2024-08-15 14:14:38,683 [INFO] ApiDb:274 - Set plugin database path to: C:\ST\STM32CubeIDE_1.16.0\STM32CubeIDE\plugins\com.st.stm32cube.common.mx_6.12.0.202406281431\\db\/plugins/boardmanager/
2024-08-15 14:14:38,684 [INFO] ApiDb:261 - Set plugin images path to: C:\ST\STM32CubeIDE_1.16.0\STM32CubeIDE\plugins\com.st.stm32cube.common.mx_6.12.0.202406281431\\db\/plugins/mcufinder/images/
2024-08-15 14:14:38,684 [WARN] DbFile:41 - Overriding database path with different value: C:\Users\zchua\.stmcufinder\plugins\mcufinder/ => C:\Users\zchua\.stmcufinder\plugins\mcufinder
2024-08-15 14:14:38,684 [INFO] ApiDb:250 - Set database path to: C:\Users\zchua\.stmcufinder\plugins\mcufinder//mcu/
2024-08-15 14:14:38,684 [WARN] DbFile:41 - Overriding database path with different value: C:\Users\zchua\.stmcufinder\plugins\mcufinder/ => C:\Users\zchua\.stmcufinder\plugins\mcufinder
2024-08-15 14:14:38,684 [INFO] DbMcusAds:125 - Set database path to: C:\Users\zchua\.stmcufinder\plugins\mcufinder//mcu/
2024-08-15 14:14:38,684 [WARN] DbFile:41 - Overriding database path with different value: C:\Users\zchua\.stmcufinder\plugins\mcufinder/ => C:\Users\zchua\.stmcufinder\plugins\mcufinder
2024-08-15 14:14:38,684 [WARN] DbFile:41 - Overriding database path with different value: C:\Users\zchua\.stmcufinder\plugins\mcufinder/ => C:\Users\zchua\.stmcufinder\plugins\mcufinder
2024-08-15 14:14:38,684 [INFO] CrossReferenceDbSqlite:203 - Set database path to: C:\Users\zchua\.stmcufinder\plugins\mcufinder//mcu/cs/
2024-08-15 14:14:38,806 [INFO] MainPanel:268 - HeapMemory: 268435456
2024-08-15 14:14:38,952 [INFO] DbMcusXml:78 - Set database path to: C:\ST\STM32CubeIDE_1.16.0\STM32CubeIDE\plugins\com.st.stm32cube.common.mx_6.12.0.202406281431\\db\/mcu/
2024-08-15 14:14:38,952 [INFO] ApiDb:274 - Set plugin database path to: C:\ST\STM32CubeIDE_1.16.0\STM32CubeIDE\plugins\com.st.stm32cube.common.mx_6.12.0.202406281431\\db\/plugins/boardmanager/
2024-08-15 14:14:38,952 [INFO] ApiDb:261 - Set plugin images path to: C:\ST\STM32CubeIDE_1.16.0\STM32CubeIDE\plugins\com.st.stm32cube.common.mx_6.12.0.202406281431\\db\/plugins/mcufinder/images/
2024-08-15 14:14:38,953 [WARN] DbFile:41 - Overriding database path with different value: C:\Users\zchua\.stmcufinder\plugins\mcufinder/ => C:\Users\zchua\.stmcufinder\plugins\mcufinder
2024-08-15 14:14:38,953 [INFO] ApiDb:250 - Set database path to: C:\Users\zchua\.stmcufinder\plugins\mcufinder//mcu/
2024-08-15 14:14:38,953 [WARN] DbFile:41 - Overriding database path with different value: C:\Users\zchua\.stmcufinder\plugins\mcufinder/ => C:\Users\zchua\.stmcufinder\plugins\mcufinder
2024-08-15 14:14:38,953 [INFO] DbMcusAds:125 - Set database path to: C:\Users\zchua\.stmcufinder\plugins\mcufinder//mcu/
2024-08-15 14:14:38,953 [WARN] DbFile:41 - Overriding database path with different value: C:\Users\zchua\.stmcufinder\plugins\mcufinder/ => C:\Users\zchua\.stmcufinder\plugins\mcufinder
2024-08-15 14:14:38,953 [WARN] DbFile:41 - Overriding database path with different value: C:\Users\zchua\.stmcufinder\plugins\mcufinder/ => C:\Users\zchua\.stmcufinder\plugins\mcufinder
2024-08-15 14:14:38,954 [INFO] CrossReferenceDbSqlite:203 - Set database path to: C:\Users\zchua\.stmcufinder\plugins\mcufinder//mcu/cs/
2024-08-15 14:14:38,982 [INFO] ApplicationProperties:184 - Using Application install path: C:\ST\STM32CubeIDE_1.16.0\STM32CubeIDE\plugins\com.st.stm32cube.common.mx_6.12.0.202406281431
2024-08-15 14:14:38,984 [INFO] PluginManage:196 - Search for loadable plugins [exclusion list=, ]
2024-08-15 14:14:38,987 [INFO] PluginManage:310 - Check plugin analytics
2024-08-15 14:14:39,216 [INFO] AnalyticsPlugin:253 - Accepted Software Licenses: 
2024-08-15 14:14:39,217 [INFO] AnalyticsPlugin:255 - Accepted CMSIS Pack Licenses: 
2024-08-15 14:14:39,217 [INFO] AnalyticsPlugin:257 - Accepted Firmware Licenses: 
2024-08-15 14:14:39,220 [INFO] PluginManage:359 - Loaded plugin analytics (category:tool,tabindex:-1)
2024-08-15 14:14:39,221 [INFO] PluginManage:310 - Check plugin cadmodel
2024-08-15 14:14:39,230 [INFO] CADModel:105 - Init CAD model plugin
2024-08-15 14:14:39,231 [INFO] PluginManage:359 - Loaded plugin cadmodel (category:power,tabindex:5)
2024-08-15 14:14:39,231 [INFO] PluginManage:310 - Check plugin clock
2024-08-15 14:14:39,244 [INFO] PluginManage:359 - Loaded plugin clock (category:base,tabindex:2)
2024-08-15 14:14:39,244 [INFO] PluginManage:310 - Check plugin ddr
2024-08-15 14:14:39,248 [INFO] PluginManage:359 - Loaded plugin ddr (category:tool,tabindex:6)
2024-08-15 14:14:39,248 [INFO] PluginManage:310 - Check plugin filemanager
2024-08-15 14:14:39,436 [INFO] PluginManage:359 - Loaded plugin filemanager (category:base,tabindex:10)
2024-08-15 14:14:39,436 [INFO] PluginManage:310 - Check plugin ipmanager
2024-08-15 14:14:39,446 [INFO] PluginManage:359 - Loaded plugin ipmanager (category:base,tabindex:5)
2024-08-15 14:14:39,447 [INFO] PluginManage:310 - Check plugin lpbam
2024-08-15 14:14:39,455 [INFO] PluginManage:359 - Loaded plugin lpbam (category:base,tabindex:0)
2024-08-15 14:14:39,456 [INFO] PluginManage:310 - Check plugin memorymap
2024-08-15 14:14:39,472 [INFO] PluginManage:359 - Loaded plugin memorymap (category:base,tabindex:4)
2024-08-15 14:14:39,472 [INFO] PluginManage:310 - Check plugin pinoutandconfiguration
2024-08-15 14:14:39,484 [INFO] PluginManage:359 - Loaded plugin pinoutandconfiguration (category:base,tabindex:1)
2024-08-15 14:14:39,484 [INFO] PluginManage:310 - Check plugin pinoutconfig
2024-08-15 14:14:39,599 [WARN] SupportedApi:132 - Cannot load RTOS API schema: s4s-elt-must-match.1: The content of 'definitions' must match (annotation?, (simpleType | complexType)?, (unique | key | keyref)*)). A problem was found starting at: attribute.
2024-08-15 14:14:39,787 [INFO] PluginManage:359 - Loaded plugin pinoutconfig (category:base,tabindex:0)
2024-08-15 14:14:39,788 [INFO] PluginManage:310 - Check plugin power
2024-08-15 14:14:39,804 [INFO] PluginManage:359 - Loaded plugin power (category:power,tabindex:4)
2024-08-15 14:14:39,805 [INFO] PluginManage:310 - Check plugin projectmanager
2024-08-15 14:14:39,825 [INFO] PluginManage:359 - Loaded plugin projectmanager (category:projectmanager,tabindex:4)
2024-08-15 14:14:39,825 [INFO] PluginManage:310 - Check plugin rif
2024-08-15 14:14:39,836 [INFO] PluginManage:359 - Loaded plugin rif (category:base,tabindex:3)
2024-08-15 14:14:39,836 [INFO] PluginManage:310 - Check plugin thirdparty
2024-08-15 14:14:40,023 [INFO] PluginManage:359 - Loaded plugin thirdparty (category:base,tabindex:-1)
2024-08-15 14:14:40,023 [WARN] IntegrityCheckThread:84 - waiting for thirdparty lock release [integrity check]
2024-08-15 14:14:40,024 [INFO] PluginManage:310 - Check plugin tools
2024-08-15 14:14:40,024 [INFO] IntegrityCheckThread:86 - entering critical section [integrity check]
2024-08-15 14:14:40,024 [INFO] ThirdPartyUpdaterWithRetryManager:70 - Updater plugin not ready yet. [1/15]
2024-08-15 14:14:40,028 [INFO] PluginManage:359 - Loaded plugin tools (category:base,tabindex:7)
2024-08-15 14:14:40,028 [INFO] PluginManage:310 - Check plugin tutovideos
2024-08-15 14:14:40,285 [ERROR] ConfigurationRetriever:142 - IOException on connection: Connect timed out
2024-08-15 14:14:40,299 [INFO] PluginManage:359 - Loaded plugin tutovideos (category:base,tabindex:-1)
2024-08-15 14:14:40,299 [INFO] PluginManage:310 - Check plugin updater
2024-08-15 14:14:40,324 [INFO] PluginManage:359 - Loaded plugin updater (category:base,tabindex:12)
2024-08-15 14:14:40,325 [INFO] PluginManage:310 - Check plugin userauth
2024-08-15 14:14:40,334 [INFO] UserAuth:113 - Init User Auth plugin
2024-08-15 14:14:40,335 [INFO] PluginManage:359 - Loaded plugin userauth (category:base,tabindex:14)
2024-08-15 14:14:40,335 [INFO] PluginManage:283 - PluginManage : Loaded plugins [18]
2024-08-15 14:14:40,635 [INFO] PinOutPanel:1561 - setPackage(No Configuration,No Configuration)
2024-08-15 14:14:40,785 [INFO] CADModel:165 - CPN selected for project level
2024-08-15 14:14:40,785 [INFO] CADModel:114 - Register for checkConnection events
2024-08-15 14:14:40,812 [INFO] IPUIPlugin:80 - create IPUIPlugin
2024-08-15 14:14:40,812 [INFO] PluginManager:220 - loadIPPluginJar : add adc
2024-08-15 14:14:40,817 [INFO] IPUIPlugin:80 - create IPUIPlugin
2024-08-15 14:14:40,817 [INFO] PluginManager:220 - loadIPPluginJar : add aes
2024-08-15 14:14:40,821 [INFO] IPUIPlugin:80 - create IPUIPlugin
2024-08-15 14:14:40,823 [INFO] PluginManager:220 - loadIPPluginJar : add can
2024-08-15 14:14:40,826 [INFO] IPUIPlugin:80 - create IPUIPlugin
2024-08-15 14:14:40,826 [INFO] PluginManager:220 - loadIPPluginJar : add comp
2024-08-15 14:14:40,830 [INFO] IPUIPlugin:80 - create IPUIPlugin
2024-08-15 14:14:40,831 [INFO] PluginManager:220 - loadIPPluginJar : add cryp
2024-08-15 14:14:40,835 [INFO] IPUIPlugin:80 - create IPUIPlugin
2024-08-15 14:14:40,835 [INFO] PluginManager:220 - loadIPPluginJar : add ddr_ctrl_phy
2024-08-15 14:14:40,839 [INFO] IPUIPlugin:80 - create IPUIPlugin
2024-08-15 14:14:40,840 [INFO] PluginManager:220 - loadIPPluginJar : add dfsdm
2024-08-15 14:14:40,847 [INFO] IPUIPlugin:80 - create IPUIPlugin
2024-08-15 14:14:40,848 [INFO] PluginManager:220 - loadIPPluginJar : add dma
2024-08-15 14:14:40,853 [INFO] IPUIPlugin:80 - create IPUIPlugin
2024-08-15 14:14:40,853 [INFO] PluginManager:220 - loadIPPluginJar : add dma3
2024-08-15 14:14:40,859 [INFO] IPUIPlugin:80 - create IPUIPlugin
2024-08-15 14:14:40,859 [INFO] PluginManager:220 - loadIPPluginJar : add extmemmanager
2024-08-15 14:14:40,862 [INFO] IPUIPlugin:80 - create IPUIPlugin
2024-08-15 14:14:40,862 [INFO] PluginManager:220 - loadIPPluginJar : add fatfs
2024-08-15 14:14:40,868 [INFO] IPUIPlugin:80 - create IPUIPlugin
2024-08-15 14:14:40,869 [INFO] PluginManager:220 - loadIPPluginJar : add fmc
2024-08-15 14:14:40,878 [INFO] IPUIPlugin:80 - create IPUIPlugin
2024-08-15 14:14:40,879 [INFO] PluginManager:220 - loadIPPluginJar : add freertos
2024-08-15 14:14:40,882 [INFO] IPUIPlugin:80 - create IPUIPlugin
2024-08-15 14:14:40,882 [INFO] PluginManager:220 - loadIPPluginJar : add genericplugin
2024-08-15 14:14:40,885 [INFO] IPUIPlugin:80 - create IPUIPlugin
2024-08-15 14:14:40,886 [INFO] PluginManager:220 - loadIPPluginJar : add gfxmmu
2024-08-15 14:14:40,893 [INFO] IPUIPlugin:80 - create IPUIPlugin
2024-08-15 14:14:40,894 [INFO] PluginManager:220 - loadIPPluginJar : add gic
2024-08-15 14:14:40,900 [INFO] IPUIPlugin:80 - create IPUIPlugin
2024-08-15 14:14:40,900 [INFO] PluginManager:220 - loadIPPluginJar : add gpio
2024-08-15 14:14:40,906 [INFO] IPUIPlugin:80 - create IPUIPlugin
2024-08-15 14:14:40,907 [INFO] PluginManager:220 - loadIPPluginJar : add gtzc
2024-08-15 14:14:40,910 [INFO] IPUIPlugin:80 - create IPUIPlugin
2024-08-15 14:14:40,911 [INFO] PluginManager:220 - loadIPPluginJar : add hash
2024-08-15 14:14:40,916 [INFO] IPUIPlugin:80 - create IPUIPlugin
2024-08-15 14:14:40,916 [INFO] PluginManager:220 - loadIPPluginJar : add i2c
2024-08-15 14:14:40,922 [INFO] IPUIPlugin:80 - create IPUIPlugin
2024-08-15 14:14:40,923 [INFO] PluginManager:220 - loadIPPluginJar : add i2s
2024-08-15 14:14:40,927 [INFO] IPUIPlugin:80 - create IPUIPlugin
2024-08-15 14:14:40,927 [INFO] PluginManager:220 - loadIPPluginJar : add i3c
2024-08-15 14:14:40,932 [INFO] IPUIPlugin:80 - create IPUIPlugin
2024-08-15 14:14:40,933 [INFO] PluginManager:220 - loadIPPluginJar : add ipddr
2024-08-15 14:14:40,945 [INFO] IPUIPlugin:80 - create IPUIPlugin
2024-08-15 14:14:40,945 [INFO] PluginManager:220 - loadIPPluginJar : add linkedlist
2024-08-15 14:14:40,950 [INFO] IPUIPlugin:80 - create IPUIPlugin
2024-08-15 14:14:40,950 [INFO] PluginManager:220 - loadIPPluginJar : add lorawan
2024-08-15 14:14:40,953 [INFO] IPUIPlugin:80 - create IPUIPlugin
2024-08-15 14:14:40,953 [INFO] PluginManager:220 - loadIPPluginJar : add ltdc
2024-08-15 14:14:40,961 [INFO] IPUIPlugin:80 - create IPUIPlugin
2024-08-15 14:14:40,962 [INFO] PluginManager:220 - loadIPPluginJar : add mdma
2024-08-15 14:14:40,968 [INFO] IPUIPlugin:80 - create IPUIPlugin
2024-08-15 14:14:40,968 [INFO] PluginManager:220 - loadIPPluginJar : add nvic
2024-08-15 14:14:40,973 [INFO] IPUIPlugin:80 - create IPUIPlugin
2024-08-15 14:14:40,973 [INFO] PluginManager:220 - loadIPPluginJar : add opamp
2024-08-15 14:14:40,977 [INFO] IPUIPlugin:80 - create IPUIPlugin
2024-08-15 14:14:40,977 [INFO] PluginManager:220 - loadIPPluginJar : add openamp
2024-08-15 14:14:40,983 [INFO] IPUIPlugin:80 - create IPUIPlugin
2024-08-15 14:14:40,983 [INFO] PluginManager:220 - loadIPPluginJar : add pdm2pcm
2024-08-15 14:14:40,993 [INFO] IPUIPlugin:80 - create IPUIPlugin
2024-08-15 14:14:40,996 [INFO] PluginManager:220 - loadIPPluginJar : add plateformsettings
2024-08-15 14:14:40,999 [INFO] IPUIPlugin:80 - create IPUIPlugin
2024-08-15 14:14:41,000 [INFO] PluginManager:220 - loadIPPluginJar : add quadspi
2024-08-15 14:14:41,003 [INFO] IPUIPlugin:80 - create IPUIPlugin
2024-08-15 14:14:41,004 [INFO] PluginManager:220 - loadIPPluginJar : add radio
2024-08-15 14:14:41,012 [INFO] IPUIPlugin:80 - create IPUIPlugin
2024-08-15 14:14:41,012 [INFO] PluginManager:220 - loadIPPluginJar : add resmgrutility
2024-08-15 14:14:41,017 [INFO] IPUIPlugin:80 - create IPUIPlugin
2024-08-15 14:14:41,017 [INFO] PluginManager:220 - loadIPPluginJar : add sai
2024-08-15 14:14:41,021 [INFO] IPUIPlugin:80 - create IPUIPlugin
2024-08-15 14:14:41,021 [INFO] PluginManager:220 - loadIPPluginJar : add spi
2024-08-15 14:14:41,029 [INFO] IPUIPlugin:80 - create IPUIPlugin
2024-08-15 14:14:41,029 [INFO] PluginManager:220 - loadIPPluginJar : add stm32_wpan
2024-08-15 14:14:41,033 [INFO] IPUIPlugin:80 - create IPUIPlugin
2024-08-15 14:14:41,033 [INFO] PluginManager:220 - loadIPPluginJar : add tim
2024-08-15 14:14:41,039 [INFO] IPUIPlugin:80 - create IPUIPlugin
2024-08-15 14:14:41,039 [INFO] PluginManager:220 - loadIPPluginJar : add touchsensing
2024-08-15 14:14:41,043 [INFO] IPUIPlugin:80 - create IPUIPlugin
2024-08-15 14:14:41,044 [INFO] PluginManager:220 - loadIPPluginJar : add tracer_emb
2024-08-15 14:14:41,048 [INFO] IPUIPlugin:80 - create IPUIPlugin
2024-08-15 14:14:41,048 [INFO] PluginManager:220 - loadIPPluginJar : add ts
2024-08-15 14:14:41,051 [INFO] IPUIPlugin:80 - create IPUIPlugin
2024-08-15 14:14:41,051 [INFO] PluginManager:220 - loadIPPluginJar : add tsc
2024-08-15 14:14:41,054 [INFO] IPUIPlugin:80 - create IPUIPlugin
2024-08-15 14:14:41,055 [INFO] PluginManager:220 - loadIPPluginJar : add ucpd
2024-08-15 14:14:41,058 [INFO] IPUIPlugin:80 - create IPUIPlugin
2024-08-15 14:14:41,059 [INFO] PluginManager:220 - loadIPPluginJar : add usart
2024-08-15 14:14:41,064 [INFO] IPUIPlugin:80 - create IPUIPlugin
2024-08-15 14:14:41,064 [INFO] PluginManager:220 - loadIPPluginJar : add usbx
2024-08-15 14:14:41,239 [INFO] CADModel:165 - CPN selected for project level
2024-08-15 14:14:41,239 [INFO] CADModel:114 - Register for checkConnection events
2024-08-15 14:14:41,240 [FATAL] Updater:334 - Updater called before beeing initialized
2024-08-15 14:14:41,240 [ERROR] CADModel:125 - Updater not yet initialized, retry later 
2024-08-15 14:14:41,451 [INFO] CADModel:165 - CPN selected for project level
2024-08-15 14:14:41,452 [INFO] CADModel:114 - Register for checkConnection events
2024-08-15 14:14:41,452 [FATAL] Updater:334 - Updater called before beeing initialized
2024-08-15 14:14:41,452 [ERROR] CADModel:125 - Updater not yet initialized, retry later 
2024-08-15 14:14:41,459 [FATAL] Updater:334 - Updater called before beeing initialized
2024-08-15 14:14:41,677 [FATAL] Updater:334 - Updater called before beeing initialized
2024-08-15 14:14:41,685 [INFO] DbMcusAds:53 - JSON generation date=Thu Sep 30 14:55:09 MYT 2021 (1632984909247)
2024-08-15 14:14:41,685 [FATAL] Updater:334 - Updater called before beeing initialized
2024-08-15 14:14:41,748 [WARN] DetailPanel:346 - Failed to get advertising image, set to default
2024-08-15 14:14:41,885 [FATAL] Updater:334 - Updater called before beeing initialized
2024-08-15 14:14:41,887 [FATAL] Updater:334 - Updater called before beeing initialized
2024-08-15 14:14:41,887 [FATAL] Updater:334 - Updater called before beeing initialized
2024-08-15 14:14:41,888 [WARN] DetailPanel:346 - Failed to get advertising image, set to default
2024-08-15 14:14:41,888 [FATAL] Updater:334 - Updater called before beeing initialized
2024-08-15 14:14:41,952 [ERROR] Updater:1164 - MainUpdater not yet initialized. External WinMGr cannot be set.
2024-08-15 14:14:41,955 [INFO] Updater:1100 - Updater Version found : 6.12.0
2024-08-15 14:14:41,977 [INFO] ApplicationProperties:184 - Using Application install path: C:\ST\STM32CubeIDE_1.16.0\STM32CubeIDE\plugins\com.st.stm32cube.common.mx_6.12.0.202406281431
2024-08-15 14:14:42,286 [ERROR] ConfigurationRetriever:142 - IOException on connection: Connect timed out
2024-08-15 14:14:43,025 [INFO] ThirdPartyUpdaterWithRetryManager:70 - Updater plugin not ready yet. [2/15]
2024-08-15 14:14:43,561 [ERROR] LogOutputStream:75 - [STDERR_REDIRECT] Aug 15, 2024 2:14:43 PM java.util.prefs.WindowsPreferences <init>
2024-08-15 14:14:43,562 [ERROR] LogOutputStream:75 - [STDERR_REDIRECT] WARNING: Could not open/create prefs root node Software\JavaSoft\Prefs at root 0xffffffff80000002. Windows RegCreateKeyEx(...) returned error code 5.
2024-08-15 14:14:43,562 [ERROR] LogOutputStream:75 - [STDERR_REDIRECT] 
2024-08-15 14:14:44,222 [ERROR] ConfigurationRetriever:142 - IOException on connection: Connect timed out
2024-08-15 14:14:46,025 [FATAL] Updater:334 - Updater called before beeing initialized
2024-08-15 14:14:46,026 [ERROR] IntegrityCheckThread:130 - Cannot retrieve database content from updater: error 21
2024-08-15 14:14:46,027 [INFO] ThirdParty:978 - Integrity check success = false
2024-08-15 14:14:46,027 [INFO] IntegrityCheckThread:100 - exiting critical section [integrity check]
2024-08-15 14:14:46,027 [INFO] IntegrityCheckThread:103 - End integrity checks thread
2024-08-15 14:14:47,742 [WARN] CheckConnectionManager:291 - Warning during Server Connection :  timeout Connect to sw-center.st.com:443 [sw-center.st.com/203.121.59.234, sw-center.st.com/203.121.59.208] failed: Connect timed out
2024-08-15 14:14:49,224 [ERROR] ConfigurationRetriever:142 - IOException on connection: Connect timed out
2024-08-15 14:14:51,749 [WARN] CheckConnectionManager:291 - Warning during Server Connection :  timeout Connect to sw-center.st.com:443 [sw-center.st.com/203.121.59.234, sw-center.st.com/203.121.59.208] failed: Connect timed out
2024-08-15 14:14:51,753 [INFO] MainUpdater:2873 - connection check result : 22
2024-08-15 14:14:51,754 [INFO] MainUpdater:290 - Updater Check For Update Now.
2024-08-15 14:14:51,755 [INFO] MicroXplorer:498 - Change Database Version : DB.6.0.120
2024-08-15 14:14:51,763 [INFO] McuFinderGlobals:63 - Set McuFinder mode to 2 (CubeIDE integrated)
2024-08-15 14:14:51,763 [INFO] UserAuth:179 - activating auth plugin
2024-08-15 14:14:51,767 [INFO] UserAuth:417 - Internet connection configuration mode: 2
2024-08-15 14:14:51,792 [INFO] UserAuth:417 - Internet connection configuration mode: 2
2024-08-15 14:14:51,934 [INFO] CheckServerUpdateThread:120 - End of CheckServer Thread
2024-08-15 14:14:54,227 [ERROR] ConfigurationRetriever:142 - IOException on connection: Connect timed out
