2024-08-28 15:24:37,337 [INFO] Activator:176 - 


2024-08-28 15:24:37,369 [INFO] Activator:177 - !SESSION log4j initialized
2024-08-28 15:24:48,171 [INFO] LogOutputStream:77 - [STDOUT_REDIRECT] 
2024-08-28 15:24:51,979 [ERROR] ConfigurationRetriever:142 - IOException on connection: Connect timed out
2024-08-28 15:24:52,924 [INFO] ApplicationProperties:184 - Using Application install path: C:\ST\STM32CubeIDE_1.16.0\STM32CubeIDE\plugins\com.st.stm32cube.common.mx_6.12.0.202406281431
2024-08-28 15:24:52,949 [INFO] DbMcusXml:78 - Set database path to: C:\ST\STM32CubeIDE_1.16.0\STM32CubeIDE\plugins\com.st.stm32cube.common.mx_6.12.0.202406281431\\db\/mcu/
2024-08-28 15:24:52,951 [INFO] ApiDb:274 - Set plugin database path to: C:\ST\STM32CubeIDE_1.16.0\STM32CubeIDE\plugins\com.st.stm32cube.common.mx_6.12.0.202406281431\\db\/plugins/boardmanager/
2024-08-28 15:24:52,952 [WARN] ApiDb:259 - Overriding images path with different value:  => C:\ST\STM32CubeIDE_1.16.0\STM32CubeIDE\plugins\com.st.stm32cube.common.mx_6.12.0.202406281431\\db\/plugins/mcufinder/images/
2024-08-28 15:24:52,966 [INFO] ApiDb:250 - Set database path to: C:\Users\zchua\.stmcufinder\plugins\mcufinder//mcu/
2024-08-28 15:24:52,968 [INFO] DbMcusAds:125 - Set database path to: C:\Users\zchua\.stmcufinder\plugins\mcufinder//mcu/
2024-08-28 15:24:52,971 [INFO] CrossReferenceDbSqlite:203 - Set database path to: C:\Users\zchua\.stmcufinder\plugins\mcufinder//mcu/cs/
2024-08-28 15:24:53,137 [INFO] RulesReader:64 - Compatibility file has been processed (297 Rules)
2024-08-28 15:24:53,308 [INFO] DbMcusXml:78 - Set database path to: C:\ST\STM32CubeIDE_1.16.0\STM32CubeIDE\plugins\com.st.stm32cube.common.mx_6.12.0.202406281431\\db\/mcu/
2024-08-28 15:24:53,309 [INFO] ApiDb:274 - Set plugin database path to: C:\ST\STM32CubeIDE_1.16.0\STM32CubeIDE\plugins\com.st.stm32cube.common.mx_6.12.0.202406281431\\db\/plugins/boardmanager/
2024-08-28 15:24:53,309 [INFO] ApiDb:261 - Set plugin images path to: C:\ST\STM32CubeIDE_1.16.0\STM32CubeIDE\plugins\com.st.stm32cube.common.mx_6.12.0.202406281431\\db\/plugins/mcufinder/images/
2024-08-28 15:24:53,310 [WARN] DbFile:41 - Overriding database path with different value: C:\Users\zchua\.stmcufinder\plugins\mcufinder/ => C:\Users\zchua\.stmcufinder\plugins\mcufinder
2024-08-28 15:24:53,310 [INFO] ApiDb:250 - Set database path to: C:\Users\zchua\.stmcufinder\plugins\mcufinder//mcu/
2024-08-28 15:24:53,310 [WARN] DbFile:41 - Overriding database path with different value: C:\Users\zchua\.stmcufinder\plugins\mcufinder/ => C:\Users\zchua\.stmcufinder\plugins\mcufinder
2024-08-28 15:24:53,310 [INFO] DbMcusAds:125 - Set database path to: C:\Users\zchua\.stmcufinder\plugins\mcufinder//mcu/
2024-08-28 15:24:53,310 [WARN] DbFile:41 - Overriding database path with different value: C:\Users\zchua\.stmcufinder\plugins\mcufinder/ => C:\Users\zchua\.stmcufinder\plugins\mcufinder
2024-08-28 15:24:53,310 [WARN] DbFile:41 - Overriding database path with different value: C:\Users\zchua\.stmcufinder\plugins\mcufinder/ => C:\Users\zchua\.stmcufinder\plugins\mcufinder
2024-08-28 15:24:53,311 [INFO] CrossReferenceDbSqlite:203 - Set database path to: C:\Users\zchua\.stmcufinder\plugins\mcufinder//mcu/cs/
2024-08-28 15:24:53,471 [INFO] MainPanel:268 - HeapMemory: 268435456
2024-08-28 15:24:53,621 [INFO] DbMcusXml:78 - Set database path to: C:\ST\STM32CubeIDE_1.16.0\STM32CubeIDE\plugins\com.st.stm32cube.common.mx_6.12.0.202406281431\\db\/mcu/
2024-08-28 15:24:53,621 [INFO] ApiDb:274 - Set plugin database path to: C:\ST\STM32CubeIDE_1.16.0\STM32CubeIDE\plugins\com.st.stm32cube.common.mx_6.12.0.202406281431\\db\/plugins/boardmanager/
2024-08-28 15:24:53,621 [INFO] ApiDb:261 - Set plugin images path to: C:\ST\STM32CubeIDE_1.16.0\STM32CubeIDE\plugins\com.st.stm32cube.common.mx_6.12.0.202406281431\\db\/plugins/mcufinder/images/
2024-08-28 15:24:53,621 [WARN] DbFile:41 - Overriding database path with different value: C:\Users\zchua\.stmcufinder\plugins\mcufinder/ => C:\Users\zchua\.stmcufinder\plugins\mcufinder
2024-08-28 15:24:53,622 [INFO] ApiDb:250 - Set database path to: C:\Users\zchua\.stmcufinder\plugins\mcufinder//mcu/
2024-08-28 15:24:53,622 [WARN] DbFile:41 - Overriding database path with different value: C:\Users\zchua\.stmcufinder\plugins\mcufinder/ => C:\Users\zchua\.stmcufinder\plugins\mcufinder
2024-08-28 15:24:53,622 [INFO] DbMcusAds:125 - Set database path to: C:\Users\zchua\.stmcufinder\plugins\mcufinder//mcu/
2024-08-28 15:24:53,622 [WARN] DbFile:41 - Overriding database path with different value: C:\Users\zchua\.stmcufinder\plugins\mcufinder/ => C:\Users\zchua\.stmcufinder\plugins\mcufinder
2024-08-28 15:24:53,622 [WARN] DbFile:41 - Overriding database path with different value: C:\Users\zchua\.stmcufinder\plugins\mcufinder/ => C:\Users\zchua\.stmcufinder\plugins\mcufinder
2024-08-28 15:24:53,622 [INFO] CrossReferenceDbSqlite:203 - Set database path to: C:\Users\zchua\.stmcufinder\plugins\mcufinder//mcu/cs/
2024-08-28 15:24:53,649 [INFO] ApplicationProperties:184 - Using Application install path: C:\ST\STM32CubeIDE_1.16.0\STM32CubeIDE\plugins\com.st.stm32cube.common.mx_6.12.0.202406281431
2024-08-28 15:24:53,651 [INFO] PluginManage:196 - Search for loadable plugins [exclusion list=, ]
2024-08-28 15:24:53,653 [INFO] PluginManage:310 - Check plugin analytics
2024-08-28 15:24:53,923 [INFO] AnalyticsPlugin:253 - Accepted Software Licenses: 
2024-08-28 15:24:53,923 [INFO] AnalyticsPlugin:255 - Accepted CMSIS Pack Licenses: 
2024-08-28 15:24:53,924 [INFO] AnalyticsPlugin:257 - Accepted Firmware Licenses: 
2024-08-28 15:24:53,928 [INFO] PluginManage:359 - Loaded plugin analytics (category:tool,tabindex:-1)
2024-08-28 15:24:53,928 [INFO] PluginManage:310 - Check plugin cadmodel
2024-08-28 15:24:53,937 [INFO] CADModel:105 - Init CAD model plugin
2024-08-28 15:24:53,937 [INFO] PluginManage:359 - Loaded plugin cadmodel (category:power,tabindex:5)
2024-08-28 15:24:53,938 [INFO] PluginManage:310 - Check plugin clock
2024-08-28 15:24:53,954 [INFO] PluginManage:359 - Loaded plugin clock (category:base,tabindex:2)
2024-08-28 15:24:53,954 [INFO] PluginManage:310 - Check plugin ddr
2024-08-28 15:24:53,957 [INFO] PluginManage:359 - Loaded plugin ddr (category:tool,tabindex:6)
2024-08-28 15:24:53,958 [INFO] PluginManage:310 - Check plugin filemanager
2024-08-28 15:24:53,983 [ERROR] ConfigurationRetriever:142 - IOException on connection: Connect timed out
2024-08-28 15:24:54,177 [INFO] PluginManage:359 - Loaded plugin filemanager (category:base,tabindex:10)
2024-08-28 15:24:54,177 [INFO] PluginManage:310 - Check plugin ipmanager
2024-08-28 15:24:54,191 [INFO] PluginManage:359 - Loaded plugin ipmanager (category:base,tabindex:5)
2024-08-28 15:24:54,191 [INFO] PluginManage:310 - Check plugin lpbam
2024-08-28 15:24:54,203 [INFO] PluginManage:359 - Loaded plugin lpbam (category:base,tabindex:0)
2024-08-28 15:24:54,203 [INFO] PluginManage:310 - Check plugin memorymap
2024-08-28 15:24:54,227 [INFO] PluginManage:359 - Loaded plugin memorymap (category:base,tabindex:4)
2024-08-28 15:24:54,227 [INFO] PluginManage:310 - Check plugin pinoutandconfiguration
2024-08-28 15:24:54,247 [INFO] PluginManage:359 - Loaded plugin pinoutandconfiguration (category:base,tabindex:1)
2024-08-28 15:24:54,248 [INFO] PluginManage:310 - Check plugin pinoutconfig
2024-08-28 15:24:54,371 [WARN] SupportedApi:132 - Cannot load RTOS API schema: s4s-elt-must-match.1: The content of 'definitions' must match (annotation?, (simpleType | complexType)?, (unique | key | keyref)*)). A problem was found starting at: attribute.
2024-08-28 15:24:54,593 [INFO] PluginManage:359 - Loaded plugin pinoutconfig (category:base,tabindex:0)
2024-08-28 15:24:54,594 [INFO] PluginManage:310 - Check plugin power
2024-08-28 15:24:54,611 [INFO] PluginManage:359 - Loaded plugin power (category:power,tabindex:4)
2024-08-28 15:24:54,612 [INFO] PluginManage:310 - Check plugin projectmanager
2024-08-28 15:24:54,638 [INFO] PluginManage:359 - Loaded plugin projectmanager (category:projectmanager,tabindex:4)
2024-08-28 15:24:54,638 [INFO] PluginManage:310 - Check plugin rif
2024-08-28 15:24:54,648 [INFO] PluginManage:359 - Loaded plugin rif (category:base,tabindex:3)
2024-08-28 15:24:54,649 [INFO] PluginManage:310 - Check plugin thirdparty
2024-08-28 15:24:54,826 [INFO] PluginManage:359 - Loaded plugin thirdparty (category:base,tabindex:-1)
2024-08-28 15:24:54,826 [WARN] IntegrityCheckThread:84 - waiting for thirdparty lock release [integrity check]
2024-08-28 15:24:54,826 [INFO] PluginManage:310 - Check plugin tools
2024-08-28 15:24:54,826 [INFO] IntegrityCheckThread:86 - entering critical section [integrity check]
2024-08-28 15:24:54,828 [INFO] ThirdPartyUpdaterWithRetryManager:70 - Updater plugin not ready yet. [1/15]
2024-08-28 15:24:54,833 [INFO] PluginManage:359 - Loaded plugin tools (category:base,tabindex:7)
2024-08-28 15:24:54,833 [INFO] PluginManage:310 - Check plugin tutovideos
2024-08-28 15:24:55,091 [INFO] PluginManage:359 - Loaded plugin tutovideos (category:base,tabindex:-1)
2024-08-28 15:24:55,092 [INFO] PluginManage:310 - Check plugin updater
2024-08-28 15:24:55,127 [INFO] PluginManage:359 - Loaded plugin updater (category:base,tabindex:12)
2024-08-28 15:24:55,127 [INFO] PluginManage:310 - Check plugin userauth
2024-08-28 15:24:55,138 [INFO] UserAuth:113 - Init User Auth plugin
2024-08-28 15:24:55,138 [INFO] PluginManage:359 - Loaded plugin userauth (category:base,tabindex:14)
2024-08-28 15:24:55,139 [INFO] PluginManage:283 - PluginManage : Loaded plugins [18]
2024-08-28 15:24:55,457 [INFO] PinOutPanel:1561 - setPackage(No Configuration,No Configuration)
2024-08-28 15:24:55,602 [INFO] CADModel:165 - CPN selected for project level
2024-08-28 15:24:55,603 [INFO] CADModel:114 - Register for checkConnection events
2024-08-28 15:24:55,631 [INFO] IPUIPlugin:80 - create IPUIPlugin
2024-08-28 15:24:55,631 [INFO] PluginManager:220 - loadIPPluginJar : add adc
2024-08-28 15:24:55,636 [INFO] IPUIPlugin:80 - create IPUIPlugin
2024-08-28 15:24:55,636 [INFO] PluginManager:220 - loadIPPluginJar : add aes
2024-08-28 15:24:55,640 [INFO] IPUIPlugin:80 - create IPUIPlugin
2024-08-28 15:24:55,640 [INFO] PluginManager:220 - loadIPPluginJar : add can
2024-08-28 15:24:55,643 [INFO] IPUIPlugin:80 - create IPUIPlugin
2024-08-28 15:24:55,643 [INFO] PluginManager:220 - loadIPPluginJar : add comp
2024-08-28 15:24:55,648 [INFO] IPUIPlugin:80 - create IPUIPlugin
2024-08-28 15:24:55,648 [INFO] PluginManager:220 - loadIPPluginJar : add cryp
2024-08-28 15:24:55,653 [INFO] IPUIPlugin:80 - create IPUIPlugin
2024-08-28 15:24:55,654 [INFO] PluginManager:220 - loadIPPluginJar : add ddr_ctrl_phy
2024-08-28 15:24:55,658 [INFO] IPUIPlugin:80 - create IPUIPlugin
2024-08-28 15:24:55,658 [INFO] PluginManager:220 - loadIPPluginJar : add dfsdm
2024-08-28 15:24:55,667 [INFO] IPUIPlugin:80 - create IPUIPlugin
2024-08-28 15:24:55,668 [INFO] PluginManager:220 - loadIPPluginJar : add dma
2024-08-28 15:24:55,672 [INFO] IPUIPlugin:80 - create IPUIPlugin
2024-08-28 15:24:55,672 [INFO] PluginManager:220 - loadIPPluginJar : add dma3
2024-08-28 15:24:55,678 [INFO] IPUIPlugin:80 - create IPUIPlugin
2024-08-28 15:24:55,678 [INFO] PluginManager:220 - loadIPPluginJar : add extmemmanager
2024-08-28 15:24:55,682 [INFO] IPUIPlugin:80 - create IPUIPlugin
2024-08-28 15:24:55,682 [INFO] PluginManager:220 - loadIPPluginJar : add fatfs
2024-08-28 15:24:55,688 [INFO] IPUIPlugin:80 - create IPUIPlugin
2024-08-28 15:24:55,688 [INFO] PluginManager:220 - loadIPPluginJar : add fmc
2024-08-28 15:24:55,699 [INFO] IPUIPlugin:80 - create IPUIPlugin
2024-08-28 15:24:55,699 [INFO] PluginManager:220 - loadIPPluginJar : add freertos
2024-08-28 15:24:55,702 [INFO] IPUIPlugin:80 - create IPUIPlugin
2024-08-28 15:24:55,703 [INFO] PluginManager:220 - loadIPPluginJar : add genericplugin
2024-08-28 15:24:55,709 [INFO] IPUIPlugin:80 - create IPUIPlugin
2024-08-28 15:24:55,709 [INFO] PluginManager:220 - loadIPPluginJar : add gfxmmu
2024-08-28 15:24:55,718 [INFO] IPUIPlugin:80 - create IPUIPlugin
2024-08-28 15:24:55,719 [INFO] PluginManager:220 - loadIPPluginJar : add gic
2024-08-28 15:24:55,726 [INFO] IPUIPlugin:80 - create IPUIPlugin
2024-08-28 15:24:55,726 [INFO] PluginManager:220 - loadIPPluginJar : add gpio
2024-08-28 15:24:55,729 [INFO] IPUIPlugin:80 - create IPUIPlugin
2024-08-28 15:24:55,731 [INFO] PluginManager:220 - loadIPPluginJar : add gtzc
2024-08-28 15:24:55,735 [INFO] IPUIPlugin:80 - create IPUIPlugin
2024-08-28 15:24:55,735 [INFO] PluginManager:220 - loadIPPluginJar : add hash
2024-08-28 15:24:55,739 [INFO] IPUIPlugin:80 - create IPUIPlugin
2024-08-28 15:24:55,740 [INFO] PluginManager:220 - loadIPPluginJar : add i2c
2024-08-28 15:24:55,743 [INFO] IPUIPlugin:80 - create IPUIPlugin
2024-08-28 15:24:55,744 [INFO] PluginManager:220 - loadIPPluginJar : add i2s
2024-08-28 15:24:55,748 [INFO] IPUIPlugin:80 - create IPUIPlugin
2024-08-28 15:24:55,748 [INFO] PluginManager:220 - loadIPPluginJar : add i3c
2024-08-28 15:24:55,752 [INFO] IPUIPlugin:80 - create IPUIPlugin
2024-08-28 15:24:55,752 [INFO] PluginManager:220 - loadIPPluginJar : add ipddr
2024-08-28 15:24:55,764 [INFO] IPUIPlugin:80 - create IPUIPlugin
2024-08-28 15:24:55,764 [INFO] PluginManager:220 - loadIPPluginJar : add linkedlist
2024-08-28 15:24:55,769 [INFO] IPUIPlugin:80 - create IPUIPlugin
2024-08-28 15:24:55,769 [INFO] PluginManager:220 - loadIPPluginJar : add lorawan
2024-08-28 15:24:55,771 [INFO] IPUIPlugin:80 - create IPUIPlugin
2024-08-28 15:24:55,771 [INFO] PluginManager:220 - loadIPPluginJar : add ltdc
2024-08-28 15:24:55,779 [INFO] IPUIPlugin:80 - create IPUIPlugin
2024-08-28 15:24:55,779 [INFO] PluginManager:220 - loadIPPluginJar : add mdma
2024-08-28 15:24:55,786 [INFO] IPUIPlugin:80 - create IPUIPlugin
2024-08-28 15:24:55,786 [INFO] PluginManager:220 - loadIPPluginJar : add nvic
2024-08-28 15:24:55,789 [INFO] IPUIPlugin:80 - create IPUIPlugin
2024-08-28 15:24:55,790 [INFO] PluginManager:220 - loadIPPluginJar : add opamp
2024-08-28 15:24:55,794 [INFO] IPUIPlugin:80 - create IPUIPlugin
2024-08-28 15:24:55,794 [INFO] PluginManager:220 - loadIPPluginJar : add openamp
2024-08-28 15:24:55,801 [INFO] IPUIPlugin:80 - create IPUIPlugin
2024-08-28 15:24:55,801 [INFO] PluginManager:220 - loadIPPluginJar : add pdm2pcm
2024-08-28 15:24:55,808 [INFO] IPUIPlugin:80 - create IPUIPlugin
2024-08-28 15:24:55,812 [INFO] PluginManager:220 - loadIPPluginJar : add plateformsettings
2024-08-28 15:24:55,814 [INFO] IPUIPlugin:80 - create IPUIPlugin
2024-08-28 15:24:55,815 [INFO] PluginManager:220 - loadIPPluginJar : add quadspi
2024-08-28 15:24:55,817 [INFO] IPUIPlugin:80 - create IPUIPlugin
2024-08-28 15:24:55,818 [INFO] PluginManager:220 - loadIPPluginJar : add radio
2024-08-28 15:24:55,823 [INFO] IPUIPlugin:80 - create IPUIPlugin
2024-08-28 15:24:55,823 [INFO] PluginManager:220 - loadIPPluginJar : add resmgrutility
2024-08-28 15:24:55,827 [INFO] IPUIPlugin:80 - create IPUIPlugin
2024-08-28 15:24:55,828 [INFO] PluginManager:220 - loadIPPluginJar : add sai
2024-08-28 15:24:55,832 [INFO] IPUIPlugin:80 - create IPUIPlugin
2024-08-28 15:24:55,832 [INFO] PluginManager:220 - loadIPPluginJar : add spi
2024-08-28 15:24:55,839 [INFO] IPUIPlugin:80 - create IPUIPlugin
2024-08-28 15:24:55,839 [INFO] PluginManager:220 - loadIPPluginJar : add stm32_wpan
2024-08-28 15:24:55,843 [INFO] IPUIPlugin:80 - create IPUIPlugin
2024-08-28 15:24:55,844 [INFO] PluginManager:220 - loadIPPluginJar : add tim
2024-08-28 15:24:55,849 [INFO] IPUIPlugin:80 - create IPUIPlugin
2024-08-28 15:24:55,849 [INFO] PluginManager:220 - loadIPPluginJar : add touchsensing
2024-08-28 15:24:55,860 [INFO] IPUIPlugin:80 - create IPUIPlugin
2024-08-28 15:24:55,860 [INFO] PluginManager:220 - loadIPPluginJar : add tracer_emb
2024-08-28 15:24:55,864 [INFO] IPUIPlugin:80 - create IPUIPlugin
2024-08-28 15:24:55,864 [INFO] PluginManager:220 - loadIPPluginJar : add ts
2024-08-28 15:24:55,868 [INFO] IPUIPlugin:80 - create IPUIPlugin
2024-08-28 15:24:55,868 [INFO] PluginManager:220 - loadIPPluginJar : add tsc
2024-08-28 15:24:55,872 [INFO] IPUIPlugin:80 - create IPUIPlugin
2024-08-28 15:24:55,872 [INFO] PluginManager:220 - loadIPPluginJar : add ucpd
2024-08-28 15:24:55,877 [INFO] IPUIPlugin:80 - create IPUIPlugin
2024-08-28 15:24:55,877 [INFO] PluginManager:220 - loadIPPluginJar : add usart
2024-08-28 15:24:55,883 [INFO] IPUIPlugin:80 - create IPUIPlugin
2024-08-28 15:24:55,884 [INFO] PluginManager:220 - loadIPPluginJar : add usbx
2024-08-28 15:24:55,986 [ERROR] ConfigurationRetriever:142 - IOException on connection: Connect timed out
2024-08-28 15:24:56,060 [INFO] CADModel:165 - CPN selected for project level
2024-08-28 15:24:56,061 [INFO] CADModel:114 - Register for checkConnection events
2024-08-28 15:24:56,061 [FATAL] Updater:334 - Updater called before beeing initialized
2024-08-28 15:24:56,062 [ERROR] CADModel:125 - Updater not yet initialized, retry later 
2024-08-28 15:24:56,240 [INFO] CADModel:165 - CPN selected for project level
2024-08-28 15:24:56,240 [INFO] CADModel:114 - Register for checkConnection events
2024-08-28 15:24:56,240 [FATAL] Updater:334 - Updater called before beeing initialized
2024-08-28 15:24:56,241 [ERROR] CADModel:125 - Updater not yet initialized, retry later 
2024-08-28 15:24:56,244 [FATAL] Updater:334 - Updater called before beeing initialized
2024-08-28 15:24:56,440 [FATAL] Updater:334 - Updater called before beeing initialized
2024-08-28 15:24:56,447 [INFO] DbMcusAds:53 - JSON generation date=Thu Sep 30 14:55:09 MYT 2021 (1632984909247)
2024-08-28 15:24:56,447 [FATAL] Updater:334 - Updater called before beeing initialized
2024-08-28 15:24:56,513 [WARN] DetailPanel:346 - Failed to get advertising image, set to default
2024-08-28 15:24:56,651 [FATAL] Updater:334 - Updater called before beeing initialized
2024-08-28 15:24:56,655 [FATAL] Updater:334 - Updater called before beeing initialized
2024-08-28 15:24:56,656 [FATAL] Updater:334 - Updater called before beeing initialized
2024-08-28 15:24:56,656 [WARN] DetailPanel:346 - Failed to get advertising image, set to default
2024-08-28 15:24:56,657 [FATAL] Updater:334 - Updater called before beeing initialized
2024-08-28 15:24:56,727 [ERROR] Updater:1164 - MainUpdater not yet initialized. External WinMGr cannot be set.
2024-08-28 15:24:56,729 [INFO] Updater:1100 - Updater Version found : 6.12.0
2024-08-28 15:24:56,754 [INFO] ApplicationProperties:184 - Using Application install path: C:\ST\STM32CubeIDE_1.16.0\STM32CubeIDE\plugins\com.st.stm32cube.common.mx_6.12.0.202406281431
2024-08-28 15:24:57,829 [INFO] ThirdPartyUpdaterWithRetryManager:70 - Updater plugin not ready yet. [2/15]
2024-08-28 15:24:58,337 [ERROR] LogOutputStream:75 - [STDERR_REDIRECT] Aug 28, 2024 3:24:58 PM java.util.prefs.WindowsPreferences <init>
2024-08-28 15:24:58,339 [ERROR] LogOutputStream:75 - [STDERR_REDIRECT] WARNING: Could not open/create prefs root node Software\JavaSoft\Prefs at root 0xffffffff80000002. Windows RegCreateKeyEx(...) returned error code 5.
2024-08-28 15:24:58,339 [ERROR] LogOutputStream:75 - [STDERR_REDIRECT] 
2024-08-28 15:24:58,928 [ERROR] ConfigurationRetriever:142 - IOException on connection: Connect timed out
2024-08-28 15:25:00,830 [FATAL] Updater:334 - Updater called before beeing initialized
2024-08-28 15:25:00,830 [ERROR] IntegrityCheckThread:130 - Cannot retrieve database content from updater: error 21
2024-08-28 15:25:00,831 [INFO] ThirdParty:978 - Integrity check success = false
2024-08-28 15:25:00,831 [INFO] IntegrityCheckThread:100 - exiting critical section [integrity check]
2024-08-28 15:25:00,831 [INFO] IntegrityCheckThread:103 - End integrity checks thread
2024-08-28 15:25:02,632 [WARN] CheckConnectionManager:291 - Warning during Server Connection :  timeout Connect to sw-center.st.com:443 [sw-center.st.com/184.28.173.51, sw-center.st.com/184.28.173.18] failed: Connect timed out
2024-08-28 15:25:03,931 [ERROR] ConfigurationRetriever:142 - IOException on connection: Connect timed out
2024-08-28 15:25:06,640 [WARN] CheckConnectionManager:291 - Warning during Server Connection :  timeout Connect to sw-center.st.com:443 [sw-center.st.com/184.28.173.51, sw-center.st.com/184.28.173.18] failed: Connect timed out
2024-08-28 15:25:06,645 [INFO] MainUpdater:2873 - connection check result : 22
2024-08-28 15:25:06,646 [INFO] MainUpdater:290 - Updater Check For Update Now.
2024-08-28 15:25:06,646 [INFO] MicroXplorer:498 - Change Database Version : DB.6.0.120
2024-08-28 15:25:06,652 [INFO] McuFinderGlobals:63 - Set McuFinder mode to 2 (CubeIDE integrated)
2024-08-28 15:25:06,652 [INFO] UserAuth:179 - activating auth plugin
2024-08-28 15:25:06,655 [INFO] UserAuth:417 - Internet connection configuration mode: 2
2024-08-28 15:25:06,679 [INFO] UserAuth:417 - Internet connection configuration mode: 2
2024-08-28 15:25:06,843 [INFO] CheckServerUpdateThread:120 - End of CheckServer Thread
2024-08-28 15:25:08,933 [ERROR] ConfigurationRetriever:142 - IOException on connection: Connect timed out
2024-08-28 15:51:43,062 [ERROR] ConfigurationRetriever:142 - IOException on connection: Connect timed out
2024-08-28 15:51:45,065 [ERROR] ConfigurationRetriever:142 - IOException on connection: Connect timed out
2024-08-28 15:51:47,068 [ERROR] ConfigurationRetriever:142 - IOException on connection: Connect timed out
2024-08-28 15:51:48,608 [ERROR] LogOutputStream:75 - [STDERR_REDIRECT] 
