2024-08-28 15:51:58,288 [INFO] Activator:176 - 


2024-08-28 15:51:58,296 [INFO] Activator:177 - !SESSION log4j initialized
2024-08-28 15:52:04,687 [INFO] LogOutputStream:77 - [STDOUT_REDIRECT] 
2024-08-28 15:52:06,745 [INFO] ApplicationProperties:184 - Using Application install path: C:\ST\STM32CubeIDE_1.16.0\STM32CubeIDE\plugins\com.st.stm32cube.common.mx_6.12.0.202406281431
2024-08-28 15:52:06,764 [INFO] DbMcusXml:78 - Set database path to: C:\ST\STM32CubeIDE_1.16.0\STM32CubeIDE\plugins\com.st.stm32cube.common.mx_6.12.0.202406281431\\db\/mcu/
2024-08-28 15:52:06,764 [INFO] ApiDb:274 - Set plugin database path to: C:\ST\STM32CubeIDE_1.16.0\STM32CubeIDE\plugins\com.st.stm32cube.common.mx_6.12.0.202406281431\\db\/plugins/boardmanager/
2024-08-28 15:52:06,765 [WARN] ApiDb:259 - Overriding images path with different value:  => C:\ST\STM32CubeIDE_1.16.0\STM32CubeIDE\plugins\com.st.stm32cube.common.mx_6.12.0.202406281431\\db\/plugins/mcufinder/images/
2024-08-28 15:52:06,773 [INFO] ApiDb:250 - Set database path to: C:\Users\zchua\.stmcufinder\plugins\mcufinder//mcu/
2024-08-28 15:52:06,774 [INFO] DbMcusAds:125 - Set database path to: C:\Users\zchua\.stmcufinder\plugins\mcufinder//mcu/
2024-08-28 15:52:06,776 [INFO] CrossReferenceDbSqlite:203 - Set database path to: C:\Users\zchua\.stmcufinder\plugins\mcufinder//mcu/cs/
2024-08-28 15:52:06,907 [INFO] RulesReader:64 - Compatibility file has been processed (297 Rules)
2024-08-28 15:52:07,040 [INFO] DbMcusXml:78 - Set database path to: C:\ST\STM32CubeIDE_1.16.0\STM32CubeIDE\plugins\com.st.stm32cube.common.mx_6.12.0.202406281431\\db\/mcu/
2024-08-28 15:52:07,040 [INFO] ApiDb:274 - Set plugin database path to: C:\ST\STM32CubeIDE_1.16.0\STM32CubeIDE\plugins\com.st.stm32cube.common.mx_6.12.0.202406281431\\db\/plugins/boardmanager/
2024-08-28 15:52:07,040 [INFO] ApiDb:261 - Set plugin images path to: C:\ST\STM32CubeIDE_1.16.0\STM32CubeIDE\plugins\com.st.stm32cube.common.mx_6.12.0.202406281431\\db\/plugins/mcufinder/images/
2024-08-28 15:52:07,041 [WARN] DbFile:41 - Overriding database path with different value: C:\Users\zchua\.stmcufinder\plugins\mcufinder/ => C:\Users\zchua\.stmcufinder\plugins\mcufinder
2024-08-28 15:52:07,041 [INFO] ApiDb:250 - Set database path to: C:\Users\zchua\.stmcufinder\plugins\mcufinder//mcu/
2024-08-28 15:52:07,041 [WARN] DbFile:41 - Overriding database path with different value: C:\Users\zchua\.stmcufinder\plugins\mcufinder/ => C:\Users\zchua\.stmcufinder\plugins\mcufinder
2024-08-28 15:52:07,041 [INFO] DbMcusAds:125 - Set database path to: C:\Users\zchua\.stmcufinder\plugins\mcufinder//mcu/
2024-08-28 15:52:07,041 [WARN] DbFile:41 - Overriding database path with different value: C:\Users\zchua\.stmcufinder\plugins\mcufinder/ => C:\Users\zchua\.stmcufinder\plugins\mcufinder
2024-08-28 15:52:07,041 [WARN] DbFile:41 - Overriding database path with different value: C:\Users\zchua\.stmcufinder\plugins\mcufinder/ => C:\Users\zchua\.stmcufinder\plugins\mcufinder
2024-08-28 15:52:07,041 [INFO] CrossReferenceDbSqlite:203 - Set database path to: C:\Users\zchua\.stmcufinder\plugins\mcufinder//mcu/cs/
2024-08-28 15:52:07,175 [INFO] MainPanel:268 - HeapMemory: 268435456
2024-08-28 15:52:07,280 [INFO] DbMcusXml:78 - Set database path to: C:\ST\STM32CubeIDE_1.16.0\STM32CubeIDE\plugins\com.st.stm32cube.common.mx_6.12.0.202406281431\\db\/mcu/
2024-08-28 15:52:07,281 [INFO] ApiDb:274 - Set plugin database path to: C:\ST\STM32CubeIDE_1.16.0\STM32CubeIDE\plugins\com.st.stm32cube.common.mx_6.12.0.202406281431\\db\/plugins/boardmanager/
2024-08-28 15:52:07,281 [INFO] ApiDb:261 - Set plugin images path to: C:\ST\STM32CubeIDE_1.16.0\STM32CubeIDE\plugins\com.st.stm32cube.common.mx_6.12.0.202406281431\\db\/plugins/mcufinder/images/
2024-08-28 15:52:07,281 [WARN] DbFile:41 - Overriding database path with different value: C:\Users\zchua\.stmcufinder\plugins\mcufinder/ => C:\Users\zchua\.stmcufinder\plugins\mcufinder
2024-08-28 15:52:07,281 [INFO] ApiDb:250 - Set database path to: C:\Users\zchua\.stmcufinder\plugins\mcufinder//mcu/
2024-08-28 15:52:07,281 [WARN] DbFile:41 - Overriding database path with different value: C:\Users\zchua\.stmcufinder\plugins\mcufinder/ => C:\Users\zchua\.stmcufinder\plugins\mcufinder
2024-08-28 15:52:07,281 [INFO] DbMcusAds:125 - Set database path to: C:\Users\zchua\.stmcufinder\plugins\mcufinder//mcu/
2024-08-28 15:52:07,282 [WARN] DbFile:41 - Overriding database path with different value: C:\Users\zchua\.stmcufinder\plugins\mcufinder/ => C:\Users\zchua\.stmcufinder\plugins\mcufinder
2024-08-28 15:52:07,282 [WARN] DbFile:41 - Overriding database path with different value: C:\Users\zchua\.stmcufinder\plugins\mcufinder/ => C:\Users\zchua\.stmcufinder\plugins\mcufinder
2024-08-28 15:52:07,282 [INFO] CrossReferenceDbSqlite:203 - Set database path to: C:\Users\zchua\.stmcufinder\plugins\mcufinder//mcu/cs/
2024-08-28 15:52:07,309 [INFO] ApplicationProperties:184 - Using Application install path: C:\ST\STM32CubeIDE_1.16.0\STM32CubeIDE\plugins\com.st.stm32cube.common.mx_6.12.0.202406281431
2024-08-28 15:52:07,311 [INFO] PluginManage:196 - Search for loadable plugins [exclusion list=, ]
2024-08-28 15:52:07,313 [INFO] PluginManage:310 - Check plugin analytics
2024-08-28 15:52:07,547 [INFO] AnalyticsPlugin:253 - Accepted Software Licenses: 
2024-08-28 15:52:07,548 [INFO] AnalyticsPlugin:255 - Accepted CMSIS Pack Licenses: 
2024-08-28 15:52:07,548 [INFO] AnalyticsPlugin:257 - Accepted Firmware Licenses: 
2024-08-28 15:52:07,553 [INFO] PluginManage:359 - Loaded plugin analytics (category:tool,tabindex:-1)
2024-08-28 15:52:07,555 [INFO] PluginManage:310 - Check plugin cadmodel
2024-08-28 15:52:07,562 [INFO] CADModel:105 - Init CAD model plugin
2024-08-28 15:52:07,562 [INFO] PluginManage:359 - Loaded plugin cadmodel (category:power,tabindex:5)
2024-08-28 15:52:07,563 [INFO] PluginManage:310 - Check plugin clock
2024-08-28 15:52:07,579 [INFO] PluginManage:359 - Loaded plugin clock (category:base,tabindex:2)
2024-08-28 15:52:07,580 [INFO] PluginManage:310 - Check plugin ddr
2024-08-28 15:52:07,585 [INFO] PluginManage:359 - Loaded plugin ddr (category:tool,tabindex:6)
2024-08-28 15:52:07,585 [INFO] PluginManage:310 - Check plugin filemanager
2024-08-28 15:52:07,833 [INFO] PluginManage:359 - Loaded plugin filemanager (category:base,tabindex:10)
2024-08-28 15:52:07,833 [INFO] PluginManage:310 - Check plugin ipmanager
2024-08-28 15:52:07,847 [INFO] PluginManage:359 - Loaded plugin ipmanager (category:base,tabindex:5)
2024-08-28 15:52:07,847 [INFO] PluginManage:310 - Check plugin lpbam
2024-08-28 15:52:07,859 [INFO] PluginManage:359 - Loaded plugin lpbam (category:base,tabindex:0)
2024-08-28 15:52:07,859 [INFO] PluginManage:310 - Check plugin memorymap
2024-08-28 15:52:07,874 [INFO] PluginManage:359 - Loaded plugin memorymap (category:base,tabindex:4)
2024-08-28 15:52:07,876 [INFO] PluginManage:310 - Check plugin pinoutandconfiguration
2024-08-28 15:52:07,887 [INFO] PluginManage:359 - Loaded plugin pinoutandconfiguration (category:base,tabindex:1)
2024-08-28 15:52:07,887 [INFO] PluginManage:310 - Check plugin pinoutconfig
2024-08-28 15:52:07,987 [WARN] SupportedApi:132 - Cannot load RTOS API schema: s4s-elt-must-match.1: The content of 'definitions' must match (annotation?, (simpleType | complexType)?, (unique | key | keyref)*)). A problem was found starting at: attribute.
2024-08-28 15:52:08,109 [ERROR] ConfigurationRetriever:142 - IOException on connection: Connect timed out
2024-08-28 15:52:08,149 [INFO] PluginManage:359 - Loaded plugin pinoutconfig (category:base,tabindex:0)
2024-08-28 15:52:08,150 [INFO] PluginManage:310 - Check plugin power
2024-08-28 15:52:08,161 [INFO] PluginManage:359 - Loaded plugin power (category:power,tabindex:4)
2024-08-28 15:52:08,162 [INFO] PluginManage:310 - Check plugin projectmanager
2024-08-28 15:52:08,189 [INFO] PluginManage:359 - Loaded plugin projectmanager (category:projectmanager,tabindex:4)
2024-08-28 15:52:08,189 [INFO] PluginManage:310 - Check plugin rif
2024-08-28 15:52:08,197 [INFO] PluginManage:359 - Loaded plugin rif (category:base,tabindex:3)
2024-08-28 15:52:08,197 [INFO] PluginManage:310 - Check plugin thirdparty
2024-08-28 15:52:08,347 [INFO] PluginManage:359 - Loaded plugin thirdparty (category:base,tabindex:-1)
2024-08-28 15:52:08,346 [WARN] IntegrityCheckThread:84 - waiting for thirdparty lock release [integrity check]
2024-08-28 15:52:08,347 [INFO] PluginManage:310 - Check plugin tools
2024-08-28 15:52:08,347 [INFO] IntegrityCheckThread:86 - entering critical section [integrity check]
2024-08-28 15:52:08,347 [INFO] ThirdPartyUpdaterWithRetryManager:70 - Updater plugin not ready yet. [1/15]
2024-08-28 15:52:08,350 [INFO] PluginManage:359 - Loaded plugin tools (category:base,tabindex:7)
2024-08-28 15:52:08,351 [INFO] PluginManage:310 - Check plugin tutovideos
2024-08-28 15:52:08,514 [INFO] PluginManage:359 - Loaded plugin tutovideos (category:base,tabindex:-1)
2024-08-28 15:52:08,514 [INFO] PluginManage:310 - Check plugin updater
2024-08-28 15:52:08,529 [INFO] PluginManage:359 - Loaded plugin updater (category:base,tabindex:12)
2024-08-28 15:52:08,530 [INFO] PluginManage:310 - Check plugin userauth
2024-08-28 15:52:08,534 [INFO] UserAuth:113 - Init User Auth plugin
2024-08-28 15:52:08,534 [INFO] PluginManage:359 - Loaded plugin userauth (category:base,tabindex:14)
2024-08-28 15:52:08,535 [INFO] PluginManage:283 - PluginManage : Loaded plugins [18]
2024-08-28 15:52:08,781 [INFO] PinOutPanel:1561 - setPackage(No Configuration,No Configuration)
2024-08-28 15:52:08,929 [INFO] CADModel:165 - CPN selected for project level
2024-08-28 15:52:08,929 [INFO] CADModel:114 - Register for checkConnection events
2024-08-28 15:52:08,953 [INFO] IPUIPlugin:80 - create IPUIPlugin
2024-08-28 15:52:08,953 [INFO] PluginManager:220 - loadIPPluginJar : add adc
2024-08-28 15:52:08,956 [INFO] IPUIPlugin:80 - create IPUIPlugin
2024-08-28 15:52:08,956 [INFO] PluginManager:220 - loadIPPluginJar : add aes
2024-08-28 15:52:08,959 [INFO] IPUIPlugin:80 - create IPUIPlugin
2024-08-28 15:52:08,960 [INFO] PluginManager:220 - loadIPPluginJar : add can
2024-08-28 15:52:08,961 [INFO] IPUIPlugin:80 - create IPUIPlugin
2024-08-28 15:52:08,962 [INFO] PluginManager:220 - loadIPPluginJar : add comp
2024-08-28 15:52:08,964 [INFO] IPUIPlugin:80 - create IPUIPlugin
2024-08-28 15:52:08,964 [INFO] PluginManager:220 - loadIPPluginJar : add cryp
2024-08-28 15:52:08,966 [INFO] IPUIPlugin:80 - create IPUIPlugin
2024-08-28 15:52:08,966 [INFO] PluginManager:220 - loadIPPluginJar : add ddr_ctrl_phy
2024-08-28 15:52:08,969 [INFO] IPUIPlugin:80 - create IPUIPlugin
2024-08-28 15:52:08,969 [INFO] PluginManager:220 - loadIPPluginJar : add dfsdm
2024-08-28 15:52:08,975 [INFO] IPUIPlugin:80 - create IPUIPlugin
2024-08-28 15:52:08,975 [INFO] PluginManager:220 - loadIPPluginJar : add dma
2024-08-28 15:52:08,978 [INFO] IPUIPlugin:80 - create IPUIPlugin
2024-08-28 15:52:08,978 [INFO] PluginManager:220 - loadIPPluginJar : add dma3
2024-08-28 15:52:08,981 [INFO] IPUIPlugin:80 - create IPUIPlugin
2024-08-28 15:52:08,982 [INFO] PluginManager:220 - loadIPPluginJar : add extmemmanager
2024-08-28 15:52:08,984 [INFO] IPUIPlugin:80 - create IPUIPlugin
2024-08-28 15:52:08,984 [INFO] PluginManager:220 - loadIPPluginJar : add fatfs
2024-08-28 15:52:08,989 [INFO] IPUIPlugin:80 - create IPUIPlugin
2024-08-28 15:52:08,989 [INFO] PluginManager:220 - loadIPPluginJar : add fmc
2024-08-28 15:52:08,994 [INFO] IPUIPlugin:80 - create IPUIPlugin
2024-08-28 15:52:08,995 [INFO] PluginManager:220 - loadIPPluginJar : add freertos
2024-08-28 15:52:08,996 [INFO] IPUIPlugin:80 - create IPUIPlugin
2024-08-28 15:52:08,996 [INFO] PluginManager:220 - loadIPPluginJar : add genericplugin
2024-08-28 15:52:08,998 [INFO] IPUIPlugin:80 - create IPUIPlugin
2024-08-28 15:52:08,998 [INFO] PluginManager:220 - loadIPPluginJar : add gfxmmu
2024-08-28 15:52:09,002 [INFO] IPUIPlugin:80 - create IPUIPlugin
2024-08-28 15:52:09,003 [INFO] PluginManager:220 - loadIPPluginJar : add gic
2024-08-28 15:52:09,006 [INFO] IPUIPlugin:80 - create IPUIPlugin
2024-08-28 15:52:09,006 [INFO] PluginManager:220 - loadIPPluginJar : add gpio
2024-08-28 15:52:09,009 [INFO] IPUIPlugin:80 - create IPUIPlugin
2024-08-28 15:52:09,009 [INFO] PluginManager:220 - loadIPPluginJar : add gtzc
2024-08-28 15:52:09,011 [INFO] IPUIPlugin:80 - create IPUIPlugin
2024-08-28 15:52:09,011 [INFO] PluginManager:220 - loadIPPluginJar : add hash
2024-08-28 15:52:09,014 [INFO] IPUIPlugin:80 - create IPUIPlugin
2024-08-28 15:52:09,014 [INFO] PluginManager:220 - loadIPPluginJar : add i2c
2024-08-28 15:52:09,016 [INFO] IPUIPlugin:80 - create IPUIPlugin
2024-08-28 15:52:09,016 [INFO] PluginManager:220 - loadIPPluginJar : add i2s
2024-08-28 15:52:09,018 [INFO] IPUIPlugin:80 - create IPUIPlugin
2024-08-28 15:52:09,018 [INFO] PluginManager:220 - loadIPPluginJar : add i3c
2024-08-28 15:52:09,021 [INFO] IPUIPlugin:80 - create IPUIPlugin
2024-08-28 15:52:09,022 [INFO] PluginManager:220 - loadIPPluginJar : add ipddr
2024-08-28 15:52:09,028 [INFO] IPUIPlugin:80 - create IPUIPlugin
2024-08-28 15:52:09,028 [INFO] PluginManager:220 - loadIPPluginJar : add linkedlist
2024-08-28 15:52:09,031 [INFO] IPUIPlugin:80 - create IPUIPlugin
2024-08-28 15:52:09,031 [INFO] PluginManager:220 - loadIPPluginJar : add lorawan
2024-08-28 15:52:09,032 [INFO] IPUIPlugin:80 - create IPUIPlugin
2024-08-28 15:52:09,032 [INFO] PluginManager:220 - loadIPPluginJar : add ltdc
2024-08-28 15:52:09,038 [INFO] IPUIPlugin:80 - create IPUIPlugin
2024-08-28 15:52:09,038 [INFO] PluginManager:220 - loadIPPluginJar : add mdma
2024-08-28 15:52:09,041 [INFO] IPUIPlugin:80 - create IPUIPlugin
2024-08-28 15:52:09,041 [INFO] PluginManager:220 - loadIPPluginJar : add nvic
2024-08-28 15:52:09,044 [INFO] IPUIPlugin:80 - create IPUIPlugin
2024-08-28 15:52:09,044 [INFO] PluginManager:220 - loadIPPluginJar : add opamp
2024-08-28 15:52:09,047 [INFO] IPUIPlugin:80 - create IPUIPlugin
2024-08-28 15:52:09,047 [INFO] PluginManager:220 - loadIPPluginJar : add openamp
2024-08-28 15:52:09,052 [INFO] IPUIPlugin:80 - create IPUIPlugin
2024-08-28 15:52:09,053 [INFO] PluginManager:220 - loadIPPluginJar : add pdm2pcm
2024-08-28 15:52:09,060 [INFO] IPUIPlugin:80 - create IPUIPlugin
2024-08-28 15:52:09,063 [INFO] PluginManager:220 - loadIPPluginJar : add plateformsettings
2024-08-28 15:52:09,065 [INFO] IPUIPlugin:80 - create IPUIPlugin
2024-08-28 15:52:09,065 [INFO] PluginManager:220 - loadIPPluginJar : add quadspi
2024-08-28 15:52:09,067 [INFO] IPUIPlugin:80 - create IPUIPlugin
2024-08-28 15:52:09,068 [INFO] PluginManager:220 - loadIPPluginJar : add radio
2024-08-28 15:52:09,072 [INFO] IPUIPlugin:80 - create IPUIPlugin
2024-08-28 15:52:09,072 [INFO] PluginManager:220 - loadIPPluginJar : add resmgrutility
2024-08-28 15:52:09,076 [INFO] IPUIPlugin:80 - create IPUIPlugin
2024-08-28 15:52:09,076 [INFO] PluginManager:220 - loadIPPluginJar : add sai
2024-08-28 15:52:09,078 [INFO] IPUIPlugin:80 - create IPUIPlugin
2024-08-28 15:52:09,078 [INFO] PluginManager:220 - loadIPPluginJar : add spi
2024-08-28 15:52:09,083 [INFO] IPUIPlugin:80 - create IPUIPlugin
2024-08-28 15:52:09,084 [INFO] PluginManager:220 - loadIPPluginJar : add stm32_wpan
2024-08-28 15:52:09,085 [INFO] IPUIPlugin:80 - create IPUIPlugin
2024-08-28 15:52:09,086 [INFO] PluginManager:220 - loadIPPluginJar : add tim
2024-08-28 15:52:09,089 [INFO] IPUIPlugin:80 - create IPUIPlugin
2024-08-28 15:52:09,089 [INFO] PluginManager:220 - loadIPPluginJar : add touchsensing
2024-08-28 15:52:09,091 [INFO] IPUIPlugin:80 - create IPUIPlugin
2024-08-28 15:52:09,091 [INFO] PluginManager:220 - loadIPPluginJar : add tracer_emb
2024-08-28 15:52:09,093 [INFO] IPUIPlugin:80 - create IPUIPlugin
2024-08-28 15:52:09,093 [INFO] PluginManager:220 - loadIPPluginJar : add ts
2024-08-28 15:52:09,097 [INFO] IPUIPlugin:80 - create IPUIPlugin
2024-08-28 15:52:09,097 [INFO] PluginManager:220 - loadIPPluginJar : add tsc
2024-08-28 15:52:09,100 [INFO] IPUIPlugin:80 - create IPUIPlugin
2024-08-28 15:52:09,100 [INFO] PluginManager:220 - loadIPPluginJar : add ucpd
2024-08-28 15:52:09,103 [INFO] IPUIPlugin:80 - create IPUIPlugin
2024-08-28 15:52:09,103 [INFO] PluginManager:220 - loadIPPluginJar : add usart
2024-08-28 15:52:09,107 [INFO] IPUIPlugin:80 - create IPUIPlugin
2024-08-28 15:52:09,107 [INFO] PluginManager:220 - loadIPPluginJar : add usbx
2024-08-28 15:52:09,250 [INFO] CADModel:165 - CPN selected for project level
2024-08-28 15:52:09,251 [INFO] CADModel:114 - Register for checkConnection events
2024-08-28 15:52:09,251 [FATAL] Updater:334 - Updater called before beeing initialized
2024-08-28 15:52:09,251 [ERROR] CADModel:125 - Updater not yet initialized, retry later 
2024-08-28 15:52:09,360 [INFO] CADModel:165 - CPN selected for project level
2024-08-28 15:52:09,360 [INFO] CADModel:114 - Register for checkConnection events
2024-08-28 15:52:09,360 [FATAL] Updater:334 - Updater called before beeing initialized
2024-08-28 15:52:09,361 [ERROR] CADModel:125 - Updater not yet initialized, retry later 
2024-08-28 15:52:09,364 [FATAL] Updater:334 - Updater called before beeing initialized
2024-08-28 15:52:09,493 [FATAL] Updater:334 - Updater called before beeing initialized
2024-08-28 15:52:09,498 [INFO] DbMcusAds:53 - JSON generation date=Thu Sep 30 14:55:09 MYT 2021 (1632984909247)
2024-08-28 15:52:09,498 [FATAL] Updater:334 - Updater called before beeing initialized
2024-08-28 15:52:09,548 [WARN] DetailPanel:346 - Failed to get advertising image, set to default
2024-08-28 15:52:09,685 [FATAL] Updater:334 - Updater called before beeing initialized
2024-08-28 15:52:09,687 [FATAL] Updater:334 - Updater called before beeing initialized
2024-08-28 15:52:09,687 [FATAL] Updater:334 - Updater called before beeing initialized
2024-08-28 15:52:09,687 [WARN] DetailPanel:346 - Failed to get advertising image, set to default
2024-08-28 15:52:09,688 [FATAL] Updater:334 - Updater called before beeing initialized
2024-08-28 15:52:09,742 [ERROR] Updater:1164 - MainUpdater not yet initialized. External WinMGr cannot be set.
2024-08-28 15:52:09,745 [INFO] Updater:1100 - Updater Version found : 6.12.0
2024-08-28 15:52:09,764 [INFO] ApplicationProperties:184 - Using Application install path: C:\ST\STM32CubeIDE_1.16.0\STM32CubeIDE\plugins\com.st.stm32cube.common.mx_6.12.0.202406281431
2024-08-28 15:52:10,112 [ERROR] ConfigurationRetriever:142 - IOException on connection: Connect timed out
2024-08-28 15:52:11,339 [ERROR] LogOutputStream:75 - [STDERR_REDIRECT] Aug 28, 2024 3:52:11 PM java.util.prefs.WindowsPreferences <init>
2024-08-28 15:52:11,340 [ERROR] LogOutputStream:75 - [STDERR_REDIRECT] WARNING: Could not open/create prefs root node Software\JavaSoft\Prefs at root 0xffffffff80000002. Windows RegCreateKeyEx(...) returned error code 5.
2024-08-28 15:52:11,340 [ERROR] LogOutputStream:75 - [STDERR_REDIRECT] 
2024-08-28 15:52:11,348 [INFO] ThirdPartyUpdaterWithRetryManager:70 - Updater plugin not ready yet. [2/15]
2024-08-28 15:52:12,114 [ERROR] ConfigurationRetriever:142 - IOException on connection: Connect timed out
2024-08-28 15:52:12,555 [ERROR] ConfigurationRetriever:142 - IOException on connection: Connect timed out
2024-08-28 15:52:14,351 [FATAL] Updater:334 - Updater called before beeing initialized
2024-08-28 15:52:14,351 [ERROR] IntegrityCheckThread:130 - Cannot retrieve database content from updater: error 21
2024-08-28 15:52:14,352 [INFO] ThirdParty:978 - Integrity check success = false
2024-08-28 15:52:14,352 [INFO] IntegrityCheckThread:100 - exiting critical section [integrity check]
2024-08-28 15:52:14,352 [INFO] IntegrityCheckThread:103 - End integrity checks thread
2024-08-28 15:52:15,562 [WARN] CheckConnectionManager:291 - Warning during Server Connection :  timeout Connect to sw-center.st.com:443 [sw-center.st.com/184.28.173.51, sw-center.st.com/184.28.173.18] failed: Connect timed out
2024-08-28 15:52:17,558 [ERROR] ConfigurationRetriever:142 - IOException on connection: Connect timed out
2024-08-28 15:52:19,568 [WARN] CheckConnectionManager:291 - Warning during Server Connection :  timeout Connect to sw-center.st.com:443 [sw-center.st.com/184.28.173.51, sw-center.st.com/184.28.173.18] failed: Connect timed out
2024-08-28 15:52:19,574 [INFO] MainUpdater:2873 - connection check result : 22
2024-08-28 15:52:19,576 [INFO] MainUpdater:290 - Updater Check For Update Now.
2024-08-28 15:52:19,576 [INFO] MicroXplorer:498 - Change Database Version : DB.6.0.120
2024-08-28 15:52:19,584 [INFO] McuFinderGlobals:63 - Set McuFinder mode to 2 (CubeIDE integrated)
2024-08-28 15:52:19,597 [INFO] UserAuth:179 - activating auth plugin
2024-08-28 15:52:19,602 [INFO] UserAuth:417 - Internet connection configuration mode: 2
2024-08-28 15:52:19,656 [INFO] UserAuth:417 - Internet connection configuration mode: 2
2024-08-28 15:52:19,845 [INFO] CheckServerUpdateThread:120 - End of CheckServer Thread
2024-08-28 15:52:22,562 [ERROR] ConfigurationRetriever:142 - IOException on connection: Connect timed out
2024-08-28 22:33:53,907 [INFO] Activator:176 - 


2024-08-28 22:33:53,910 [INFO] Activator:177 - !SESSION log4j initialized
2024-08-28 22:34:01,609 [INFO] LogOutputStream:77 - [STDOUT_REDIRECT] 
2024-08-28 22:34:04,381 [INFO] ApplicationProperties:184 - Using Application install path: C:\ST\STM32CubeIDE_1.16.0\STM32CubeIDE\plugins\com.st.stm32cube.common.mx_6.12.0.202406281431
2024-08-28 22:34:04,414 [INFO] DbMcusXml:78 - Set database path to: C:\ST\STM32CubeIDE_1.16.0\STM32CubeIDE\plugins\com.st.stm32cube.common.mx_6.12.0.202406281431\\db\/mcu/
2024-08-28 22:34:04,415 [INFO] ApiDb:274 - Set plugin database path to: C:\ST\STM32CubeIDE_1.16.0\STM32CubeIDE\plugins\com.st.stm32cube.common.mx_6.12.0.202406281431\\db\/plugins/boardmanager/
2024-08-28 22:34:04,415 [WARN] ApiDb:259 - Overriding images path with different value:  => C:\ST\STM32CubeIDE_1.16.0\STM32CubeIDE\plugins\com.st.stm32cube.common.mx_6.12.0.202406281431\\db\/plugins/mcufinder/images/
2024-08-28 22:34:04,433 [INFO] ApiDb:250 - Set database path to: C:\Users\zchua\.stmcufinder\plugins\mcufinder//mcu/
2024-08-28 22:34:04,435 [INFO] DbMcusAds:125 - Set database path to: C:\Users\zchua\.stmcufinder\plugins\mcufinder//mcu/
2024-08-28 22:34:04,440 [INFO] CrossReferenceDbSqlite:203 - Set database path to: C:\Users\zchua\.stmcufinder\plugins\mcufinder//mcu/cs/
2024-08-28 22:34:04,595 [INFO] RulesReader:64 - Compatibility file has been processed (297 Rules)
2024-08-28 22:34:04,722 [INFO] DbMcusXml:78 - Set database path to: C:\ST\STM32CubeIDE_1.16.0\STM32CubeIDE\plugins\com.st.stm32cube.common.mx_6.12.0.202406281431\\db\/mcu/
2024-08-28 22:34:04,722 [INFO] ApiDb:274 - Set plugin database path to: C:\ST\STM32CubeIDE_1.16.0\STM32CubeIDE\plugins\com.st.stm32cube.common.mx_6.12.0.202406281431\\db\/plugins/boardmanager/
2024-08-28 22:34:04,722 [INFO] ApiDb:261 - Set plugin images path to: C:\ST\STM32CubeIDE_1.16.0\STM32CubeIDE\plugins\com.st.stm32cube.common.mx_6.12.0.202406281431\\db\/plugins/mcufinder/images/
2024-08-28 22:34:04,722 [WARN] DbFile:41 - Overriding database path with different value: C:\Users\zchua\.stmcufinder\plugins\mcufinder/ => C:\Users\zchua\.stmcufinder\plugins\mcufinder
2024-08-28 22:34:04,722 [INFO] ApiDb:250 - Set database path to: C:\Users\zchua\.stmcufinder\plugins\mcufinder//mcu/
2024-08-28 22:34:04,723 [WARN] DbFile:41 - Overriding database path with different value: C:\Users\zchua\.stmcufinder\plugins\mcufinder/ => C:\Users\zchua\.stmcufinder\plugins\mcufinder
2024-08-28 22:34:04,723 [INFO] DbMcusAds:125 - Set database path to: C:\Users\zchua\.stmcufinder\plugins\mcufinder//mcu/
2024-08-28 22:34:04,723 [WARN] DbFile:41 - Overriding database path with different value: C:\Users\zchua\.stmcufinder\plugins\mcufinder/ => C:\Users\zchua\.stmcufinder\plugins\mcufinder
2024-08-28 22:34:04,723 [WARN] DbFile:41 - Overriding database path with different value: C:\Users\zchua\.stmcufinder\plugins\mcufinder/ => C:\Users\zchua\.stmcufinder\plugins\mcufinder
2024-08-28 22:34:04,723 [INFO] CrossReferenceDbSqlite:203 - Set database path to: C:\Users\zchua\.stmcufinder\plugins\mcufinder//mcu/cs/
2024-08-28 22:34:04,847 [INFO] MainPanel:268 - HeapMemory: 268435456
2024-08-28 22:34:04,984 [INFO] DbMcusXml:78 - Set database path to: C:\ST\STM32CubeIDE_1.16.0\STM32CubeIDE\plugins\com.st.stm32cube.common.mx_6.12.0.202406281431\\db\/mcu/
2024-08-28 22:34:04,984 [INFO] ApiDb:274 - Set plugin database path to: C:\ST\STM32CubeIDE_1.16.0\STM32CubeIDE\plugins\com.st.stm32cube.common.mx_6.12.0.202406281431\\db\/plugins/boardmanager/
2024-08-28 22:34:04,985 [INFO] ApiDb:261 - Set plugin images path to: C:\ST\STM32CubeIDE_1.16.0\STM32CubeIDE\plugins\com.st.stm32cube.common.mx_6.12.0.202406281431\\db\/plugins/mcufinder/images/
2024-08-28 22:34:04,986 [WARN] DbFile:41 - Overriding database path with different value: C:\Users\zchua\.stmcufinder\plugins\mcufinder/ => C:\Users\zchua\.stmcufinder\plugins\mcufinder
2024-08-28 22:34:04,986 [INFO] ApiDb:250 - Set database path to: C:\Users\zchua\.stmcufinder\plugins\mcufinder//mcu/
2024-08-28 22:34:04,987 [WARN] DbFile:41 - Overriding database path with different value: C:\Users\zchua\.stmcufinder\plugins\mcufinder/ => C:\Users\zchua\.stmcufinder\plugins\mcufinder
2024-08-28 22:34:04,987 [INFO] DbMcusAds:125 - Set database path to: C:\Users\zchua\.stmcufinder\plugins\mcufinder//mcu/
2024-08-28 22:34:04,987 [WARN] DbFile:41 - Overriding database path with different value: C:\Users\zchua\.stmcufinder\plugins\mcufinder/ => C:\Users\zchua\.stmcufinder\plugins\mcufinder
2024-08-28 22:34:04,987 [WARN] DbFile:41 - Overriding database path with different value: C:\Users\zchua\.stmcufinder\plugins\mcufinder/ => C:\Users\zchua\.stmcufinder\plugins\mcufinder
2024-08-28 22:34:04,987 [INFO] CrossReferenceDbSqlite:203 - Set database path to: C:\Users\zchua\.stmcufinder\plugins\mcufinder//mcu/cs/
2024-08-28 22:34:05,014 [INFO] ApplicationProperties:184 - Using Application install path: C:\ST\STM32CubeIDE_1.16.0\STM32CubeIDE\plugins\com.st.stm32cube.common.mx_6.12.0.202406281431
2024-08-28 22:34:05,016 [INFO] PluginManage:196 - Search for loadable plugins [exclusion list=, ]
2024-08-28 22:34:05,018 [INFO] PluginManage:310 - Check plugin analytics
2024-08-28 22:34:05,236 [INFO] AnalyticsPlugin:253 - Accepted Software Licenses: 
2024-08-28 22:34:05,236 [INFO] AnalyticsPlugin:255 - Accepted CMSIS Pack Licenses: 
2024-08-28 22:34:05,236 [INFO] AnalyticsPlugin:257 - Accepted Firmware Licenses: 
2024-08-28 22:34:05,239 [INFO] PluginManage:359 - Loaded plugin analytics (category:tool,tabindex:-1)
2024-08-28 22:34:05,239 [INFO] PluginManage:310 - Check plugin cadmodel
2024-08-28 22:34:05,247 [INFO] CADModel:105 - Init CAD model plugin
2024-08-28 22:34:05,248 [INFO] PluginManage:359 - Loaded plugin cadmodel (category:power,tabindex:5)
2024-08-28 22:34:05,248 [INFO] PluginManage:310 - Check plugin clock
2024-08-28 22:34:05,257 [ERROR] ConfigurationRetriever:142 - IOException on connection: Connect timed out
2024-08-28 22:34:05,262 [INFO] PluginManage:359 - Loaded plugin clock (category:base,tabindex:2)
2024-08-28 22:34:05,263 [INFO] PluginManage:310 - Check plugin ddr
2024-08-28 22:34:05,268 [INFO] PluginManage:359 - Loaded plugin ddr (category:tool,tabindex:6)
2024-08-28 22:34:05,269 [INFO] PluginManage:310 - Check plugin filemanager
2024-08-28 22:34:05,485 [INFO] PluginManage:359 - Loaded plugin filemanager (category:base,tabindex:10)
2024-08-28 22:34:05,485 [INFO] PluginManage:310 - Check plugin ipmanager
2024-08-28 22:34:05,499 [INFO] PluginManage:359 - Loaded plugin ipmanager (category:base,tabindex:5)
2024-08-28 22:34:05,499 [INFO] PluginManage:310 - Check plugin lpbam
2024-08-28 22:34:05,511 [INFO] PluginManage:359 - Loaded plugin lpbam (category:base,tabindex:0)
2024-08-28 22:34:05,511 [INFO] PluginManage:310 - Check plugin memorymap
2024-08-28 22:34:05,536 [INFO] PluginManage:359 - Loaded plugin memorymap (category:base,tabindex:4)
2024-08-28 22:34:05,536 [INFO] PluginManage:310 - Check plugin pinoutandconfiguration
2024-08-28 22:34:05,549 [INFO] PluginManage:359 - Loaded plugin pinoutandconfiguration (category:base,tabindex:1)
2024-08-28 22:34:05,550 [INFO] PluginManage:310 - Check plugin pinoutconfig
2024-08-28 22:34:05,677 [WARN] SupportedApi:132 - Cannot load RTOS API schema: s4s-elt-must-match.1: The content of 'definitions' must match (annotation?, (simpleType | complexType)?, (unique | key | keyref)*)). A problem was found starting at: attribute.
2024-08-28 22:34:05,856 [INFO] PluginManage:359 - Loaded plugin pinoutconfig (category:base,tabindex:0)
2024-08-28 22:34:05,856 [INFO] PluginManage:310 - Check plugin power
2024-08-28 22:34:05,871 [INFO] PluginManage:359 - Loaded plugin power (category:power,tabindex:4)
2024-08-28 22:34:05,871 [INFO] PluginManage:310 - Check plugin projectmanager
2024-08-28 22:34:05,897 [INFO] PluginManage:359 - Loaded plugin projectmanager (category:projectmanager,tabindex:4)
2024-08-28 22:34:05,897 [INFO] PluginManage:310 - Check plugin rif
2024-08-28 22:34:05,906 [INFO] PluginManage:359 - Loaded plugin rif (category:base,tabindex:3)
2024-08-28 22:34:05,907 [INFO] PluginManage:310 - Check plugin thirdparty
2024-08-28 22:34:06,053 [INFO] PluginManage:359 - Loaded plugin thirdparty (category:base,tabindex:-1)
2024-08-28 22:34:06,053 [WARN] IntegrityCheckThread:84 - waiting for thirdparty lock release [integrity check]
2024-08-28 22:34:06,053 [INFO] PluginManage:310 - Check plugin tools
2024-08-28 22:34:06,053 [INFO] IntegrityCheckThread:86 - entering critical section [integrity check]
2024-08-28 22:34:06,054 [INFO] ThirdPartyUpdaterWithRetryManager:70 - Updater plugin not ready yet. [1/15]
2024-08-28 22:34:06,057 [INFO] PluginManage:359 - Loaded plugin tools (category:base,tabindex:7)
2024-08-28 22:34:06,057 [INFO] PluginManage:310 - Check plugin tutovideos
2024-08-28 22:34:06,268 [INFO] PluginManage:359 - Loaded plugin tutovideos (category:base,tabindex:-1)
2024-08-28 22:34:06,268 [INFO] PluginManage:310 - Check plugin updater
2024-08-28 22:34:06,291 [INFO] PluginManage:359 - Loaded plugin updater (category:base,tabindex:12)
2024-08-28 22:34:06,291 [INFO] PluginManage:310 - Check plugin userauth
2024-08-28 22:34:06,299 [INFO] UserAuth:113 - Init User Auth plugin
2024-08-28 22:34:06,299 [INFO] PluginManage:359 - Loaded plugin userauth (category:base,tabindex:14)
2024-08-28 22:34:06,299 [INFO] PluginManage:283 - PluginManage : Loaded plugins [18]
2024-08-28 22:34:06,582 [INFO] PinOutPanel:1561 - setPackage(No Configuration,No Configuration)
2024-08-28 22:34:06,740 [INFO] CADModel:165 - CPN selected for project level
2024-08-28 22:34:06,740 [INFO] CADModel:114 - Register for checkConnection events
2024-08-28 22:34:06,764 [INFO] IPUIPlugin:80 - create IPUIPlugin
2024-08-28 22:34:06,765 [INFO] PluginManager:220 - loadIPPluginJar : add adc
2024-08-28 22:34:06,769 [INFO] IPUIPlugin:80 - create IPUIPlugin
2024-08-28 22:34:06,769 [INFO] PluginManager:220 - loadIPPluginJar : add aes
2024-08-28 22:34:06,775 [INFO] IPUIPlugin:80 - create IPUIPlugin
2024-08-28 22:34:06,775 [INFO] PluginManager:220 - loadIPPluginJar : add can
2024-08-28 22:34:06,779 [INFO] IPUIPlugin:80 - create IPUIPlugin
2024-08-28 22:34:06,779 [INFO] PluginManager:220 - loadIPPluginJar : add comp
2024-08-28 22:34:06,783 [INFO] IPUIPlugin:80 - create IPUIPlugin
2024-08-28 22:34:06,783 [INFO] PluginManager:220 - loadIPPluginJar : add cryp
2024-08-28 22:34:06,789 [INFO] IPUIPlugin:80 - create IPUIPlugin
2024-08-28 22:34:06,789 [INFO] PluginManager:220 - loadIPPluginJar : add ddr_ctrl_phy
2024-08-28 22:34:06,794 [INFO] IPUIPlugin:80 - create IPUIPlugin
2024-08-28 22:34:06,794 [INFO] PluginManager:220 - loadIPPluginJar : add dfsdm
2024-08-28 22:34:06,802 [INFO] IPUIPlugin:80 - create IPUIPlugin
2024-08-28 22:34:06,802 [INFO] PluginManager:220 - loadIPPluginJar : add dma
2024-08-28 22:34:06,806 [INFO] IPUIPlugin:80 - create IPUIPlugin
2024-08-28 22:34:06,807 [INFO] PluginManager:220 - loadIPPluginJar : add dma3
2024-08-28 22:34:06,810 [INFO] IPUIPlugin:80 - create IPUIPlugin
2024-08-28 22:34:06,810 [INFO] PluginManager:220 - loadIPPluginJar : add extmemmanager
2024-08-28 22:34:06,813 [INFO] IPUIPlugin:80 - create IPUIPlugin
2024-08-28 22:34:06,813 [INFO] PluginManager:220 - loadIPPluginJar : add fatfs
2024-08-28 22:34:06,819 [INFO] IPUIPlugin:80 - create IPUIPlugin
2024-08-28 22:34:06,819 [INFO] PluginManager:220 - loadIPPluginJar : add fmc
2024-08-28 22:34:06,829 [INFO] IPUIPlugin:80 - create IPUIPlugin
2024-08-28 22:34:06,830 [INFO] PluginManager:220 - loadIPPluginJar : add freertos
2024-08-28 22:34:06,832 [INFO] IPUIPlugin:80 - create IPUIPlugin
2024-08-28 22:34:06,832 [INFO] PluginManager:220 - loadIPPluginJar : add genericplugin
2024-08-28 22:34:06,837 [INFO] IPUIPlugin:80 - create IPUIPlugin
2024-08-28 22:34:06,837 [INFO] PluginManager:220 - loadIPPluginJar : add gfxmmu
2024-08-28 22:34:06,845 [INFO] IPUIPlugin:80 - create IPUIPlugin
2024-08-28 22:34:06,846 [INFO] PluginManager:220 - loadIPPluginJar : add gic
2024-08-28 22:34:06,851 [INFO] IPUIPlugin:80 - create IPUIPlugin
2024-08-28 22:34:06,851 [INFO] PluginManager:220 - loadIPPluginJar : add gpio
2024-08-28 22:34:06,855 [INFO] IPUIPlugin:80 - create IPUIPlugin
2024-08-28 22:34:06,855 [INFO] PluginManager:220 - loadIPPluginJar : add gtzc
2024-08-28 22:34:06,858 [INFO] IPUIPlugin:80 - create IPUIPlugin
2024-08-28 22:34:06,858 [INFO] PluginManager:220 - loadIPPluginJar : add hash
2024-08-28 22:34:06,862 [INFO] IPUIPlugin:80 - create IPUIPlugin
2024-08-28 22:34:06,862 [INFO] PluginManager:220 - loadIPPluginJar : add i2c
2024-08-28 22:34:06,865 [INFO] IPUIPlugin:80 - create IPUIPlugin
2024-08-28 22:34:06,865 [INFO] PluginManager:220 - loadIPPluginJar : add i2s
2024-08-28 22:34:06,868 [INFO] IPUIPlugin:80 - create IPUIPlugin
2024-08-28 22:34:06,869 [INFO] PluginManager:220 - loadIPPluginJar : add i3c
2024-08-28 22:34:06,872 [INFO] IPUIPlugin:80 - create IPUIPlugin
2024-08-28 22:34:06,873 [INFO] PluginManager:220 - loadIPPluginJar : add ipddr
2024-08-28 22:34:06,883 [INFO] IPUIPlugin:80 - create IPUIPlugin
2024-08-28 22:34:06,883 [INFO] PluginManager:220 - loadIPPluginJar : add linkedlist
2024-08-28 22:34:06,887 [INFO] IPUIPlugin:80 - create IPUIPlugin
2024-08-28 22:34:06,887 [INFO] PluginManager:220 - loadIPPluginJar : add lorawan
2024-08-28 22:34:06,889 [INFO] IPUIPlugin:80 - create IPUIPlugin
2024-08-28 22:34:06,889 [INFO] PluginManager:220 - loadIPPluginJar : add ltdc
2024-08-28 22:34:06,897 [INFO] IPUIPlugin:80 - create IPUIPlugin
2024-08-28 22:34:06,897 [INFO] PluginManager:220 - loadIPPluginJar : add mdma
2024-08-28 22:34:06,902 [INFO] IPUIPlugin:80 - create IPUIPlugin
2024-08-28 22:34:06,902 [INFO] PluginManager:220 - loadIPPluginJar : add nvic
2024-08-28 22:34:06,905 [INFO] IPUIPlugin:80 - create IPUIPlugin
2024-08-28 22:34:06,906 [INFO] PluginManager:220 - loadIPPluginJar : add opamp
2024-08-28 22:34:06,909 [INFO] IPUIPlugin:80 - create IPUIPlugin
2024-08-28 22:34:06,909 [INFO] PluginManager:220 - loadIPPluginJar : add openamp
2024-08-28 22:34:06,913 [INFO] IPUIPlugin:80 - create IPUIPlugin
2024-08-28 22:34:06,913 [INFO] PluginManager:220 - loadIPPluginJar : add pdm2pcm
2024-08-28 22:34:06,919 [INFO] IPUIPlugin:80 - create IPUIPlugin
2024-08-28 22:34:06,922 [INFO] PluginManager:220 - loadIPPluginJar : add plateformsettings
2024-08-28 22:34:06,925 [INFO] IPUIPlugin:80 - create IPUIPlugin
2024-08-28 22:34:06,925 [INFO] PluginManager:220 - loadIPPluginJar : add quadspi
2024-08-28 22:34:06,927 [INFO] IPUIPlugin:80 - create IPUIPlugin
2024-08-28 22:34:06,927 [INFO] PluginManager:220 - loadIPPluginJar : add radio
2024-08-28 22:34:06,934 [INFO] IPUIPlugin:80 - create IPUIPlugin
2024-08-28 22:34:06,934 [INFO] PluginManager:220 - loadIPPluginJar : add resmgrutility
2024-08-28 22:34:06,937 [INFO] IPUIPlugin:80 - create IPUIPlugin
2024-08-28 22:34:06,938 [INFO] PluginManager:220 - loadIPPluginJar : add sai
2024-08-28 22:34:06,940 [INFO] IPUIPlugin:80 - create IPUIPlugin
2024-08-28 22:34:06,940 [INFO] PluginManager:220 - loadIPPluginJar : add spi
2024-08-28 22:34:06,947 [INFO] IPUIPlugin:80 - create IPUIPlugin
2024-08-28 22:34:06,947 [INFO] PluginManager:220 - loadIPPluginJar : add stm32_wpan
2024-08-28 22:34:06,951 [INFO] IPUIPlugin:80 - create IPUIPlugin
2024-08-28 22:34:06,951 [INFO] PluginManager:220 - loadIPPluginJar : add tim
2024-08-28 22:34:06,956 [INFO] IPUIPlugin:80 - create IPUIPlugin
2024-08-28 22:34:06,956 [INFO] PluginManager:220 - loadIPPluginJar : add touchsensing
2024-08-28 22:34:06,959 [INFO] IPUIPlugin:80 - create IPUIPlugin
2024-08-28 22:34:06,959 [INFO] PluginManager:220 - loadIPPluginJar : add tracer_emb
2024-08-28 22:34:06,962 [INFO] IPUIPlugin:80 - create IPUIPlugin
2024-08-28 22:34:06,962 [INFO] PluginManager:220 - loadIPPluginJar : add ts
2024-08-28 22:34:06,965 [INFO] IPUIPlugin:80 - create IPUIPlugin
2024-08-28 22:34:06,965 [INFO] PluginManager:220 - loadIPPluginJar : add tsc
2024-08-28 22:34:06,968 [INFO] IPUIPlugin:80 - create IPUIPlugin
2024-08-28 22:34:06,968 [INFO] PluginManager:220 - loadIPPluginJar : add ucpd
2024-08-28 22:34:06,972 [INFO] IPUIPlugin:80 - create IPUIPlugin
2024-08-28 22:34:06,973 [INFO] PluginManager:220 - loadIPPluginJar : add usart
2024-08-28 22:34:06,977 [INFO] IPUIPlugin:80 - create IPUIPlugin
2024-08-28 22:34:06,977 [INFO] PluginManager:220 - loadIPPluginJar : add usbx
2024-08-28 22:34:07,138 [INFO] CADModel:165 - CPN selected for project level
2024-08-28 22:34:07,139 [INFO] CADModel:114 - Register for checkConnection events
2024-08-28 22:34:07,139 [FATAL] Updater:334 - Updater called before beeing initialized
2024-08-28 22:34:07,139 [ERROR] CADModel:125 - Updater not yet initialized, retry later 
2024-08-28 22:34:07,261 [ERROR] ConfigurationRetriever:142 - IOException on connection: Connect timed out
2024-08-28 22:34:07,290 [INFO] CADModel:165 - CPN selected for project level
2024-08-28 22:34:07,290 [INFO] CADModel:114 - Register for checkConnection events
2024-08-28 22:34:07,290 [FATAL] Updater:334 - Updater called before beeing initialized
2024-08-28 22:34:07,290 [ERROR] CADModel:125 - Updater not yet initialized, retry later 
2024-08-28 22:34:07,293 [FATAL] Updater:334 - Updater called before beeing initialized
2024-08-28 22:34:07,422 [FATAL] Updater:334 - Updater called before beeing initialized
2024-08-28 22:34:07,427 [INFO] DbMcusAds:53 - JSON generation date=Thu Sep 30 14:55:09 MYT 2021 (1632984909247)
2024-08-28 22:34:07,427 [FATAL] Updater:334 - Updater called before beeing initialized
2024-08-28 22:34:07,474 [WARN] DetailPanel:346 - Failed to get advertising image, set to default
2024-08-28 22:34:07,584 [FATAL] Updater:334 - Updater called before beeing initialized
2024-08-28 22:34:07,587 [FATAL] Updater:334 - Updater called before beeing initialized
2024-08-28 22:34:07,587 [FATAL] Updater:334 - Updater called before beeing initialized
2024-08-28 22:34:07,587 [WARN] DetailPanel:346 - Failed to get advertising image, set to default
2024-08-28 22:34:07,588 [FATAL] Updater:334 - Updater called before beeing initialized
2024-08-28 22:34:07,651 [ERROR] Updater:1164 - MainUpdater not yet initialized. External WinMGr cannot be set.
2024-08-28 22:34:07,653 [INFO] Updater:1100 - Updater Version found : 6.12.0
2024-08-28 22:34:07,679 [INFO] ApplicationProperties:184 - Using Application install path: C:\ST\STM32CubeIDE_1.16.0\STM32CubeIDE\plugins\com.st.stm32cube.common.mx_6.12.0.202406281431
2024-08-28 22:34:07,963 [INFO] McuFinderGlobals:63 - Set McuFinder mode to 2 (CubeIDE integrated)
2024-08-28 22:34:09,055 [INFO] ThirdPartyUpdaterWithRetryManager:70 - Updater plugin not ready yet. [2/15]
2024-08-28 22:34:09,262 [ERROR] ConfigurationRetriever:142 - IOException on connection: Connect timed out
2024-08-28 22:34:09,267 [ERROR] LogOutputStream:75 - [STDERR_REDIRECT] Aug 28, 2024 10:34:09 PM java.util.prefs.WindowsPreferences <init>
2024-08-28 22:34:09,268 [ERROR] LogOutputStream:75 - [STDERR_REDIRECT] WARNING: Could not open/create prefs root node Software\JavaSoft\Prefs at root 0xffffffff80000002. Windows RegCreateKeyEx(...) returned error code 5.
2024-08-28 22:34:09,268 [ERROR] LogOutputStream:75 - [STDERR_REDIRECT] 
2024-08-28 22:34:10,242 [ERROR] ConfigurationRetriever:142 - IOException on connection: Connect timed out
2024-08-28 22:34:12,057 [FATAL] Updater:334 - Updater called before beeing initialized
2024-08-28 22:34:12,057 [ERROR] IntegrityCheckThread:130 - Cannot retrieve database content from updater: error 21
2024-08-28 22:34:12,057 [INFO] ThirdParty:978 - Integrity check success = false
2024-08-28 22:34:12,057 [INFO] IntegrityCheckThread:100 - exiting critical section [integrity check]
2024-08-28 22:34:12,057 [INFO] IntegrityCheckThread:103 - End integrity checks thread
2024-08-28 22:34:13,454 [WARN] CheckConnectionManager:291 - Warning during Server Connection :  timeout Connect to sw-center.st.com:443 [sw-center.st.com/23.48.226.144, sw-center.st.com/23.48.226.153] failed: Connect timed out
2024-08-28 22:34:15,246 [ERROR] ConfigurationRetriever:142 - IOException on connection: Connect timed out
2024-08-28 22:34:17,463 [WARN] CheckConnectionManager:291 - Warning during Server Connection :  timeout Connect to sw-center.st.com:443 [sw-center.st.com/23.48.226.144, sw-center.st.com/23.48.226.153] failed: Connect timed out
2024-08-28 22:34:17,472 [INFO] MainUpdater:2873 - connection check result : 22
2024-08-28 22:34:17,473 [INFO] MainUpdater:290 - Updater Check For Update Now.
2024-08-28 22:34:17,474 [INFO] MicroXplorer:498 - Change Database Version : DB.6.0.120
2024-08-28 22:34:17,493 [INFO] McuFinderGlobals:63 - Set McuFinder mode to 2 (CubeIDE integrated)
2024-08-28 22:34:17,494 [INFO] UserAuth:179 - activating auth plugin
2024-08-28 22:34:17,497 [INFO] UserAuth:417 - Internet connection configuration mode: 2
2024-08-28 22:34:17,515 [INFO] UserAuth:417 - Internet connection configuration mode: 2
2024-08-28 22:34:17,662 [INFO] CheckServerUpdateThread:120 - End of CheckServer Thread
2024-08-28 22:34:19,703 [WARN] CheckConnectionManager:291 - Warning during Server Connection :  timeout Connect to sw-center.st.com:443 [sw-center.st.com/23.48.226.144, sw-center.st.com/23.48.226.153] failed: Connect timed out
2024-08-28 22:34:20,247 [ERROR] ConfigurationRetriever:142 - IOException on connection: Connect timed out
2024-08-28 22:34:21,711 [WARN] CheckConnectionManager:291 - Warning during Server Connection :  timeout Connect to sw-center.st.com:443 [sw-center.st.com/23.48.226.144, sw-center.st.com/23.48.226.153] failed: Connect timed out
2024-08-28 22:34:21,715 [INFO] MainUpdater:2873 - connection check result : 22
2024-08-28 22:34:25,066 [INFO] ApiDb:581 - Connected to CubeFinder SQLite database (C:\Users\zchua\.stmcufinder\plugins\mcufinder\mcu\cube-finder-db.db)
2024-08-28 22:34:25,158 [INFO] ApiDb:668 - CubeFinder database Data Model version=2.1
2024-08-28 22:34:25,158 [INFO] ApiDb:669 - CubeFinder database Configuration version=3.0.39
2024-08-28 22:34:25,159 [INFO] ApiDb:670 - CubeFinder database generation date=2024-06-20 (1718880634)
2024-08-28 22:34:25,159 [INFO] ApiDb:671 - CubeFinder database FW Pack versions=[FP-ATR-ASTRA1_V2.0.0, FP-SNS-FLIGHT1_V5.0.2, FP-SNS-MOTENV1_V5.0.0, FP-SNS-MOTENVWB1_V1.4.0, FP-SNS-SMARTAG2_V1.2.0, STM32Cube_FW_C0_V1.2.0, STM32Cube_FW_F4_V1.28.0, STM32Cube_FW_F7_V1.17.2, STM32Cube_FW_G0_V1.6.2, STM32Cube_FW_G4_V1.6.0, STM32Cube_FW_H5_V1.3.0, STM32Cube_FW_H7RS_V1.1.0, STM32Cube_FW_H7_V1.11.2, STM32Cube_FW_L0_V1.12.2, STM32Cube_FW_L5_V1.5.1, STM32Cube_FW_U0_V1.1.0, STM32Cube_FW_U5_V1.6.0, STM32Cube_FW_WB0_V1.0.0, STM32Cube_FW_WBA_V1.4.0, STM32Cube_FW_WB_V1.20.0, STM32Cube_FW_WL_V1.3.0, X-CUBE-ALGOBUILD_V1.4.0, X-CUBE-ALS_V1.0.2, X-CUBE-AZRTOS-F4_V1.1.0, X-CUBE-AZRTOS-F7_V1.1.0, X-CUBE-AZRTOS-G0_V1.1.0, X-CUBE-AZRTOS-G4_V2.0.0, X-CUBE-AZRTOS-H7RS_V1.0.0, X-CUBE-AZRTOS-H7_V3.2.0, X-CUBE-AZRTOS-L4_V2.0.0, X-CUBE-AZRTOS-L5_V1.1.0, X-CUBE-AZRTOS-WB_V2.0.0, X-CUBE-AZRTOS-WL_V2.0.0, X-CUBE-BLE1_V7.0.0, X-CUBE-BLE2_V3.3.0, X-CUBE-BLEMGR_V3.1.0, X-CUBE-EEPRMA1_V5.1.0, X-CUBE-FREERTOS_V1.2.0, X-CUBE-GNSS1_V6.0.0, X-CUBE-MEMS1_V10.0.0, X-CUBE-NFC4_V3.0.0, X-CUBE-NFC7_V1.0.1, X-CUBE-SFXS2LP1_V4.0.0, X-CUBE-SUBG2_V5.0.0, X-CUBE-TOF1_V3.4.1]
2024-08-28 22:34:25,311 [INFO] DbBoardsSqlite:226 - include board P-NUCLEO-WB55-NUCLEO as a kit item of type 'Nucleo-64'
2024-08-28 22:34:25,312 [INFO] DbBoardsSqlite:226 - include board P-NUCLEO-WB55-USBDONGLE as a kit item of type 'Nucleo USB Dongle'
2024-08-28 22:34:25,313 [INFO] DbBoardsSqlite:226 - include board STEVAL-IDP005V1 as a kit item of type 'Evaluation Board'
2024-08-28 22:34:25,313 [INFO] DbBoardsSqlite:226 - include board STEVAL-IDP005V2 as a kit item of type 'Evaluation Board'
2024-08-28 22:34:25,583 [INFO] ApiDb:240 - Found 646 in-development CPN: [B-G473E-ZEST1S, B-WB1M-WPAN1, B-WL5M-SUBG1, NUCLEO-C031C6, NUCLEO-C071RB, NUCLEO-H503RB, NUCLEO-H533RE, NUCLEO-H563ZI, NUCLEO-H7S3L8, NUCLEO-U031R8, NUCLEO-U083RC, NUCLEO-U545RE-Q, NUCLEO-U5A5ZJ-Q, NUCLEO-WB05KZ, NUCLEO-WB07CC, NUCLEO-WB09KE, NUCLEO-WBA52CG, NUCLEO-WBA55CG, STEVAL-PROTEUS1, STEVAL-SMARTAG2, STEVAL-STWINBX1, STM320518-EVAL, STM32C0116-DK, STM32C011D6Y3TR, STM32C011D6Y6TR, STM32C011F4P3, STM32C011F4P6, STM32C011F4U3, STM32C011F4U6TR, STM32C011F6P3, STM32C011F6P6, STM32C011F6U3, STM32C011F6U6TR, STM32C011J4M3, STM32C011J4M6, STM32C011J6M3, STM32C011J6M6, STM32C0316-DK, STM32C031C4T3, STM32C031C4T6, STM32C031C4U3, STM32C031C4U6, STM32C031C6T3, STM32C031C6T6, STM32C031C6U3, STM32C031C6U6, STM32C031F4P3, STM32C031F4P6, STM32C031F6P3, STM32C031F6P6, STM32C031G4U3, STM32C031G4U6, STM32C031G6U3, STM32C031G6U6, STM32C031K4T3, STM32C031K4T6, STM32C031K4U3, STM32C031K4U6, STM32C031K6T3, STM32C031K6T6, STM32C031K6U3, STM32C031K6U6, STM32C071C8T6, STM32C071C8T6N, STM32C071C8U6, STM32C071C8U6N, STM32C071CBT6, STM32C071CBT6N, STM32C071CBU6, STM32C071CBU6N, STM32C071F8P6, STM32C071F8P6N, STM32C071FBP6, STM32C071FBP6N, STM32C071FBY6TR, STM32C071G8U6, STM32C071G8U6N, STM32C071GBU6, STM32C071GBU6N, STM32C071K8T6, STM32C071K8T6N, STM32C071K8U6, STM32C071K8U6N, STM32C071KBT6, STM32C071KBT6N, STM32C071KBU6, STM32C071KBU6N, STM32C071R8T6, STM32C071R8T6N, STM32C071RBI6N, STM32C071RBT6, STM32C071RBT6N, STM32G071K8TXN, STM32G071K8UXN, STM32G081GBU6N, STM32G081KBT6N, STM32G081KBUXN, STM32G0B1CCT6N, STM32G0B1KCT6, STM32G0B1NEY6TR, STM32G0B1RCT6N, STM32G0C1CCT6, STM32G0C1CCT6N, STM32G0C1CCU6N, STM32G0C1CET6N, STM32G0C1CEU6N, STM32G0C1KCT6, STM32G0C1NEY6TR, STM32G0C1RCI6N, STM32G0C1RCT6N, STM32G0C1REI6N, STM32G0C1RET6N, STM32G0C1VCI6, STM32G0C1VEI6, STM32G411C6T3, STM32G411C6T6, STM32G411C6U3, STM32G411C6U6, STM32G411C8T3, STM32G411C8T6, STM32G411C8U3, STM32G411C8U6, STM32G411CBT3, STM32G411CBT6, STM32G411CBU3, STM32G411CBU6, STM32G411K6T3, STM32G411K6T6, STM32G411K6U3, STM32G411K6U6, STM32G411K8T3, STM32G411K8T6, STM32G411K8U3, STM32G411K8U6, STM32G411KBT3, STM32G411KBT6, STM32G411KBU3, STM32G411KBU6, STM32G411M6T3, STM32G411M6T6, STM32G411M8T3, STM32G411M8T6, STM32G411MBT3, STM32G411MBT6, STM32G411R6T3, STM32G411R6T6, STM32G411R8T3, STM32G411R8T6, STM32G411RBT3, STM32G411RBT6, STM32G414CBT3, STM32G414CBT6, STM32G414CBU3, STM32G414CBU6, STM32G414CCT3, STM32G414CCT6, STM32G414CCU3, STM32G414CCU6, STM32G414MBT3, STM32G414MBT6, STM32G414MCT3, STM32G414MCT6, STM32G414RBT3, STM32G414RBT6, STM32G414RCT3, STM32G414RCT6, STM32G414VBT3, STM32G414VBT6, STM32G414VCT3, STM32G414VCT6, STM32G431CBT3Z, STM32G431RBT3Z, STM32G471CCT6, STM32G471CCU6, STM32G471CET3, STM32G471CET6, STM32G471CEU3, STM32G471CEU6, STM32G471MCT6, STM32G471MET3, STM32G471MET6, STM32G471MEY6TR, STM32G471QCT6, STM32G471QET3, STM32G471RCT6, STM32G471RET3, STM32G471RET6, STM32G471VCH6, STM32G471VCI6, STM32G471VCT6, STM32G471VEH3, STM32G471VEH6, STM32G471VEI3, STM32G471VEI6, STM32G471VET3, STM32G471VET6, STM32G473QET3Z, STM32G473RET3Z, STM32G474CCT6, STM32G491RET3Z, STM32H503CBT6, STM32H503CBU6, STM32H503EBY6TR, STM32H503KBU6, STM32H503RBT6, STM32H523CCT6, STM32H523CCU6, STM32H523CET6, STM32H523CEU6, STM32H523HEY6TR, STM32H523RCT6, STM32H523RET6, STM32H523VCI6, STM32H523VCT6, STM32H523VEI6, STM32H523VET6, STM32H523ZCJ6, STM32H523ZCT6, STM32H523ZEJ6, STM32H523ZET6, STM32H533CET6, STM32H533CEU6, STM32H533HEY6TR, STM32H533RET6, STM32H533VEI6, STM32H533VET6, STM32H533ZEJ6, STM32H533ZET6, STM32H562AGI6, STM32H562AII6, STM32H562IGK6, STM32H562IGT6, STM32H562IIK6, STM32H562IIT6, STM32H562RGT6, STM32H562RGV6, STM32H562RIT6, STM32H562RIV6, STM32H562VGT6, STM32H562VIT6, STM32H562ZGT6, STM32H562ZIT6, STM32H563AGI6, STM32H563AII3Q, STM32H563AII6, STM32H563IGK6, STM32H563IGT6, STM32H563IIK3Q, STM32H563IIK6, STM32H563IIT3Q, STM32H563IIT6, STM32H563MIY3QTR, STM32H563RGT6, STM32H563RGV6, STM32H563RIT6, STM32H563RIV6, STM32H563VGT6, STM32H563VIT3Q, STM32H563VIT6, STM32H563ZGT6, STM32H563ZIT3Q, STM32H563ZIT6, STM32H573AII3Q, STM32H573AII6, STM32H573I-DK, STM32H573IIK3Q, STM32H573IIK6, STM32H573IIT3Q, STM32H573IIT6, STM32H573MIY3QTR, STM32H573RIT6, STM32H573RIV6, STM32H573VIT3Q, STM32H573VIT6, STM32H573ZIT3Q, STM32H573ZIT6, STM32H7R3A8I6, STM32H7R3I8K6, STM32H7R3I8T6, STM32H7R3L8H6, STM32H7R3L8H6H, STM32H7R3R8V6, STM32H7R3V8H6, STM32H7R3V8T6, STM32H7R3V8Y6TR, STM32H7R3Z8J6, STM32H7R3Z8T6, STM32H7R7A8I6, STM32H7R7I8K6, STM32H7R7I8T6, STM32H7R7L8H6, STM32H7R7L8H6H, STM32H7R7Z8J6, STM32H7S3A8I6, STM32H7S3I8K6, STM32H7S3I8T6, STM32H7S3L8H6, STM32H7S3L8H6H, STM32H7S3R8V6, STM32H7S3V8H6, STM32H7S3V8T6, STM32H7S3V8Y6TR, STM32H7S3Z8J6, STM32H7S3Z8T6, STM32H7S78-DK, STM32H7S7A8I6, STM32H7S7I8K6, STM32H7S7I8T6, STM32H7S7L8H6, STM32H7S7L8H6H, STM32H7S7Z8J6, STM32L4R5QGI6STR, STM32MP131AAE3, STM32MP131AAF3, STM32MP131AAG3, STM32MP131CAE3, STM32MP131CAF3, STM32MP131CAG3, STM32MP131DAE7, STM32MP131DAF7, STM32MP131DAG7, STM32MP131FAE7, STM32MP131FAF7, STM32MP131FAG7, STM32MP133AAE3, STM32MP133AAF3, STM32MP133AAG3, STM32MP133CAE3, STM32MP133CAF3, STM32MP133CAG3, STM32MP133DAE7, STM32MP133DAF7, STM32MP133DAG7, STM32MP133FAE7, STM32MP133FAF7, STM32MP133FAG7, STM32MP135AAE3, STM32MP135AAF3, STM32MP135AAG3, STM32MP135CAE3, STM32MP135CAF3, STM32MP135CAG3, STM32MP135DAE7, STM32MP135DAF7, STM32MP135DAG7, STM32MP135F-DK, STM32MP135FAE7, STM32MP135FAF7, STM32MP135FAF7T, STM32MP135FAF7U, STM32MP135FAG7, STM32MP251AAI3, STM32MP251AAK3, STM32MP251AAL3, STM32MP251CAI3, STM32MP251CAK3, STM32MP251CAL3, STM32MP251DAI3, STM32MP251DAK3, STM32MP251DAL3, STM32MP251FAI3, STM32MP251FAK3, STM32MP251FAL3, STM32MP253AAI3, STM32MP253AAK3, STM32MP253AAL3, STM32MP253CAI3, STM32MP253CAK3, STM32MP253CAL3, STM32MP253DAI3, STM32MP253DAK3, STM32MP253DAL3, STM32MP253FAI3, STM32MP253FAK3, STM32MP253FAL3, STM32MP255AAI3, STM32MP255AAK3, STM32MP255AAL3, STM32MP255CAI3, STM32MP255CAK3, STM32MP255CAL3, STM32MP255DAI3, STM32MP255DAK3, STM32MP255DAL3, STM32MP255FAI3, STM32MP255FAK3, STM32MP255FAL3, STM32MP257AAI3, STM32MP257AAK3, STM32MP257AAL3, STM32MP257CAI3, STM32MP257CAK3, STM32MP257CAL3, STM32MP257DAI3, STM32MP257DAK3, STM32MP257DAL3, STM32MP257F-DK, STM32MP257F-EV1, STM32MP257FAI3, STM32MP257FAK3, STM32MP257FAL3, STM32U031C6T6, STM32U031C6U6, STM32U031C8T6, STM32U031C8U6, STM32U031F4P6, STM32U031F6P6, STM32U031F8P6, STM32U031G6Y6TR, STM32U031G8Y6TR, STM32U031K4U6, STM32U031K6U6, STM32U031K8U6, STM32U031R6I6, STM32U031R6T6, STM32U031R8I6, STM32U031R8T6, STM32U073C8T6, STM32U073C8U6, STM32U073CBT6, STM32U073CBU6, STM32U073CCT6, STM32U073CCU6, STM32U073H8Y6TR, STM32U073HBY6TR, STM32U073HCY6TR, STM32U073K8U6, STM32U073KBU6, STM32U073KCU6, STM32U073M8I6, STM32U073M8T6, STM32U073MBI6, STM32U073MBT6, STM32U073MCI6, STM32U073MCT6, STM32U073R8I6, STM32U073R8T6, STM32U073RBI6, STM32U073RBT6, STM32U073RCI6, STM32U073RCT6, STM32U083C-DK, STM32U083CCT6, STM32U083CCU6, STM32U083HCY6TR, STM32U083KCU6, STM32U083MCI6, STM32U083MCT6, STM32U083RCI6, STM32U083RCT6, STM32U535CBT6, STM32U535CBT6Q, STM32U535CBU6, STM32U535CBU6Q, STM32U535CCT6, STM32U535CCT6Q, STM32U535CCU6, STM32U535CCU6Q, STM32U535CET6, STM32U535CET6Q, STM32U535CEU6, STM32U535CEU6Q, STM32U535JEY6QTR, STM32U535NCY6QTR, STM32U535NEY6QTR, STM32U535RBI6, STM32U535RBI6Q, STM32U535RBT6, STM32U535RBT6Q, STM32U535RCI6, STM32U535RCI6Q, STM32U535RCT6, STM32U535RCT6Q, STM32U535REI6, STM32U535REI6Q, STM32U535RET6, STM32U535RET6Q, STM32U535VCI6, STM32U535VCI6Q, STM32U535VCT6, STM32U535VCT6Q, STM32U535VEI6, STM32U535VEI6Q, STM32U535VET6, STM32U535VET6Q, STM32U545CET6, STM32U545CET6Q, STM32U545CEU6, STM32U545CEU6Q, STM32U545JEY6QTR, STM32U545NEY6QTR, STM32U545REI6, STM32U545REI6Q, STM32U545RET6, STM32U545RET6Q, STM32U545VEI6, STM32U545VEI6Q, STM32U545VET6, STM32U545VET6Q, STM32U595AIH6, STM32U595AIH6Q, STM32U595AJH6, STM32U595AJH6Q, STM32U595QII6, STM32U595QII6Q, STM32U595QJI6, STM32U595QJI6Q, STM32U595RIT6, STM32U595RIT6Q, STM32U595RJT6, STM32U595RJT6Q, STM32U595VIT6, STM32U595VIT6Q, STM32U595VJT6, STM32U595VJT6Q, STM32U595ZIT6, STM32U595ZIT6Q, STM32U595ZIY6QTR, STM32U595ZJT6, STM32U595ZJT6Q, STM32U595ZJY6QTR, STM32U599BJY6QTR, STM32U599NIH6Q, STM32U599NJH6Q, STM32U599VIT6Q, STM32U599VJT6, STM32U599VJT6Q, STM32U599ZIT6Q, STM32U599ZIY6QTR, STM32U599ZJT6Q, STM32U599ZJY6QTR, STM32U5A5AJH6, STM32U5A5AJH6Q, STM32U5A5QII3Q , STM32U5A5QJI6, STM32U5A5QJI6Q, STM32U5A5RJT6, STM32U5A5RJT6Q, STM32U5A5VJT6, STM32U5A5VJT6Q, STM32U5A5ZJT6, STM32U5A5ZJT6Q, STM32U5A5ZJY6QTR, STM32U5A9BJY6QTR, STM32U5A9J-DK, STM32U5A9NJH6Q, STM32U5A9VJT6Q, STM32U5A9ZJT6Q, STM32U5A9ZJY6QTR, STM32U5F7VIT6, STM32U5F7VIT6Q, STM32U5F7VJT6, STM32U5F7VJT6Q, STM32U5F9BJY6QTR, STM32U5F9NJH6Q, STM32U5F9VIT6Q, STM32U5F9VJT6Q, STM32U5F9ZIJ6QTR, STM32U5F9ZIT6Q, STM32U5F9ZJJ6QTR, STM32U5F9ZJT6Q, STM32U5G7VJT6, STM32U5G7VJT6Q, STM32U5G9BJY6QTR, STM32U5G9J-DK1, STM32U5G9J-DK2, STM32U5G9NJH6Q, STM32U5G9VJT6Q, STM32U5G9ZJJ6QTR, STM32U5G9ZJT6Q, STM32WB05KZV6TR, STM32WB05KZV7TR, STM32WB05TZF6TR, STM32WB05TZF7TR, STM32WB06CCF6TR, STM32WB06CCF7TR, STM32WB06CCV6TR, STM32WB06CCV7TR, STM32WB06KCV6TR, STM32WB06KCV7TR, STM32WB07CCF6TR, STM32WB07CCF7TR, STM32WB07CCV6TR, STM32WB07CCV7TR, STM32WB07KCV6TR, STM32WB07KCV7TR, STM32WB09KEV6TR, STM32WB09KEV7TR, STM32WB09TEF6TR, STM32WB09TEF7TR, STM32WB1MMCH6, STM32WBA50KGU6, STM32WBA50KGU6TR, STM32WBA52CEU6, STM32WBA52CEU6TR, STM32WBA52CEU7, STM32WBA52CEU7TR, STM32WBA52CGU6, STM32WBA52CGU6TR, STM32WBA52CGU6U, STM32WBA52CGU7, STM32WBA52CGU7TR, STM32WBA52KEU6, STM32WBA52KEU6TR, STM32WBA52KGU6, STM32WBA52KGU6TR, STM32WBA54CEU6, STM32WBA54CEU6TR, STM32WBA54CEU7, STM32WBA54CEU7TR, STM32WBA54CGU6, STM32WBA54CGU6TR, STM32WBA54CGU7, STM32WBA54CGU7TR, STM32WBA54KEU6, STM32WBA54KEU6TR, STM32WBA54KEU7, STM32WBA54KEU7TR, STM32WBA54KGU6, STM32WBA54KGU6TR, STM32WBA54KGU7, STM32WBA54KGU7TR, STM32WBA55CEU6, STM32WBA55CEU6TR, STM32WBA55CEU7, STM32WBA55CEU7TR, STM32WBA55CGU6, STM32WBA55CGU6TR, STM32WBA55CGU6U, STM32WBA55CGU7, STM32WBA55CGU7TR, STM32WBA55G-DK1, STM32WBA55HEF6, STM32WBA55HEF7, STM32WBA55HGF6, STM32WBA55HGF7, STM32WBA55UEI6, STM32WBA55UEI6TR, STM32WBA55UEI7, STM32WBA55UEI7TR, STM32WBA55UGI6, STM32WBA55UGI6TR, STM32WBA55UGI7, STM32WBA55UGI7TR, STM32WL5MOCH6, STM32WL5MOCH6TR]
2024-08-28 22:34:25,772 [INFO] BoardInfo:889 - No configuration file found for board P-NUCLEO-WB55
2024-08-28 22:34:25,773 [INFO] DbBoards:161 - Kit is not supported: P-NUCLEO-WB55
2024-08-28 22:34:25,780 [INFO] BoardInfo:889 - No configuration file found for board STEVAL-BFA001V1B
2024-08-28 22:34:25,780 [INFO] DbBoards:161 - Kit is not supported: STEVAL-BFA001V1B
2024-08-28 22:34:25,782 [INFO] BoardInfo:889 - No configuration file found for board STEVAL-BFA001V2B
2024-08-28 22:34:25,782 [INFO] DbBoards:161 - Kit is not supported: STEVAL-BFA001V2B
2024-08-28 22:34:25,950 [INFO] DbBoards:168 - Found 201 boards, 198 are supported
2024-08-28 22:34:25,950 [INFO] DbBoards:169 - Found 201 boards, 25 of them is supported for  Bsp
2024-08-28 22:34:25,955 [INFO] ApiDb:668 - CubeFinder database Data Model version=2.1
2024-08-28 22:34:25,955 [INFO] ApiDb:669 - CubeFinder database Configuration version=3.0.39
2024-08-28 22:34:25,956 [INFO] ApiDb:670 - CubeFinder database generation date=2024-06-20 (1718880634)
2024-08-28 22:34:25,956 [INFO] ApiDb:671 - CubeFinder database FW Pack versions=[FP-ATR-ASTRA1_V2.0.0, FP-SNS-FLIGHT1_V5.0.2, FP-SNS-MOTENV1_V5.0.0, FP-SNS-MOTENVWB1_V1.4.0, FP-SNS-SMARTAG2_V1.2.0, STM32Cube_FW_C0_V1.2.0, STM32Cube_FW_F4_V1.28.0, STM32Cube_FW_F7_V1.17.2, STM32Cube_FW_G0_V1.6.2, STM32Cube_FW_G4_V1.6.0, STM32Cube_FW_H5_V1.3.0, STM32Cube_FW_H7RS_V1.1.0, STM32Cube_FW_H7_V1.11.2, STM32Cube_FW_L0_V1.12.2, STM32Cube_FW_L5_V1.5.1, STM32Cube_FW_U0_V1.1.0, STM32Cube_FW_U5_V1.6.0, STM32Cube_FW_WB0_V1.0.0, STM32Cube_FW_WBA_V1.4.0, STM32Cube_FW_WB_V1.20.0, STM32Cube_FW_WL_V1.3.0, X-CUBE-ALGOBUILD_V1.4.0, X-CUBE-ALS_V1.0.2, X-CUBE-AZRTOS-F4_V1.1.0, X-CUBE-AZRTOS-F7_V1.1.0, X-CUBE-AZRTOS-G0_V1.1.0, X-CUBE-AZRTOS-G4_V2.0.0, X-CUBE-AZRTOS-H7RS_V1.0.0, X-CUBE-AZRTOS-H7_V3.2.0, X-CUBE-AZRTOS-L4_V2.0.0, X-CUBE-AZRTOS-L5_V1.1.0, X-CUBE-AZRTOS-WB_V2.0.0, X-CUBE-AZRTOS-WL_V2.0.0, X-CUBE-BLE1_V7.0.0, X-CUBE-BLE2_V3.3.0, X-CUBE-BLEMGR_V3.1.0, X-CUBE-EEPRMA1_V5.1.0, X-CUBE-FREERTOS_V1.2.0, X-CUBE-GNSS1_V6.0.0, X-CUBE-MEMS1_V10.0.0, X-CUBE-NFC4_V3.0.0, X-CUBE-NFC7_V1.0.1, X-CUBE-SFXS2LP1_V4.0.0, X-CUBE-SUBG2_V5.0.0, X-CUBE-TOF1_V3.4.1]
2024-08-28 22:34:27,661 [INFO] ApiDb:240 - Found 646 in-development CPN: [B-G473E-ZEST1S, B-WB1M-WPAN1, B-WL5M-SUBG1, NUCLEO-C031C6, NUCLEO-C071RB, NUCLEO-H503RB, NUCLEO-H533RE, NUCLEO-H563ZI, NUCLEO-H7S3L8, NUCLEO-U031R8, NUCLEO-U083RC, NUCLEO-U545RE-Q, NUCLEO-U5A5ZJ-Q, NUCLEO-WB05KZ, NUCLEO-WB07CC, NUCLEO-WB09KE, NUCLEO-WBA52CG, NUCLEO-WBA55CG, STEVAL-PROTEUS1, STEVAL-SMARTAG2, STEVAL-STWINBX1, STM320518-EVAL, STM32C0116-DK, STM32C011D6Y3TR, STM32C011D6Y6TR, STM32C011F4P3, STM32C011F4P6, STM32C011F4U3, STM32C011F4U6TR, STM32C011F6P3, STM32C011F6P6, STM32C011F6U3, STM32C011F6U6TR, STM32C011J4M3, STM32C011J4M6, STM32C011J6M3, STM32C011J6M6, STM32C0316-DK, STM32C031C4T3, STM32C031C4T6, STM32C031C4U3, STM32C031C4U6, STM32C031C6T3, STM32C031C6T6, STM32C031C6U3, STM32C031C6U6, STM32C031F4P3, STM32C031F4P6, STM32C031F6P3, STM32C031F6P6, STM32C031G4U3, STM32C031G4U6, STM32C031G6U3, STM32C031G6U6, STM32C031K4T3, STM32C031K4T6, STM32C031K4U3, STM32C031K4U6, STM32C031K6T3, STM32C031K6T6, STM32C031K6U3, STM32C031K6U6, STM32C071C8T6, STM32C071C8T6N, STM32C071C8U6, STM32C071C8U6N, STM32C071CBT6, STM32C071CBT6N, STM32C071CBU6, STM32C071CBU6N, STM32C071F8P6, STM32C071F8P6N, STM32C071FBP6, STM32C071FBP6N, STM32C071FBY6TR, STM32C071G8U6, STM32C071G8U6N, STM32C071GBU6, STM32C071GBU6N, STM32C071K8T6, STM32C071K8T6N, STM32C071K8U6, STM32C071K8U6N, STM32C071KBT6, STM32C071KBT6N, STM32C071KBU6, STM32C071KBU6N, STM32C071R8T6, STM32C071R8T6N, STM32C071RBI6N, STM32C071RBT6, STM32C071RBT6N, STM32G071K8TXN, STM32G071K8UXN, STM32G081GBU6N, STM32G081KBT6N, STM32G081KBUXN, STM32G0B1CCT6N, STM32G0B1KCT6, STM32G0B1NEY6TR, STM32G0B1RCT6N, STM32G0C1CCT6, STM32G0C1CCT6N, STM32G0C1CCU6N, STM32G0C1CET6N, STM32G0C1CEU6N, STM32G0C1KCT6, STM32G0C1NEY6TR, STM32G0C1RCI6N, STM32G0C1RCT6N, STM32G0C1REI6N, STM32G0C1RET6N, STM32G0C1VCI6, STM32G0C1VEI6, STM32G411C6T3, STM32G411C6T6, STM32G411C6U3, STM32G411C6U6, STM32G411C8T3, STM32G411C8T6, STM32G411C8U3, STM32G411C8U6, STM32G411CBT3, STM32G411CBT6, STM32G411CBU3, STM32G411CBU6, STM32G411K6T3, STM32G411K6T6, STM32G411K6U3, STM32G411K6U6, STM32G411K8T3, STM32G411K8T6, STM32G411K8U3, STM32G411K8U6, STM32G411KBT3, STM32G411KBT6, STM32G411KBU3, STM32G411KBU6, STM32G411M6T3, STM32G411M6T6, STM32G411M8T3, STM32G411M8T6, STM32G411MBT3, STM32G411MBT6, STM32G411R6T3, STM32G411R6T6, STM32G411R8T3, STM32G411R8T6, STM32G411RBT3, STM32G411RBT6, STM32G414CBT3, STM32G414CBT6, STM32G414CBU3, STM32G414CBU6, STM32G414CCT3, STM32G414CCT6, STM32G414CCU3, STM32G414CCU6, STM32G414MBT3, STM32G414MBT6, STM32G414MCT3, STM32G414MCT6, STM32G414RBT3, STM32G414RBT6, STM32G414RCT3, STM32G414RCT6, STM32G414VBT3, STM32G414VBT6, STM32G414VCT3, STM32G414VCT6, STM32G431CBT3Z, STM32G431RBT3Z, STM32G471CCT6, STM32G471CCU6, STM32G471CET3, STM32G471CET6, STM32G471CEU3, STM32G471CEU6, STM32G471MCT6, STM32G471MET3, STM32G471MET6, STM32G471MEY6TR, STM32G471QCT6, STM32G471QET3, STM32G471RCT6, STM32G471RET3, STM32G471RET6, STM32G471VCH6, STM32G471VCI6, STM32G471VCT6, STM32G471VEH3, STM32G471VEH6, STM32G471VEI3, STM32G471VEI6, STM32G471VET3, STM32G471VET6, STM32G473QET3Z, STM32G473RET3Z, STM32G474CCT6, STM32G491RET3Z, STM32H503CBT6, STM32H503CBU6, STM32H503EBY6TR, STM32H503KBU6, STM32H503RBT6, STM32H523CCT6, STM32H523CCU6, STM32H523CET6, STM32H523CEU6, STM32H523HEY6TR, STM32H523RCT6, STM32H523RET6, STM32H523VCI6, STM32H523VCT6, STM32H523VEI6, STM32H523VET6, STM32H523ZCJ6, STM32H523ZCT6, STM32H523ZEJ6, STM32H523ZET6, STM32H533CET6, STM32H533CEU6, STM32H533HEY6TR, STM32H533RET6, STM32H533VEI6, STM32H533VET6, STM32H533ZEJ6, STM32H533ZET6, STM32H562AGI6, STM32H562AII6, STM32H562IGK6, STM32H562IGT6, STM32H562IIK6, STM32H562IIT6, STM32H562RGT6, STM32H562RGV6, STM32H562RIT6, STM32H562RIV6, STM32H562VGT6, STM32H562VIT6, STM32H562ZGT6, STM32H562ZIT6, STM32H563AGI6, STM32H563AII3Q, STM32H563AII6, STM32H563IGK6, STM32H563IGT6, STM32H563IIK3Q, STM32H563IIK6, STM32H563IIT3Q, STM32H563IIT6, STM32H563MIY3QTR, STM32H563RGT6, STM32H563RGV6, STM32H563RIT6, STM32H563RIV6, STM32H563VGT6, STM32H563VIT3Q, STM32H563VIT6, STM32H563ZGT6, STM32H563ZIT3Q, STM32H563ZIT6, STM32H573AII3Q, STM32H573AII6, STM32H573I-DK, STM32H573IIK3Q, STM32H573IIK6, STM32H573IIT3Q, STM32H573IIT6, STM32H573MIY3QTR, STM32H573RIT6, STM32H573RIV6, STM32H573VIT3Q, STM32H573VIT6, STM32H573ZIT3Q, STM32H573ZIT6, STM32H7R3A8I6, STM32H7R3I8K6, STM32H7R3I8T6, STM32H7R3L8H6, STM32H7R3L8H6H, STM32H7R3R8V6, STM32H7R3V8H6, STM32H7R3V8T6, STM32H7R3V8Y6TR, STM32H7R3Z8J6, STM32H7R3Z8T6, STM32H7R7A8I6, STM32H7R7I8K6, STM32H7R7I8T6, STM32H7R7L8H6, STM32H7R7L8H6H, STM32H7R7Z8J6, STM32H7S3A8I6, STM32H7S3I8K6, STM32H7S3I8T6, STM32H7S3L8H6, STM32H7S3L8H6H, STM32H7S3R8V6, STM32H7S3V8H6, STM32H7S3V8T6, STM32H7S3V8Y6TR, STM32H7S3Z8J6, STM32H7S3Z8T6, STM32H7S78-DK, STM32H7S7A8I6, STM32H7S7I8K6, STM32H7S7I8T6, STM32H7S7L8H6, STM32H7S7L8H6H, STM32H7S7Z8J6, STM32L4R5QGI6STR, STM32MP131AAE3, STM32MP131AAF3, STM32MP131AAG3, STM32MP131CAE3, STM32MP131CAF3, STM32MP131CAG3, STM32MP131DAE7, STM32MP131DAF7, STM32MP131DAG7, STM32MP131FAE7, STM32MP131FAF7, STM32MP131FAG7, STM32MP133AAE3, STM32MP133AAF3, STM32MP133AAG3, STM32MP133CAE3, STM32MP133CAF3, STM32MP133CAG3, STM32MP133DAE7, STM32MP133DAF7, STM32MP133DAG7, STM32MP133FAE7, STM32MP133FAF7, STM32MP133FAG7, STM32MP135AAE3, STM32MP135AAF3, STM32MP135AAG3, STM32MP135CAE3, STM32MP135CAF3, STM32MP135CAG3, STM32MP135DAE7, STM32MP135DAF7, STM32MP135DAG7, STM32MP135F-DK, STM32MP135FAE7, STM32MP135FAF7, STM32MP135FAF7T, STM32MP135FAF7U, STM32MP135FAG7, STM32MP251AAI3, STM32MP251AAK3, STM32MP251AAL3, STM32MP251CAI3, STM32MP251CAK3, STM32MP251CAL3, STM32MP251DAI3, STM32MP251DAK3, STM32MP251DAL3, STM32MP251FAI3, STM32MP251FAK3, STM32MP251FAL3, STM32MP253AAI3, STM32MP253AAK3, STM32MP253AAL3, STM32MP253CAI3, STM32MP253CAK3, STM32MP253CAL3, STM32MP253DAI3, STM32MP253DAK3, STM32MP253DAL3, STM32MP253FAI3, STM32MP253FAK3, STM32MP253FAL3, STM32MP255AAI3, STM32MP255AAK3, STM32MP255AAL3, STM32MP255CAI3, STM32MP255CAK3, STM32MP255CAL3, STM32MP255DAI3, STM32MP255DAK3, STM32MP255DAL3, STM32MP255FAI3, STM32MP255FAK3, STM32MP255FAL3, STM32MP257AAI3, STM32MP257AAK3, STM32MP257AAL3, STM32MP257CAI3, STM32MP257CAK3, STM32MP257CAL3, STM32MP257DAI3, STM32MP257DAK3, STM32MP257DAL3, STM32MP257F-DK, STM32MP257F-EV1, STM32MP257FAI3, STM32MP257FAK3, STM32MP257FAL3, STM32U031C6T6, STM32U031C6U6, STM32U031C8T6, STM32U031C8U6, STM32U031F4P6, STM32U031F6P6, STM32U031F8P6, STM32U031G6Y6TR, STM32U031G8Y6TR, STM32U031K4U6, STM32U031K6U6, STM32U031K8U6, STM32U031R6I6, STM32U031R6T6, STM32U031R8I6, STM32U031R8T6, STM32U073C8T6, STM32U073C8U6, STM32U073CBT6, STM32U073CBU6, STM32U073CCT6, STM32U073CCU6, STM32U073H8Y6TR, STM32U073HBY6TR, STM32U073HCY6TR, STM32U073K8U6, STM32U073KBU6, STM32U073KCU6, STM32U073M8I6, STM32U073M8T6, STM32U073MBI6, STM32U073MBT6, STM32U073MCI6, STM32U073MCT6, STM32U073R8I6, STM32U073R8T6, STM32U073RBI6, STM32U073RBT6, STM32U073RCI6, STM32U073RCT6, STM32U083C-DK, STM32U083CCT6, STM32U083CCU6, STM32U083HCY6TR, STM32U083KCU6, STM32U083MCI6, STM32U083MCT6, STM32U083RCI6, STM32U083RCT6, STM32U535CBT6, STM32U535CBT6Q, STM32U535CBU6, STM32U535CBU6Q, STM32U535CCT6, STM32U535CCT6Q, STM32U535CCU6, STM32U535CCU6Q, STM32U535CET6, STM32U535CET6Q, STM32U535CEU6, STM32U535CEU6Q, STM32U535JEY6QTR, STM32U535NCY6QTR, STM32U535NEY6QTR, STM32U535RBI6, STM32U535RBI6Q, STM32U535RBT6, STM32U535RBT6Q, STM32U535RCI6, STM32U535RCI6Q, STM32U535RCT6, STM32U535RCT6Q, STM32U535REI6, STM32U535REI6Q, STM32U535RET6, STM32U535RET6Q, STM32U535VCI6, STM32U535VCI6Q, STM32U535VCT6, STM32U535VCT6Q, STM32U535VEI6, STM32U535VEI6Q, STM32U535VET6, STM32U535VET6Q, STM32U545CET6, STM32U545CET6Q, STM32U545CEU6, STM32U545CEU6Q, STM32U545JEY6QTR, STM32U545NEY6QTR, STM32U545REI6, STM32U545REI6Q, STM32U545RET6, STM32U545RET6Q, STM32U545VEI6, STM32U545VEI6Q, STM32U545VET6, STM32U545VET6Q, STM32U595AIH6, STM32U595AIH6Q, STM32U595AJH6, STM32U595AJH6Q, STM32U595QII6, STM32U595QII6Q, STM32U595QJI6, STM32U595QJI6Q, STM32U595RIT6, STM32U595RIT6Q, STM32U595RJT6, STM32U595RJT6Q, STM32U595VIT6, STM32U595VIT6Q, STM32U595VJT6, STM32U595VJT6Q, STM32U595ZIT6, STM32U595ZIT6Q, STM32U595ZIY6QTR, STM32U595ZJT6, STM32U595ZJT6Q, STM32U595ZJY6QTR, STM32U599BJY6QTR, STM32U599NIH6Q, STM32U599NJH6Q, STM32U599VIT6Q, STM32U599VJT6, STM32U599VJT6Q, STM32U599ZIT6Q, STM32U599ZIY6QTR, STM32U599ZJT6Q, STM32U599ZJY6QTR, STM32U5A5AJH6, STM32U5A5AJH6Q, STM32U5A5QII3Q , STM32U5A5QJI6, STM32U5A5QJI6Q, STM32U5A5RJT6, STM32U5A5RJT6Q, STM32U5A5VJT6, STM32U5A5VJT6Q, STM32U5A5ZJT6, STM32U5A5ZJT6Q, STM32U5A5ZJY6QTR, STM32U5A9BJY6QTR, STM32U5A9J-DK, STM32U5A9NJH6Q, STM32U5A9VJT6Q, STM32U5A9ZJT6Q, STM32U5A9ZJY6QTR, STM32U5F7VIT6, STM32U5F7VIT6Q, STM32U5F7VJT6, STM32U5F7VJT6Q, STM32U5F9BJY6QTR, STM32U5F9NJH6Q, STM32U5F9VIT6Q, STM32U5F9VJT6Q, STM32U5F9ZIJ6QTR, STM32U5F9ZIT6Q, STM32U5F9ZJJ6QTR, STM32U5F9ZJT6Q, STM32U5G7VJT6, STM32U5G7VJT6Q, STM32U5G9BJY6QTR, STM32U5G9J-DK1, STM32U5G9J-DK2, STM32U5G9NJH6Q, STM32U5G9VJT6Q, STM32U5G9ZJJ6QTR, STM32U5G9ZJT6Q, STM32WB05KZV6TR, STM32WB05KZV7TR, STM32WB05TZF6TR, STM32WB05TZF7TR, STM32WB06CCF6TR, STM32WB06CCF7TR, STM32WB06CCV6TR, STM32WB06CCV7TR, STM32WB06KCV6TR, STM32WB06KCV7TR, STM32WB07CCF6TR, STM32WB07CCF7TR, STM32WB07CCV6TR, STM32WB07CCV7TR, STM32WB07KCV6TR, STM32WB07KCV7TR, STM32WB09KEV6TR, STM32WB09KEV7TR, STM32WB09TEF6TR, STM32WB09TEF7TR, STM32WB1MMCH6, STM32WBA50KGU6, STM32WBA50KGU6TR, STM32WBA52CEU6, STM32WBA52CEU6TR, STM32WBA52CEU7, STM32WBA52CEU7TR, STM32WBA52CGU6, STM32WBA52CGU6TR, STM32WBA52CGU6U, STM32WBA52CGU7, STM32WBA52CGU7TR, STM32WBA52KEU6, STM32WBA52KEU6TR, STM32WBA52KGU6, STM32WBA52KGU6TR, STM32WBA54CEU6, STM32WBA54CEU6TR, STM32WBA54CEU7, STM32WBA54CEU7TR, STM32WBA54CGU6, STM32WBA54CGU6TR, STM32WBA54CGU7, STM32WBA54CGU7TR, STM32WBA54KEU6, STM32WBA54KEU6TR, STM32WBA54KEU7, STM32WBA54KEU7TR, STM32WBA54KGU6, STM32WBA54KGU6TR, STM32WBA54KGU7, STM32WBA54KGU7TR, STM32WBA55CEU6, STM32WBA55CEU6TR, STM32WBA55CEU7, STM32WBA55CEU7TR, STM32WBA55CGU6, STM32WBA55CGU6TR, STM32WBA55CGU6U, STM32WBA55CGU7, STM32WBA55CGU7TR, STM32WBA55G-DK1, STM32WBA55HEF6, STM32WBA55HEF7, STM32WBA55HGF6, STM32WBA55HGF7, STM32WBA55UEI6, STM32WBA55UEI6TR, STM32WBA55UEI7, STM32WBA55UEI7TR, STM32WBA55UGI6, STM32WBA55UGI6TR, STM32WBA55UGI7, STM32WBA55UGI7TR, STM32WL5MOCH6, STM32WL5MOCH6TR]
2024-08-28 22:34:27,666 [INFO] DbMcus:218 - Found 4251 MCUs, 4251 are supported
2024-08-28 22:34:27,668 [INFO] ApiDb:423 - Load user favorites file C:\Users\zchua/.stm32cubeide/favorites.mcus.txt: 0 item(s)
2024-08-28 22:34:27,669 [INFO] ApiDb:427 - User favorites MCUs=[]
2024-08-28 22:34:27,669 [INFO] DbMcus:224 - Set 0 / 0 favorites MCUs
2024-08-28 22:34:27,892 [INFO] ApiDb:423 - Load user favorites file C:\Users\zchua/.stm32cubeide/favorites.boards.txt: 2 item(s)
2024-08-28 22:34:27,892 [INFO] ApiDb:427 - User favorites Boards=[NUCLEO-C031C6, STM32F407G-DISC1]
2024-08-28 22:34:27,893 [INFO] DbBoards:198 - Set 2 / 2 favorites Boards
2024-08-28 22:34:27,893 [INFO] McuFinderGlobals:76 - Set McuFinderConnectedMode to false
2024-08-28 22:34:27,899 [INFO] MultiScanPanel:200 - Auto-refresh data requested => check proxy status ongoing
2024-08-28 22:34:27,899 [INFO] MultiScanPanel:204 - Proxy status is invalid
2024-08-28 22:34:27,902 [INFO] FinderPluginLoader:95 - Searching for filters in installed packs
2024-08-28 22:34:29,189 [WARN] DetailPanel:346 - Failed to get advertising image, set to default
2024-08-28 22:34:32,779 [INFO] MultiScanPanel:200 - Auto-refresh data requested => check proxy status ongoing
2024-08-28 22:34:32,780 [INFO] MultiScanPanel:204 - Proxy status is invalid
2024-08-28 22:34:32,932 [WARN] DetailPanel:346 - Failed to get advertising image, set to default
2024-08-28 22:34:32,948 [INFO] DbBoards:642 - Loading board mini-images...
2024-08-28 22:34:33,259 [ERROR] DbBoards:659 - Image file not found for board NUCLEO-C071RB: C:\Users\zchua\.stmcufinder\plugins\mcufinder//mcu//boards_images/NUCLEO-C071RB.jpg
2024-08-28 22:34:34,209 [ERROR] DbBoards:659 - Image file not found for board NUCLEO-WB05KZ: C:\Users\zchua\.stmcufinder\plugins\mcufinder//mcu//boards_images/NUCLEO-WB05KZ.jpg
2024-08-28 22:34:34,209 [ERROR] DbBoards:659 - Image file not found for board NUCLEO-WB07CC: C:\Users\zchua\.stmcufinder\plugins\mcufinder//mcu//boards_images/NUCLEO-WB07CC.jpg
2024-08-28 22:34:34,210 [ERROR] DbBoards:659 - Image file not found for board NUCLEO-WB09KE: C:\Users\zchua\.stmcufinder\plugins\mcufinder//mcu//boards_images/NUCLEO-WB09KE.jpg
2024-08-28 22:34:35,287 [ERROR] DbBoards:659 - Image file not found for board STM32MP257F-DK: C:\Users\zchua\.stmcufinder\plugins\mcufinder//mcu//boards_images/STM32MP257F-DK.jpg
2024-08-28 22:34:35,287 [ERROR] DbBoards:659 - Image file not found for board STM32MP257F-EV1: C:\Users\zchua\.stmcufinder\plugins\mcufinder//mcu//boards_images/STM32MP257F-EV1.jpg
2024-08-28 22:34:35,390 [INFO] DbBoards:665 - Loaded 195 board mini-images
2024-08-28 22:34:37,575 [INFO] BoardResultTable:719 - Unmark Board STM32F407G-DISC1 as favorite
2024-08-28 22:34:56,497 [INFO] McuFinderGlobals:76 - Set McuFinderConnectedMode to true
2024-08-28 22:34:56,512 [INFO] ApiDb:448 - Save user favorites file C:\Users\zchua/.stm32cubeide/favorites.mcus.txt: 0 item(s)
2024-08-28 22:34:56,512 [INFO] ApiDb:452 - User favorites MCUs=[]
2024-08-28 22:34:56,517 [INFO] ApiDb:448 - Save user favorites file C:\Users\zchua/.stm32cubeide/favorites.boards.txt: 1 item(s)
2024-08-28 22:34:56,519 [INFO] ApiDb:452 - User favorites Boards=[NUCLEO-C031C6]
2024-08-28 22:34:58,176 [ERROR] ConfigurationRetriever:142 - IOException on connection: Connect timed out
2024-08-28 22:35:00,179 [ERROR] ConfigurationRetriever:142 - IOException on connection: Connect timed out
2024-08-28 22:35:02,180 [ERROR] ConfigurationRetriever:142 - IOException on connection: Connect timed out
2024-08-28 22:54:30,550 [ERROR] ConfigurationRetriever:142 - IOException on connection: Connect timed out
2024-08-28 22:54:32,552 [ERROR] ConfigurationRetriever:142 - IOException on connection: Connect timed out
2024-08-28 22:54:34,556 [ERROR] ConfigurationRetriever:142 - IOException on connection: Connect timed out
2024-08-28 22:55:35,915 [ERROR] ConfigurationRetriever:142 - IOException on connection: Connect timed out
2024-08-28 22:55:37,917 [ERROR] ConfigurationRetriever:142 - IOException on connection: Connect timed out
2024-08-28 22:55:39,919 [ERROR] ConfigurationRetriever:142 - IOException on connection: Connect timed out
