2024-10-03 10:20:23,616 [INFO] LogOutputStream:77 - [STDOUT_REDIRECT] 1 : Invalid condition id : UX_CORESTACK_Condition cause : null
2024-10-03 10:20:23,630 [INFO] LogOutputStream:77 - [STDOUT_REDIRECT] 1 : Invalid condition id : UX_CORESTACK_Condition cause : null
2024-10-03 10:20:23,631 [INFO] LogOutputStream:77 - [STDOUT_REDIRECT] 1 : Invalid condition id : UX_CORESTACK_Condition cause : null
2024-10-03 10:20:23,632 [INFO] LogOutputStream:77 - [STDOUT_REDIRECT] 1 : Invalid condition id : UX_CORESTACK_Condition cause : null
2024-10-03 10:20:23,634 [INFO] LogOutputStream:77 - [STDOUT_REDIRECT] 1 : Invalid condition id : UX_CORESTACK_Condition cause : null
2024-10-03 10:20:23,637 [WARN] PackLoader:240 - Cannot read IP mode file for STMicroelectronics.X-CUBE-AZRTOS-WL.2.0.0
2024-10-03 10:20:23,646 [WARN] PackLoader:240 - Cannot read IP mode file for STMicroelectronics.FP-SNS-MOTENV1.5.0.0
2024-10-03 10:20:23,654 [WARN] PackLoader:240 - Cannot read IP mode file for STMicroelectronics.X-CUBE-BLE2.3.3.0
2024-10-03 10:20:23,662 [WARN] PackLoader:240 - Cannot read IP mode file for STMicroelectronics.X-CUBE-TCPP.4.1.0
2024-10-03 10:20:23,681 [WARN] PackLoader:240 - Cannot read IP mode file for STMicroelectronics.X-CUBE-AZRTOS-G0.1.1.0
2024-10-03 10:20:23,693 [WARN] PackLoader:240 - Cannot read IP mode file for STMicroelectronics.X-CUBE-SAFEA1.1.2.2
2024-10-03 10:20:23,700 [WARN] PackLoader:240 - Cannot read IP mode file for STMicroelectronics.X-CUBE-NFC4.3.0.0
2024-10-03 10:20:23,706 [WARN] PackLoader:240 - Cannot read IP mode file for STMicroelectronics.FP-ATR-SIGFOX1.3.2.0
2024-10-03 10:20:23,715 [WARN] PackLoader:240 - Cannot read IP mode file for STMicroelectronics.X-CUBE-EEPRMA1.5.1.0
2024-10-03 10:20:23,725 [WARN] PackLoader:240 - Cannot read IP mode file for STMicroelectronics.X-CUBE-ALGOBUILD.1.4.0
2024-10-03 10:20:23,732 [WARN] PackLoader:240 - Cannot read IP mode file for STMicroelectronics.X-CUBE-GNSS1.6.0.0
2024-10-03 10:20:23,750 [WARN] PackLoader:240 - Cannot read IP mode file for STMicroelectronics.X-CUBE-AZRTOS-F4.1.1.0
2024-10-03 10:20:23,760 [WARN] PackLoader:240 - Cannot read IP mode file for STMicroelectronics.X-CUBE-FREERTOS.1.2.0
2024-10-03 10:20:23,776 [WARN] PackLoader:240 - Cannot read IP mode file for STMicroelectronics.X-CUBE-AZRTOS-L5.2.0.0
2024-10-03 10:20:23,787 [WARN] PackLoader:240 - Cannot read IP mode file for STMicroelectronics.X-CUBE-NFC6.3.1.0
2024-10-03 10:20:23,795 [WARN] PackLoader:240 - Cannot read IP mode file for STMicroelectronics.X-CUBE-DPower.1.2.0
2024-10-03 10:20:23,801 [WARN] PackLoader:240 - Cannot read IP mode file for STMicroelectronics.X-CUBE-AI.9.0.0
2024-10-03 10:20:23,808 [WARN] PackLoader:240 - Cannot read IP mode file for STMicroelectronics.X-CUBE-NFC7.1.0.1
2024-10-03 10:20:23,827 [WARN] ConditionMgr:438 - getConditionDescription Invalid condition id : LAN8742 Phy interface Condition cause : null
2024-10-03 10:20:23,827 [WARN] PackLoader:240 - Cannot read IP mode file for STMicroelectronics.X-CUBE-AZRTOS-L4.2.0.0
2024-10-03 10:20:23,828 [WARN] ConditionMgr:1039 - genDependencies : Invalid condition id : LAN8742 Phy interface Condition cause : null
2024-10-03 10:20:23,829 [WARN] ConditionMgr:1039 - genDependencies : Invalid condition id : LAN8742 Phy interface Condition cause : null
2024-10-03 10:20:23,829 [WARN] ConditionMgr:1039 - genDependencies : Invalid condition id : LAN8742 Phy interface Condition cause : null
2024-10-03 10:20:23,839 [WARN] PackLoader:240 - Cannot read IP mode file for STMicroelectronics.X-CUBE-SFXS2LP1.4.0.0
2024-10-03 10:20:23,860 [WARN] PackLoader:240 - Cannot read IP mode file for STMicroelectronics.X-CUBE-AZRTOS-H7.3.3.0
2024-10-03 10:20:23,875 [WARN] ConditionMgr:438 - getConditionDescription Invalid condition id : UX DEVICE CLASS RTOS Condition cause : null
2024-10-03 10:20:23,875 [WARN] ConditionMgr:438 - getConditionDescription Invalid condition id : UX DEVICE CLASS RTOS Condition cause : null
2024-10-03 10:20:23,878 [WARN] PackLoader:240 - Cannot read IP mode file for STMicroelectronics.X-CUBE-AZRTOS-WB.2.0.0
2024-10-03 10:20:23,879 [WARN] ConditionMgr:1039 - genDependencies : Invalid condition id : UX DEVICE CLASS RTOS Condition cause : null
2024-10-03 10:20:23,880 [WARN] ConditionMgr:1039 - genDependencies : Invalid condition id : UX DEVICE CLASS RTOS Condition cause : null
2024-10-03 10:20:23,880 [WARN] ConditionMgr:1039 - genDependencies : Invalid condition id : UX DEVICE CLASS RTOS Condition cause : null
2024-10-03 10:20:23,880 [WARN] ConditionMgr:1039 - genDependencies : Invalid condition id : UX DEVICE CLASS RTOS Condition cause : null
2024-10-03 10:20:23,880 [WARN] ConditionMgr:1039 - genDependencies : Invalid condition id : UX DEVICE CLASS RTOS Condition cause : null
2024-10-03 10:20:23,888 [WARN] PackLoader:240 - Cannot read IP mode file for STMicroelectronics.FP-SNS-STBOX1.2.0.0
2024-10-03 10:20:23,911 [WARN] PackLoader:240 - Cannot read IP mode file for STMicroelectronics.X-CUBE-SUBG2.5.0.0
2024-10-03 10:20:23,930 [WARN] PackLoader:240 - Cannot read IP mode file for STMicroelectronics.X-CUBE-AZRTOS-G4.2.0.0
2024-10-03 10:20:23,936 [WARN] PackLoader:240 - Cannot read IP mode file for STMicroelectronics.X-CUBE-ISPU.2.0.0
2024-10-03 10:20:23,943 [WARN] PackLoader:240 - Cannot read IP mode file for STMicroelectronics.X-CUBE-ALS.1.0.2
2024-10-03 10:20:23,950 [WARN] PackLoader:240 - Cannot read IP mode file for STMicroelectronics.X-CUBE-TOUCHGFX.4.24.0
2024-10-03 10:20:23,965 [WARN] PackLoader:240 - Cannot read IP mode file for STMicroelectronics.X-CUBE-AZRTOS-H7RS.1.0.0
2024-10-03 10:20:23,972 [WARN] PackLoader:240 - Cannot read IP mode file for STMicroelectronics.FP-ATR-ASTRA1.2.0.0
2024-10-03 10:20:23,983 [WARN] PackLoader:240 - Cannot read IP mode file for STMicroelectronics.X-CUBE-TOF1.3.4.2
2024-10-03 10:20:23,992 [INFO] ThirdParty:978 - Integrity check success = true
2024-10-03 10:20:23,992 [INFO] IntegrityCheckThread:100 - exiting critical section [integrity check]
2024-10-03 10:20:23,992 [INFO] IntegrityCheckThread:103 - End integrity checks thread
2024-10-03 10:20:24,010 [INFO] ProjectFactory:442 - No CPN specified for board STM32F407G-DISC1 => set CPN to STM32F407VGT6
2024-10-03 10:20:24,011 [INFO] Mcu:2032 - Initializing MCU STM32F407V(E-G)Tx STM32F407VGTx STM32F407VGT6
2024-10-03 10:20:26,073 [INFO] Context:742 - Trying to add GPIOservice into a context  which must be forbidden
2024-10-03 10:20:26,590 [INFO] Rule:228 - rule 117617 - U5Cobra4M][GTZC] default value MPCBB3 and MPCBB5 - Not Secured memory - MPCBB1 is applicable
2024-10-03 10:20:26,590 [INFO] Rule:228 - rule 117617 - U5Cobra4M][GTZC] default value MPCBB3 and MPCBB5 - Not Secured memory - MPCBB1 is applicable
2024-10-03 10:20:26,590 [INFO] Rule:228 - rule 117617 - U5Cobra4M][GTZC] default value MPCBB3 and MPCBB5 - Not Secured memory - MPCBB2 is applicable
2024-10-03 10:20:26,590 [INFO] Rule:228 - rule 117617 - U5Cobra4M][GTZC] default value MPCBB3 and MPCBB5 - Not Secured memory - MPCBB2 is applicable
2024-10-03 10:20:26,590 [INFO] Rule:228 - rule 117617 - U5Cobra4M][GTZC] default value MPCBB3 and MPCBB5 - Not Secured memory - MPCBB3 is applicable
2024-10-03 10:20:26,591 [INFO] Rule:228 - rule 117617 - U5Cobra4M][GTZC] default value MPCBB3 and MPCBB5 - Not Secured memory - MPCBB3 is applicable
2024-10-03 10:20:26,591 [INFO] Rule:228 - rule 117617 - U5Cobra4M][GTZC] default value MPCBB3 and MPCBB5 - Not Secured memory - MPCBB4 is applicable
2024-10-03 10:20:26,591 [INFO] Rule:228 - rule 117617 - U5Cobra4M][GTZC] default value MPCBB3 and MPCBB5 - Not Secured memory - MPCBB4 is applicable
2024-10-03 10:20:26,591 [INFO] Rule:228 - rule 117617 - U5Cobra4M][GTZC] default value MPCBB3 and MPCBB5 - Secured memory - MPCBB1 is applicable
2024-10-03 10:20:26,591 [INFO] Rule:228 - rule 117617 - U5Cobra4M][GTZC] default value MPCBB3 and MPCBB5 - Secured memory - MPCBB2 is applicable
2024-10-03 10:20:26,591 [INFO] Rule:228 - rule 117617 - U5Cobra4M][GTZC] default value MPCBB3 and MPCBB5 - Secured memory - MPCBB3 is applicable
2024-10-03 10:20:26,591 [INFO] Rule:228 - rule 117617 - U5Cobra4M][GTZC] default value MPCBB3 and MPCBB5 - Secured memory - MPCBB4 is applicable
2024-10-03 10:20:26,591 [INFO] Rule:228 - rule 117617 - U5Cobra4M][GTZC] default value MPCBB3 and MPCBB5 - Privileged memory - MPCBB1 is applicable
2024-10-03 10:20:26,591 [INFO] Rule:228 - rule 117617 - U5Cobra4M][GTZC] default value MPCBB3 and MPCBB5 - Privileged memory - MPCBB2 is applicable
2024-10-03 10:20:26,591 [INFO] Rule:228 - rule 117617 - U5Cobra4M][GTZC] default value MPCBB3 and MPCBB5 - Privileged memory - MPCBB3 is applicable
2024-10-03 10:20:26,591 [INFO] Rule:228 - rule 117617 - U5Cobra4M][GTZC] default value MPCBB3 and MPCBB5 - Privileged memory - MPCBB4 is applicable
2024-10-03 10:20:26,591 [INFO] Rule:228 - rule 117617 - U5Cobra4M][GTZC] default value MPCBB3 and MPCBB5 - Not Privileged memory - MPCBB1 is applicable
2024-10-03 10:20:26,591 [INFO] Rule:228 - rule 117617 - U5Cobra4M][GTZC] default value MPCBB3 and MPCBB5 - Not Privileged memory - MPCBB2 is applicable
2024-10-03 10:20:26,591 [INFO] Rule:228 - rule 117617 - U5Cobra4M][GTZC] default value MPCBB3 and MPCBB5 - Not Privileged memory - MPCBB3 is applicable
2024-10-03 10:20:26,592 [INFO] Rule:228 - rule 117617 - U5Cobra4M][GTZC] default value MPCBB3 and MPCBB5 - Not Privileged memory - MPCBB4 is applicable
2024-10-03 10:20:26,592 [INFO] Rule:228 - rule 117617 - U5Cobra4M][GTZC] default value MPCBB3 and MPCBB5 - Privileged memory - MPCBB1 is applicable
2024-10-03 10:20:26,592 [INFO] Rule:228 - rule 117617 - U5Cobra4M][GTZC] default value MPCBB3 and MPCBB5 - Privileged memory - MPCBB2 is applicable
2024-10-03 10:20:26,592 [INFO] Rule:228 - rule 117617 - U5Cobra4M][GTZC] default value MPCBB3 and MPCBB5 - Privileged memory - MPCBB3 is applicable
2024-10-03 10:20:26,592 [INFO] Rule:228 - rule 117617 - U5Cobra4M][GTZC] default value MPCBB3 and MPCBB5 - Privileged memory - MPCBB4 is applicable
2024-10-03 10:20:26,592 [INFO] Rule:228 - rule 117617 - U5Cobra4M][GTZC] default value MPCBB3 and MPCBB5 - Privileged memory - MPCBB1 is applicable
2024-10-03 10:20:26,592 [INFO] Rule:228 - rule 117617 - U5Cobra4M][GTZC] default value MPCBB3 and MPCBB5 - Privileged memory - MPCBB2 is applicable
2024-10-03 10:20:26,592 [INFO] Rule:228 - rule 117617 - U5Cobra4M][GTZC] default value MPCBB3 and MPCBB5 - Privileged memory - MPCBB3 is applicable
2024-10-03 10:20:26,592 [INFO] Rule:228 - rule 117617 - U5Cobra4M][GTZC] default value MPCBB3 and MPCBB5 - Privileged memory - MPCBB4 is applicable
2024-10-03 10:20:26,592 [INFO] Rule:228 - rule 117617 - U5Cobra4M][GTZC] default value MPCBB3 and MPCBB5 - Not Privileged memory - MPCBB1 is applicable
2024-10-03 10:20:26,592 [INFO] Rule:228 - rule 117617 - U5Cobra4M][GTZC] default value MPCBB3 and MPCBB5 - Not Privileged memory - MPCBB2 is applicable
2024-10-03 10:20:26,592 [INFO] Rule:228 - rule 117617 - U5Cobra4M][GTZC] default value MPCBB3 and MPCBB5 - Not Privileged memory - MPCBB3 is applicable
2024-10-03 10:20:26,592 [INFO] Rule:228 - rule 117617 - U5Cobra4M][GTZC] default value MPCBB3 and MPCBB5 - Not Privileged memory - MPCBB4 is applicable
2024-10-03 10:20:26,593 [INFO] Rule:228 - rule 117617 - U5Cobra4M][GTZC] default value MPCBB3 and MPCBB5 - Privileged memory - MPCBB1 is applicable
2024-10-03 10:20:26,593 [INFO] Rule:228 - rule 117617 - U5Cobra4M][GTZC] default value MPCBB3 and MPCBB5 - Privileged memory - MPCBB2 is applicable
2024-10-03 10:20:26,593 [INFO] Rule:228 - rule 117617 - U5Cobra4M][GTZC] default value MPCBB3 and MPCBB5 - Privileged memory - MPCBB3 is applicable
2024-10-03 10:20:26,593 [INFO] Rule:228 - rule 117617 - U5Cobra4M][GTZC] default value MPCBB3 and MPCBB5 - Privileged memory - MPCBB4 is applicable
2024-10-03 10:20:26,593 [INFO] Rule:228 - rule Rename SubGHz_Phy SUBGHZ_APPLICATION SUBGHZ_PINGPONG to SUBGHZ_ADV_APPLICATION is applicable
2024-10-03 10:20:26,593 [INFO] Rule:228 - rule Rename Enabled to IBEACON is applicable
2024-10-03 10:20:26,593 [INFO] Rule:228 - rule GTZC_S instance for project manager is applicable
2024-10-03 10:20:26,593 [INFO] Rule:228 - rule GTZC_S instance for context M33S is applicable
2024-10-03 10:20:26,593 [INFO] Rule:228 - rule GTZC_S instance value for IP GTZC is applicable
2024-10-03 10:20:26,593 [INFO] Rule:228 - rule GTZC_S instance for mcu.IP is applicable
2024-10-03 10:20:26,593 [INFO] Rule:228 - rule GTZC_S instance for VP is applicable
2024-10-03 10:20:26,593 [INFO] Rule:228 - rule GTZC_S instance for signal is applicable
2024-10-03 10:20:26,593 [INFO] Rule:228 - rule GTZC_S instance for mcu.Pin is applicable
2024-10-03 10:20:26,594 [INFO] Rule:228 - rule GTZC_S instance for VP is applicable
2024-10-03 10:20:26,594 [INFO] Rule:228 - rule GTZC_S instance for signal is applicable
2024-10-03 10:20:26,594 [INFO] Rule:228 - rule GTZC_S instance for mcu is applicable
2024-10-03 10:20:26,594 [INFO] Rule:228 - rule GTZC_S instance for mcu.Pin is applicable
2024-10-03 10:20:26,594 [INFO] Rule:228 - rule GTZC_S instance value for IP GTZC is applicable
2024-10-03 10:20:26,594 [INFO] Rule:228 - rule GTZC_S instance for project manager is applicable
2024-10-03 10:20:26,594 [INFO] Rule:228 - rule GTZC_S instance for context M33S is applicable
2024-10-03 10:20:26,594 [INFO] Rule:228 - rule GTZC_S instance for VP is applicable
2024-10-03 10:20:26,594 [INFO] Rule:228 - rule GTZC_S instance for signal is applicable
2024-10-03 10:20:26,594 [INFO] Rule:228 - rule SPDIFRX instance for mcu is applicable
2024-10-03 10:20:26,594 [INFO] Rule:228 - rule Rename Tracer Mode is applicable
2024-10-03 10:20:26,595 [INFO] Rule:228 - rule SPDIFRX instance value for IP SPDIFRX is applicable
2024-10-03 10:20:26,595 [INFO] Rule:228 - rule SPDIFRX instance for signal is applicable
2024-10-03 10:20:26,595 [INFO] Rule:228 - rule SPDIFRX instance for project manager is applicable
2024-10-03 10:20:26,595 [INFO] Rule:228 - rule SPDIFRX instance for project manager is applicable
2024-10-03 10:20:26,595 [INFO] Rule:228 - rule ADC Scan  fix with FW F7 is applicable
2024-10-03 10:20:26,595 [INFO] Rule:228 - rule ADC Scan  fix with FW F7 is applicable
2024-10-03 10:20:26,595 [INFO] Rule:228 - rule WakeUp0 Mode is applicable
2024-10-03 10:20:26,595 [INFO] Rule:228 - rule WakeUp0 SIGNAL is applicable
2024-10-03 10:20:26,596 [INFO] Rule:228 - rule WakeUp1 Mode is applicable
2024-10-03 10:20:26,596 [INFO] Rule:228 - rule WakeUp1 SIGNAL is applicable
2024-10-03 10:20:26,596 [INFO] Rule:228 - rule WakeUp2 Mode is applicable
2024-10-03 10:20:26,596 [INFO] Rule:228 - rule WakeUp2 SIGNAL is applicable
2024-10-03 10:20:26,596 [INFO] Rule:228 - rule WakeUp4 Mode is applicable
2024-10-03 10:20:26,597 [INFO] Rule:228 - rule WakeUp4 SIGNAL is applicable
2024-10-03 10:20:26,597 [INFO] Rule:228 - rule WakeUp5 Mode is applicable
2024-10-03 10:20:26,597 [INFO] Rule:228 - rule WakeUp5 SIGNAL is applicable
2024-10-03 10:20:26,597 [INFO] Rule:228 - rule UART/USART WORD LENGTH 7 is applicable
2024-10-03 10:20:26,597 [INFO] Rule:228 - rule UART/USART WORD LENGTH 8 is applicable
2024-10-03 10:20:26,597 [INFO] Rule:228 - rule UART/USART WORD LENGTH 9 is applicable
2024-10-03 10:20:26,597 [INFO] Rule:228 - rule Change Default Value for LSE Drive Capability for WB family is applicable
2024-10-03 10:20:26,597 [INFO] Rule:228 - rule Change Default Value for ADC Clock Prescaler G0 family is applicable
2024-10-03 10:20:26,597 [INFO] Rule:228 - rule ADC SamplingTime fix with FW L0  is applicable
2024-10-03 10:20:26,597 [INFO] Rule:228 - rule ADC SamplingTime fix with FW L0  is applicable
2024-10-03 10:20:26,598 [INFO] Rule:228 - rule ADC SamplingTime fix with FW L0 is applicable
2024-10-03 10:20:26,598 [INFO] Rule:228 - rule ADC SamplingTime fix with FW L0 is applicable
2024-10-03 10:20:26,598 [INFO] Rule:228 - rule ADC SamplingTime fix with FW L0  is applicable
2024-10-03 10:20:26,598 [INFO] Rule:228 - rule ADC SamplingTime fix with FW L0 is applicable
2024-10-03 10:20:26,598 [INFO] Rule:228 - rule Rename USB_OE Signal is applicable
2024-10-03 10:20:26,598 [INFO] Rule:228 - rule Rename Activate_OE Mode is applicable
2024-10-03 10:20:26,598 [INFO] Rule:228 - rule Rename DIE462/DIE415 pin PC14/OSC32_IN -> PC14-OSC32_IN (PC14) is applicable
2024-10-03 10:20:26,598 [INFO] Rule:228 - rule Rename DIE462/DIE415 pin PC15/OSC32_OUT -> PC15-OSC32_OUT (PC15) is applicable
2024-10-03 10:20:26,598 [INFO] Rule:228 - rule Rename DIE462/DIE415 pin PH0/OSC_IN -> PH0-OSC_IN (PH0) is applicable
2024-10-03 10:20:26,598 [INFO] Rule:228 - rule Rename DIE462/DIE415 pin PH1/OSC_OUT -> PH1-OSC_OUT (PH1) is applicable
2024-10-03 10:20:26,598 [INFO] Rule:228 - rule Rename DIE462 pin PA13 -> PA13 (JTMS/SWDIO) is applicable
2024-10-03 10:20:26,598 [INFO] Rule:228 - rule Rename DIE415 pin PA13 -> PA13 (JTMS/SWDIO) is applicable
2024-10-03 10:20:26,598 [INFO] Rule:228 - rule Rename DIE462 pin PA14 -> PA14 (JTCK/SWCLK) is applicable
2024-10-03 10:20:26,599 [INFO] Rule:228 - rule Rename DIE415 pin PA14 -> PA14 (JTCK/SWCLK) is applicable
2024-10-03 10:20:26,599 [INFO] Rule:228 - rule Rename DIE462/DIE415 pin PA15 -> PA15 (JTDI) is applicable
2024-10-03 10:20:26,599 [INFO] Rule:228 - rule Rename DIE462 pin PB3 -> PB3 (JTD0/TRACESWO) is applicable
2024-10-03 10:20:26,599 [INFO] Rule:228 - rule Rename DIE415 pin PB3 -> PB3 (JTD0-TRACESWO) is applicable
2024-10-03 10:20:26,599 [INFO] Rule:228 - rule Rename DIE462/DIE415 pin PB4 -> PB4 (NJTRST) is applicable
2024-10-03 10:20:26,599 [INFO] Rule:228 - rule Rename DIE462 pin PH3/BOOT0 -> PH3-BOOT0 (BOOT0) is applicable
2024-10-03 10:20:26,599 [INFO] Rule:228 - rule Rename CRYP DataEncryptionTypesList to Algorithm is applicable
2024-10-03 10:20:26,599 [INFO] Rule:228 - rule Rename AES DataEncryptionTypesList to Algorithm is applicable
2024-10-03 10:20:26,599 [INFO] Rule:228 - rule Rename TDESECB to CRYP_TDES_ECB is applicable
2024-10-03 10:20:26,599 [INFO] Rule:228 - rule Rename TDESCBC to CRYP_TDES_CBC is applicable
2024-10-03 10:20:26,599 [INFO] Rule:228 - rule Rename DESECB to CRYP_DES_ECB is applicable
2024-10-03 10:20:26,599 [INFO] Rule:228 - rule Rename DESCBC to CRYP_DES_CBC is applicable
2024-10-03 10:20:26,599 [INFO] Rule:228 - rule Rename AESECB to CRYP_AES_ECB is applicable
2024-10-03 10:20:26,600 [INFO] Rule:228 - rule Rename AESCBC to CRYP_AES_CBC is applicable
2024-10-03 10:20:26,600 [INFO] Rule:228 - rule Rename AESCTR to CRYP_AES_CTR is applicable
2024-10-03 10:20:26,600 [INFO] Rule:228 - rule Rename AESGCM to CRYP_AES_GCM is applicable
2024-10-03 10:20:26,600 [INFO] Rule:228 - rule Rename AESCCM to CRYP_AES_CCM is applicable
2024-10-03 10:20:26,600 [INFO] Rule:228 - rule Rename CAN TimeSeg1 to BS1 is applicable
2024-10-03 10:20:26,600 [INFO] Rule:228 - rule Rename CAN TimeSeg2 to BS2 is applicable
2024-10-03 10:20:26,601 [INFO] Rule:228 - rule Rename CAN SyncJumpWidth to SJW is applicable
2024-10-03 10:20:26,601 [INFO] Rule:228 - rule TimeTriggeredMode to TTCM is applicable
2024-10-03 10:20:26,601 [INFO] Rule:228 - rule Rename CAN AutoBusOff to ABOM is applicable
2024-10-03 10:20:26,601 [INFO] Rule:228 - rule Rename CAN AutoWakeUp to AWUM is applicable
2024-10-03 10:20:26,601 [INFO] Rule:228 - rule Rename CAN AutoRetransmission to NART is applicable
2024-10-03 10:20:26,601 [INFO] Rule:228 - rule Rename CAN ReceiveFifoLocked to RFLM is applicable
2024-10-03 10:20:26,601 [INFO] Rule:228 - rule Rename CAN TransmitFifoPriority to TXFP is applicable
2024-10-03 10:20:26,601 [INFO] Rule:228 - rule Rename HRTIMER HRTIM_OUTPUTFAULTLEVEL_HIGH in HRTIMER HRTIM_OUTPUTFAULTLEVEL_HIGHZ is applicable
2024-10-03 10:20:26,601 [INFO] Rule:228 - rule Rename TIMER TIM_CLEARINPUTSOURCE_OCREFCLR in  TIMER TIM_CLEARINPUTSOURCE_NONE for F7 family is applicable
2024-10-03 10:20:26,601 [INFO] Rule:228 - rule FDCAN_R1 - Rename FDCAN mode Master into Classic is applicable
2024-10-03 10:20:26,601 [INFO] Rule:228 - rule FDCAN_R2 - Rename FDCAN mode Slave into Classic is applicable
2024-10-03 10:20:26,601 [INFO] Rule:228 - rule FDCAN1_R3 - if PA10.Mode=FullDuplex, add Pin PA12 is applicable
2024-10-03 10:20:26,602 [INFO] Rule:228 - rule FDCAN1_R3 - if PA9.Mode=FullDuplex, add Pin PA11 is applicable
2024-10-03 10:20:26,602 [INFO] Rule:228 - rule FDCAN1_R3 - Alternatepin_1 - if PE1.Mode=FullDuplex, add Pin PB9 is applicable
2024-10-03 10:20:26,602 [INFO] Rule:228 - rule FDCAN1_R3 - Alternatepin_1 - if PE0.Mode=FullDuplex, add Pin PB8 is applicable
2024-10-03 10:20:26,602 [INFO] Rule:228 - rule FDCAN1_R3 - Alternatepin_2 - if PD5.Mode=FullDuplex, add Pin PD1 is applicable
2024-10-03 10:20:26,602 [INFO] Rule:228 - rule FDCAN1_R3 - Alternatepin_2 - if PD4.Mode=FullDuplex, add Pin PD0 is applicable
2024-10-03 10:20:26,602 [INFO] Rule:228 - rule FDCAN1_R4 - Rename Mode FullDuplex into Enable FDCAN_TXFD for pin PA10 is applicable
2024-10-03 10:20:26,602 [INFO] Rule:228 - rule FDCAN1_R4 - Rename Mode FullDuplex into Enable FDCAN_TXFD for pin PA9 is applicable
2024-10-03 10:20:26,602 [INFO] Rule:228 - rule FDCAN1_R4 - Alternatepin_1 - Rename Mode FullDuplex into Enable FDCAN_TXFD for pin PE1 is applicable
2024-10-03 10:20:26,602 [INFO] Rule:228 - rule FDCAN1_R4 - Alternatepin_1 - Rename Mode FullDuplex into Enable FDCAN_TXFD for pin PE0 is applicable
2024-10-03 10:20:26,602 [INFO] Rule:228 - rule FDCAN1_R4 - Alternatepin_2 - Rename Mode FullDuplex into Enable FDCAN_TXFD for pin PD5 is applicable
2024-10-03 10:20:26,602 [INFO] Rule:228 - rule FDCAN1_R4 - Alternatepin_2 - Rename Mode FullDuplex into Enable FDCAN_TXFD for pin PD4 is applicable
2024-10-03 10:20:26,602 [INFO] Rule:228 - rule FDCAN2_R3 - if PD10.Mode=FullDuplex, add Pin PB13 is applicable
2024-10-03 10:20:26,602 [INFO] Rule:228 - rule FDCAN2_R3 - if PD9.Mode=FullDuplex, add Pin PB12 is applicable
2024-10-03 10:20:26,603 [INFO] Rule:228 - rule FDCAN2_R3 - Alternatepin_1 - if PB7.Mode=FullDuplex, add Pin PB6 is applicable
2024-10-03 10:20:26,603 [INFO] Rule:228 - rule FDCAN2_R3 - Alternatepin_1 - if PD9.Mode=FullDuplex, add Pin PB12 is applicable
2024-10-03 10:20:26,603 [INFO] Rule:228 - rule FDCAN2_R4 - Rename Mode FullDuplex into Enable FDCAN_TXFD for pin PD10 is applicable
2024-10-03 10:20:26,603 [INFO] Rule:228 - rule FDCAN2_R4 - Rename Mode FullDuplex into Enable FDCAN_TXFD for pin PD9 is applicable
2024-10-03 10:20:26,603 [INFO] Rule:228 - rule FDCAN2_R4 - Alternatepin_1 - Rename Mode FullDuplex into Enable FDCAN_TXFD for pin PB7 is applicable
2024-10-03 10:20:26,603 [INFO] Rule:228 - rule FDCAN2_R4 - Alternatepin_1 - Rename Mode FullDuplex into Enable FDCAN_TXFD for pin PD6 is applicable
2024-10-03 10:20:26,603 [INFO] Rule:228 - rule USART TxPinLevelInvertParam Mode is applicable
2024-10-03 10:20:26,603 [INFO] Rule:228 - rule USART RxPinLevelInvertParam Mode is applicable
2024-10-03 10:20:26,603 [INFO] Rule:228 - rule USART DataInvertParam Mode is applicable
2024-10-03 10:20:26,604 [INFO] Rule:228 - rule USART SwapParam Mode is applicable
2024-10-03 10:20:26,604 [INFO] Rule:228 - rule USART OverrunDisableParam Mode is applicable
2024-10-03 10:20:26,604 [INFO] Rule:228 - rule USART DMADisableonRxErrorParam Mode is applicable
2024-10-03 10:20:26,604 [INFO] Rule:228 - rule USART MSBFirstParam Mode is applicable
2024-10-03 10:20:26,604 [INFO] Rule:228 - rule Update MwName for USB_DEVICE is applicable
2024-10-03 10:20:26,604 [INFO] Rule:228 - rule Change PWR_Regulator_Voltage_Scale Default Value for RCC  H7 family is applicable
2024-10-03 10:20:26,604 [INFO] Rule:228 - rule UART/USART IPParameter rename Prescaler parameter to ClockPrescaler is applicable
2024-10-03 10:20:26,604 [INFO] Rule:228 - rule UART/USART Prescaler rename Prescaler parameter to ClockPrescaler is applicable
2024-10-03 10:20:26,604 [INFO] Rule:228 - rule TIM1CLockSelection is applicable
2024-10-03 10:20:26,604 [INFO] Rule:228 - rule TIM15CLockSelection is applicable
2024-10-03 10:20:26,604 [INFO] Rule:228 - rule align RCC SDMMC3CLockSelection default value on MP1 is applicable
2024-10-03 10:20:26,604 [INFO] Rule:228 - rule align RCC SDMMC12CLockSelection default value on MP1 is applicable
2024-10-03 10:20:26,605 [INFO] Rule:228 - rule align RCC QSPICLockSelection default value on MP1 is applicable
2024-10-03 10:20:26,605 [INFO] Rule:228 - rule align RCC QSPICLockSelection default value on MP1 is applicable
2024-10-03 10:20:26,605 [INFO] Rule:228 - rule align RCC SPI6CLockSelection default value on MP1 is applicable
2024-10-03 10:20:26,605 [INFO] Rule:228 - rule align RCC LPTIM23CLockSelection default value on MP1 is applicable
2024-10-03 10:20:26,605 [INFO] Rule:228 - rule align RCC LPTIM1CLockSelection default value on MP1 is applicable
2024-10-03 10:20:26,605 [INFO] Rule:228 - rule align RCC USART1CLockSelection default value on MP1 is applicable
2024-10-03 10:20:26,605 [INFO] Rule:228 - rule align RCC USART24CLockSelection default value on MP1 is applicable
2024-10-03 10:20:26,605 [INFO] Rule:228 - rule align RCC USART6CLockSelection default value on MP1 is applicable
2024-10-03 10:20:26,605 [INFO] Rule:228 - rule align RCC UART78CLockSelection default value on MP1 is applicable
2024-10-03 10:20:26,606 [INFO] Rule:228 - rule align RCC USART35CLockSelection default value on MP1 is applicable
2024-10-03 10:20:26,606 [INFO] Rule:228 - rule align RCC SPI45CLockSelection default value on MP1 is applicable
2024-10-03 10:20:26,606 [INFO] Rule:228 - rule align RCC I2C46CLockSelection BCLK value on MP1 is applicable
2024-10-03 10:20:26,606 [INFO] Rule:228 - rule align RCC SPI45CLockSelection default value on MP1 is applicable
2024-10-03 10:20:26,606 [INFO] Rule:228 - rule align RCC I2C12CLockSelection default value on MP1 is applicable
2024-10-03 10:20:26,606 [INFO] Rule:228 - rule align RCC I2C35CLockSelection default value on MP1 is applicable
2024-10-03 10:20:26,606 [INFO] Rule:228 - rule align RCC LPTIM45CLockSelection default value on MP1 is applicable
2024-10-03 10:20:26,606 [INFO] Rule:228 - rule Rename DCMI PIXCK signal is applicable
2024-10-03 10:20:26,606 [INFO] Rule:228 - rule Change Default Value for I2C46CLockSelection MP1 family is applicable
2024-10-03 10:20:26,606 [INFO] Rule:228 - rule Change Default Value for UART for G4, G0 and WB families is applicable
2024-10-03 10:20:26,606 [INFO] Rule:228 - rule Change Default Value for USART for G4, G0 and WB families is applicable
2024-10-03 10:20:26,606 [INFO] Rule:228 - rule Change Default Value for USART for G4 family is applicable
2024-10-03 10:20:26,606 [INFO] Rule:228 - rule Change USART1CLockSelection refparam name for MP1 is applicable
2024-10-03 10:20:26,607 [INFO] Rule:228 - rule Change USART2CLockSelection refparam name for MP1 is applicable
2024-10-03 10:20:26,607 [INFO] Rule:228 - rule Change USART3CLockSelection refparam name for MP1 is applicable
2024-10-03 10:20:26,607 [INFO] Rule:228 - rule Change UART4CLockSelection refparam name for MP1 is applicable
2024-10-03 10:20:26,607 [INFO] Rule:228 - rule Change UART5CLockSelection refparam name for MP1 is applicable
2024-10-03 10:20:26,607 [INFO] Rule:228 - rule Change LPUART1CLockSelection refparam name for MP1 is applicable
2024-10-03 10:20:26,607 [INFO] Rule:228 - rule Change LPTIM1CLockSelection refparam name for MP1 is applicable
2024-10-03 10:20:26,607 [INFO] Rule:228 - rule Change LPTIM2CLockSelection refparam name for MP1 is applicable
2024-10-03 10:20:26,607 [INFO] Rule:228 - rule Change RCC_MCO1Source refparam name for MP1 is applicable
2024-10-03 10:20:26,607 [INFO] Rule:228 - rule Change LSCOSource1 refparam name for MP1 is applicable
2024-10-03 10:20:26,607 [INFO] Rule:228 - rule Change SMPSCLockSelection refparam name for MP1 is applicable
2024-10-03 10:20:26,607 [INFO] Rule:228 - rule Change LPTIM3CLockSelection refparam name for MP1 is applicable
2024-10-03 10:20:26,607 [INFO] Rule:228 - rule Change MPCBB* Default Template Mode to Parameters is applicable
2024-10-03 10:20:26,608 [INFO] Rule:228 - rule Change MPCWM* or MPCBB* Secure Mode to Parameters is applicable
2024-10-03 10:20:26,608 [INFO] Rule:228 - rule Change MPCWM* or MPCBB* No Secure Mode to Parameters is applicable
2024-10-03 10:20:26,608 [INFO] Rule:228 - rule Change TZSC IP Secure Mode to Parameters is applicable
2024-10-03 10:20:26,608 [INFO] Rule:228 - rule Change TZSC IP No Secure Mode to Parameters is applicable
2024-10-03 10:20:26,609 [INFO] Rule:228 - rule Change TZSC IP Privilege Mode to Parameters is applicable
2024-10-03 10:20:26,609 [INFO] Rule:228 - rule Change TZSC IP No Privilege Mode to Parameters is applicable
2024-10-03 10:20:26,609 [INFO] Rule:228 - rule Change TZIC IT Secure Mode to Parameters is applicable
2024-10-03 10:20:26,609 [INFO] Rule:228 - rule Change TZIC IT No Secure Mode to Parameters is applicable
2024-10-03 10:20:26,609 [INFO] Rule:228 - rule Add MPCBB1_NonSecureArea_Start_Address value with referenced to MPCBB1_NonSecureArea_Start value is applicable
2024-10-03 10:20:26,609 [INFO] Rule:228 - rule Add MPCBB2_NonSecureArea_Start_Address value with referenced to MPCBB2_NonSecureArea_Start value is applicable
2024-10-03 10:20:26,609 [INFO] Rule:228 - rule Add MPCWM1_NonSecureArea*_Start_Address value with referenced to MPCWM1_NonSecureArea*_Start value is applicable
2024-10-03 10:20:26,609 [INFO] Rule:228 - rule Add MPCWM2_NonSecureArea*_Start_Address value with referenced to MPCWM2_NonSecureArea*_Start value is applicable
2024-10-03 10:20:26,609 [INFO] Rule:228 - rule Add MPCWM3_NonSecureArea_Start_Address value with referenced to MPCWM3_NonSecureArea_Start value is applicable
2024-10-03 10:20:26,609 [INFO] Rule:228 - rule Change Default Value for PLL1UserDefinedConfig is applicable
2024-10-03 10:20:26,609 [INFO] Rule:228 - rule Change GPIO_PuPd Default Value for USART in async mode is applicable
2024-10-03 10:20:26,610 [INFO] Rule:228 - rule Change SMPSDivider Default Value is applicable
2024-10-03 10:20:26,610 [INFO] Rule:228 - rule OPAMP is applicable
2024-10-03 10:20:26,610 [INFO] Rule:228 - rule LPUART IPParameter rename Prescaler parameter to ClockPrescaler for STM32H7 is applicable
2024-10-03 10:20:26,610 [INFO] Rule:228 - rule LPUART IPParameter rename Prescaler parameter to ClockPrescaler for STM32H7 is applicable
2024-10-03 10:20:26,610 [INFO] Rule:228 - rule LPUART IPParameter rename Prescaler parameter to ClockPrescaler for STM32WB is applicable
2024-10-03 10:20:26,610 [INFO] Rule:228 - rule LPUART IPParameter rename Prescaler parameter to ClockPrescaler for STM32WB is applicable
2024-10-03 10:20:26,610 [INFO] Rule:228 - rule LPUART IPParameter rename Prescaler parameter to ClockPrescaler for STM32G4 is applicable
2024-10-03 10:20:26,610 [INFO] Rule:228 - rule LPUART IPParameter rename Prescaler parameter to ClockPrescaler for STM32G4 is applicable
2024-10-03 10:20:26,610 [INFO] Rule:228 - rule LPUART IPParameter rename Prescaler parameter to ClockPrescaler for STM32L5 is applicable
2024-10-03 10:20:26,610 [INFO] Rule:228 - rule LPUART IPParameter rename Prescaler parameter to ClockPrescaler for STM32L5 is applicable
2024-10-03 10:20:26,610 [INFO] Rule:228 - rule LPUART IPParameter rename Prescaler parameter to ClockPrescaler for STM32G4 is applicable
2024-10-03 10:20:26,610 [INFO] Rule:228 - rule LPUART IPParameter rename Prescaler parameter to ClockPrescaler for STM32G4 is applicable
2024-10-03 10:20:26,610 [INFO] Rule:228 - rule USB device lib V2.5.3 for L0 rename USBD_SUPPORT_USER_STRING parameter to USBD_SUPPORT_USER_STRING_DESC4 is applicable
2024-10-03 10:20:26,610 [INFO] Rule:228 - rule I2SCLockSelection clock entry align is applicable
2024-10-03 10:20:26,611 [INFO] Rule:228 - rule Assign TIMx context if used as SYS timebase is applicable
2024-10-03 10:20:26,611 [INFO] Rule:228 - rule Change GPIO_Pu Default Value for I2C is applicable
2024-10-03 10:20:26,611 [INFO] Rule:228 - rule Change GPIO_Pu Default Value for SMBus is applicable
2024-10-03 10:20:26,611 [INFO] Rule:228 - rule change FDCAN default value is applicable
2024-10-03 10:20:26,611 [INFO] Rule:228 - rule Change mode sai is applicable
2024-10-03 10:20:26,611 [INFO] Rule:228 - rule **Change sai mode is applicable
2024-10-03 10:20:26,611 [INFO] Rule:228 - rule Rename STM32WPAN CFG_BLE_IRK to CFG_BLE_IR is applicable
2024-10-03 10:20:26,611 [INFO] Rule:228 - rule Rename STM32WPAN CFG_BLE_ERK to CFG_BLE_ER is applicable
2024-10-03 10:20:26,611 [INFO] Rule:228 - rule Rename STM32WPAN CFG_BLE_IRK_HEX to CFG_BLE_IR_HEX is applicable
2024-10-03 10:20:26,611 [INFO] Rule:228 - rule Rename STM32WPAN CFG_BLE_ERK_HEX to CFG_BLE_ER_HEX is applicable
2024-10-03 10:20:26,632 [INFO] DbConfProperties:307 - Apply Compatibility (34/230 Rules)
2024-10-03 10:20:26,661 [INFO] ImportTextPane:205 - (OptionalMessage_ERROR) Unable to find key (Mcu.ThirdPartyNb) in loaded IOC file
2024-10-03 10:20:26,931 [INFO] RtosManager:555 - Registered RTOS mode: class=CMSIS, group=RTOS, mode=CMSIS_V1, owner=FREERTOS
2024-10-03 10:20:26,931 [INFO] RtosManager:555 - Registered RTOS mode: class=CMSIS, group=RTOS2, mode=CMSIS_V2, owner=FREERTOS
2024-10-03 10:20:26,932 [INFO] RtosManager:555 - Registered RTOS mode: class=RTOS, group=Core, mode=CMSIS_V1, owner=FREERTOS
2024-10-03 10:20:26,932 [INFO] RtosManager:555 - Registered RTOS mode: class=RTOS, group=Core, mode=CMSIS_V2, owner=FREERTOS
2024-10-03 10:20:26,932 [WARN] ModelIntegratedComponent:184 - Missing modes for component STMicroelectronics:FreeRTOS:0.0.1:STMicroelectronics:RTOS:FreeRTOS:Core:::10.2.0:
2024-10-03 10:20:26,942 [WARN] ModelIntegratedComponent:63 - No mode defined for component null
2024-10-03 10:20:26,942 [WARN] ModelIntegratedComponent:63 - No mode defined for component null
2024-10-03 10:20:26,943 [WARN] ModelIntegratedComponent:63 - No mode defined for component null
2024-10-03 10:20:26,943 [WARN] ModelIntegratedComponent:63 - No mode defined for component null
2024-10-03 10:20:26,943 [WARN] ModelIntegratedComponent:63 - No mode defined for component null
2024-10-03 10:20:26,943 [WARN] ModelIntegratedComponent:63 - No mode defined for component null
2024-10-03 10:20:26,943 [WARN] ModelIntegratedComponent:63 - No mode defined for component null
2024-10-03 10:20:26,943 [WARN] ModelIntegratedComponent:63 - No mode defined for component null
2024-10-03 10:20:26,943 [WARN] ModelIntegratedComponent:63 - No mode defined for component null
2024-10-03 10:20:26,943 [WARN] ModelIntegratedComponent:63 - No mode defined for component null
2024-10-03 10:20:26,943 [WARN] ModelIntegratedComponent:63 - No mode defined for component null
2024-10-03 10:20:26,943 [WARN] ModelIntegratedComponent:63 - No mode defined for component null
2024-10-03 10:20:26,943 [WARN] ModelIntegratedComponent:63 - No mode defined for component null
2024-10-03 10:20:26,943 [WARN] ModelIntegratedComponent:63 - No mode defined for component null
2024-10-03 10:20:26,943 [WARN] ModelIntegratedComponent:63 - No mode defined for component null
2024-10-03 10:20:26,943 [WARN] ModelIntegratedComponent:63 - No mode defined for component null
2024-10-03 10:20:26,943 [WARN] ModelIntegratedComponent:63 - No mode defined for component null
2024-10-03 10:20:26,943 [WARN] ModelIntegratedComponent:63 - No mode defined for component null
2024-10-03 10:20:26,943 [WARN] ModelIntegratedComponent:63 - No mode defined for component null
2024-10-03 10:20:26,943 [WARN] ModelIntegratedComponent:63 - No mode defined for component null
2024-10-03 10:20:26,943 [WARN] ModelIntegratedComponent:63 - No mode defined for component null
2024-10-03 10:20:26,943 [WARN] ModelIntegratedComponent:63 - No mode defined for component null
2024-10-03 10:20:26,943 [WARN] ModelIntegratedComponent:63 - No mode defined for component null
2024-10-03 10:20:26,943 [WARN] ModelIntegratedComponent:63 - No mode defined for component null
2024-10-03 10:20:26,945 [WARN] ModelIntegratedComponent:63 - No mode defined for component null
2024-10-03 10:20:26,945 [WARN] ModelIntegratedComponent:63 - No mode defined for component null
2024-10-03 10:20:26,945 [WARN] ModelIntegratedComponent:63 - No mode defined for component null
2024-10-03 10:20:26,945 [WARN] ModelIntegratedComponent:63 - No mode defined for component null
2024-10-03 10:20:26,945 [WARN] ModelIntegratedComponent:63 - No mode defined for component null
2024-10-03 10:20:26,945 [WARN] ModelIntegratedComponent:63 - No mode defined for component null
2024-10-03 10:20:26,945 [WARN] ModelIntegratedComponent:63 - No mode defined for component null
2024-10-03 10:20:26,945 [WARN] ModelIntegratedComponent:63 - No mode defined for component null
2024-10-03 10:20:26,945 [WARN] ModelIntegratedComponent:63 - No mode defined for component null
2024-10-03 10:20:26,945 [WARN] ModelIntegratedComponent:63 - No mode defined for component null
2024-10-03 10:20:26,945 [WARN] ModelIntegratedComponent:63 - No mode defined for component null
2024-10-03 10:20:26,945 [WARN] ModelPack:524 - Component already loaded: STMicroelectronics:HAL Drivers:0.0.0:STMicroelectronics:Device:STMicro_Driver:XSPI:HAL::0.0.1:HAL_XSPI
2024-10-03 10:20:26,976 [INFO] ThirdPartyModel:298 - Start build external matchings
2024-10-03 10:20:27,305 [INFO] ThirdPartyModel:316 - End build external matchings
2024-10-03 10:20:27,648 [INFO] UtilMem:75 - End LoadConfig() Used Memory: 915288360 Bytes (1073741824)
2024-10-03 10:20:27,779 [WARN] ThirdParty:833 - waiting for thirdparty lock release [change project]
2024-10-03 10:20:27,780 [INFO] ThirdParty:835 - entering critical section [change project]
2024-10-03 10:20:27,780 [INFO] ThirdParty:1030 - CMSIS Pack Vendor :STMicroelectronics USBPD 4.1
2024-10-03 10:20:27,780 [INFO] ThirdParty:1030 - CMSIS Pack Vendor :STMicroelectronics X-CUBE-AZRTOS-H7 3.3.0
2024-10-03 10:20:27,780 [INFO] ThirdParty:1030 - CMSIS Pack Vendor :STMicroelectronics X-CUBE-GNSS1 6.0.0
2024-10-03 10:20:27,780 [INFO] ThirdParty:1030 - CMSIS Pack Vendor :STMicroelectronics USB_HOST 2.0.0
2024-10-03 10:20:27,780 [INFO] ThirdParty:1030 - CMSIS Pack Vendor :STMicroelectronics FP-SNS-MOTENVWB1 1.4.0
2024-10-03 10:20:27,780 [INFO] ThirdParty:1030 - CMSIS Pack Vendor :STMicroelectronics X-CUBE-AZRTOS-F4 1.1.0
2024-10-03 10:20:27,780 [INFO] ThirdParty:1030 - CMSIS Pack Vendor :STMicroelectronics LIBJPEG 8.0.0
2024-10-03 10:20:27,781 [INFO] ThirdParty:1030 - CMSIS Pack Vendor :STMicroelectronics X-CUBE-SMBUS 2.1.0
2024-10-03 10:20:27,781 [INFO] ThirdParty:1030 - CMSIS Pack Vendor :STMicroelectronics USB_DEVICE 3.0.0
2024-10-03 10:20:27,781 [INFO] ThirdParty:1030 - CMSIS Pack Vendor :STMicroelectronics X-CUBE-TCPP 4.1.0
2024-10-03 10:20:27,781 [INFO] ThirdParty:1030 - CMSIS Pack Vendor :STMicroelectronics X-CUBE-FREERTOS 1.2.0
2024-10-03 10:20:27,781 [INFO] ThirdParty:1030 - CMSIS Pack Vendor :STMicroelectronics X-CUBE-AZRTOS-WB 2.0.0
2024-10-03 10:20:27,781 [INFO] ThirdParty:1030 - CMSIS Pack Vendor :STMicroelectronics X-CUBE-AZRTOS-F7 1.1.0
2024-10-03 10:20:27,781 [INFO] ThirdParty:1030 - CMSIS Pack Vendor :STMicroelectronics X-CUBE-AZRTOS-L5 2.0.0
2024-10-03 10:20:27,781 [INFO] ThirdParty:1030 - CMSIS Pack Vendor :STMicroelectronics USB_DEVICE 2.0.0
2024-10-03 10:20:27,781 [INFO] ThirdParty:1030 - CMSIS Pack Vendor :STMicroelectronics X-CUBE-NFC6 3.1.0
2024-10-03 10:20:27,781 [INFO] ThirdParty:1030 - CMSIS Pack Vendor :STMicroelectronics FP-SNS-STBOX1 2.0.0
2024-10-03 10:20:27,781 [INFO] ThirdParty:1030 - CMSIS Pack Vendor :STMicroelectronics X-CUBE-MEMS1 11.0.0
2024-10-03 10:20:27,781 [INFO] ThirdParty:1030 - CMSIS Pack Vendor :STMicroelectronics FreeRTOS 0.0.1
2024-10-03 10:20:27,781 [INFO] ThirdParty:1030 - CMSIS Pack Vendor :STMicroelectronics X-CUBE-AZRTOS-G0 1.1.0
2024-10-03 10:20:27,781 [INFO] ThirdParty:1030 - CMSIS Pack Vendor :STMicroelectronics X-CUBE-SAFEA1 1.2.2
2024-10-03 10:20:27,781 [INFO] ThirdParty:1030 - CMSIS Pack Vendor :STMicroelectronics X-CUBE-NFC4 3.0.0
2024-10-03 10:20:27,781 [INFO] ThirdParty:1030 - CMSIS Pack Vendor :STMicroelectronics X-CUBE-DPower 1.2.0
2024-10-03 10:20:27,781 [INFO] ThirdParty:1030 - CMSIS Pack Vendor :STMicroelectronics X-CUBE-SUBG2 5.0.0
2024-10-03 10:20:27,781 [INFO] ThirdParty:1030 - CMSIS Pack Vendor :STMicroelectronics STM32_WPAN 1.0.0
2024-10-03 10:20:27,782 [INFO] ThirdParty:1030 - CMSIS Pack Vendor :STMicroelectronics lwIP 2.0.3
2024-10-03 10:20:27,782 [INFO] ThirdParty:1030 - CMSIS Pack Vendor :STMicroelectronics FP-SNS-FLIGHT1 5.0.2
2024-10-03 10:20:27,782 [INFO] ThirdParty:1030 - CMSIS Pack Vendor :STMicroelectronics USB_HOST 1.0.0
2024-10-03 10:20:27,782 [INFO] ThirdParty:1030 - CMSIS Pack Vendor :STMicroelectronics X-CUBE-AI 9.0.0
2024-10-03 10:20:27,782 [INFO] ThirdParty:1030 - CMSIS Pack Vendor :STMicroelectronics X-CUBE-AZRTOS-G4 2.0.0
2024-10-03 10:20:27,782 [INFO] ThirdParty:1030 - CMSIS Pack Vendor :STMicroelectronics PDM2PCM 3.1.0
2024-10-03 10:20:27,782 [INFO] ThirdParty:1030 - CMSIS Pack Vendor :STMicroelectronics PDM2PCM 3.3.0
2024-10-03 10:20:27,782 [INFO] ThirdParty:1030 - CMSIS Pack Vendor :STMicroelectronics X-CUBE-DISPLAY 3.0.0
2024-10-03 10:20:27,782 [INFO] ThirdParty:1030 - CMSIS Pack Vendor :STMicroelectronics X-CUBE-BLE1 7.0.0
2024-10-03 10:20:27,782 [INFO] ThirdParty:1030 - CMSIS Pack Vendor :STMicroelectronics FP-ATR-SIGFOX1 3.2.0
2024-10-03 10:20:27,782 [INFO] ThirdParty:1030 - CMSIS Pack Vendor :STMicroelectronics X-CUBE-ISPU 2.0.0
2024-10-03 10:20:27,782 [INFO] ThirdParty:1030 - CMSIS Pack Vendor :STMicroelectronics X-CUBE-EEPRMA1 5.1.0
2024-10-03 10:20:27,782 [INFO] ThirdParty:1030 - CMSIS Pack Vendor :STMicroelectronics HAL Drivers 0.0.0
2024-10-03 10:20:27,782 [INFO] ThirdParty:1030 - CMSIS Pack Vendor :STMicroelectronics MBEDTLS 2.16.2
2024-10-03 10:20:27,782 [INFO] ThirdParty:1030 - CMSIS Pack Vendor :STMicroelectronics X-CUBE-ALS 1.0.2
2024-10-03 10:20:27,782 [INFO] ThirdParty:1030 - CMSIS Pack Vendor :STMicroelectronics X-CUBE-NFC7 1.0.1
2024-10-03 10:20:27,782 [INFO] ThirdParty:1030 - CMSIS Pack Vendor :STMicroelectronics MBEDTLS 2.14.1
2024-10-03 10:20:27,782 [INFO] ThirdParty:1030 - CMSIS Pack Vendor :STMicroelectronics X-CUBE-TOUCHGFX 4.24.0
2024-10-03 10:20:27,782 [INFO] ThirdParty:1030 - CMSIS Pack Vendor :STMicroelectronics X-CUBE-BLEMGR 3.1.0
2024-10-03 10:20:27,783 [INFO] ThirdParty:1030 - CMSIS Pack Vendor :STMicroelectronics ThreadX 1.0.0
2024-10-03 10:20:27,783 [INFO] ThirdParty:1030 - CMSIS Pack Vendor :STMicroelectronics FP-SNS-SMARTAG2 1.2.0
2024-10-03 10:20:27,783 [INFO] ThirdParty:1030 - CMSIS Pack Vendor :STMicroelectronics X-CUBE-AZRTOS-WL 2.0.0
2024-10-03 10:20:27,783 [INFO] ThirdParty:1030 - CMSIS Pack Vendor :STMicroelectronics X-CUBE-ALGOBUILD 1.4.0
2024-10-03 10:20:27,783 [INFO] ThirdParty:1030 - CMSIS Pack Vendor :STMicroelectronics FP-SNS-MOTENV1 5.0.0
2024-10-03 10:20:27,783 [INFO] ThirdParty:1030 - CMSIS Pack Vendor :STMicroelectronics USB_DEVICE 1.0.0
2024-10-03 10:20:27,783 [INFO] ThirdParty:1030 - CMSIS Pack Vendor :STMicroelectronics X-CUBE-AZRTOS-H7RS 1.0.0
2024-10-03 10:20:27,783 [INFO] ThirdParty:1030 - CMSIS Pack Vendor :STMicroelectronics X-CUBE-AZRTOS-L4 2.0.0
2024-10-03 10:20:27,783 [INFO] ThirdParty:1030 - CMSIS Pack Vendor :STMicroelectronics ThreadX 0.0.2
2024-10-03 10:20:27,783 [INFO] ThirdParty:1030 - CMSIS Pack Vendor :STMicroelectronics FP-ATR-ASTRA1 2.0.0
2024-10-03 10:20:27,783 [INFO] ThirdParty:1030 - CMSIS Pack Vendor :STMicroelectronics lwIP 2.1.2
2024-10-03 10:20:27,783 [INFO] ThirdParty:1030 - CMSIS Pack Vendor :STMicroelectronics X-CUBE-SFXS2LP1 4.0.0
2024-10-03 10:20:27,783 [INFO] ThirdParty:1030 - CMSIS Pack Vendor :STMicroelectronics X-CUBE-BLE2 3.3.0
2024-10-03 10:20:27,783 [INFO] ThirdParty:1030 - CMSIS Pack Vendor :STMicroelectronics X-CUBE-TOF1 3.4.2
2024-10-03 10:20:27,783 [INFO] ThirdParty:1030 - CMSIS Pack Vendor :STMicroelectronics PDM2PCM 3.2.0
2024-10-03 10:20:27,783 [INFO] ThirdParty:841 - exiting critical section [change project]
2024-10-03 10:20:28,201 [INFO] PinOutPanel:1561 - setPackage(No Configuration,No Configuration)
2024-10-03 10:20:28,204 [INFO] PinOutPanel:1561 - setPackage(STM32F407VGTx,LQFP100)
2024-10-03 10:20:28,730 [INFO] UtilMem:75 - Before build in PCC Used Memory: 824185104 Bytes (1073741824)
2024-10-03 10:20:29,597 [INFO] UtilMem:75 - After build in PCC Used Memory: 902313968 Bytes (1073741824)
2024-10-03 10:20:29,628 [INFO] IPUIPlugin:80 - create IPUIPlugin
2024-10-03 10:20:29,628 [INFO] IPUIPlugin:80 - create IPUIPlugin
2024-10-03 10:20:29,628 [INFO] IPUIPlugin:80 - create IPUIPlugin
2024-10-03 10:20:29,628 [INFO] IPUIPlugin:80 - create IPUIPlugin
2024-10-03 10:20:29,628 [INFO] IPUIPlugin:80 - create IPUIPlugin
2024-10-03 10:20:29,629 [INFO] IPUIPlugin:80 - create IPUIPlugin
2024-10-03 10:20:29,629 [INFO] IPUIPlugin:80 - create IPUIPlugin
2024-10-03 10:20:29,629 [INFO] IPUIPlugin:80 - create IPUIPlugin
2024-10-03 10:20:29,629 [INFO] IPUIPlugin:80 - create IPUIPlugin
2024-10-03 10:20:29,629 [INFO] IPUIPlugin:80 - create IPUIPlugin
2024-10-03 10:20:29,630 [INFO] IPUIPlugin:80 - create IPUIPlugin
2024-10-03 10:20:29,630 [INFO] IPUIPlugin:80 - create IPUIPlugin
2024-10-03 10:20:29,630 [INFO] IPUIPlugin:80 - create IPUIPlugin
2024-10-03 10:20:29,631 [INFO] IPUIPlugin:80 - create IPUIPlugin
2024-10-03 10:20:29,631 [INFO] IPUIPlugin:80 - create IPUIPlugin
2024-10-03 10:20:29,631 [INFO] IPUIPlugin:80 - create IPUIPlugin
2024-10-03 10:20:29,631 [INFO] IPUIPlugin:80 - create IPUIPlugin
2024-10-03 10:20:29,631 [INFO] IPUIPlugin:80 - create IPUIPlugin
2024-10-03 10:20:29,631 [INFO] IPUIPlugin:80 - create IPUIPlugin
2024-10-03 10:20:29,632 [INFO] IPUIPlugin:80 - create IPUIPlugin
2024-10-03 10:20:29,633 [INFO] IPUIPlugin:80 - create IPUIPlugin
2024-10-03 10:20:29,633 [INFO] IPUIPlugin:80 - create IPUIPlugin
2024-10-03 10:20:29,633 [INFO] IPUIPlugin:80 - create IPUIPlugin
2024-10-03 10:20:29,633 [INFO] IPUIPlugin:80 - create IPUIPlugin
2024-10-03 10:20:29,634 [INFO] IPUIPlugin:80 - create IPUIPlugin
2024-10-03 10:20:29,634 [INFO] IPUIPlugin:80 - create IPUIPlugin
2024-10-03 10:20:29,634 [INFO] IPUIPlugin:80 - create IPUIPlugin
2024-10-03 10:20:29,634 [INFO] IPUIPlugin:80 - create IPUIPlugin
2024-10-03 10:20:29,636 [INFO] IPUIPlugin:80 - create IPUIPlugin
2024-10-03 10:20:29,636 [INFO] IPUIPlugin:80 - create IPUIPlugin
2024-10-03 10:20:29,636 [INFO] IPUIPlugin:80 - create IPUIPlugin
2024-10-03 10:20:29,637 [INFO] IPUIPlugin:80 - create IPUIPlugin
2024-10-03 10:20:29,637 [INFO] IPUIPlugin:80 - create IPUIPlugin
2024-10-03 10:20:29,638 [INFO] IPUIPlugin:80 - create IPUIPlugin
2024-10-03 10:20:29,638 [INFO] IPUIPlugin:80 - create IPUIPlugin
2024-10-03 10:20:29,638 [INFO] IPUIPlugin:80 - create IPUIPlugin
2024-10-03 10:20:29,639 [INFO] IPUIPlugin:80 - create IPUIPlugin
2024-10-03 10:20:29,639 [INFO] IPUIPlugin:80 - create IPUIPlugin
2024-10-03 10:20:29,640 [INFO] IPUIPlugin:80 - create IPUIPlugin
2024-10-03 10:20:29,640 [INFO] IPUIPlugin:80 - create IPUIPlugin
2024-10-03 10:20:29,640 [INFO] IPUIPlugin:80 - create IPUIPlugin
2024-10-03 10:20:29,640 [INFO] IPUIPlugin:80 - create IPUIPlugin
2024-10-03 10:20:29,641 [INFO] IPUIPlugin:80 - create IPUIPlugin
2024-10-03 10:20:29,641 [INFO] IPUIPlugin:80 - create IPUIPlugin
2024-10-03 10:20:29,642 [INFO] IPUIPlugin:80 - create IPUIPlugin
2024-10-03 10:20:29,642 [INFO] IPUIPlugin:80 - create IPUIPlugin
2024-10-03 10:20:29,643 [INFO] IPUIPlugin:80 - create IPUIPlugin
2024-10-03 10:20:29,643 [INFO] IPUIPlugin:80 - create IPUIPlugin
2024-10-03 10:20:29,643 [INFO] IPUIPlugin:80 - create IPUIPlugin
2024-10-03 10:20:29,644 [INFO] IPUIPlugin:80 - create IPUIPlugin
2024-10-03 10:20:29,644 [INFO] IPUIPlugin:80 - create IPUIPlugin
2024-10-03 10:20:29,644 [INFO] IPUIPlugin:80 - create IPUIPlugin
2024-10-03 10:20:29,645 [INFO] IPUIPlugin:80 - create IPUIPlugin
2024-10-03 10:20:29,645 [INFO] IPUIPlugin:80 - create IPUIPlugin
2024-10-03 10:20:29,646 [INFO] IPUIPlugin:80 - create IPUIPlugin
2024-10-03 10:20:29,646 [INFO] IPUIPlugin:80 - create IPUIPlugin
2024-10-03 10:20:29,647 [INFO] IPUIPlugin:80 - create IPUIPlugin
2024-10-03 10:20:29,647 [INFO] IPUIPlugin:80 - create IPUIPlugin
2024-10-03 10:20:29,766 [INFO] ApiDbMcu:508 - Load IP Config File for PDM2PCM
2024-10-03 10:20:30,040 [INFO] CADModel:165 - CPN selected for project levelSTM32F407VGT6
2024-10-03 10:20:30,041 [INFO] CADModel:114 - Register for checkConnection events
2024-10-03 10:20:30,094 [INFO] OpenFileManager:363 - Restore cursor
2024-10-03 10:20:31,181 [INFO] UtilMem:75 - End SaveConfig() Used Memory: 724751560 Bytes (1073741824)
2024-10-03 10:20:35,740 [INFO] UtilMem:75 - End SaveConfig() Used Memory: 746245320 Bytes (1073741824)
2024-10-03 10:20:36,341 [ERROR] ConfigurationRetriever:142 - IOException on connection: Connect timed out
2024-10-03 10:20:36,354 [INFO] BlockDiagram:2766 - set Specific Code input for plugin: SYS
2024-10-03 10:20:36,354 [INFO] BlockDiagram:2766 - set Specific Code input for plugin: RCC
2024-10-03 10:20:36,354 [INFO] BlockDiagram:2766 - set Specific Code input for plugin: NVIC
2024-10-03 10:20:36,355 [INFO] BlockDiagram:2766 - set Specific Code input for plugin: GPIO
2024-10-03 10:20:36,358 [INFO] CodeGenerator:807 - code generatio: config db path: C:\ST\STM32CubeIDE_1.16.0\STM32CubeIDE\plugins\com.st.stm32cube.common.mx_6.12.0.202406281431\\db\
2024-10-03 10:20:36,557 [INFO] CodeEngine:255 - oldGeneratedFile, C:\Users\zchua\Embedded-C\My_workspace\target\005LedToggle\MXTmpFiles\license.tmp_save
2024-10-03 10:20:37,082 [INFO] CodeEngine:279 - Generated code: C:\Users\zchua\Embedded-C\My_workspace\target\005LedToggle\MXTmpFiles\license.tmp
2024-10-03 10:20:37,225 [INFO] CodeEngine:255 - oldGeneratedFile, C:\Users\zchua\Embedded-C\My_workspace\target\005LedToggle\MXTmpFiles\gpio.tmp_save
2024-10-03 10:20:37,387 [INFO] CodeEngine:279 - Generated code: C:\Users\zchua\Embedded-C\My_workspace\target\005LedToggle\MXTmpFiles\gpio.tmp
2024-10-03 10:20:37,470 [INFO] CodeEngine:255 - oldGeneratedFile, C:\Users\zchua\Embedded-C\My_workspace\target\005LedToggle\Core\Src\stm32f4xx_it.c_save
2024-10-03 10:20:37,622 [INFO] CodeEngine:279 - Generated code: C:\Users\zchua\Embedded-C\My_workspace\target\005LedToggle\Core\Src\stm32f4xx_it.c
2024-10-03 10:20:37,633 [INFO] CodeEngine:255 - oldGeneratedFile, C:\Users\zchua\Embedded-C\My_workspace\target\005LedToggle\Core\Inc\stm32f4xx_it.h_save
2024-10-03 10:20:37,730 [INFO] CodeEngine:279 - Generated code: C:\Users\zchua\Embedded-C\My_workspace\target\005LedToggle\Core\Inc\stm32f4xx_it.h
2024-10-03 10:20:37,762 [INFO] CodeEngine:255 - oldGeneratedFile, C:\Users\zchua\Embedded-C\My_workspace\target\005LedToggle\Core\Src\stm32f4xx_hal_msp.c_save
2024-10-03 10:20:37,901 [INFO] CodeEngine:279 - Generated code: C:\Users\zchua\Embedded-C\My_workspace\target\005LedToggle\Core\Src\stm32f4xx_hal_msp.c
2024-10-03 10:20:37,913 [INFO] CodeEngine:255 - oldGeneratedFile, C:\Users\zchua\Embedded-C\My_workspace\target\005LedToggle\MXTmpFiles\system.tmp_save
2024-10-03 10:20:37,991 [INFO] CodeEngine:279 - Generated code: C:\Users\zchua\Embedded-C\My_workspace\target\005LedToggle\MXTmpFiles\system.tmp
2024-10-03 10:20:38,017 [INFO] CodeEngine:311 - oldGeneratedFile, C:\Users\zchua\Embedded-C\My_workspace\target\005LedToggle\Core\Inc\stm32f4xx_hal_conf.h_save
2024-10-03 10:20:38,175 [INFO] CodeEngine:335 - Generated code: C:\Users\zchua\Embedded-C\My_workspace\target\005LedToggle\Core\Inc\stm32f4xx_hal_conf.h
2024-10-03 10:20:38,307 [INFO] CodeEngine:255 - oldGeneratedFile, C:\Users\zchua\Embedded-C\My_workspace\target\005LedToggle\Core\Inc\main.h_save
2024-10-03 10:20:38,444 [INFO] CodeEngine:279 - Generated code: C:\Users\zchua\Embedded-C\My_workspace\target\005LedToggle\Core\Inc\main.h
2024-10-03 10:20:38,454 [INFO] CodeEngine:255 - oldGeneratedFile, C:\Users\zchua\Embedded-C\My_workspace\target\005LedToggle\Core\Src\main.c_save
2024-10-03 10:20:38,646 [INFO] CodeEngine:279 - Generated code: C:\Users\zchua\Embedded-C\My_workspace\target\005LedToggle\Core\Src\main.c
2024-10-03 10:20:40,837 [ERROR] ConfigurationRetriever:142 - IOException on connection: Connect timed out
2024-10-03 10:20:41,349 [ERROR] ConfigurationRetriever:142 - IOException on connection: Connect timed out
2024-10-03 10:20:42,539 [INFO] McuFinderGlobals:76 - Set McuFinderConnectedMode to true
2024-10-03 10:20:42,547 [INFO] ApiDb:448 - Save user favorites file C:\Users\zchua/.stm32cubeide/favorites.mcus.txt: 0 item(s)
2024-10-03 10:20:42,547 [INFO] ApiDb:452 - User favorites MCUs=[]
2024-10-03 10:20:42,551 [INFO] ApiDb:448 - Save user favorites file C:\Users\zchua/.stm32cubeide/favorites.boards.txt: 2 item(s)
2024-10-03 10:20:42,552 [INFO] ApiDb:452 - User favorites Boards=[NUCLEO-C031C6, STM32F407G-DISC1]
2024-10-03 10:20:42,557 [INFO] ApiDb:448 - Save user favorites file C:\Users\zchua/.stm32cubeide/favorites.examples.txt: 0 item(s)
2024-10-03 10:20:42,557 [INFO] ApiDb:452 - User favorites Examples=[]
2024-10-03 10:20:44,400 [ERROR] ConfigurationRetriever:142 - IOException on connection: Connect timed out
2024-10-03 10:20:45,849 [ERROR] ConfigurationRetriever:142 - IOException on connection: Connect timed out
2024-10-03 10:20:46,347 [ERROR] LogOutputStream:75 - [STDERR_REDIRECT] Exception in thread "AWT-EventQueue-0" java.awt.IllegalComponentStateException: Native resources unavailable
2024-10-03 10:20:46,348 [ERROR] LogOutputStream:75 - [STDERR_REDIRECT] 	at java.desktop/sun.awt.windows.WWindowPeer.getScreenImOn(Native Method)
2024-10-03 10:20:46,348 [ERROR] LogOutputStream:75 - [STDERR_REDIRECT] 	at java.desktop/sun.awt.windows.WWindowPeer.updateGC(WWindowPeer.java:566)
2024-10-03 10:20:46,349 [ERROR] LogOutputStream:75 - [STDERR_REDIRECT] 	at java.desktop/java.awt.event.InvocationEvent.dispatch(InvocationEvent.java:318)
2024-10-03 10:20:46,350 [ERROR] LogOutputStream:75 - [STDERR_REDIRECT] 	at java.desktop/java.awt.EventQueue.dispatchEventImpl(EventQueue.java:773)
2024-10-03 10:20:46,350 [ERROR] LogOutputStream:75 - [STDERR_REDIRECT] 	at java.desktop/java.awt.EventQueue$4.run(EventQueue.java:720)
2024-10-03 10:20:46,351 [ERROR] LogOutputStream:75 - [STDERR_REDIRECT] 	at java.desktop/java.awt.EventQueue$4.run(EventQueue.java:714)
2024-10-03 10:20:46,352 [ERROR] LogOutputStream:75 - [STDERR_REDIRECT] 	at java.base/java.security.AccessController.doPrivileged(AccessController.java:399)
2024-10-03 10:20:46,353 [ERROR] LogOutputStream:75 - [STDERR_REDIRECT] 	at java.base/java.security.ProtectionDomain$JavaSecurityAccessImpl.doIntersectionPrivilege(ProtectionDomain.java:86)
2024-10-03 10:20:46,354 [ERROR] ConfigurationRetriever:142 - IOException on connection: Connect timed out
2024-10-03 10:20:46,355 [ERROR] LogOutputStream:75 - [STDERR_REDIRECT] 	at java.base/java.security.ProtectionDomain$JavaSecurityAccessImpl.doIntersectionPrivilege(ProtectionDomain.java:97)
2024-10-03 10:20:46,356 [ERROR] LogOutputStream:75 - [STDERR_REDIRECT] 	at java.desktop/java.awt.EventQueue$5.run(EventQueue.java:747)
2024-10-03 10:20:46,357 [ERROR] LogOutputStream:75 - [STDERR_REDIRECT] 	at java.desktop/java.awt.EventQueue$5.run(EventQueue.java:745)
2024-10-03 10:20:46,359 [ERROR] LogOutputStream:75 - [STDERR_REDIRECT] 	at java.base/java.security.AccessController.doPrivileged(AccessController.java:399)
2024-10-03 10:20:46,361 [ERROR] LogOutputStream:75 - [STDERR_REDIRECT] 	at java.base/java.security.ProtectionDomain$JavaSecurityAccessImpl.doIntersectionPrivilege(ProtectionDomain.java:86)
2024-10-03 10:20:46,362 [ERROR] LogOutputStream:75 - [STDERR_REDIRECT] 	at java.desktop/java.awt.EventQueue.dispatchEvent(EventQueue.java:744)
2024-10-03 10:20:46,363 [ERROR] LogOutputStream:75 - [STDERR_REDIRECT] 	at java.desktop/java.awt.EventDispatchThread.pumpOneEventForFilters(EventDispatchThread.java:203)
2024-10-03 10:20:46,364 [ERROR] LogOutputStream:75 - [STDERR_REDIRECT] 	at java.desktop/java.awt.EventDispatchThread.pumpEventsForFilter(EventDispatchThread.java:124)
2024-10-03 10:20:46,365 [ERROR] LogOutputStream:75 - [STDERR_REDIRECT] 	at java.desktop/java.awt.EventDispatchThread.pumpEventsForHierarchy(EventDispatchThread.java:113)
2024-10-03 10:20:46,366 [ERROR] LogOutputStream:75 - [STDERR_REDIRECT] 	at java.desktop/java.awt.EventDispatchThread.pumpEvents(EventDispatchThread.java:109)
2024-10-03 10:20:46,367 [ERROR] LogOutputStream:75 - [STDERR_REDIRECT] 	at java.desktop/java.awt.EventDispatchThread.pumpEvents(EventDispatchThread.java:101)
2024-10-03 10:20:46,368 [ERROR] LogOutputStream:75 - [STDERR_REDIRECT] 	at java.desktop/java.awt.EventDispatchThread.run(EventDispatchThread.java:90)
2024-10-03 10:20:46,402 [ERROR] ConfigurationRetriever:142 - IOException on connection: Connect timed out
2024-10-03 10:20:48,406 [ERROR] ConfigurationRetriever:142 - IOException on connection: Connect timed out
2024-10-03 10:20:50,851 [ERROR] ConfigurationRetriever:142 - IOException on connection: Connect timed out
2024-10-03 10:21:46,366 [WARN] CheckConnectionManager:291 - Warning during Server Connection :  timeout Connect to sw-center.st.com:443 [sw-center.st.com/203.121.59.208, sw-center.st.com/203.121.59.234] failed: Connect timed out
2024-10-03 10:21:48,387 [WARN] CheckConnectionManager:291 - Warning during Server Connection :  timeout Connect to sw-center.st.com:443 [sw-center.st.com/203.121.59.208, sw-center.st.com/203.121.59.234] failed: Connect timed out
2024-10-03 10:21:48,389 [INFO] MainUpdater:2873 - connection check result : 22
2024-10-03 10:21:50,077 [INFO] McuFinderGlobals:76 - Set McuFinderConnectedMode to false
2024-10-03 10:21:50,080 [INFO] MultiScanPanel:200 - Auto-refresh data requested => check proxy status ongoing
2024-10-03 10:21:50,080 [INFO] MultiScanPanel:204 - Proxy status is invalid
2024-10-03 10:21:50,080 [INFO] FinderPluginLoader:95 - Searching for filters in installed packs
2024-10-03 10:21:51,037 [WARN] DetailPanel:346 - Failed to get advertising image, set to default
2024-10-03 10:21:55,271 [INFO] MultiScanPanel:200 - Auto-refresh data requested => check proxy status ongoing
2024-10-03 10:21:55,271 [INFO] MultiScanPanel:204 - Proxy status is invalid
2024-10-03 10:21:55,320 [WARN] DetailPanel:346 - Failed to get advertising image, set to default
2024-10-03 10:21:56,357 [INFO] ApiDb:581 - Connected to CubeFinder SQLite database (C:\Users\zchua\.stmcufinder\plugins\mcufinder\mcu\cube-finder-db.db)
2024-10-03 10:22:10,557 [INFO] McuFinderGlobals:76 - Set McuFinderConnectedMode to true
2024-10-03 10:22:10,563 [INFO] ApiDb:448 - Save user favorites file C:\Users\zchua/.stm32cubeide/favorites.mcus.txt: 0 item(s)
2024-10-03 10:22:10,564 [INFO] ApiDb:452 - User favorites MCUs=[]
2024-10-03 10:22:10,570 [INFO] ApiDb:448 - Save user favorites file C:\Users\zchua/.stm32cubeide/favorites.boards.txt: 2 item(s)
2024-10-03 10:22:10,577 [INFO] ApiDb:452 - User favorites Boards=[NUCLEO-C031C6, STM32F407G-DISC1]
2024-10-03 10:22:12,325 [ERROR] ConfigurationRetriever:142 - IOException on connection: Connect timed out
2024-10-03 10:22:14,339 [ERROR] ConfigurationRetriever:142 - IOException on connection: Connect timed out
2024-10-03 10:22:16,349 [ERROR] ConfigurationRetriever:142 - IOException on connection: Connect timed out
2024-10-03 10:28:18,330 [ERROR] ConfigurationRetriever:142 - IOException on connection: Connect timed out
2024-10-03 10:28:20,331 [ERROR] ConfigurationRetriever:142 - IOException on connection: Connect timed out
2024-10-03 10:28:22,335 [ERROR] ConfigurationRetriever:142 - IOException on connection: Connect timed out
2024-10-03 10:29:06,179 [ERROR] ConfigurationRetriever:142 - IOException on connection: Connect timed out
2024-10-03 10:29:08,181 [ERROR] ConfigurationRetriever:142 - IOException on connection: Connect timed out
2024-10-03 10:29:10,191 [ERROR] ConfigurationRetriever:142 - IOException on connection: Connect timed out
2024-10-03 10:30:48,591 [ERROR] ConfigurationRetriever:142 - IOException on connection: Connect timed out
2024-10-03 10:30:50,593 [ERROR] ConfigurationRetriever:142 - IOException on connection: Connect timed out
2024-10-03 10:30:52,596 [ERROR] ConfigurationRetriever:142 - IOException on connection: Connect timed out
2024-10-03 10:30:54,622 [ERROR] ConfigurationRetriever:142 - IOException on connection: Connect timed out
2024-10-03 10:30:56,624 [ERROR] ConfigurationRetriever:142 - IOException on connection: Connect timed out
2024-10-03 10:30:58,626 [ERROR] ConfigurationRetriever:142 - IOException on connection: Connect timed out
2024-10-03 10:31:31,799 [ERROR] ConfigurationRetriever:142 - IOException on connection: Connect timed out
2024-10-03 10:31:33,801 [ERROR] ConfigurationRetriever:142 - IOException on connection: Connect timed out
2024-10-03 10:31:35,803 [ERROR] ConfigurationRetriever:142 - IOException on connection: Connect timed out
2024-10-03 10:31:55,641 [ERROR] ConfigurationRetriever:142 - IOException on connection: Connect timed out
2024-10-03 10:31:57,643 [ERROR] ConfigurationRetriever:142 - IOException on connection: Connect timed out
2024-10-03 10:31:59,645 [ERROR] ConfigurationRetriever:142 - IOException on connection: Connect timed out
2024-10-03 10:32:38,280 [ERROR] ConfigurationRetriever:142 - IOException on connection: Connect timed out
2024-10-03 10:32:40,282 [ERROR] ConfigurationRetriever:142 - IOException on connection: Connect timed out
2024-10-03 10:32:42,284 [ERROR] ConfigurationRetriever:142 - IOException on connection: Connect timed out
2024-10-03 10:32:44,325 [ERROR] ConfigurationRetriever:142 - IOException on connection: Connect timed out
2024-10-03 10:32:46,327 [ERROR] ConfigurationRetriever:142 - IOException on connection: Connect timed out
2024-10-03 10:32:48,329 [ERROR] ConfigurationRetriever:142 - IOException on connection: Connect timed out
2024-10-03 10:33:45,787 [ERROR] ConfigurationRetriever:142 - IOException on connection: Connect timed out
2024-10-03 10:33:47,790 [ERROR] ConfigurationRetriever:142 - IOException on connection: Connect timed out
2024-10-03 10:33:49,791 [ERROR] ConfigurationRetriever:142 - IOException on connection: Connect timed out
2024-10-03 10:37:00,411 [ERROR] ConfigurationRetriever:142 - IOException on connection: Connect timed out
2024-10-03 10:37:02,413 [ERROR] ConfigurationRetriever:142 - IOException on connection: Connect timed out
2024-10-03 10:37:04,417 [ERROR] ConfigurationRetriever:142 - IOException on connection: Connect timed out
2024-10-03 10:37:06,440 [ERROR] ConfigurationRetriever:142 - IOException on connection: Connect timed out
2024-10-03 10:37:08,442 [ERROR] ConfigurationRetriever:142 - IOException on connection: Connect timed out
2024-10-03 10:37:10,457 [ERROR] ConfigurationRetriever:142 - IOException on connection: Connect timed out
2024-10-03 10:37:16,401 [ERROR] ConfigurationRetriever:142 - IOException on connection: Connect timed out
2024-10-03 10:37:18,404 [ERROR] ConfigurationRetriever:142 - IOException on connection: Connect timed out
2024-10-03 10:37:20,407 [ERROR] ConfigurationRetriever:142 - IOException on connection: Connect timed out
2024-10-03 10:37:58,763 [ERROR] ConfigurationRetriever:142 - IOException on connection: Connect timed out
2024-10-03 10:38:00,766 [ERROR] ConfigurationRetriever:142 - IOException on connection: Connect timed out
2024-10-03 10:38:02,768 [ERROR] ConfigurationRetriever:142 - IOException on connection: Connect timed out
2024-10-03 10:38:14,727 [ERROR] ConfigurationRetriever:142 - IOException on connection: Connect timed out
2024-10-03 10:38:16,729 [ERROR] ConfigurationRetriever:142 - IOException on connection: Connect timed out
2024-10-03 10:38:18,732 [ERROR] ConfigurationRetriever:142 - IOException on connection: Connect timed out
2024-10-03 10:38:28,102 [ERROR] ConfigurationRetriever:142 - IOException on connection: Connect timed out
2024-10-03 10:38:30,124 [ERROR] ConfigurationRetriever:142 - IOException on connection: Connect timed out
2024-10-03 10:38:32,126 [ERROR] ConfigurationRetriever:142 - IOException on connection: Connect timed out
2024-10-03 10:38:55,237 [ERROR] ConfigurationRetriever:142 - IOException on connection: Connect timed out
2024-10-03 10:38:57,239 [ERROR] ConfigurationRetriever:142 - IOException on connection: Connect timed out
2024-10-03 10:38:59,241 [ERROR] ConfigurationRetriever:142 - IOException on connection: Connect timed out
2024-10-03 10:39:13,939 [ERROR] ConfigurationRetriever:142 - IOException on connection: Connect timed out
2024-10-03 10:39:15,941 [ERROR] ConfigurationRetriever:142 - IOException on connection: Connect timed out
2024-10-03 10:39:17,943 [ERROR] ConfigurationRetriever:142 - IOException on connection: Connect timed out
2024-10-03 10:41:10,570 [ERROR] ConfigurationRetriever:142 - IOException on connection: Connect timed out
2024-10-03 10:41:12,573 [ERROR] ConfigurationRetriever:142 - IOException on connection: Connect timed out
2024-10-03 10:41:14,575 [ERROR] ConfigurationRetriever:142 - IOException on connection: Connect timed out
2024-10-03 10:41:36,324 [ERROR] ConfigurationRetriever:142 - IOException on connection: Connect timed out
2024-10-03 10:41:38,326 [ERROR] ConfigurationRetriever:142 - IOException on connection: Connect timed out
2024-10-03 10:41:40,328 [ERROR] ConfigurationRetriever:142 - IOException on connection: Connect timed out
2024-10-03 10:42:12,609 [ERROR] ConfigurationRetriever:142 - IOException on connection: Connect timed out
2024-10-03 10:42:14,612 [ERROR] ConfigurationRetriever:142 - IOException on connection: Connect timed out
2024-10-03 10:42:16,613 [ERROR] ConfigurationRetriever:142 - IOException on connection: Connect timed out
2024-10-03 10:43:27,770 [ERROR] ConfigurationRetriever:142 - IOException on connection: Connect timed out
2024-10-03 10:43:29,772 [ERROR] ConfigurationRetriever:142 - IOException on connection: Connect timed out
2024-10-03 10:43:31,774 [ERROR] ConfigurationRetriever:142 - IOException on connection: Connect timed out
2024-10-03 10:43:33,795 [ERROR] ConfigurationRetriever:142 - IOException on connection: Connect timed out
2024-10-03 10:43:35,797 [ERROR] ConfigurationRetriever:142 - IOException on connection: Connect timed out
2024-10-03 10:43:37,800 [ERROR] ConfigurationRetriever:142 - IOException on connection: Connect timed out
2024-10-03 10:45:24,484 [ERROR] ConfigurationRetriever:142 - IOException on connection: Connect timed out
2024-10-03 10:45:26,488 [ERROR] ConfigurationRetriever:142 - IOException on connection: Connect timed out
2024-10-03 10:45:28,490 [ERROR] ConfigurationRetriever:142 - IOException on connection: Connect timed out
2024-10-03 10:45:30,514 [ERROR] ConfigurationRetriever:142 - IOException on connection: Connect timed out
2024-10-03 10:45:32,517 [ERROR] ConfigurationRetriever:142 - IOException on connection: Connect timed out
2024-10-03 10:45:34,522 [ERROR] ConfigurationRetriever:142 - IOException on connection: Connect timed out
2024-10-03 10:45:42,160 [ERROR] ConfigurationRetriever:142 - IOException on connection: Connect timed out
2024-10-03 10:45:44,162 [ERROR] ConfigurationRetriever:142 - IOException on connection: Connect timed out
2024-10-03 10:45:46,164 [ERROR] ConfigurationRetriever:142 - IOException on connection: Connect timed out
2024-10-03 10:46:35,799 [ERROR] ConfigurationRetriever:142 - IOException on connection: Connect timed out
2024-10-03 10:46:37,803 [ERROR] ConfigurationRetriever:142 - IOException on connection: Connect timed out
2024-10-03 10:46:39,816 [ERROR] ConfigurationRetriever:142 - IOException on connection: Connect timed out
2024-10-03 10:46:41,842 [ERROR] ConfigurationRetriever:142 - IOException on connection: Connect timed out
2024-10-03 10:46:43,844 [ERROR] ConfigurationRetriever:142 - IOException on connection: Connect timed out
2024-10-03 10:46:45,848 [ERROR] ConfigurationRetriever:142 - IOException on connection: Connect timed out
2024-10-03 10:47:14,308 [ERROR] ConfigurationRetriever:142 - IOException on connection: Connect timed out
2024-10-03 10:47:16,311 [ERROR] ConfigurationRetriever:142 - IOException on connection: Connect timed out
2024-10-03 10:47:18,312 [ERROR] ConfigurationRetriever:142 - IOException on connection: Connect timed out
2024-10-03 10:47:20,354 [ERROR] ConfigurationRetriever:142 - IOException on connection: Connect timed out
2024-10-03 10:47:22,358 [ERROR] ConfigurationRetriever:142 - IOException on connection: Connect timed out
2024-10-03 10:47:24,359 [ERROR] ConfigurationRetriever:142 - IOException on connection: Connect timed out
2024-10-03 10:48:07,857 [ERROR] ConfigurationRetriever:142 - IOException on connection: Connect timed out
2024-10-03 10:48:09,860 [ERROR] ConfigurationRetriever:142 - IOException on connection: Connect timed out
2024-10-03 10:48:11,861 [ERROR] ConfigurationRetriever:142 - IOException on connection: Connect timed out
2024-10-03 10:48:13,890 [ERROR] ConfigurationRetriever:142 - IOException on connection: Connect timed out
2024-10-03 10:48:15,892 [ERROR] ConfigurationRetriever:142 - IOException on connection: Connect timed out
2024-10-03 10:48:17,894 [ERROR] ConfigurationRetriever:142 - IOException on connection: Connect timed out
2024-10-03 10:49:01,031 [ERROR] ConfigurationRetriever:142 - IOException on connection: Connect timed out
2024-10-03 10:49:03,032 [ERROR] ConfigurationRetriever:142 - IOException on connection: Connect timed out
2024-10-03 10:49:05,035 [ERROR] ConfigurationRetriever:142 - IOException on connection: Connect timed out
2024-10-03 10:49:07,057 [ERROR] ConfigurationRetriever:142 - IOException on connection: Connect timed out
2024-10-03 10:49:09,062 [ERROR] ConfigurationRetriever:142 - IOException on connection: Connect timed out
2024-10-03 10:49:11,066 [ERROR] ConfigurationRetriever:142 - IOException on connection: Connect timed out
2024-10-03 10:49:25,347 [ERROR] ConfigurationRetriever:142 - IOException on connection: Connect timed out
2024-10-03 10:49:27,349 [ERROR] ConfigurationRetriever:142 - IOException on connection: Connect timed out
2024-10-03 10:49:29,357 [ERROR] ConfigurationRetriever:142 - IOException on connection: Connect timed out
2024-10-03 10:50:05,326 [ERROR] ConfigurationRetriever:142 - IOException on connection: Connect timed out
2024-10-03 10:50:07,328 [ERROR] ConfigurationRetriever:142 - IOException on connection: Connect timed out
2024-10-03 10:50:09,330 [ERROR] ConfigurationRetriever:142 - IOException on connection: Connect timed out
2024-10-03 10:50:11,359 [ERROR] ConfigurationRetriever:142 - IOException on connection: Connect timed out
2024-10-03 10:50:13,360 [ERROR] ConfigurationRetriever:142 - IOException on connection: Connect timed out
2024-10-03 10:50:15,366 [ERROR] ConfigurationRetriever:142 - IOException on connection: Connect timed out
2024-10-03 10:50:42,871 [ERROR] ConfigurationRetriever:142 - IOException on connection: Connect timed out
2024-10-03 10:50:44,873 [ERROR] ConfigurationRetriever:142 - IOException on connection: Connect timed out
2024-10-03 10:50:46,875 [ERROR] ConfigurationRetriever:142 - IOException on connection: Connect timed out
2024-10-03 10:50:48,908 [ERROR] ConfigurationRetriever:142 - IOException on connection: Connect timed out
2024-10-03 10:50:50,923 [ERROR] ConfigurationRetriever:142 - IOException on connection: Connect timed out
2024-10-03 10:50:52,932 [ERROR] ConfigurationRetriever:142 - IOException on connection: Connect timed out
2024-10-03 10:51:54,421 [ERROR] ConfigurationRetriever:142 - IOException on connection: Connect timed out
2024-10-03 10:51:56,424 [ERROR] ConfigurationRetriever:142 - IOException on connection: Connect timed out
2024-10-03 10:51:58,427 [ERROR] ConfigurationRetriever:142 - IOException on connection: Connect timed out
2024-10-03 10:52:00,451 [ERROR] ConfigurationRetriever:142 - IOException on connection: Connect timed out
2024-10-03 10:52:02,452 [ERROR] ConfigurationRetriever:142 - IOException on connection: Connect timed out
2024-10-03 10:52:04,455 [ERROR] ConfigurationRetriever:142 - IOException on connection: Connect timed out
2024-10-03 10:52:36,653 [ERROR] ConfigurationRetriever:142 - IOException on connection: Connect timed out
2024-10-03 10:52:38,655 [ERROR] ConfigurationRetriever:142 - IOException on connection: Connect timed out
2024-10-03 10:52:40,659 [ERROR] ConfigurationRetriever:142 - IOException on connection: Connect timed out
2024-10-03 10:52:42,690 [ERROR] ConfigurationRetriever:142 - IOException on connection: Connect timed out
2024-10-03 10:52:44,692 [ERROR] ConfigurationRetriever:142 - IOException on connection: Connect timed out
2024-10-03 10:52:46,704 [ERROR] ConfigurationRetriever:142 - IOException on connection: Connect timed out
2024-10-03 10:53:34,409 [ERROR] ConfigurationRetriever:142 - IOException on connection: Connect timed out
2024-10-03 10:53:36,412 [ERROR] ConfigurationRetriever:142 - IOException on connection: Connect timed out
2024-10-03 10:53:38,414 [ERROR] ConfigurationRetriever:142 - IOException on connection: Connect timed out
2024-10-03 10:53:40,446 [ERROR] ConfigurationRetriever:142 - IOException on connection: Connect timed out
2024-10-03 10:53:42,447 [ERROR] ConfigurationRetriever:142 - IOException on connection: Connect timed out
2024-10-03 10:53:44,450 [ERROR] ConfigurationRetriever:142 - IOException on connection: Connect timed out
2024-10-03 10:53:49,108 [ERROR] ConfigurationRetriever:142 - IOException on connection: Connect timed out
2024-10-03 10:53:51,111 [ERROR] ConfigurationRetriever:142 - IOException on connection: Connect timed out
2024-10-03 10:53:53,114 [ERROR] ConfigurationRetriever:142 - IOException on connection: Connect timed out
2024-10-03 10:54:32,148 [ERROR] ConfigurationRetriever:142 - IOException on connection: Connect timed out
2024-10-03 10:54:34,149 [ERROR] ConfigurationRetriever:142 - IOException on connection: Connect timed out
2024-10-03 10:54:36,152 [ERROR] ConfigurationRetriever:142 - IOException on connection: Connect timed out
2024-10-03 10:54:38,175 [ERROR] ConfigurationRetriever:142 - IOException on connection: Connect timed out
2024-10-03 10:54:40,178 [ERROR] ConfigurationRetriever:142 - IOException on connection: Connect timed out
2024-10-03 10:54:42,180 [ERROR] ConfigurationRetriever:142 - IOException on connection: Connect timed out
2024-10-03 10:55:14,448 [ERROR] ConfigurationRetriever:142 - IOException on connection: Connect timed out
2024-10-03 10:55:16,451 [ERROR] ConfigurationRetriever:142 - IOException on connection: Connect timed out
2024-10-03 10:55:18,452 [ERROR] ConfigurationRetriever:142 - IOException on connection: Connect timed out
2024-10-03 10:55:20,478 [ERROR] ConfigurationRetriever:142 - IOException on connection: Connect timed out
2024-10-03 10:55:22,480 [ERROR] ConfigurationRetriever:142 - IOException on connection: Connect timed out
2024-10-03 10:55:24,482 [ERROR] ConfigurationRetriever:142 - IOException on connection: Connect timed out
2024-10-03 10:55:29,610 [ERROR] ConfigurationRetriever:142 - IOException on connection: Connect timed out
2024-10-03 10:55:31,613 [ERROR] ConfigurationRetriever:142 - IOException on connection: Connect timed out
2024-10-03 10:55:33,616 [ERROR] ConfigurationRetriever:142 - IOException on connection: Connect timed out
2024-10-03 10:55:43,455 [ERROR] ConfigurationRetriever:142 - IOException on connection: Connect timed out
2024-10-03 10:55:45,481 [ERROR] ConfigurationRetriever:142 - IOException on connection: Connect timed out
2024-10-03 10:55:47,483 [ERROR] ConfigurationRetriever:142 - IOException on connection: Connect timed out
