2024-08-13 09:27:19,509 [INFO] Activator:176 - 


2024-08-13 09:27:19,512 [INFO] Activator:177 - !SESSION log4j initialized
2024-08-13 09:27:22,264 [INFO] LogOutputStream:77 - [STDOUT_REDIRECT] 
2024-08-13 09:27:24,342 [INFO] ApplicationProperties:184 - Using Application install path: C:\ST\STM32CubeIDE_1.16.0\STM32CubeIDE\plugins\com.st.stm32cube.common.mx_6.12.0.202406281431
2024-08-13 09:27:24,363 [INFO] DbMcusXml:78 - Set database path to: C:\ST\STM32CubeIDE_1.16.0\STM32CubeIDE\plugins\com.st.stm32cube.common.mx_6.12.0.202406281431\\db\/mcu/
2024-08-13 09:27:24,363 [INFO] ApiDb:274 - Set plugin database path to: C:\ST\STM32CubeIDE_1.16.0\STM32CubeIDE\plugins\com.st.stm32cube.common.mx_6.12.0.202406281431\\db\/plugins/boardmanager/
2024-08-13 09:27:24,364 [WARN] ApiDb:259 - Overriding images path with different value:  => C:\ST\STM32CubeIDE_1.16.0\STM32CubeIDE\plugins\com.st.stm32cube.common.mx_6.12.0.202406281431\\db\/plugins/mcufinder/images/
2024-08-13 09:27:24,369 [INFO] ApiDb:250 - Set database path to: C:\Users\zchua\.stmcufinder\plugins\mcufinder//mcu/
2024-08-13 09:27:24,370 [INFO] DbMcusAds:125 - Set database path to: C:\Users\zchua\.stmcufinder\plugins\mcufinder//mcu/
2024-08-13 09:27:24,371 [INFO] CrossReferenceDbSqlite:203 - Set database path to: C:\Users\zchua\.stmcufinder\plugins\mcufinder//mcu/cs/
2024-08-13 09:27:24,500 [INFO] RulesReader:64 - Compatibility file has been processed (297 Rules)
2024-08-13 09:27:24,624 [INFO] DbMcusXml:78 - Set database path to: C:\ST\STM32CubeIDE_1.16.0\STM32CubeIDE\plugins\com.st.stm32cube.common.mx_6.12.0.202406281431\\db\/mcu/
2024-08-13 09:27:24,624 [INFO] ApiDb:274 - Set plugin database path to: C:\ST\STM32CubeIDE_1.16.0\STM32CubeIDE\plugins\com.st.stm32cube.common.mx_6.12.0.202406281431\\db\/plugins/boardmanager/
2024-08-13 09:27:24,624 [INFO] ApiDb:261 - Set plugin images path to: C:\ST\STM32CubeIDE_1.16.0\STM32CubeIDE\plugins\com.st.stm32cube.common.mx_6.12.0.202406281431\\db\/plugins/mcufinder/images/
2024-08-13 09:27:24,624 [WARN] DbFile:41 - Overriding database path with different value: C:\Users\zchua\.stmcufinder\plugins\mcufinder/ => C:\Users\zchua\.stmcufinder\plugins\mcufinder
2024-08-13 09:27:24,625 [INFO] ApiDb:250 - Set database path to: C:\Users\zchua\.stmcufinder\plugins\mcufinder//mcu/
2024-08-13 09:27:24,625 [WARN] DbFile:41 - Overriding database path with different value: C:\Users\zchua\.stmcufinder\plugins\mcufinder/ => C:\Users\zchua\.stmcufinder\plugins\mcufinder
2024-08-13 09:27:24,625 [INFO] DbMcusAds:125 - Set database path to: C:\Users\zchua\.stmcufinder\plugins\mcufinder//mcu/
2024-08-13 09:27:24,625 [WARN] DbFile:41 - Overriding database path with different value: C:\Users\zchua\.stmcufinder\plugins\mcufinder/ => C:\Users\zchua\.stmcufinder\plugins\mcufinder
2024-08-13 09:27:24,625 [WARN] DbFile:41 - Overriding database path with different value: C:\Users\zchua\.stmcufinder\plugins\mcufinder/ => C:\Users\zchua\.stmcufinder\plugins\mcufinder
2024-08-13 09:27:24,625 [INFO] CrossReferenceDbSqlite:203 - Set database path to: C:\Users\zchua\.stmcufinder\plugins\mcufinder//mcu/cs/
2024-08-13 09:27:24,760 [ERROR] ConfigurationRetriever:142 - IOException on connection: Connect timed out
2024-08-13 09:27:24,761 [INFO] MainPanel:268 - HeapMemory: 268435456
2024-08-13 09:27:24,861 [INFO] DbMcusXml:78 - Set database path to: C:\ST\STM32CubeIDE_1.16.0\STM32CubeIDE\plugins\com.st.stm32cube.common.mx_6.12.0.202406281431\\db\/mcu/
2024-08-13 09:27:24,861 [INFO] ApiDb:274 - Set plugin database path to: C:\ST\STM32CubeIDE_1.16.0\STM32CubeIDE\plugins\com.st.stm32cube.common.mx_6.12.0.202406281431\\db\/plugins/boardmanager/
2024-08-13 09:27:24,861 [INFO] ApiDb:261 - Set plugin images path to: C:\ST\STM32CubeIDE_1.16.0\STM32CubeIDE\plugins\com.st.stm32cube.common.mx_6.12.0.202406281431\\db\/plugins/mcufinder/images/
2024-08-13 09:27:24,862 [WARN] DbFile:41 - Overriding database path with different value: C:\Users\zchua\.stmcufinder\plugins\mcufinder/ => C:\Users\zchua\.stmcufinder\plugins\mcufinder
2024-08-13 09:27:24,862 [INFO] ApiDb:250 - Set database path to: C:\Users\zchua\.stmcufinder\plugins\mcufinder//mcu/
2024-08-13 09:27:24,862 [WARN] DbFile:41 - Overriding database path with different value: C:\Users\zchua\.stmcufinder\plugins\mcufinder/ => C:\Users\zchua\.stmcufinder\plugins\mcufinder
2024-08-13 09:27:24,862 [INFO] DbMcusAds:125 - Set database path to: C:\Users\zchua\.stmcufinder\plugins\mcufinder//mcu/
2024-08-13 09:27:24,862 [WARN] DbFile:41 - Overriding database path with different value: C:\Users\zchua\.stmcufinder\plugins\mcufinder/ => C:\Users\zchua\.stmcufinder\plugins\mcufinder
2024-08-13 09:27:24,862 [WARN] DbFile:41 - Overriding database path with different value: C:\Users\zchua\.stmcufinder\plugins\mcufinder/ => C:\Users\zchua\.stmcufinder\plugins\mcufinder
2024-08-13 09:27:24,862 [INFO] CrossReferenceDbSqlite:203 - Set database path to: C:\Users\zchua\.stmcufinder\plugins\mcufinder//mcu/cs/
2024-08-13 09:27:24,891 [INFO] ApplicationProperties:184 - Using Application install path: C:\ST\STM32CubeIDE_1.16.0\STM32CubeIDE\plugins\com.st.stm32cube.common.mx_6.12.0.202406281431
2024-08-13 09:27:24,893 [INFO] PluginManage:196 - Search for loadable plugins [exclusion list=, ]
2024-08-13 09:27:24,895 [INFO] PluginManage:310 - Check plugin analytics
2024-08-13 09:27:25,171 [INFO] AnalyticsPlugin:253 - Accepted Software Licenses: 
2024-08-13 09:27:25,172 [INFO] AnalyticsPlugin:255 - Accepted CMSIS Pack Licenses: 
2024-08-13 09:27:25,172 [INFO] AnalyticsPlugin:257 - Accepted Firmware Licenses: 
2024-08-13 09:27:25,178 [INFO] PluginManage:359 - Loaded plugin analytics (category:tool,tabindex:-1)
2024-08-13 09:27:25,179 [INFO] PluginManage:310 - Check plugin cadmodel
2024-08-13 09:27:25,185 [INFO] CADModel:105 - Init CAD model plugin
2024-08-13 09:27:25,185 [INFO] PluginManage:359 - Loaded plugin cadmodel (category:power,tabindex:5)
2024-08-13 09:27:25,185 [INFO] PluginManage:310 - Check plugin clock
2024-08-13 09:27:25,199 [INFO] PluginManage:359 - Loaded plugin clock (category:base,tabindex:2)
2024-08-13 09:27:25,200 [INFO] PluginManage:310 - Check plugin ddr
2024-08-13 09:27:25,203 [INFO] PluginManage:359 - Loaded plugin ddr (category:tool,tabindex:6)
2024-08-13 09:27:25,204 [INFO] PluginManage:310 - Check plugin filemanager
2024-08-13 09:27:25,442 [INFO] PluginManage:359 - Loaded plugin filemanager (category:base,tabindex:10)
2024-08-13 09:27:25,443 [INFO] PluginManage:310 - Check plugin ipmanager
2024-08-13 09:27:25,464 [INFO] PluginManage:359 - Loaded plugin ipmanager (category:base,tabindex:5)
2024-08-13 09:27:25,464 [INFO] PluginManage:310 - Check plugin lpbam
2024-08-13 09:27:25,484 [INFO] PluginManage:359 - Loaded plugin lpbam (category:base,tabindex:0)
2024-08-13 09:27:25,485 [INFO] PluginManage:310 - Check plugin memorymap
2024-08-13 09:27:25,507 [INFO] PluginManage:359 - Loaded plugin memorymap (category:base,tabindex:4)
2024-08-13 09:27:25,508 [INFO] PluginManage:310 - Check plugin pinoutandconfiguration
2024-08-13 09:27:25,520 [INFO] PluginManage:359 - Loaded plugin pinoutandconfiguration (category:base,tabindex:1)
2024-08-13 09:27:25,522 [INFO] PluginManage:310 - Check plugin pinoutconfig
2024-08-13 09:27:25,654 [WARN] SupportedApi:132 - Cannot load RTOS API schema: s4s-elt-must-match.1: The content of 'definitions' must match (annotation?, (simpleType | complexType)?, (unique | key | keyref)*)). A problem was found starting at: attribute.
2024-08-13 09:27:25,901 [INFO] PluginManage:359 - Loaded plugin pinoutconfig (category:base,tabindex:0)
2024-08-13 09:27:25,901 [INFO] PluginManage:310 - Check plugin power
2024-08-13 09:27:25,914 [INFO] PluginManage:359 - Loaded plugin power (category:power,tabindex:4)
2024-08-13 09:27:25,915 [INFO] PluginManage:310 - Check plugin projectmanager
2024-08-13 09:27:25,941 [INFO] PluginManage:359 - Loaded plugin projectmanager (category:projectmanager,tabindex:4)
2024-08-13 09:27:25,941 [INFO] PluginManage:310 - Check plugin rif
2024-08-13 09:27:25,947 [INFO] PluginManage:359 - Loaded plugin rif (category:base,tabindex:3)
2024-08-13 09:27:25,947 [INFO] PluginManage:310 - Check plugin thirdparty
2024-08-13 09:27:26,086 [INFO] PluginManage:359 - Loaded plugin thirdparty (category:base,tabindex:-1)
2024-08-13 09:27:26,086 [WARN] IntegrityCheckThread:84 - waiting for thirdparty lock release [integrity check]
2024-08-13 09:27:26,087 [INFO] PluginManage:310 - Check plugin tools
2024-08-13 09:27:26,088 [INFO] IntegrityCheckThread:86 - entering critical section [integrity check]
2024-08-13 09:27:26,088 [INFO] ThirdPartyUpdaterWithRetryManager:70 - Updater plugin not ready yet. [1/15]
2024-08-13 09:27:26,090 [INFO] PluginManage:359 - Loaded plugin tools (category:base,tabindex:7)
2024-08-13 09:27:26,091 [INFO] PluginManage:310 - Check plugin tutovideos
2024-08-13 09:27:26,298 [INFO] PluginManage:359 - Loaded plugin tutovideos (category:base,tabindex:-1)
2024-08-13 09:27:26,298 [INFO] PluginManage:310 - Check plugin updater
2024-08-13 09:27:26,319 [INFO] PluginManage:359 - Loaded plugin updater (category:base,tabindex:12)
2024-08-13 09:27:26,319 [INFO] PluginManage:310 - Check plugin userauth
2024-08-13 09:27:26,325 [INFO] UserAuth:113 - Init User Auth plugin
2024-08-13 09:27:26,326 [INFO] PluginManage:359 - Loaded plugin userauth (category:base,tabindex:14)
2024-08-13 09:27:26,326 [INFO] PluginManage:283 - PluginManage : Loaded plugins [18]
2024-08-13 09:27:26,613 [INFO] PinOutPanel:1561 - setPackage(No Configuration,No Configuration)
2024-08-13 09:27:26,764 [ERROR] ConfigurationRetriever:142 - IOException on connection: Connect timed out
2024-08-13 09:27:26,801 [INFO] CADModel:165 - CPN selected for project level
2024-08-13 09:27:26,801 [INFO] CADModel:114 - Register for checkConnection events
2024-08-13 09:27:26,833 [INFO] IPUIPlugin:80 - create IPUIPlugin
2024-08-13 09:27:26,834 [INFO] PluginManager:220 - loadIPPluginJar : add adc
2024-08-13 09:27:26,843 [INFO] IPUIPlugin:80 - create IPUIPlugin
2024-08-13 09:27:26,844 [INFO] PluginManager:220 - loadIPPluginJar : add aes
2024-08-13 09:27:26,848 [INFO] IPUIPlugin:80 - create IPUIPlugin
2024-08-13 09:27:26,848 [INFO] PluginManager:220 - loadIPPluginJar : add can
2024-08-13 09:27:26,850 [INFO] IPUIPlugin:80 - create IPUIPlugin
2024-08-13 09:27:26,850 [INFO] PluginManager:220 - loadIPPluginJar : add comp
2024-08-13 09:27:26,855 [INFO] IPUIPlugin:80 - create IPUIPlugin
2024-08-13 09:27:26,855 [INFO] PluginManager:220 - loadIPPluginJar : add cryp
2024-08-13 09:27:26,861 [INFO] IPUIPlugin:80 - create IPUIPlugin
2024-08-13 09:27:26,861 [INFO] PluginManager:220 - loadIPPluginJar : add ddr_ctrl_phy
2024-08-13 09:27:26,864 [INFO] IPUIPlugin:80 - create IPUIPlugin
2024-08-13 09:27:26,864 [INFO] PluginManager:220 - loadIPPluginJar : add dfsdm
2024-08-13 09:27:26,876 [INFO] IPUIPlugin:80 - create IPUIPlugin
2024-08-13 09:27:26,877 [INFO] PluginManager:220 - loadIPPluginJar : add dma
2024-08-13 09:27:26,881 [INFO] IPUIPlugin:80 - create IPUIPlugin
2024-08-13 09:27:26,881 [INFO] PluginManager:220 - loadIPPluginJar : add dma3
2024-08-13 09:27:26,886 [INFO] IPUIPlugin:80 - create IPUIPlugin
2024-08-13 09:27:26,886 [INFO] PluginManager:220 - loadIPPluginJar : add extmemmanager
2024-08-13 09:27:26,888 [INFO] IPUIPlugin:80 - create IPUIPlugin
2024-08-13 09:27:26,889 [INFO] PluginManager:220 - loadIPPluginJar : add fatfs
2024-08-13 09:27:26,893 [INFO] IPUIPlugin:80 - create IPUIPlugin
2024-08-13 09:27:26,893 [INFO] PluginManager:220 - loadIPPluginJar : add fmc
2024-08-13 09:27:26,898 [INFO] IPUIPlugin:80 - create IPUIPlugin
2024-08-13 09:27:26,898 [INFO] PluginManager:220 - loadIPPluginJar : add freertos
2024-08-13 09:27:26,900 [INFO] IPUIPlugin:80 - create IPUIPlugin
2024-08-13 09:27:26,900 [INFO] PluginManager:220 - loadIPPluginJar : add genericplugin
2024-08-13 09:27:26,904 [INFO] IPUIPlugin:80 - create IPUIPlugin
2024-08-13 09:27:26,904 [INFO] PluginManager:220 - loadIPPluginJar : add gfxmmu
2024-08-13 09:27:26,912 [INFO] IPUIPlugin:80 - create IPUIPlugin
2024-08-13 09:27:26,913 [INFO] PluginManager:220 - loadIPPluginJar : add gic
2024-08-13 09:27:26,917 [INFO] IPUIPlugin:80 - create IPUIPlugin
2024-08-13 09:27:26,917 [INFO] PluginManager:220 - loadIPPluginJar : add gpio
2024-08-13 09:27:26,921 [INFO] IPUIPlugin:80 - create IPUIPlugin
2024-08-13 09:27:26,921 [INFO] PluginManager:220 - loadIPPluginJar : add gtzc
2024-08-13 09:27:26,924 [INFO] IPUIPlugin:80 - create IPUIPlugin
2024-08-13 09:27:26,924 [INFO] PluginManager:220 - loadIPPluginJar : add hash
2024-08-13 09:27:26,926 [INFO] IPUIPlugin:80 - create IPUIPlugin
2024-08-13 09:27:26,926 [INFO] PluginManager:220 - loadIPPluginJar : add i2c
2024-08-13 09:27:26,928 [INFO] IPUIPlugin:80 - create IPUIPlugin
2024-08-13 09:27:26,929 [INFO] PluginManager:220 - loadIPPluginJar : add i2s
2024-08-13 09:27:26,931 [INFO] IPUIPlugin:80 - create IPUIPlugin
2024-08-13 09:27:26,931 [INFO] PluginManager:220 - loadIPPluginJar : add i3c
2024-08-13 09:27:26,935 [INFO] IPUIPlugin:80 - create IPUIPlugin
2024-08-13 09:27:26,935 [INFO] PluginManager:220 - loadIPPluginJar : add ipddr
2024-08-13 09:27:26,943 [INFO] IPUIPlugin:80 - create IPUIPlugin
2024-08-13 09:27:26,943 [INFO] PluginManager:220 - loadIPPluginJar : add linkedlist
2024-08-13 09:27:26,946 [INFO] IPUIPlugin:80 - create IPUIPlugin
2024-08-13 09:27:26,946 [INFO] PluginManager:220 - loadIPPluginJar : add lorawan
2024-08-13 09:27:26,947 [INFO] IPUIPlugin:80 - create IPUIPlugin
2024-08-13 09:27:26,947 [INFO] PluginManager:220 - loadIPPluginJar : add ltdc
2024-08-13 09:27:26,953 [INFO] IPUIPlugin:80 - create IPUIPlugin
2024-08-13 09:27:26,955 [INFO] PluginManager:220 - loadIPPluginJar : add mdma
2024-08-13 09:27:26,958 [INFO] IPUIPlugin:80 - create IPUIPlugin
2024-08-13 09:27:26,958 [INFO] PluginManager:220 - loadIPPluginJar : add nvic
2024-08-13 09:27:26,961 [INFO] IPUIPlugin:80 - create IPUIPlugin
2024-08-13 09:27:26,961 [INFO] PluginManager:220 - loadIPPluginJar : add opamp
2024-08-13 09:27:26,964 [INFO] IPUIPlugin:80 - create IPUIPlugin
2024-08-13 09:27:26,964 [INFO] PluginManager:220 - loadIPPluginJar : add openamp
2024-08-13 09:27:26,966 [INFO] IPUIPlugin:80 - create IPUIPlugin
2024-08-13 09:27:26,967 [INFO] PluginManager:220 - loadIPPluginJar : add pdm2pcm
2024-08-13 09:27:26,974 [INFO] IPUIPlugin:80 - create IPUIPlugin
2024-08-13 09:27:26,976 [INFO] PluginManager:220 - loadIPPluginJar : add plateformsettings
2024-08-13 09:27:26,978 [INFO] IPUIPlugin:80 - create IPUIPlugin
2024-08-13 09:27:26,978 [INFO] PluginManager:220 - loadIPPluginJar : add quadspi
2024-08-13 09:27:26,979 [INFO] IPUIPlugin:80 - create IPUIPlugin
2024-08-13 09:27:26,980 [INFO] PluginManager:220 - loadIPPluginJar : add radio
2024-08-13 09:27:26,983 [INFO] IPUIPlugin:80 - create IPUIPlugin
2024-08-13 09:27:26,983 [INFO] PluginManager:220 - loadIPPluginJar : add resmgrutility
2024-08-13 09:27:26,987 [INFO] IPUIPlugin:80 - create IPUIPlugin
2024-08-13 09:27:26,987 [INFO] PluginManager:220 - loadIPPluginJar : add sai
2024-08-13 09:27:26,989 [INFO] IPUIPlugin:80 - create IPUIPlugin
2024-08-13 09:27:26,990 [INFO] PluginManager:220 - loadIPPluginJar : add spi
2024-08-13 09:27:26,994 [INFO] IPUIPlugin:80 - create IPUIPlugin
2024-08-13 09:27:26,994 [INFO] PluginManager:220 - loadIPPluginJar : add stm32_wpan
2024-08-13 09:27:26,996 [INFO] IPUIPlugin:80 - create IPUIPlugin
2024-08-13 09:27:26,997 [INFO] PluginManager:220 - loadIPPluginJar : add tim
2024-08-13 09:27:27,001 [INFO] IPUIPlugin:80 - create IPUIPlugin
2024-08-13 09:27:27,002 [INFO] PluginManager:220 - loadIPPluginJar : add touchsensing
2024-08-13 09:27:27,005 [INFO] IPUIPlugin:80 - create IPUIPlugin
2024-08-13 09:27:27,005 [INFO] PluginManager:220 - loadIPPluginJar : add tracer_emb
2024-08-13 09:27:27,007 [INFO] IPUIPlugin:80 - create IPUIPlugin
2024-08-13 09:27:27,008 [INFO] PluginManager:220 - loadIPPluginJar : add ts
2024-08-13 09:27:27,009 [INFO] IPUIPlugin:80 - create IPUIPlugin
2024-08-13 09:27:27,010 [INFO] PluginManager:220 - loadIPPluginJar : add tsc
2024-08-13 09:27:27,012 [INFO] IPUIPlugin:80 - create IPUIPlugin
2024-08-13 09:27:27,012 [INFO] PluginManager:220 - loadIPPluginJar : add ucpd
2024-08-13 09:27:27,014 [INFO] IPUIPlugin:80 - create IPUIPlugin
2024-08-13 09:27:27,015 [INFO] PluginManager:220 - loadIPPluginJar : add usart
2024-08-13 09:27:27,019 [INFO] IPUIPlugin:80 - create IPUIPlugin
2024-08-13 09:27:27,019 [INFO] PluginManager:220 - loadIPPluginJar : add usbx
2024-08-13 09:27:27,167 [INFO] CADModel:165 - CPN selected for project level
2024-08-13 09:27:27,168 [INFO] CADModel:114 - Register for checkConnection events
2024-08-13 09:27:27,168 [FATAL] Updater:334 - Updater called before beeing initialized
2024-08-13 09:27:27,169 [ERROR] CADModel:125 - Updater not yet initialized, retry later 
2024-08-13 09:27:27,323 [INFO] CADModel:165 - CPN selected for project level
2024-08-13 09:27:27,323 [INFO] CADModel:114 - Register for checkConnection events
2024-08-13 09:27:27,323 [FATAL] Updater:334 - Updater called before beeing initialized
2024-08-13 09:27:27,323 [ERROR] CADModel:125 - Updater not yet initialized, retry later 
2024-08-13 09:27:27,326 [FATAL] Updater:334 - Updater called before beeing initialized
2024-08-13 09:27:27,458 [FATAL] Updater:334 - Updater called before beeing initialized
2024-08-13 09:27:27,462 [INFO] DbMcusAds:53 - JSON generation date=Thu Sep 30 14:55:09 MYT 2021 (1632984909247)
2024-08-13 09:27:27,463 [FATAL] Updater:334 - Updater called before beeing initialized
2024-08-13 09:27:27,521 [WARN] DetailPanel:346 - Failed to get advertising image, set to default
2024-08-13 09:27:27,639 [FATAL] Updater:334 - Updater called before beeing initialized
2024-08-13 09:27:27,641 [FATAL] Updater:334 - Updater called before beeing initialized
2024-08-13 09:27:27,641 [FATAL] Updater:334 - Updater called before beeing initialized
2024-08-13 09:27:27,641 [WARN] DetailPanel:346 - Failed to get advertising image, set to default
2024-08-13 09:27:27,642 [FATAL] Updater:334 - Updater called before beeing initialized
2024-08-13 09:27:27,692 [ERROR] Updater:1164 - MainUpdater not yet initialized. External WinMGr cannot be set.
2024-08-13 09:27:27,696 [INFO] Updater:1100 - Updater Version found : 6.12.0
2024-08-13 09:27:27,712 [INFO] ApplicationProperties:184 - Using Application install path: C:\ST\STM32CubeIDE_1.16.0\STM32CubeIDE\plugins\com.st.stm32cube.common.mx_6.12.0.202406281431
2024-08-13 09:27:28,766 [ERROR] ConfigurationRetriever:142 - IOException on connection: Connect timed out
2024-08-13 09:27:29,089 [INFO] ThirdPartyUpdaterWithRetryManager:70 - Updater plugin not ready yet. [2/15]
2024-08-13 09:27:29,290 [ERROR] LogOutputStream:75 - [STDERR_REDIRECT] Aug 13, 2024 9:27:29 AM java.util.prefs.WindowsPreferences <init>
2024-08-13 09:27:29,291 [ERROR] LogOutputStream:75 - [STDERR_REDIRECT] WARNING: Could not open/create prefs root node Software\JavaSoft\Prefs at root 0xffffffff80000002. Windows RegCreateKeyEx(...) returned error code 5.
2024-08-13 09:27:29,291 [ERROR] LogOutputStream:75 - [STDERR_REDIRECT] 
2024-08-13 09:27:30,180 [ERROR] ConfigurationRetriever:142 - IOException on connection: Connect timed out
2024-08-13 09:27:32,092 [FATAL] Updater:334 - Updater called before beeing initialized
2024-08-13 09:27:32,094 [ERROR] IntegrityCheckThread:130 - Cannot retrieve database content from updater: error 21
2024-08-13 09:27:32,095 [INFO] ThirdParty:978 - Integrity check success = false
2024-08-13 09:27:32,096 [INFO] IntegrityCheckThread:100 - exiting critical section [integrity check]
2024-08-13 09:27:32,097 [INFO] IntegrityCheckThread:103 - End integrity checks thread
2024-08-13 09:27:33,453 [WARN] CheckConnectionManager:291 - Warning during Server Connection :  timeout Connect to sw-center.st.com:443 [sw-center.st.com/203.121.59.208, sw-center.st.com/203.121.59.234] failed: Connect timed out
2024-08-13 09:27:35,183 [ERROR] ConfigurationRetriever:142 - IOException on connection: Connect timed out
2024-08-13 09:27:37,464 [WARN] CheckConnectionManager:291 - Warning during Server Connection :  timeout Connect to sw-center.st.com:443 [sw-center.st.com/203.121.59.208, sw-center.st.com/203.121.59.234] failed: Connect timed out
2024-08-13 09:27:37,472 [INFO] MainUpdater:2873 - connection check result : 22
2024-08-13 09:27:37,473 [INFO] MainUpdater:290 - Updater Check For Update Now.
2024-08-13 09:27:37,474 [INFO] MicroXplorer:498 - Change Database Version : DB.6.0.120
2024-08-13 09:27:37,482 [INFO] McuFinderGlobals:63 - Set McuFinder mode to 2 (CubeIDE integrated)
2024-08-13 09:27:37,483 [INFO] UserAuth:179 - activating auth plugin
2024-08-13 09:27:37,539 [INFO] UserAuth:417 - Internet connection configuration mode: 2
2024-08-13 09:27:37,611 [INFO] UserAuth:417 - Internet connection configuration mode: 2
2024-08-13 09:27:37,761 [INFO] CheckServerUpdateThread:120 - End of CheckServer Thread
2024-08-13 09:27:40,185 [ERROR] ConfigurationRetriever:142 - IOException on connection: Connect timed out
2024-08-13 09:27:52,739 [ERROR] ConfigurationRetriever:142 - IOException on connection: Connect timed out
2024-08-13 09:27:54,741 [ERROR] ConfigurationRetriever:142 - IOException on connection: Connect timed out
2024-08-13 09:27:56,787 [ERROR] ConfigurationRetriever:142 - IOException on connection: Connect timed out
2024-08-13 09:55:11,700 [INFO] Activator:176 - 


2024-08-13 09:55:11,703 [INFO] Activator:177 - !SESSION log4j initialized
2024-08-13 09:55:14,843 [INFO] LogOutputStream:77 - [STDOUT_REDIRECT] 
2024-08-13 09:55:17,325 [ERROR] ConfigurationRetriever:142 - IOException on connection: Connect timed out
2024-08-13 09:55:17,367 [INFO] ApplicationProperties:184 - Using Application install path: C:\ST\STM32CubeIDE_1.16.0\STM32CubeIDE\plugins\com.st.stm32cube.common.mx_6.12.0.202406281431
2024-08-13 09:55:17,396 [INFO] DbMcusXml:78 - Set database path to: C:\ST\STM32CubeIDE_1.16.0\STM32CubeIDE\plugins\com.st.stm32cube.common.mx_6.12.0.202406281431\\db\/mcu/
2024-08-13 09:55:17,397 [INFO] ApiDb:274 - Set plugin database path to: C:\ST\STM32CubeIDE_1.16.0\STM32CubeIDE\plugins\com.st.stm32cube.common.mx_6.12.0.202406281431\\db\/plugins/boardmanager/
2024-08-13 09:55:17,398 [WARN] ApiDb:259 - Overriding images path with different value:  => C:\ST\STM32CubeIDE_1.16.0\STM32CubeIDE\plugins\com.st.stm32cube.common.mx_6.12.0.202406281431\\db\/plugins/mcufinder/images/
2024-08-13 09:55:17,407 [INFO] ApiDb:250 - Set database path to: C:\Users\zchua\.stmcufinder\plugins\mcufinder//mcu/
2024-08-13 09:55:17,409 [INFO] DbMcusAds:125 - Set database path to: C:\Users\zchua\.stmcufinder\plugins\mcufinder//mcu/
2024-08-13 09:55:17,412 [INFO] CrossReferenceDbSqlite:203 - Set database path to: C:\Users\zchua\.stmcufinder\plugins\mcufinder//mcu/cs/
2024-08-13 09:55:17,570 [INFO] RulesReader:64 - Compatibility file has been processed (297 Rules)
2024-08-13 09:55:17,678 [INFO] DbMcusXml:78 - Set database path to: C:\ST\STM32CubeIDE_1.16.0\STM32CubeIDE\plugins\com.st.stm32cube.common.mx_6.12.0.202406281431\\db\/mcu/
2024-08-13 09:55:17,678 [INFO] ApiDb:274 - Set plugin database path to: C:\ST\STM32CubeIDE_1.16.0\STM32CubeIDE\plugins\com.st.stm32cube.common.mx_6.12.0.202406281431\\db\/plugins/boardmanager/
2024-08-13 09:55:17,678 [INFO] ApiDb:261 - Set plugin images path to: C:\ST\STM32CubeIDE_1.16.0\STM32CubeIDE\plugins\com.st.stm32cube.common.mx_6.12.0.202406281431\\db\/plugins/mcufinder/images/
2024-08-13 09:55:17,678 [WARN] DbFile:41 - Overriding database path with different value: C:\Users\zchua\.stmcufinder\plugins\mcufinder/ => C:\Users\zchua\.stmcufinder\plugins\mcufinder
2024-08-13 09:55:17,678 [INFO] ApiDb:250 - Set database path to: C:\Users\zchua\.stmcufinder\plugins\mcufinder//mcu/
2024-08-13 09:55:17,678 [WARN] DbFile:41 - Overriding database path with different value: C:\Users\zchua\.stmcufinder\plugins\mcufinder/ => C:\Users\zchua\.stmcufinder\plugins\mcufinder
2024-08-13 09:55:17,679 [INFO] DbMcusAds:125 - Set database path to: C:\Users\zchua\.stmcufinder\plugins\mcufinder//mcu/
2024-08-13 09:55:17,679 [WARN] DbFile:41 - Overriding database path with different value: C:\Users\zchua\.stmcufinder\plugins\mcufinder/ => C:\Users\zchua\.stmcufinder\plugins\mcufinder
2024-08-13 09:55:17,679 [WARN] DbFile:41 - Overriding database path with different value: C:\Users\zchua\.stmcufinder\plugins\mcufinder/ => C:\Users\zchua\.stmcufinder\plugins\mcufinder
2024-08-13 09:55:17,679 [INFO] CrossReferenceDbSqlite:203 - Set database path to: C:\Users\zchua\.stmcufinder\plugins\mcufinder//mcu/cs/
2024-08-13 09:55:17,776 [INFO] MainPanel:268 - HeapMemory: 268435456
2024-08-13 09:55:17,850 [INFO] DbMcusXml:78 - Set database path to: C:\ST\STM32CubeIDE_1.16.0\STM32CubeIDE\plugins\com.st.stm32cube.common.mx_6.12.0.202406281431\\db\/mcu/
2024-08-13 09:55:17,850 [INFO] ApiDb:274 - Set plugin database path to: C:\ST\STM32CubeIDE_1.16.0\STM32CubeIDE\plugins\com.st.stm32cube.common.mx_6.12.0.202406281431\\db\/plugins/boardmanager/
2024-08-13 09:55:17,850 [INFO] ApiDb:261 - Set plugin images path to: C:\ST\STM32CubeIDE_1.16.0\STM32CubeIDE\plugins\com.st.stm32cube.common.mx_6.12.0.202406281431\\db\/plugins/mcufinder/images/
2024-08-13 09:55:17,850 [WARN] DbFile:41 - Overriding database path with different value: C:\Users\zchua\.stmcufinder\plugins\mcufinder/ => C:\Users\zchua\.stmcufinder\plugins\mcufinder
2024-08-13 09:55:17,850 [INFO] ApiDb:250 - Set database path to: C:\Users\zchua\.stmcufinder\plugins\mcufinder//mcu/
2024-08-13 09:55:17,850 [WARN] DbFile:41 - Overriding database path with different value: C:\Users\zchua\.stmcufinder\plugins\mcufinder/ => C:\Users\zchua\.stmcufinder\plugins\mcufinder
2024-08-13 09:55:17,850 [INFO] DbMcusAds:125 - Set database path to: C:\Users\zchua\.stmcufinder\plugins\mcufinder//mcu/
2024-08-13 09:55:17,850 [WARN] DbFile:41 - Overriding database path with different value: C:\Users\zchua\.stmcufinder\plugins\mcufinder/ => C:\Users\zchua\.stmcufinder\plugins\mcufinder
2024-08-13 09:55:17,850 [WARN] DbFile:41 - Overriding database path with different value: C:\Users\zchua\.stmcufinder\plugins\mcufinder/ => C:\Users\zchua\.stmcufinder\plugins\mcufinder
2024-08-13 09:55:17,851 [INFO] CrossReferenceDbSqlite:203 - Set database path to: C:\Users\zchua\.stmcufinder\plugins\mcufinder//mcu/cs/
2024-08-13 09:55:17,870 [INFO] ApplicationProperties:184 - Using Application install path: C:\ST\STM32CubeIDE_1.16.0\STM32CubeIDE\plugins\com.st.stm32cube.common.mx_6.12.0.202406281431
2024-08-13 09:55:17,872 [INFO] PluginManage:196 - Search for loadable plugins [exclusion list=, ]
2024-08-13 09:55:17,874 [INFO] PluginManage:310 - Check plugin analytics
2024-08-13 09:55:18,077 [INFO] AnalyticsPlugin:253 - Accepted Software Licenses: 
2024-08-13 09:55:18,077 [INFO] AnalyticsPlugin:255 - Accepted CMSIS Pack Licenses: 
2024-08-13 09:55:18,078 [INFO] AnalyticsPlugin:257 - Accepted Firmware Licenses: 
2024-08-13 09:55:18,081 [INFO] PluginManage:359 - Loaded plugin analytics (category:tool,tabindex:-1)
2024-08-13 09:55:18,082 [INFO] PluginManage:310 - Check plugin cadmodel
2024-08-13 09:55:18,088 [INFO] CADModel:105 - Init CAD model plugin
2024-08-13 09:55:18,088 [INFO] PluginManage:359 - Loaded plugin cadmodel (category:power,tabindex:5)
2024-08-13 09:55:18,089 [INFO] PluginManage:310 - Check plugin clock
2024-08-13 09:55:18,099 [INFO] PluginManage:359 - Loaded plugin clock (category:base,tabindex:2)
2024-08-13 09:55:18,101 [INFO] PluginManage:310 - Check plugin ddr
2024-08-13 09:55:18,104 [INFO] PluginManage:359 - Loaded plugin ddr (category:tool,tabindex:6)
2024-08-13 09:55:18,104 [INFO] PluginManage:310 - Check plugin filemanager
2024-08-13 09:55:18,326 [INFO] PluginManage:359 - Loaded plugin filemanager (category:base,tabindex:10)
2024-08-13 09:55:18,326 [INFO] PluginManage:310 - Check plugin ipmanager
2024-08-13 09:55:18,356 [INFO] PluginManage:359 - Loaded plugin ipmanager (category:base,tabindex:5)
2024-08-13 09:55:18,357 [INFO] PluginManage:310 - Check plugin lpbam
2024-08-13 09:55:18,381 [INFO] PluginManage:359 - Loaded plugin lpbam (category:base,tabindex:0)
2024-08-13 09:55:18,381 [INFO] PluginManage:310 - Check plugin memorymap
2024-08-13 09:55:18,406 [INFO] PluginManage:359 - Loaded plugin memorymap (category:base,tabindex:4)
2024-08-13 09:55:18,406 [INFO] PluginManage:310 - Check plugin pinoutandconfiguration
2024-08-13 09:55:18,426 [INFO] PluginManage:359 - Loaded plugin pinoutandconfiguration (category:base,tabindex:1)
2024-08-13 09:55:18,426 [INFO] PluginManage:310 - Check plugin pinoutconfig
2024-08-13 09:55:18,600 [WARN] SupportedApi:132 - Cannot load RTOS API schema: s4s-elt-must-match.1: The content of 'definitions' must match (annotation?, (simpleType | complexType)?, (unique | key | keyref)*)). A problem was found starting at: attribute.
2024-08-13 09:55:18,805 [INFO] PluginManage:359 - Loaded plugin pinoutconfig (category:base,tabindex:0)
2024-08-13 09:55:18,806 [INFO] PluginManage:310 - Check plugin power
2024-08-13 09:55:18,826 [INFO] PluginManage:359 - Loaded plugin power (category:power,tabindex:4)
2024-08-13 09:55:18,826 [INFO] PluginManage:310 - Check plugin projectmanager
2024-08-13 09:55:18,856 [INFO] PluginManage:359 - Loaded plugin projectmanager (category:projectmanager,tabindex:4)
2024-08-13 09:55:18,856 [INFO] PluginManage:310 - Check plugin rif
2024-08-13 09:55:18,867 [INFO] PluginManage:359 - Loaded plugin rif (category:base,tabindex:3)
2024-08-13 09:55:18,867 [INFO] PluginManage:310 - Check plugin thirdparty
2024-08-13 09:55:19,065 [INFO] PluginManage:359 - Loaded plugin thirdparty (category:base,tabindex:-1)
2024-08-13 09:55:19,064 [WARN] IntegrityCheckThread:84 - waiting for thirdparty lock release [integrity check]
2024-08-13 09:55:19,065 [INFO] IntegrityCheckThread:86 - entering critical section [integrity check]
2024-08-13 09:55:19,065 [INFO] PluginManage:310 - Check plugin tools
2024-08-13 09:55:19,065 [INFO] ThirdPartyUpdaterWithRetryManager:70 - Updater plugin not ready yet. [1/15]
2024-08-13 09:55:19,070 [INFO] PluginManage:359 - Loaded plugin tools (category:base,tabindex:7)
2024-08-13 09:55:19,070 [INFO] PluginManage:310 - Check plugin tutovideos
2024-08-13 09:55:19,239 [INFO] PluginManage:359 - Loaded plugin tutovideos (category:base,tabindex:-1)
2024-08-13 09:55:19,240 [INFO] PluginManage:310 - Check plugin updater
2024-08-13 09:55:19,262 [INFO] PluginManage:359 - Loaded plugin updater (category:base,tabindex:12)
2024-08-13 09:55:19,262 [INFO] PluginManage:310 - Check plugin userauth
2024-08-13 09:55:19,270 [INFO] UserAuth:113 - Init User Auth plugin
2024-08-13 09:55:19,271 [INFO] PluginManage:359 - Loaded plugin userauth (category:base,tabindex:14)
2024-08-13 09:55:19,272 [INFO] PluginManage:283 - PluginManage : Loaded plugins [18]
2024-08-13 09:55:19,328 [ERROR] ConfigurationRetriever:142 - IOException on connection: Connect timed out
2024-08-13 09:55:19,544 [INFO] PinOutPanel:1561 - setPackage(No Configuration,No Configuration)
2024-08-13 09:55:19,659 [INFO] CADModel:165 - CPN selected for project level
2024-08-13 09:55:19,659 [INFO] CADModel:114 - Register for checkConnection events
2024-08-13 09:55:19,679 [INFO] IPUIPlugin:80 - create IPUIPlugin
2024-08-13 09:55:19,679 [INFO] PluginManager:220 - loadIPPluginJar : add adc
2024-08-13 09:55:19,682 [INFO] IPUIPlugin:80 - create IPUIPlugin
2024-08-13 09:55:19,682 [INFO] PluginManager:220 - loadIPPluginJar : add aes
2024-08-13 09:55:19,684 [INFO] IPUIPlugin:80 - create IPUIPlugin
2024-08-13 09:55:19,685 [INFO] PluginManager:220 - loadIPPluginJar : add can
2024-08-13 09:55:19,687 [INFO] IPUIPlugin:80 - create IPUIPlugin
2024-08-13 09:55:19,687 [INFO] PluginManager:220 - loadIPPluginJar : add comp
2024-08-13 09:55:19,689 [INFO] IPUIPlugin:80 - create IPUIPlugin
2024-08-13 09:55:19,689 [INFO] PluginManager:220 - loadIPPluginJar : add cryp
2024-08-13 09:55:19,692 [INFO] IPUIPlugin:80 - create IPUIPlugin
2024-08-13 09:55:19,693 [INFO] PluginManager:220 - loadIPPluginJar : add ddr_ctrl_phy
2024-08-13 09:55:19,695 [INFO] IPUIPlugin:80 - create IPUIPlugin
2024-08-13 09:55:19,695 [INFO] PluginManager:220 - loadIPPluginJar : add dfsdm
2024-08-13 09:55:19,701 [INFO] IPUIPlugin:80 - create IPUIPlugin
2024-08-13 09:55:19,702 [INFO] PluginManager:220 - loadIPPluginJar : add dma
2024-08-13 09:55:19,705 [INFO] IPUIPlugin:80 - create IPUIPlugin
2024-08-13 09:55:19,705 [INFO] PluginManager:220 - loadIPPluginJar : add dma3
2024-08-13 09:55:19,708 [INFO] IPUIPlugin:80 - create IPUIPlugin
2024-08-13 09:55:19,708 [INFO] PluginManager:220 - loadIPPluginJar : add extmemmanager
2024-08-13 09:55:19,710 [INFO] IPUIPlugin:80 - create IPUIPlugin
2024-08-13 09:55:19,710 [INFO] PluginManager:220 - loadIPPluginJar : add fatfs
2024-08-13 09:55:19,714 [INFO] IPUIPlugin:80 - create IPUIPlugin
2024-08-13 09:55:19,715 [INFO] PluginManager:220 - loadIPPluginJar : add fmc
2024-08-13 09:55:19,720 [INFO] IPUIPlugin:80 - create IPUIPlugin
2024-08-13 09:55:19,721 [INFO] PluginManager:220 - loadIPPluginJar : add freertos
2024-08-13 09:55:19,723 [INFO] IPUIPlugin:80 - create IPUIPlugin
2024-08-13 09:55:19,723 [INFO] PluginManager:220 - loadIPPluginJar : add genericplugin
2024-08-13 09:55:19,725 [INFO] IPUIPlugin:80 - create IPUIPlugin
2024-08-13 09:55:19,726 [INFO] PluginManager:220 - loadIPPluginJar : add gfxmmu
2024-08-13 09:55:19,733 [INFO] IPUIPlugin:80 - create IPUIPlugin
2024-08-13 09:55:19,733 [INFO] PluginManager:220 - loadIPPluginJar : add gic
2024-08-13 09:55:19,738 [INFO] IPUIPlugin:80 - create IPUIPlugin
2024-08-13 09:55:19,738 [INFO] PluginManager:220 - loadIPPluginJar : add gpio
2024-08-13 09:55:19,741 [INFO] IPUIPlugin:80 - create IPUIPlugin
2024-08-13 09:55:19,741 [INFO] PluginManager:220 - loadIPPluginJar : add gtzc
2024-08-13 09:55:19,743 [INFO] IPUIPlugin:80 - create IPUIPlugin
2024-08-13 09:55:19,743 [INFO] PluginManager:220 - loadIPPluginJar : add hash
2024-08-13 09:55:19,745 [INFO] IPUIPlugin:80 - create IPUIPlugin
2024-08-13 09:55:19,745 [INFO] PluginManager:220 - loadIPPluginJar : add i2c
2024-08-13 09:55:19,747 [INFO] IPUIPlugin:80 - create IPUIPlugin
2024-08-13 09:55:19,747 [INFO] PluginManager:220 - loadIPPluginJar : add i2s
2024-08-13 09:55:19,748 [INFO] IPUIPlugin:80 - create IPUIPlugin
2024-08-13 09:55:19,749 [INFO] PluginManager:220 - loadIPPluginJar : add i3c
2024-08-13 09:55:19,751 [INFO] IPUIPlugin:80 - create IPUIPlugin
2024-08-13 09:55:19,751 [INFO] PluginManager:220 - loadIPPluginJar : add ipddr
2024-08-13 09:55:19,758 [INFO] IPUIPlugin:80 - create IPUIPlugin
2024-08-13 09:55:19,758 [INFO] PluginManager:220 - loadIPPluginJar : add linkedlist
2024-08-13 09:55:19,761 [INFO] IPUIPlugin:80 - create IPUIPlugin
2024-08-13 09:55:19,761 [INFO] PluginManager:220 - loadIPPluginJar : add lorawan
2024-08-13 09:55:19,762 [INFO] IPUIPlugin:80 - create IPUIPlugin
2024-08-13 09:55:19,762 [INFO] PluginManager:220 - loadIPPluginJar : add ltdc
2024-08-13 09:55:19,767 [INFO] IPUIPlugin:80 - create IPUIPlugin
2024-08-13 09:55:19,768 [INFO] PluginManager:220 - loadIPPluginJar : add mdma
2024-08-13 09:55:19,772 [INFO] IPUIPlugin:80 - create IPUIPlugin
2024-08-13 09:55:19,772 [INFO] PluginManager:220 - loadIPPluginJar : add nvic
2024-08-13 09:55:19,776 [INFO] IPUIPlugin:80 - create IPUIPlugin
2024-08-13 09:55:19,777 [INFO] PluginManager:220 - loadIPPluginJar : add opamp
2024-08-13 09:55:19,779 [INFO] IPUIPlugin:80 - create IPUIPlugin
2024-08-13 09:55:19,779 [INFO] PluginManager:220 - loadIPPluginJar : add openamp
2024-08-13 09:55:19,782 [INFO] IPUIPlugin:80 - create IPUIPlugin
2024-08-13 09:55:19,782 [INFO] PluginManager:220 - loadIPPluginJar : add pdm2pcm
2024-08-13 09:55:19,791 [INFO] IPUIPlugin:80 - create IPUIPlugin
2024-08-13 09:55:19,802 [INFO] PluginManager:220 - loadIPPluginJar : add plateformsettings
2024-08-13 09:55:19,806 [INFO] IPUIPlugin:80 - create IPUIPlugin
2024-08-13 09:55:19,806 [INFO] PluginManager:220 - loadIPPluginJar : add quadspi
2024-08-13 09:55:19,809 [INFO] IPUIPlugin:80 - create IPUIPlugin
2024-08-13 09:55:19,810 [INFO] PluginManager:220 - loadIPPluginJar : add radio
2024-08-13 09:55:19,818 [INFO] IPUIPlugin:80 - create IPUIPlugin
2024-08-13 09:55:19,818 [INFO] PluginManager:220 - loadIPPluginJar : add resmgrutility
2024-08-13 09:55:19,823 [INFO] IPUIPlugin:80 - create IPUIPlugin
2024-08-13 09:55:19,824 [INFO] PluginManager:220 - loadIPPluginJar : add sai
2024-08-13 09:55:19,827 [INFO] IPUIPlugin:80 - create IPUIPlugin
2024-08-13 09:55:19,827 [INFO] PluginManager:220 - loadIPPluginJar : add spi
2024-08-13 09:55:19,835 [INFO] IPUIPlugin:80 - create IPUIPlugin
2024-08-13 09:55:19,835 [INFO] PluginManager:220 - loadIPPluginJar : add stm32_wpan
2024-08-13 09:55:19,838 [INFO] IPUIPlugin:80 - create IPUIPlugin
2024-08-13 09:55:19,839 [INFO] PluginManager:220 - loadIPPluginJar : add tim
2024-08-13 09:55:19,844 [INFO] IPUIPlugin:80 - create IPUIPlugin
2024-08-13 09:55:19,844 [INFO] PluginManager:220 - loadIPPluginJar : add touchsensing
2024-08-13 09:55:19,848 [INFO] IPUIPlugin:80 - create IPUIPlugin
2024-08-13 09:55:19,848 [INFO] PluginManager:220 - loadIPPluginJar : add tracer_emb
2024-08-13 09:55:19,851 [INFO] IPUIPlugin:80 - create IPUIPlugin
2024-08-13 09:55:19,851 [INFO] PluginManager:220 - loadIPPluginJar : add ts
2024-08-13 09:55:19,854 [INFO] IPUIPlugin:80 - create IPUIPlugin
2024-08-13 09:55:19,854 [INFO] PluginManager:220 - loadIPPluginJar : add tsc
2024-08-13 09:55:19,857 [INFO] IPUIPlugin:80 - create IPUIPlugin
2024-08-13 09:55:19,857 [INFO] PluginManager:220 - loadIPPluginJar : add ucpd
2024-08-13 09:55:19,861 [INFO] IPUIPlugin:80 - create IPUIPlugin
2024-08-13 09:55:19,862 [INFO] PluginManager:220 - loadIPPluginJar : add usart
2024-08-13 09:55:19,867 [INFO] IPUIPlugin:80 - create IPUIPlugin
2024-08-13 09:55:19,867 [INFO] PluginManager:220 - loadIPPluginJar : add usbx
2024-08-13 09:55:20,024 [INFO] CADModel:165 - CPN selected for project level
2024-08-13 09:55:20,025 [INFO] CADModel:114 - Register for checkConnection events
2024-08-13 09:55:20,025 [FATAL] Updater:334 - Updater called before beeing initialized
2024-08-13 09:55:20,025 [ERROR] CADModel:125 - Updater not yet initialized, retry later 
2024-08-13 09:55:20,167 [INFO] CADModel:165 - CPN selected for project level
2024-08-13 09:55:20,167 [INFO] CADModel:114 - Register for checkConnection events
2024-08-13 09:55:20,167 [FATAL] Updater:334 - Updater called before beeing initialized
2024-08-13 09:55:20,167 [ERROR] CADModel:125 - Updater not yet initialized, retry later 
2024-08-13 09:55:20,172 [FATAL] Updater:334 - Updater called before beeing initialized
2024-08-13 09:55:20,306 [FATAL] Updater:334 - Updater called before beeing initialized
2024-08-13 09:55:20,310 [INFO] DbMcusAds:53 - JSON generation date=Thu Sep 30 14:55:09 MYT 2021 (1632984909247)
2024-08-13 09:55:20,310 [FATAL] Updater:334 - Updater called before beeing initialized
2024-08-13 09:55:20,350 [WARN] DetailPanel:346 - Failed to get advertising image, set to default
2024-08-13 09:55:20,481 [FATAL] Updater:334 - Updater called before beeing initialized
2024-08-13 09:55:20,482 [FATAL] Updater:334 - Updater called before beeing initialized
2024-08-13 09:55:20,483 [FATAL] Updater:334 - Updater called before beeing initialized
2024-08-13 09:55:20,483 [WARN] DetailPanel:346 - Failed to get advertising image, set to default
2024-08-13 09:55:20,483 [FATAL] Updater:334 - Updater called before beeing initialized
2024-08-13 09:55:20,540 [ERROR] Updater:1164 - MainUpdater not yet initialized. External WinMGr cannot be set.
2024-08-13 09:55:20,543 [INFO] Updater:1100 - Updater Version found : 6.12.0
2024-08-13 09:55:20,566 [INFO] ApplicationProperties:184 - Using Application install path: C:\ST\STM32CubeIDE_1.16.0\STM32CubeIDE\plugins\com.st.stm32cube.common.mx_6.12.0.202406281431
2024-08-13 09:55:21,330 [ERROR] ConfigurationRetriever:142 - IOException on connection: Connect timed out
2024-08-13 09:55:22,068 [INFO] ThirdPartyUpdaterWithRetryManager:70 - Updater plugin not ready yet. [2/15]
2024-08-13 09:55:22,147 [ERROR] LogOutputStream:75 - [STDERR_REDIRECT] Aug 13, 2024 9:55:22 AM java.util.prefs.WindowsPreferences <init>
2024-08-13 09:55:22,149 [ERROR] LogOutputStream:75 - [STDERR_REDIRECT] WARNING: Could not open/create prefs root node Software\JavaSoft\Prefs at root 0xffffffff80000002. Windows RegCreateKeyEx(...) returned error code 5.
2024-08-13 09:55:22,150 [ERROR] LogOutputStream:75 - [STDERR_REDIRECT] 
2024-08-13 09:55:23,083 [ERROR] ConfigurationRetriever:142 - IOException on connection: Connect timed out
2024-08-13 09:55:25,068 [FATAL] Updater:334 - Updater called before beeing initialized
2024-08-13 09:55:25,069 [ERROR] IntegrityCheckThread:130 - Cannot retrieve database content from updater: error 21
2024-08-13 09:55:25,069 [INFO] ThirdParty:978 - Integrity check success = false
2024-08-13 09:55:25,069 [INFO] IntegrityCheckThread:100 - exiting critical section [integrity check]
2024-08-13 09:55:25,069 [INFO] IntegrityCheckThread:103 - End integrity checks thread
2024-08-13 09:55:26,393 [WARN] CheckConnectionManager:291 - Warning during Server Connection :  timeout Connect to sw-center.st.com:443 [sw-center.st.com/203.121.59.208, sw-center.st.com/203.121.59.234] failed: Connect timed out
2024-08-13 09:55:28,086 [ERROR] ConfigurationRetriever:142 - IOException on connection: Connect timed out
2024-08-13 09:55:30,398 [WARN] CheckConnectionManager:291 - Warning during Server Connection :  timeout Connect to sw-center.st.com:443 [sw-center.st.com/203.121.59.208, sw-center.st.com/203.121.59.234] failed: Connect timed out
2024-08-13 09:55:30,404 [INFO] MainUpdater:2873 - connection check result : 22
2024-08-13 09:55:30,406 [INFO] MainUpdater:290 - Updater Check For Update Now.
2024-08-13 09:55:30,406 [INFO] MicroXplorer:498 - Change Database Version : DB.6.0.120
2024-08-13 09:55:30,412 [INFO] McuFinderGlobals:63 - Set McuFinder mode to 2 (CubeIDE integrated)
2024-08-13 09:55:30,412 [INFO] UserAuth:179 - activating auth plugin
2024-08-13 09:55:30,415 [INFO] UserAuth:417 - Internet connection configuration mode: 2
2024-08-13 09:55:30,437 [INFO] UserAuth:417 - Internet connection configuration mode: 2
2024-08-13 09:55:30,609 [INFO] CheckServerUpdateThread:120 - End of CheckServer Thread
2024-08-13 09:55:33,087 [ERROR] ConfigurationRetriever:142 - IOException on connection: Connect timed out
2024-08-13 09:55:49,085 [INFO] McuFinderGlobals:63 - Set McuFinder mode to 2 (CubeIDE integrated)
2024-08-13 09:55:51,119 [WARN] CheckConnectionManager:291 - Warning during Server Connection :  timeout Connect to sw-center.st.com:443 [sw-center.st.com/203.121.59.208, sw-center.st.com/203.121.59.234] failed: Connect timed out
2024-08-13 09:55:53,126 [WARN] CheckConnectionManager:291 - Warning during Server Connection :  timeout Connect to sw-center.st.com:443 [sw-center.st.com/203.121.59.208, sw-center.st.com/203.121.59.234] failed: Connect timed out
2024-08-13 09:55:53,129 [INFO] MainUpdater:2873 - connection check result : 22
2024-08-13 09:56:27,393 [WARN] CheckConnectionManager:291 - Warning during Server Connection :  timeout Connect to sw-center.st.com:443 [sw-center.st.com/203.121.59.208, sw-center.st.com/203.121.59.234] failed: Connect timed out
2024-08-13 09:56:29,398 [WARN] CheckConnectionManager:291 - Warning during Server Connection :  timeout Connect to sw-center.st.com:443 [sw-center.st.com/203.121.59.208, sw-center.st.com/203.121.59.234] failed: Connect timed out
2024-08-13 09:56:29,401 [INFO] MainUpdater:2873 - connection check result : 22
2024-08-13 09:56:38,694 [WARN] CheckConnectionManager:291 - Warning during Server Connection :  timeout Connect to sw-center.st.com:443 [sw-center.st.com/203.121.59.208, sw-center.st.com/203.121.59.234] failed: Connect timed out
2024-08-13 09:56:40,700 [WARN] CheckConnectionManager:291 - Warning during Server Connection :  timeout Connect to sw-center.st.com:443 [sw-center.st.com/203.121.59.208, sw-center.st.com/203.121.59.234] failed: Connect timed out
2024-08-13 09:56:40,705 [INFO] MainUpdater:2873 - connection check result : 22
2024-08-13 09:56:46,113 [INFO] ApiDb:581 - Connected to CubeFinder SQLite database (C:\Users\zchua\.stmcufinder\plugins\mcufinder\mcu\cube-finder-db.db)
2024-08-13 09:56:46,190 [INFO] ApiDb:668 - CubeFinder database Data Model version=2.1
2024-08-13 09:56:46,190 [INFO] ApiDb:669 - CubeFinder database Configuration version=3.0.39
2024-08-13 09:56:46,190 [INFO] ApiDb:670 - CubeFinder database generation date=2024-06-20 (1718880634)
2024-08-13 09:56:46,190 [INFO] ApiDb:671 - CubeFinder database FW Pack versions=[FP-ATR-ASTRA1_V2.0.0, FP-SNS-FLIGHT1_V5.0.2, FP-SNS-MOTENV1_V5.0.0, FP-SNS-MOTENVWB1_V1.4.0, FP-SNS-SMARTAG2_V1.2.0, STM32Cube_FW_C0_V1.2.0, STM32Cube_FW_F4_V1.28.0, STM32Cube_FW_F7_V1.17.2, STM32Cube_FW_G0_V1.6.2, STM32Cube_FW_G4_V1.6.0, STM32Cube_FW_H5_V1.3.0, STM32Cube_FW_H7RS_V1.1.0, STM32Cube_FW_H7_V1.11.2, STM32Cube_FW_L0_V1.12.2, STM32Cube_FW_L5_V1.5.1, STM32Cube_FW_U0_V1.1.0, STM32Cube_FW_U5_V1.6.0, STM32Cube_FW_WB0_V1.0.0, STM32Cube_FW_WBA_V1.4.0, STM32Cube_FW_WB_V1.20.0, STM32Cube_FW_WL_V1.3.0, X-CUBE-ALGOBUILD_V1.4.0, X-CUBE-ALS_V1.0.2, X-CUBE-AZRTOS-F4_V1.1.0, X-CUBE-AZRTOS-F7_V1.1.0, X-CUBE-AZRTOS-G0_V1.1.0, X-CUBE-AZRTOS-G4_V2.0.0, X-CUBE-AZRTOS-H7RS_V1.0.0, X-CUBE-AZRTOS-H7_V3.2.0, X-CUBE-AZRTOS-L4_V2.0.0, X-CUBE-AZRTOS-L5_V1.1.0, X-CUBE-AZRTOS-WB_V2.0.0, X-CUBE-AZRTOS-WL_V2.0.0, X-CUBE-BLE1_V7.0.0, X-CUBE-BLE2_V3.3.0, X-CUBE-BLEMGR_V3.1.0, X-CUBE-EEPRMA1_V5.1.0, X-CUBE-FREERTOS_V1.2.0, X-CUBE-GNSS1_V6.0.0, X-CUBE-MEMS1_V10.0.0, X-CUBE-NFC4_V3.0.0, X-CUBE-NFC7_V1.0.1, X-CUBE-SFXS2LP1_V4.0.0, X-CUBE-SUBG2_V5.0.0, X-CUBE-TOF1_V3.4.1]
2024-08-13 09:56:46,313 [INFO] DbBoardsSqlite:226 - include board P-NUCLEO-WB55-NUCLEO as a kit item of type 'Nucleo-64'
2024-08-13 09:56:46,314 [INFO] DbBoardsSqlite:226 - include board P-NUCLEO-WB55-USBDONGLE as a kit item of type 'Nucleo USB Dongle'
2024-08-13 09:56:46,315 [INFO] DbBoardsSqlite:226 - include board STEVAL-IDP005V1 as a kit item of type 'Evaluation Board'
2024-08-13 09:56:46,315 [INFO] DbBoardsSqlite:226 - include board STEVAL-IDP005V2 as a kit item of type 'Evaluation Board'
2024-08-13 09:56:46,581 [INFO] ApiDb:240 - Found 646 in-development CPN: [B-G473E-ZEST1S, B-WB1M-WPAN1, B-WL5M-SUBG1, NUCLEO-C031C6, NUCLEO-C071RB, NUCLEO-H503RB, NUCLEO-H533RE, NUCLEO-H563ZI, NUCLEO-H7S3L8, NUCLEO-U031R8, NUCLEO-U083RC, NUCLEO-U545RE-Q, NUCLEO-U5A5ZJ-Q, NUCLEO-WB05KZ, NUCLEO-WB07CC, NUCLEO-WB09KE, NUCLEO-WBA52CG, NUCLEO-WBA55CG, STEVAL-PROTEUS1, STEVAL-SMARTAG2, STEVAL-STWINBX1, STM320518-EVAL, STM32C0116-DK, STM32C011D6Y3TR, STM32C011D6Y6TR, STM32C011F4P3, STM32C011F4P6, STM32C011F4U3, STM32C011F4U6TR, STM32C011F6P3, STM32C011F6P6, STM32C011F6U3, STM32C011F6U6TR, STM32C011J4M3, STM32C011J4M6, STM32C011J6M3, STM32C011J6M6, STM32C0316-DK, STM32C031C4T3, STM32C031C4T6, STM32C031C4U3, STM32C031C4U6, STM32C031C6T3, STM32C031C6T6, STM32C031C6U3, STM32C031C6U6, STM32C031F4P3, STM32C031F4P6, STM32C031F6P3, STM32C031F6P6, STM32C031G4U3, STM32C031G4U6, STM32C031G6U3, STM32C031G6U6, STM32C031K4T3, STM32C031K4T6, STM32C031K4U3, STM32C031K4U6, STM32C031K6T3, STM32C031K6T6, STM32C031K6U3, STM32C031K6U6, STM32C071C8T6, STM32C071C8T6N, STM32C071C8U6, STM32C071C8U6N, STM32C071CBT6, STM32C071CBT6N, STM32C071CBU6, STM32C071CBU6N, STM32C071F8P6, STM32C071F8P6N, STM32C071FBP6, STM32C071FBP6N, STM32C071FBY6TR, STM32C071G8U6, STM32C071G8U6N, STM32C071GBU6, STM32C071GBU6N, STM32C071K8T6, STM32C071K8T6N, STM32C071K8U6, STM32C071K8U6N, STM32C071KBT6, STM32C071KBT6N, STM32C071KBU6, STM32C071KBU6N, STM32C071R8T6, STM32C071R8T6N, STM32C071RBI6N, STM32C071RBT6, STM32C071RBT6N, STM32G071K8TXN, STM32G071K8UXN, STM32G081GBU6N, STM32G081KBT6N, STM32G081KBUXN, STM32G0B1CCT6N, STM32G0B1KCT6, STM32G0B1NEY6TR, STM32G0B1RCT6N, STM32G0C1CCT6, STM32G0C1CCT6N, STM32G0C1CCU6N, STM32G0C1CET6N, STM32G0C1CEU6N, STM32G0C1KCT6, STM32G0C1NEY6TR, STM32G0C1RCI6N, STM32G0C1RCT6N, STM32G0C1REI6N, STM32G0C1RET6N, STM32G0C1VCI6, STM32G0C1VEI6, STM32G411C6T3, STM32G411C6T6, STM32G411C6U3, STM32G411C6U6, STM32G411C8T3, STM32G411C8T6, STM32G411C8U3, STM32G411C8U6, STM32G411CBT3, STM32G411CBT6, STM32G411CBU3, STM32G411CBU6, STM32G411K6T3, STM32G411K6T6, STM32G411K6U3, STM32G411K6U6, STM32G411K8T3, STM32G411K8T6, STM32G411K8U3, STM32G411K8U6, STM32G411KBT3, STM32G411KBT6, STM32G411KBU3, STM32G411KBU6, STM32G411M6T3, STM32G411M6T6, STM32G411M8T3, STM32G411M8T6, STM32G411MBT3, STM32G411MBT6, STM32G411R6T3, STM32G411R6T6, STM32G411R8T3, STM32G411R8T6, STM32G411RBT3, STM32G411RBT6, STM32G414CBT3, STM32G414CBT6, STM32G414CBU3, STM32G414CBU6, STM32G414CCT3, STM32G414CCT6, STM32G414CCU3, STM32G414CCU6, STM32G414MBT3, STM32G414MBT6, STM32G414MCT3, STM32G414MCT6, STM32G414RBT3, STM32G414RBT6, STM32G414RCT3, STM32G414RCT6, STM32G414VBT3, STM32G414VBT6, STM32G414VCT3, STM32G414VCT6, STM32G431CBT3Z, STM32G431RBT3Z, STM32G471CCT6, STM32G471CCU6, STM32G471CET3, STM32G471CET6, STM32G471CEU3, STM32G471CEU6, STM32G471MCT6, STM32G471MET3, STM32G471MET6, STM32G471MEY6TR, STM32G471QCT6, STM32G471QET3, STM32G471RCT6, STM32G471RET3, STM32G471RET6, STM32G471VCH6, STM32G471VCI6, STM32G471VCT6, STM32G471VEH3, STM32G471VEH6, STM32G471VEI3, STM32G471VEI6, STM32G471VET3, STM32G471VET6, STM32G473QET3Z, STM32G473RET3Z, STM32G474CCT6, STM32G491RET3Z, STM32H503CBT6, STM32H503CBU6, STM32H503EBY6TR, STM32H503KBU6, STM32H503RBT6, STM32H523CCT6, STM32H523CCU6, STM32H523CET6, STM32H523CEU6, STM32H523HEY6TR, STM32H523RCT6, STM32H523RET6, STM32H523VCI6, STM32H523VCT6, STM32H523VEI6, STM32H523VET6, STM32H523ZCJ6, STM32H523ZCT6, STM32H523ZEJ6, STM32H523ZET6, STM32H533CET6, STM32H533CEU6, STM32H533HEY6TR, STM32H533RET6, STM32H533VEI6, STM32H533VET6, STM32H533ZEJ6, STM32H533ZET6, STM32H562AGI6, STM32H562AII6, STM32H562IGK6, STM32H562IGT6, STM32H562IIK6, STM32H562IIT6, STM32H562RGT6, STM32H562RGV6, STM32H562RIT6, STM32H562RIV6, STM32H562VGT6, STM32H562VIT6, STM32H562ZGT6, STM32H562ZIT6, STM32H563AGI6, STM32H563AII3Q, STM32H563AII6, STM32H563IGK6, STM32H563IGT6, STM32H563IIK3Q, STM32H563IIK6, STM32H563IIT3Q, STM32H563IIT6, STM32H563MIY3QTR, STM32H563RGT6, STM32H563RGV6, STM32H563RIT6, STM32H563RIV6, STM32H563VGT6, STM32H563VIT3Q, STM32H563VIT6, STM32H563ZGT6, STM32H563ZIT3Q, STM32H563ZIT6, STM32H573AII3Q, STM32H573AII6, STM32H573I-DK, STM32H573IIK3Q, STM32H573IIK6, STM32H573IIT3Q, STM32H573IIT6, STM32H573MIY3QTR, STM32H573RIT6, STM32H573RIV6, STM32H573VIT3Q, STM32H573VIT6, STM32H573ZIT3Q, STM32H573ZIT6, STM32H7R3A8I6, STM32H7R3I8K6, STM32H7R3I8T6, STM32H7R3L8H6, STM32H7R3L8H6H, STM32H7R3R8V6, STM32H7R3V8H6, STM32H7R3V8T6, STM32H7R3V8Y6TR, STM32H7R3Z8J6, STM32H7R3Z8T6, STM32H7R7A8I6, STM32H7R7I8K6, STM32H7R7I8T6, STM32H7R7L8H6, STM32H7R7L8H6H, STM32H7R7Z8J6, STM32H7S3A8I6, STM32H7S3I8K6, STM32H7S3I8T6, STM32H7S3L8H6, STM32H7S3L8H6H, STM32H7S3R8V6, STM32H7S3V8H6, STM32H7S3V8T6, STM32H7S3V8Y6TR, STM32H7S3Z8J6, STM32H7S3Z8T6, STM32H7S78-DK, STM32H7S7A8I6, STM32H7S7I8K6, STM32H7S7I8T6, STM32H7S7L8H6, STM32H7S7L8H6H, STM32H7S7Z8J6, STM32L4R5QGI6STR, STM32MP131AAE3, STM32MP131AAF3, STM32MP131AAG3, STM32MP131CAE3, STM32MP131CAF3, STM32MP131CAG3, STM32MP131DAE7, STM32MP131DAF7, STM32MP131DAG7, STM32MP131FAE7, STM32MP131FAF7, STM32MP131FAG7, STM32MP133AAE3, STM32MP133AAF3, STM32MP133AAG3, STM32MP133CAE3, STM32MP133CAF3, STM32MP133CAG3, STM32MP133DAE7, STM32MP133DAF7, STM32MP133DAG7, STM32MP133FAE7, STM32MP133FAF7, STM32MP133FAG7, STM32MP135AAE3, STM32MP135AAF3, STM32MP135AAG3, STM32MP135CAE3, STM32MP135CAF3, STM32MP135CAG3, STM32MP135DAE7, STM32MP135DAF7, STM32MP135DAG7, STM32MP135F-DK, STM32MP135FAE7, STM32MP135FAF7, STM32MP135FAF7T, STM32MP135FAF7U, STM32MP135FAG7, STM32MP251AAI3, STM32MP251AAK3, STM32MP251AAL3, STM32MP251CAI3, STM32MP251CAK3, STM32MP251CAL3, STM32MP251DAI3, STM32MP251DAK3, STM32MP251DAL3, STM32MP251FAI3, STM32MP251FAK3, STM32MP251FAL3, STM32MP253AAI3, STM32MP253AAK3, STM32MP253AAL3, STM32MP253CAI3, STM32MP253CAK3, STM32MP253CAL3, STM32MP253DAI3, STM32MP253DAK3, STM32MP253DAL3, STM32MP253FAI3, STM32MP253FAK3, STM32MP253FAL3, STM32MP255AAI3, STM32MP255AAK3, STM32MP255AAL3, STM32MP255CAI3, STM32MP255CAK3, STM32MP255CAL3, STM32MP255DAI3, STM32MP255DAK3, STM32MP255DAL3, STM32MP255FAI3, STM32MP255FAK3, STM32MP255FAL3, STM32MP257AAI3, STM32MP257AAK3, STM32MP257AAL3, STM32MP257CAI3, STM32MP257CAK3, STM32MP257CAL3, STM32MP257DAI3, STM32MP257DAK3, STM32MP257DAL3, STM32MP257F-DK, STM32MP257F-EV1, STM32MP257FAI3, STM32MP257FAK3, STM32MP257FAL3, STM32U031C6T6, STM32U031C6U6, STM32U031C8T6, STM32U031C8U6, STM32U031F4P6, STM32U031F6P6, STM32U031F8P6, STM32U031G6Y6TR, STM32U031G8Y6TR, STM32U031K4U6, STM32U031K6U6, STM32U031K8U6, STM32U031R6I6, STM32U031R6T6, STM32U031R8I6, STM32U031R8T6, STM32U073C8T6, STM32U073C8U6, STM32U073CBT6, STM32U073CBU6, STM32U073CCT6, STM32U073CCU6, STM32U073H8Y6TR, STM32U073HBY6TR, STM32U073HCY6TR, STM32U073K8U6, STM32U073KBU6, STM32U073KCU6, STM32U073M8I6, STM32U073M8T6, STM32U073MBI6, STM32U073MBT6, STM32U073MCI6, STM32U073MCT6, STM32U073R8I6, STM32U073R8T6, STM32U073RBI6, STM32U073RBT6, STM32U073RCI6, STM32U073RCT6, STM32U083C-DK, STM32U083CCT6, STM32U083CCU6, STM32U083HCY6TR, STM32U083KCU6, STM32U083MCI6, STM32U083MCT6, STM32U083RCI6, STM32U083RCT6, STM32U535CBT6, STM32U535CBT6Q, STM32U535CBU6, STM32U535CBU6Q, STM32U535CCT6, STM32U535CCT6Q, STM32U535CCU6, STM32U535CCU6Q, STM32U535CET6, STM32U535CET6Q, STM32U535CEU6, STM32U535CEU6Q, STM32U535JEY6QTR, STM32U535NCY6QTR, STM32U535NEY6QTR, STM32U535RBI6, STM32U535RBI6Q, STM32U535RBT6, STM32U535RBT6Q, STM32U535RCI6, STM32U535RCI6Q, STM32U535RCT6, STM32U535RCT6Q, STM32U535REI6, STM32U535REI6Q, STM32U535RET6, STM32U535RET6Q, STM32U535VCI6, STM32U535VCI6Q, STM32U535VCT6, STM32U535VCT6Q, STM32U535VEI6, STM32U535VEI6Q, STM32U535VET6, STM32U535VET6Q, STM32U545CET6, STM32U545CET6Q, STM32U545CEU6, STM32U545CEU6Q, STM32U545JEY6QTR, STM32U545NEY6QTR, STM32U545REI6, STM32U545REI6Q, STM32U545RET6, STM32U545RET6Q, STM32U545VEI6, STM32U545VEI6Q, STM32U545VET6, STM32U545VET6Q, STM32U595AIH6, STM32U595AIH6Q, STM32U595AJH6, STM32U595AJH6Q, STM32U595QII6, STM32U595QII6Q, STM32U595QJI6, STM32U595QJI6Q, STM32U595RIT6, STM32U595RIT6Q, STM32U595RJT6, STM32U595RJT6Q, STM32U595VIT6, STM32U595VIT6Q, STM32U595VJT6, STM32U595VJT6Q, STM32U595ZIT6, STM32U595ZIT6Q, STM32U595ZIY6QTR, STM32U595ZJT6, STM32U595ZJT6Q, STM32U595ZJY6QTR, STM32U599BJY6QTR, STM32U599NIH6Q, STM32U599NJH6Q, STM32U599VIT6Q, STM32U599VJT6, STM32U599VJT6Q, STM32U599ZIT6Q, STM32U599ZIY6QTR, STM32U599ZJT6Q, STM32U599ZJY6QTR, STM32U5A5AJH6, STM32U5A5AJH6Q, STM32U5A5QII3Q , STM32U5A5QJI6, STM32U5A5QJI6Q, STM32U5A5RJT6, STM32U5A5RJT6Q, STM32U5A5VJT6, STM32U5A5VJT6Q, STM32U5A5ZJT6, STM32U5A5ZJT6Q, STM32U5A5ZJY6QTR, STM32U5A9BJY6QTR, STM32U5A9J-DK, STM32U5A9NJH6Q, STM32U5A9VJT6Q, STM32U5A9ZJT6Q, STM32U5A9ZJY6QTR, STM32U5F7VIT6, STM32U5F7VIT6Q, STM32U5F7VJT6, STM32U5F7VJT6Q, STM32U5F9BJY6QTR, STM32U5F9NJH6Q, STM32U5F9VIT6Q, STM32U5F9VJT6Q, STM32U5F9ZIJ6QTR, STM32U5F9ZIT6Q, STM32U5F9ZJJ6QTR, STM32U5F9ZJT6Q, STM32U5G7VJT6, STM32U5G7VJT6Q, STM32U5G9BJY6QTR, STM32U5G9J-DK1, STM32U5G9J-DK2, STM32U5G9NJH6Q, STM32U5G9VJT6Q, STM32U5G9ZJJ6QTR, STM32U5G9ZJT6Q, STM32WB05KZV6TR, STM32WB05KZV7TR, STM32WB05TZF6TR, STM32WB05TZF7TR, STM32WB06CCF6TR, STM32WB06CCF7TR, STM32WB06CCV6TR, STM32WB06CCV7TR, STM32WB06KCV6TR, STM32WB06KCV7TR, STM32WB07CCF6TR, STM32WB07CCF7TR, STM32WB07CCV6TR, STM32WB07CCV7TR, STM32WB07KCV6TR, STM32WB07KCV7TR, STM32WB09KEV6TR, STM32WB09KEV7TR, STM32WB09TEF6TR, STM32WB09TEF7TR, STM32WB1MMCH6, STM32WBA50KGU6, STM32WBA50KGU6TR, STM32WBA52CEU6, STM32WBA52CEU6TR, STM32WBA52CEU7, STM32WBA52CEU7TR, STM32WBA52CGU6, STM32WBA52CGU6TR, STM32WBA52CGU6U, STM32WBA52CGU7, STM32WBA52CGU7TR, STM32WBA52KEU6, STM32WBA52KEU6TR, STM32WBA52KGU6, STM32WBA52KGU6TR, STM32WBA54CEU6, STM32WBA54CEU6TR, STM32WBA54CEU7, STM32WBA54CEU7TR, STM32WBA54CGU6, STM32WBA54CGU6TR, STM32WBA54CGU7, STM32WBA54CGU7TR, STM32WBA54KEU6, STM32WBA54KEU6TR, STM32WBA54KEU7, STM32WBA54KEU7TR, STM32WBA54KGU6, STM32WBA54KGU6TR, STM32WBA54KGU7, STM32WBA54KGU7TR, STM32WBA55CEU6, STM32WBA55CEU6TR, STM32WBA55CEU7, STM32WBA55CEU7TR, STM32WBA55CGU6, STM32WBA55CGU6TR, STM32WBA55CGU6U, STM32WBA55CGU7, STM32WBA55CGU7TR, STM32WBA55G-DK1, STM32WBA55HEF6, STM32WBA55HEF7, STM32WBA55HGF6, STM32WBA55HGF7, STM32WBA55UEI6, STM32WBA55UEI6TR, STM32WBA55UEI7, STM32WBA55UEI7TR, STM32WBA55UGI6, STM32WBA55UGI6TR, STM32WBA55UGI7, STM32WBA55UGI7TR, STM32WL5MOCH6, STM32WL5MOCH6TR]
2024-08-13 09:56:46,905 [INFO] BoardInfo:889 - No configuration file found for board P-NUCLEO-WB55
2024-08-13 09:56:46,906 [INFO] DbBoards:161 - Kit is not supported: P-NUCLEO-WB55
2024-08-13 09:56:46,918 [INFO] BoardInfo:889 - No configuration file found for board STEVAL-BFA001V1B
2024-08-13 09:56:46,919 [INFO] DbBoards:161 - Kit is not supported: STEVAL-BFA001V1B
2024-08-13 09:56:46,936 [INFO] BoardInfo:889 - No configuration file found for board STEVAL-BFA001V2B
2024-08-13 09:56:46,938 [INFO] DbBoards:161 - Kit is not supported: STEVAL-BFA001V2B
2024-08-13 09:56:47,156 [INFO] DbBoards:168 - Found 201 boards, 198 are supported
2024-08-13 09:56:47,156 [INFO] DbBoards:169 - Found 201 boards, 25 of them is supported for  Bsp
2024-08-13 09:56:47,160 [INFO] ApiDb:668 - CubeFinder database Data Model version=2.1
2024-08-13 09:56:47,160 [INFO] ApiDb:669 - CubeFinder database Configuration version=3.0.39
2024-08-13 09:56:47,160 [INFO] ApiDb:670 - CubeFinder database generation date=2024-06-20 (1718880634)
2024-08-13 09:56:47,160 [INFO] ApiDb:671 - CubeFinder database FW Pack versions=[FP-ATR-ASTRA1_V2.0.0, FP-SNS-FLIGHT1_V5.0.2, FP-SNS-MOTENV1_V5.0.0, FP-SNS-MOTENVWB1_V1.4.0, FP-SNS-SMARTAG2_V1.2.0, STM32Cube_FW_C0_V1.2.0, STM32Cube_FW_F4_V1.28.0, STM32Cube_FW_F7_V1.17.2, STM32Cube_FW_G0_V1.6.2, STM32Cube_FW_G4_V1.6.0, STM32Cube_FW_H5_V1.3.0, STM32Cube_FW_H7RS_V1.1.0, STM32Cube_FW_H7_V1.11.2, STM32Cube_FW_L0_V1.12.2, STM32Cube_FW_L5_V1.5.1, STM32Cube_FW_U0_V1.1.0, STM32Cube_FW_U5_V1.6.0, STM32Cube_FW_WB0_V1.0.0, STM32Cube_FW_WBA_V1.4.0, STM32Cube_FW_WB_V1.20.0, STM32Cube_FW_WL_V1.3.0, X-CUBE-ALGOBUILD_V1.4.0, X-CUBE-ALS_V1.0.2, X-CUBE-AZRTOS-F4_V1.1.0, X-CUBE-AZRTOS-F7_V1.1.0, X-CUBE-AZRTOS-G0_V1.1.0, X-CUBE-AZRTOS-G4_V2.0.0, X-CUBE-AZRTOS-H7RS_V1.0.0, X-CUBE-AZRTOS-H7_V3.2.0, X-CUBE-AZRTOS-L4_V2.0.0, X-CUBE-AZRTOS-L5_V1.1.0, X-CUBE-AZRTOS-WB_V2.0.0, X-CUBE-AZRTOS-WL_V2.0.0, X-CUBE-BLE1_V7.0.0, X-CUBE-BLE2_V3.3.0, X-CUBE-BLEMGR_V3.1.0, X-CUBE-EEPRMA1_V5.1.0, X-CUBE-FREERTOS_V1.2.0, X-CUBE-GNSS1_V6.0.0, X-CUBE-MEMS1_V10.0.0, X-CUBE-NFC4_V3.0.0, X-CUBE-NFC7_V1.0.1, X-CUBE-SFXS2LP1_V4.0.0, X-CUBE-SUBG2_V5.0.0, X-CUBE-TOF1_V3.4.1]
2024-08-13 09:56:49,094 [INFO] ApiDb:240 - Found 646 in-development CPN: [B-G473E-ZEST1S, B-WB1M-WPAN1, B-WL5M-SUBG1, NUCLEO-C031C6, NUCLEO-C071RB, NUCLEO-H503RB, NUCLEO-H533RE, NUCLEO-H563ZI, NUCLEO-H7S3L8, NUCLEO-U031R8, NUCLEO-U083RC, NUCLEO-U545RE-Q, NUCLEO-U5A5ZJ-Q, NUCLEO-WB05KZ, NUCLEO-WB07CC, NUCLEO-WB09KE, NUCLEO-WBA52CG, NUCLEO-WBA55CG, STEVAL-PROTEUS1, STEVAL-SMARTAG2, STEVAL-STWINBX1, STM320518-EVAL, STM32C0116-DK, STM32C011D6Y3TR, STM32C011D6Y6TR, STM32C011F4P3, STM32C011F4P6, STM32C011F4U3, STM32C011F4U6TR, STM32C011F6P3, STM32C011F6P6, STM32C011F6U3, STM32C011F6U6TR, STM32C011J4M3, STM32C011J4M6, STM32C011J6M3, STM32C011J6M6, STM32C0316-DK, STM32C031C4T3, STM32C031C4T6, STM32C031C4U3, STM32C031C4U6, STM32C031C6T3, STM32C031C6T6, STM32C031C6U3, STM32C031C6U6, STM32C031F4P3, STM32C031F4P6, STM32C031F6P3, STM32C031F6P6, STM32C031G4U3, STM32C031G4U6, STM32C031G6U3, STM32C031G6U6, STM32C031K4T3, STM32C031K4T6, STM32C031K4U3, STM32C031K4U6, STM32C031K6T3, STM32C031K6T6, STM32C031K6U3, STM32C031K6U6, STM32C071C8T6, STM32C071C8T6N, STM32C071C8U6, STM32C071C8U6N, STM32C071CBT6, STM32C071CBT6N, STM32C071CBU6, STM32C071CBU6N, STM32C071F8P6, STM32C071F8P6N, STM32C071FBP6, STM32C071FBP6N, STM32C071FBY6TR, STM32C071G8U6, STM32C071G8U6N, STM32C071GBU6, STM32C071GBU6N, STM32C071K8T6, STM32C071K8T6N, STM32C071K8U6, STM32C071K8U6N, STM32C071KBT6, STM32C071KBT6N, STM32C071KBU6, STM32C071KBU6N, STM32C071R8T6, STM32C071R8T6N, STM32C071RBI6N, STM32C071RBT6, STM32C071RBT6N, STM32G071K8TXN, STM32G071K8UXN, STM32G081GBU6N, STM32G081KBT6N, STM32G081KBUXN, STM32G0B1CCT6N, STM32G0B1KCT6, STM32G0B1NEY6TR, STM32G0B1RCT6N, STM32G0C1CCT6, STM32G0C1CCT6N, STM32G0C1CCU6N, STM32G0C1CET6N, STM32G0C1CEU6N, STM32G0C1KCT6, STM32G0C1NEY6TR, STM32G0C1RCI6N, STM32G0C1RCT6N, STM32G0C1REI6N, STM32G0C1RET6N, STM32G0C1VCI6, STM32G0C1VEI6, STM32G411C6T3, STM32G411C6T6, STM32G411C6U3, STM32G411C6U6, STM32G411C8T3, STM32G411C8T6, STM32G411C8U3, STM32G411C8U6, STM32G411CBT3, STM32G411CBT6, STM32G411CBU3, STM32G411CBU6, STM32G411K6T3, STM32G411K6T6, STM32G411K6U3, STM32G411K6U6, STM32G411K8T3, STM32G411K8T6, STM32G411K8U3, STM32G411K8U6, STM32G411KBT3, STM32G411KBT6, STM32G411KBU3, STM32G411KBU6, STM32G411M6T3, STM32G411M6T6, STM32G411M8T3, STM32G411M8T6, STM32G411MBT3, STM32G411MBT6, STM32G411R6T3, STM32G411R6T6, STM32G411R8T3, STM32G411R8T6, STM32G411RBT3, STM32G411RBT6, STM32G414CBT3, STM32G414CBT6, STM32G414CBU3, STM32G414CBU6, STM32G414CCT3, STM32G414CCT6, STM32G414CCU3, STM32G414CCU6, STM32G414MBT3, STM32G414MBT6, STM32G414MCT3, STM32G414MCT6, STM32G414RBT3, STM32G414RBT6, STM32G414RCT3, STM32G414RCT6, STM32G414VBT3, STM32G414VBT6, STM32G414VCT3, STM32G414VCT6, STM32G431CBT3Z, STM32G431RBT3Z, STM32G471CCT6, STM32G471CCU6, STM32G471CET3, STM32G471CET6, STM32G471CEU3, STM32G471CEU6, STM32G471MCT6, STM32G471MET3, STM32G471MET6, STM32G471MEY6TR, STM32G471QCT6, STM32G471QET3, STM32G471RCT6, STM32G471RET3, STM32G471RET6, STM32G471VCH6, STM32G471VCI6, STM32G471VCT6, STM32G471VEH3, STM32G471VEH6, STM32G471VEI3, STM32G471VEI6, STM32G471VET3, STM32G471VET6, STM32G473QET3Z, STM32G473RET3Z, STM32G474CCT6, STM32G491RET3Z, STM32H503CBT6, STM32H503CBU6, STM32H503EBY6TR, STM32H503KBU6, STM32H503RBT6, STM32H523CCT6, STM32H523CCU6, STM32H523CET6, STM32H523CEU6, STM32H523HEY6TR, STM32H523RCT6, STM32H523RET6, STM32H523VCI6, STM32H523VCT6, STM32H523VEI6, STM32H523VET6, STM32H523ZCJ6, STM32H523ZCT6, STM32H523ZEJ6, STM32H523ZET6, STM32H533CET6, STM32H533CEU6, STM32H533HEY6TR, STM32H533RET6, STM32H533VEI6, STM32H533VET6, STM32H533ZEJ6, STM32H533ZET6, STM32H562AGI6, STM32H562AII6, STM32H562IGK6, STM32H562IGT6, STM32H562IIK6, STM32H562IIT6, STM32H562RGT6, STM32H562RGV6, STM32H562RIT6, STM32H562RIV6, STM32H562VGT6, STM32H562VIT6, STM32H562ZGT6, STM32H562ZIT6, STM32H563AGI6, STM32H563AII3Q, STM32H563AII6, STM32H563IGK6, STM32H563IGT6, STM32H563IIK3Q, STM32H563IIK6, STM32H563IIT3Q, STM32H563IIT6, STM32H563MIY3QTR, STM32H563RGT6, STM32H563RGV6, STM32H563RIT6, STM32H563RIV6, STM32H563VGT6, STM32H563VIT3Q, STM32H563VIT6, STM32H563ZGT6, STM32H563ZIT3Q, STM32H563ZIT6, STM32H573AII3Q, STM32H573AII6, STM32H573I-DK, STM32H573IIK3Q, STM32H573IIK6, STM32H573IIT3Q, STM32H573IIT6, STM32H573MIY3QTR, STM32H573RIT6, STM32H573RIV6, STM32H573VIT3Q, STM32H573VIT6, STM32H573ZIT3Q, STM32H573ZIT6, STM32H7R3A8I6, STM32H7R3I8K6, STM32H7R3I8T6, STM32H7R3L8H6, STM32H7R3L8H6H, STM32H7R3R8V6, STM32H7R3V8H6, STM32H7R3V8T6, STM32H7R3V8Y6TR, STM32H7R3Z8J6, STM32H7R3Z8T6, STM32H7R7A8I6, STM32H7R7I8K6, STM32H7R7I8T6, STM32H7R7L8H6, STM32H7R7L8H6H, STM32H7R7Z8J6, STM32H7S3A8I6, STM32H7S3I8K6, STM32H7S3I8T6, STM32H7S3L8H6, STM32H7S3L8H6H, STM32H7S3R8V6, STM32H7S3V8H6, STM32H7S3V8T6, STM32H7S3V8Y6TR, STM32H7S3Z8J6, STM32H7S3Z8T6, STM32H7S78-DK, STM32H7S7A8I6, STM32H7S7I8K6, STM32H7S7I8T6, STM32H7S7L8H6, STM32H7S7L8H6H, STM32H7S7Z8J6, STM32L4R5QGI6STR, STM32MP131AAE3, STM32MP131AAF3, STM32MP131AAG3, STM32MP131CAE3, STM32MP131CAF3, STM32MP131CAG3, STM32MP131DAE7, STM32MP131DAF7, STM32MP131DAG7, STM32MP131FAE7, STM32MP131FAF7, STM32MP131FAG7, STM32MP133AAE3, STM32MP133AAF3, STM32MP133AAG3, STM32MP133CAE3, STM32MP133CAF3, STM32MP133CAG3, STM32MP133DAE7, STM32MP133DAF7, STM32MP133DAG7, STM32MP133FAE7, STM32MP133FAF7, STM32MP133FAG7, STM32MP135AAE3, STM32MP135AAF3, STM32MP135AAG3, STM32MP135CAE3, STM32MP135CAF3, STM32MP135CAG3, STM32MP135DAE7, STM32MP135DAF7, STM32MP135DAG7, STM32MP135F-DK, STM32MP135FAE7, STM32MP135FAF7, STM32MP135FAF7T, STM32MP135FAF7U, STM32MP135FAG7, STM32MP251AAI3, STM32MP251AAK3, STM32MP251AAL3, STM32MP251CAI3, STM32MP251CAK3, STM32MP251CAL3, STM32MP251DAI3, STM32MP251DAK3, STM32MP251DAL3, STM32MP251FAI3, STM32MP251FAK3, STM32MP251FAL3, STM32MP253AAI3, STM32MP253AAK3, STM32MP253AAL3, STM32MP253CAI3, STM32MP253CAK3, STM32MP253CAL3, STM32MP253DAI3, STM32MP253DAK3, STM32MP253DAL3, STM32MP253FAI3, STM32MP253FAK3, STM32MP253FAL3, STM32MP255AAI3, STM32MP255AAK3, STM32MP255AAL3, STM32MP255CAI3, STM32MP255CAK3, STM32MP255CAL3, STM32MP255DAI3, STM32MP255DAK3, STM32MP255DAL3, STM32MP255FAI3, STM32MP255FAK3, STM32MP255FAL3, STM32MP257AAI3, STM32MP257AAK3, STM32MP257AAL3, STM32MP257CAI3, STM32MP257CAK3, STM32MP257CAL3, STM32MP257DAI3, STM32MP257DAK3, STM32MP257DAL3, STM32MP257F-DK, STM32MP257F-EV1, STM32MP257FAI3, STM32MP257FAK3, STM32MP257FAL3, STM32U031C6T6, STM32U031C6U6, STM32U031C8T6, STM32U031C8U6, STM32U031F4P6, STM32U031F6P6, STM32U031F8P6, STM32U031G6Y6TR, STM32U031G8Y6TR, STM32U031K4U6, STM32U031K6U6, STM32U031K8U6, STM32U031R6I6, STM32U031R6T6, STM32U031R8I6, STM32U031R8T6, STM32U073C8T6, STM32U073C8U6, STM32U073CBT6, STM32U073CBU6, STM32U073CCT6, STM32U073CCU6, STM32U073H8Y6TR, STM32U073HBY6TR, STM32U073HCY6TR, STM32U073K8U6, STM32U073KBU6, STM32U073KCU6, STM32U073M8I6, STM32U073M8T6, STM32U073MBI6, STM32U073MBT6, STM32U073MCI6, STM32U073MCT6, STM32U073R8I6, STM32U073R8T6, STM32U073RBI6, STM32U073RBT6, STM32U073RCI6, STM32U073RCT6, STM32U083C-DK, STM32U083CCT6, STM32U083CCU6, STM32U083HCY6TR, STM32U083KCU6, STM32U083MCI6, STM32U083MCT6, STM32U083RCI6, STM32U083RCT6, STM32U535CBT6, STM32U535CBT6Q, STM32U535CBU6, STM32U535CBU6Q, STM32U535CCT6, STM32U535CCT6Q, STM32U535CCU6, STM32U535CCU6Q, STM32U535CET6, STM32U535CET6Q, STM32U535CEU6, STM32U535CEU6Q, STM32U535JEY6QTR, STM32U535NCY6QTR, STM32U535NEY6QTR, STM32U535RBI6, STM32U535RBI6Q, STM32U535RBT6, STM32U535RBT6Q, STM32U535RCI6, STM32U535RCI6Q, STM32U535RCT6, STM32U535RCT6Q, STM32U535REI6, STM32U535REI6Q, STM32U535RET6, STM32U535RET6Q, STM32U535VCI6, STM32U535VCI6Q, STM32U535VCT6, STM32U535VCT6Q, STM32U535VEI6, STM32U535VEI6Q, STM32U535VET6, STM32U535VET6Q, STM32U545CET6, STM32U545CET6Q, STM32U545CEU6, STM32U545CEU6Q, STM32U545JEY6QTR, STM32U545NEY6QTR, STM32U545REI6, STM32U545REI6Q, STM32U545RET6, STM32U545RET6Q, STM32U545VEI6, STM32U545VEI6Q, STM32U545VET6, STM32U545VET6Q, STM32U595AIH6, STM32U595AIH6Q, STM32U595AJH6, STM32U595AJH6Q, STM32U595QII6, STM32U595QII6Q, STM32U595QJI6, STM32U595QJI6Q, STM32U595RIT6, STM32U595RIT6Q, STM32U595RJT6, STM32U595RJT6Q, STM32U595VIT6, STM32U595VIT6Q, STM32U595VJT6, STM32U595VJT6Q, STM32U595ZIT6, STM32U595ZIT6Q, STM32U595ZIY6QTR, STM32U595ZJT6, STM32U595ZJT6Q, STM32U595ZJY6QTR, STM32U599BJY6QTR, STM32U599NIH6Q, STM32U599NJH6Q, STM32U599VIT6Q, STM32U599VJT6, STM32U599VJT6Q, STM32U599ZIT6Q, STM32U599ZIY6QTR, STM32U599ZJT6Q, STM32U599ZJY6QTR, STM32U5A5AJH6, STM32U5A5AJH6Q, STM32U5A5QII3Q , STM32U5A5QJI6, STM32U5A5QJI6Q, STM32U5A5RJT6, STM32U5A5RJT6Q, STM32U5A5VJT6, STM32U5A5VJT6Q, STM32U5A5ZJT6, STM32U5A5ZJT6Q, STM32U5A5ZJY6QTR, STM32U5A9BJY6QTR, STM32U5A9J-DK, STM32U5A9NJH6Q, STM32U5A9VJT6Q, STM32U5A9ZJT6Q, STM32U5A9ZJY6QTR, STM32U5F7VIT6, STM32U5F7VIT6Q, STM32U5F7VJT6, STM32U5F7VJT6Q, STM32U5F9BJY6QTR, STM32U5F9NJH6Q, STM32U5F9VIT6Q, STM32U5F9VJT6Q, STM32U5F9ZIJ6QTR, STM32U5F9ZIT6Q, STM32U5F9ZJJ6QTR, STM32U5F9ZJT6Q, STM32U5G7VJT6, STM32U5G7VJT6Q, STM32U5G9BJY6QTR, STM32U5G9J-DK1, STM32U5G9J-DK2, STM32U5G9NJH6Q, STM32U5G9VJT6Q, STM32U5G9ZJJ6QTR, STM32U5G9ZJT6Q, STM32WB05KZV6TR, STM32WB05KZV7TR, STM32WB05TZF6TR, STM32WB05TZF7TR, STM32WB06CCF6TR, STM32WB06CCF7TR, STM32WB06CCV6TR, STM32WB06CCV7TR, STM32WB06KCV6TR, STM32WB06KCV7TR, STM32WB07CCF6TR, STM32WB07CCF7TR, STM32WB07CCV6TR, STM32WB07CCV7TR, STM32WB07KCV6TR, STM32WB07KCV7TR, STM32WB09KEV6TR, STM32WB09KEV7TR, STM32WB09TEF6TR, STM32WB09TEF7TR, STM32WB1MMCH6, STM32WBA50KGU6, STM32WBA50KGU6TR, STM32WBA52CEU6, STM32WBA52CEU6TR, STM32WBA52CEU7, STM32WBA52CEU7TR, STM32WBA52CGU6, STM32WBA52CGU6TR, STM32WBA52CGU6U, STM32WBA52CGU7, STM32WBA52CGU7TR, STM32WBA52KEU6, STM32WBA52KEU6TR, STM32WBA52KGU6, STM32WBA52KGU6TR, STM32WBA54CEU6, STM32WBA54CEU6TR, STM32WBA54CEU7, STM32WBA54CEU7TR, STM32WBA54CGU6, STM32WBA54CGU6TR, STM32WBA54CGU7, STM32WBA54CGU7TR, STM32WBA54KEU6, STM32WBA54KEU6TR, STM32WBA54KEU7, STM32WBA54KEU7TR, STM32WBA54KGU6, STM32WBA54KGU6TR, STM32WBA54KGU7, STM32WBA54KGU7TR, STM32WBA55CEU6, STM32WBA55CEU6TR, STM32WBA55CEU7, STM32WBA55CEU7TR, STM32WBA55CGU6, STM32WBA55CGU6TR, STM32WBA55CGU6U, STM32WBA55CGU7, STM32WBA55CGU7TR, STM32WBA55G-DK1, STM32WBA55HEF6, STM32WBA55HEF7, STM32WBA55HGF6, STM32WBA55HGF7, STM32WBA55UEI6, STM32WBA55UEI6TR, STM32WBA55UEI7, STM32WBA55UEI7TR, STM32WBA55UGI6, STM32WBA55UGI6TR, STM32WBA55UGI7, STM32WBA55UGI7TR, STM32WL5MOCH6, STM32WL5MOCH6TR]
2024-08-13 09:56:49,103 [INFO] DbMcus:218 - Found 4251 MCUs, 4251 are supported
2024-08-13 09:56:49,104 [INFO] ApiDb:414 - User favorites file not found: C:\Users\zchua/.stm32cubeide/favorites.mcus.txt
2024-08-13 09:56:49,104 [INFO] DbMcus:224 - Set 0 / 0 favorites MCUs
2024-08-13 09:56:49,454 [INFO] ApiDb:414 - User favorites file not found: C:\Users\zchua/.stm32cubeide/favorites.boards.txt
2024-08-13 09:56:49,454 [INFO] DbBoards:198 - Set 0 / 0 favorites Boards
2024-08-13 09:56:49,455 [INFO] McuFinderGlobals:76 - Set McuFinderConnectedMode to false
2024-08-13 09:56:49,462 [INFO] MultiScanPanel:200 - Auto-refresh data requested => check proxy status ongoing
2024-08-13 09:56:49,462 [INFO] MultiScanPanel:204 - Proxy status is invalid
2024-08-13 09:56:49,466 [INFO] FinderPluginLoader:95 - Searching for filters in installed packs
2024-08-13 09:56:51,091 [WARN] DetailPanel:346 - Failed to get advertising image, set to default
2024-08-13 09:57:22,797 [INFO] MultiScanPanel:200 - Auto-refresh data requested => check proxy status ongoing
2024-08-13 09:57:22,797 [INFO] MultiScanPanel:204 - Proxy status is invalid
2024-08-13 09:57:22,944 [WARN] DetailPanel:346 - Failed to get advertising image, set to default
2024-08-13 09:57:22,960 [INFO] DbBoards:642 - Loading board mini-images...
2024-08-13 09:57:23,176 [ERROR] DbBoards:659 - Image file not found for board NUCLEO-C071RB: C:\Users\zchua\.stmcufinder\plugins\mcufinder//mcu//boards_images/NUCLEO-C071RB.jpg
2024-08-13 09:57:24,578 [ERROR] DbBoards:659 - Image file not found for board NUCLEO-WB05KZ: C:\Users\zchua\.stmcufinder\plugins\mcufinder//mcu//boards_images/NUCLEO-WB05KZ.jpg
2024-08-13 09:57:24,579 [ERROR] DbBoards:659 - Image file not found for board NUCLEO-WB07CC: C:\Users\zchua\.stmcufinder\plugins\mcufinder//mcu//boards_images/NUCLEO-WB07CC.jpg
2024-08-13 09:57:24,579 [ERROR] DbBoards:659 - Image file not found for board NUCLEO-WB09KE: C:\Users\zchua\.stmcufinder\plugins\mcufinder//mcu//boards_images/NUCLEO-WB09KE.jpg
2024-08-13 09:57:26,515 [ERROR] DbBoards:659 - Image file not found for board STM32MP257F-DK: C:\Users\zchua\.stmcufinder\plugins\mcufinder//mcu//boards_images/STM32MP257F-DK.jpg
2024-08-13 09:57:26,516 [ERROR] DbBoards:659 - Image file not found for board STM32MP257F-EV1: C:\Users\zchua\.stmcufinder\plugins\mcufinder//mcu//boards_images/STM32MP257F-EV1.jpg
2024-08-13 09:57:26,623 [INFO] DbBoards:665 - Loaded 195 board mini-images
2024-08-13 09:58:06,763 [INFO] MetaSearchPanel:254 - search for filter with key=Nucleo-32
2024-08-13 09:58:06,763 [INFO] MetaSearchPanel:355 - search for filter component Type
2024-08-13 09:58:06,763 [INFO] MetaSearchPanel:329 - Collapse all filters sections
2024-08-13 09:58:50,584 [INFO] BoardResultTable:719 - Mark Board NUCLEO-C031C6 as favorite
2024-08-13 10:05:10,501 [INFO] BoardAction:75 - Docs & Resources
2024-08-13 10:05:13,087 [INFO] BoardAction:48 - Features
2024-08-13 10:05:56,063 [INFO] McuFinderGlobals:76 - Set McuFinderConnectedMode to true
2024-08-13 10:05:56,073 [INFO] ApiDb:448 - Save user favorites file C:\Users\zchua/.stm32cubeide/favorites.mcus.txt: 0 item(s)
2024-08-13 10:05:56,074 [INFO] ApiDb:452 - User favorites MCUs=[]
2024-08-13 10:05:56,078 [INFO] ApiDb:448 - Save user favorites file C:\Users\zchua/.stm32cubeide/favorites.boards.txt: 1 item(s)
2024-08-13 10:05:56,079 [INFO] ApiDb:452 - User favorites Boards=[NUCLEO-C031C6]
2024-08-13 10:05:57,700 [ERROR] ConfigurationRetriever:142 - IOException on connection: Connect timed out
2024-08-13 10:05:59,702 [ERROR] ConfigurationRetriever:142 - IOException on connection: Connect timed out
2024-08-13 10:06:01,704 [ERROR] ConfigurationRetriever:142 - IOException on connection: Connect timed out
2024-08-13 10:06:22,349 [ERROR] ConfigurationRetriever:142 - IOException on connection: Connect timed out
2024-08-13 10:06:24,350 [ERROR] ConfigurationRetriever:142 - IOException on connection: Connect timed out
2024-08-13 10:06:26,353 [ERROR] ConfigurationRetriever:142 - IOException on connection: Connect timed out
2024-08-13 10:06:27,153 [ERROR] LogOutputStream:75 - [STDERR_REDIRECT] 
2024-08-13 10:06:33,915 [INFO] Activator:176 - 


2024-08-13 10:06:33,917 [INFO] Activator:177 - !SESSION log4j initialized
2024-08-13 10:06:38,227 [INFO] LogOutputStream:77 - [STDOUT_REDIRECT] 
2024-08-13 10:06:39,267 [INFO] ApplicationProperties:184 - Using Application install path: C:\ST\STM32CubeIDE_1.16.0\STM32CubeIDE\plugins\com.st.stm32cube.common.mx_6.12.0.202406281431
2024-08-13 10:06:39,286 [INFO] DbMcusXml:78 - Set database path to: C:\ST\STM32CubeIDE_1.16.0\STM32CubeIDE\plugins\com.st.stm32cube.common.mx_6.12.0.202406281431\\db\/mcu/
2024-08-13 10:06:39,287 [INFO] ApiDb:274 - Set plugin database path to: C:\ST\STM32CubeIDE_1.16.0\STM32CubeIDE\plugins\com.st.stm32cube.common.mx_6.12.0.202406281431\\db\/plugins/boardmanager/
2024-08-13 10:06:39,287 [WARN] ApiDb:259 - Overriding images path with different value:  => C:\ST\STM32CubeIDE_1.16.0\STM32CubeIDE\plugins\com.st.stm32cube.common.mx_6.12.0.202406281431\\db\/plugins/mcufinder/images/
2024-08-13 10:06:39,293 [INFO] ApiDb:250 - Set database path to: C:\Users\zchua\.stmcufinder\plugins\mcufinder//mcu/
2024-08-13 10:06:39,294 [INFO] DbMcusAds:125 - Set database path to: C:\Users\zchua\.stmcufinder\plugins\mcufinder//mcu/
2024-08-13 10:06:39,297 [INFO] CrossReferenceDbSqlite:203 - Set database path to: C:\Users\zchua\.stmcufinder\plugins\mcufinder//mcu/cs/
2024-08-13 10:06:39,413 [INFO] RulesReader:64 - Compatibility file has been processed (297 Rules)
2024-08-13 10:06:39,519 [INFO] DbMcusXml:78 - Set database path to: C:\ST\STM32CubeIDE_1.16.0\STM32CubeIDE\plugins\com.st.stm32cube.common.mx_6.12.0.202406281431\\db\/mcu/
2024-08-13 10:06:39,519 [INFO] ApiDb:274 - Set plugin database path to: C:\ST\STM32CubeIDE_1.16.0\STM32CubeIDE\plugins\com.st.stm32cube.common.mx_6.12.0.202406281431\\db\/plugins/boardmanager/
2024-08-13 10:06:39,519 [INFO] ApiDb:261 - Set plugin images path to: C:\ST\STM32CubeIDE_1.16.0\STM32CubeIDE\plugins\com.st.stm32cube.common.mx_6.12.0.202406281431\\db\/plugins/mcufinder/images/
2024-08-13 10:06:39,519 [WARN] DbFile:41 - Overriding database path with different value: C:\Users\zchua\.stmcufinder\plugins\mcufinder/ => C:\Users\zchua\.stmcufinder\plugins\mcufinder
2024-08-13 10:06:39,520 [INFO] ApiDb:250 - Set database path to: C:\Users\zchua\.stmcufinder\plugins\mcufinder//mcu/
2024-08-13 10:06:39,520 [WARN] DbFile:41 - Overriding database path with different value: C:\Users\zchua\.stmcufinder\plugins\mcufinder/ => C:\Users\zchua\.stmcufinder\plugins\mcufinder
2024-08-13 10:06:39,520 [INFO] DbMcusAds:125 - Set database path to: C:\Users\zchua\.stmcufinder\plugins\mcufinder//mcu/
2024-08-13 10:06:39,520 [WARN] DbFile:41 - Overriding database path with different value: C:\Users\zchua\.stmcufinder\plugins\mcufinder/ => C:\Users\zchua\.stmcufinder\plugins\mcufinder
2024-08-13 10:06:39,520 [WARN] DbFile:41 - Overriding database path with different value: C:\Users\zchua\.stmcufinder\plugins\mcufinder/ => C:\Users\zchua\.stmcufinder\plugins\mcufinder
2024-08-13 10:06:39,520 [INFO] CrossReferenceDbSqlite:203 - Set database path to: C:\Users\zchua\.stmcufinder\plugins\mcufinder//mcu/cs/
2024-08-13 10:06:39,637 [INFO] MainPanel:268 - HeapMemory: 268435456
2024-08-13 10:06:39,737 [INFO] DbMcusXml:78 - Set database path to: C:\ST\STM32CubeIDE_1.16.0\STM32CubeIDE\plugins\com.st.stm32cube.common.mx_6.12.0.202406281431\\db\/mcu/
2024-08-13 10:06:39,738 [INFO] ApiDb:274 - Set plugin database path to: C:\ST\STM32CubeIDE_1.16.0\STM32CubeIDE\plugins\com.st.stm32cube.common.mx_6.12.0.202406281431\\db\/plugins/boardmanager/
2024-08-13 10:06:39,738 [INFO] ApiDb:261 - Set plugin images path to: C:\ST\STM32CubeIDE_1.16.0\STM32CubeIDE\plugins\com.st.stm32cube.common.mx_6.12.0.202406281431\\db\/plugins/mcufinder/images/
2024-08-13 10:06:39,738 [WARN] DbFile:41 - Overriding database path with different value: C:\Users\zchua\.stmcufinder\plugins\mcufinder/ => C:\Users\zchua\.stmcufinder\plugins\mcufinder
2024-08-13 10:06:39,738 [INFO] ApiDb:250 - Set database path to: C:\Users\zchua\.stmcufinder\plugins\mcufinder//mcu/
2024-08-13 10:06:39,738 [WARN] DbFile:41 - Overriding database path with different value: C:\Users\zchua\.stmcufinder\plugins\mcufinder/ => C:\Users\zchua\.stmcufinder\plugins\mcufinder
2024-08-13 10:06:39,738 [INFO] DbMcusAds:125 - Set database path to: C:\Users\zchua\.stmcufinder\plugins\mcufinder//mcu/
2024-08-13 10:06:39,738 [WARN] DbFile:41 - Overriding database path with different value: C:\Users\zchua\.stmcufinder\plugins\mcufinder/ => C:\Users\zchua\.stmcufinder\plugins\mcufinder
2024-08-13 10:06:39,739 [WARN] DbFile:41 - Overriding database path with different value: C:\Users\zchua\.stmcufinder\plugins\mcufinder/ => C:\Users\zchua\.stmcufinder\plugins\mcufinder
2024-08-13 10:06:39,739 [INFO] CrossReferenceDbSqlite:203 - Set database path to: C:\Users\zchua\.stmcufinder\plugins\mcufinder//mcu/cs/
2024-08-13 10:06:39,760 [INFO] ApplicationProperties:184 - Using Application install path: C:\ST\STM32CubeIDE_1.16.0\STM32CubeIDE\plugins\com.st.stm32cube.common.mx_6.12.0.202406281431
2024-08-13 10:06:39,762 [INFO] PluginManage:196 - Search for loadable plugins [exclusion list=, ]
2024-08-13 10:06:39,763 [INFO] PluginManage:310 - Check plugin analytics
2024-08-13 10:06:39,934 [INFO] AnalyticsPlugin:253 - Accepted Software Licenses: 
2024-08-13 10:06:39,934 [INFO] AnalyticsPlugin:255 - Accepted CMSIS Pack Licenses: 
2024-08-13 10:06:39,935 [INFO] AnalyticsPlugin:257 - Accepted Firmware Licenses: 
2024-08-13 10:06:39,938 [INFO] PluginManage:359 - Loaded plugin analytics (category:tool,tabindex:-1)
2024-08-13 10:06:39,939 [INFO] PluginManage:310 - Check plugin cadmodel
2024-08-13 10:06:39,944 [INFO] CADModel:105 - Init CAD model plugin
2024-08-13 10:06:39,944 [INFO] PluginManage:359 - Loaded plugin cadmodel (category:power,tabindex:5)
2024-08-13 10:06:39,945 [INFO] PluginManage:310 - Check plugin clock
2024-08-13 10:06:39,955 [INFO] PluginManage:359 - Loaded plugin clock (category:base,tabindex:2)
2024-08-13 10:06:39,955 [INFO] PluginManage:310 - Check plugin ddr
2024-08-13 10:06:39,957 [INFO] PluginManage:359 - Loaded plugin ddr (category:tool,tabindex:6)
2024-08-13 10:06:39,958 [INFO] PluginManage:310 - Check plugin filemanager
2024-08-13 10:06:40,144 [INFO] PluginManage:359 - Loaded plugin filemanager (category:base,tabindex:10)
2024-08-13 10:06:40,145 [INFO] PluginManage:310 - Check plugin ipmanager
2024-08-13 10:06:40,155 [INFO] PluginManage:359 - Loaded plugin ipmanager (category:base,tabindex:5)
2024-08-13 10:06:40,155 [INFO] PluginManage:310 - Check plugin lpbam
2024-08-13 10:06:40,164 [INFO] PluginManage:359 - Loaded plugin lpbam (category:base,tabindex:0)
2024-08-13 10:06:40,164 [INFO] PluginManage:310 - Check plugin memorymap
2024-08-13 10:06:40,177 [INFO] PluginManage:359 - Loaded plugin memorymap (category:base,tabindex:4)
2024-08-13 10:06:40,177 [INFO] PluginManage:310 - Check plugin pinoutandconfiguration
2024-08-13 10:06:40,185 [INFO] PluginManage:359 - Loaded plugin pinoutandconfiguration (category:base,tabindex:1)
2024-08-13 10:06:40,185 [INFO] PluginManage:310 - Check plugin pinoutconfig
2024-08-13 10:06:40,262 [WARN] SupportedApi:132 - Cannot load RTOS API schema: s4s-elt-must-match.1: The content of 'definitions' must match (annotation?, (simpleType | complexType)?, (unique | key | keyref)*)). A problem was found starting at: attribute.
2024-08-13 10:06:40,406 [INFO] PluginManage:359 - Loaded plugin pinoutconfig (category:base,tabindex:0)
2024-08-13 10:06:40,406 [INFO] PluginManage:310 - Check plugin power
2024-08-13 10:06:40,415 [INFO] PluginManage:359 - Loaded plugin power (category:power,tabindex:4)
2024-08-13 10:06:40,415 [INFO] PluginManage:310 - Check plugin projectmanager
2024-08-13 10:06:40,435 [INFO] PluginManage:359 - Loaded plugin projectmanager (category:projectmanager,tabindex:4)
2024-08-13 10:06:40,436 [INFO] PluginManage:310 - Check plugin rif
2024-08-13 10:06:40,442 [INFO] PluginManage:359 - Loaded plugin rif (category:base,tabindex:3)
2024-08-13 10:06:40,442 [INFO] PluginManage:310 - Check plugin thirdparty
2024-08-13 10:06:40,571 [INFO] PluginManage:359 - Loaded plugin thirdparty (category:base,tabindex:-1)
2024-08-13 10:06:40,571 [WARN] IntegrityCheckThread:84 - waiting for thirdparty lock release [integrity check]
2024-08-13 10:06:40,571 [INFO] PluginManage:310 - Check plugin tools
2024-08-13 10:06:40,571 [INFO] IntegrityCheckThread:86 - entering critical section [integrity check]
2024-08-13 10:06:40,572 [INFO] ThirdPartyUpdaterWithRetryManager:70 - Updater plugin not ready yet. [1/15]
2024-08-13 10:06:40,574 [INFO] PluginManage:359 - Loaded plugin tools (category:base,tabindex:7)
2024-08-13 10:06:40,574 [INFO] PluginManage:310 - Check plugin tutovideos
2024-08-13 10:06:40,660 [ERROR] ConfigurationRetriever:142 - IOException on connection: Connect timed out
2024-08-13 10:06:40,750 [INFO] PluginManage:359 - Loaded plugin tutovideos (category:base,tabindex:-1)
2024-08-13 10:06:40,750 [INFO] PluginManage:310 - Check plugin updater
2024-08-13 10:06:40,769 [INFO] PluginManage:359 - Loaded plugin updater (category:base,tabindex:12)
2024-08-13 10:06:40,769 [INFO] PluginManage:310 - Check plugin userauth
2024-08-13 10:06:40,775 [INFO] UserAuth:113 - Init User Auth plugin
2024-08-13 10:06:40,775 [INFO] PluginManage:359 - Loaded plugin userauth (category:base,tabindex:14)
2024-08-13 10:06:40,776 [INFO] PluginManage:283 - PluginManage : Loaded plugins [18]
2024-08-13 10:06:41,002 [INFO] PinOutPanel:1561 - setPackage(No Configuration,No Configuration)
2024-08-13 10:06:41,114 [INFO] CADModel:165 - CPN selected for project level
2024-08-13 10:06:41,115 [INFO] CADModel:114 - Register for checkConnection events
2024-08-13 10:06:41,129 [INFO] IPUIPlugin:80 - create IPUIPlugin
2024-08-13 10:06:41,129 [INFO] PluginManager:220 - loadIPPluginJar : add adc
2024-08-13 10:06:41,131 [INFO] IPUIPlugin:80 - create IPUIPlugin
2024-08-13 10:06:41,131 [INFO] PluginManager:220 - loadIPPluginJar : add aes
2024-08-13 10:06:41,133 [INFO] IPUIPlugin:80 - create IPUIPlugin
2024-08-13 10:06:41,133 [INFO] PluginManager:220 - loadIPPluginJar : add can
2024-08-13 10:06:41,136 [INFO] IPUIPlugin:80 - create IPUIPlugin
2024-08-13 10:06:41,136 [INFO] PluginManager:220 - loadIPPluginJar : add comp
2024-08-13 10:06:41,138 [INFO] IPUIPlugin:80 - create IPUIPlugin
2024-08-13 10:06:41,138 [INFO] PluginManager:220 - loadIPPluginJar : add cryp
2024-08-13 10:06:41,141 [INFO] IPUIPlugin:80 - create IPUIPlugin
2024-08-13 10:06:41,141 [INFO] PluginManager:220 - loadIPPluginJar : add ddr_ctrl_phy
2024-08-13 10:06:41,143 [INFO] IPUIPlugin:80 - create IPUIPlugin
2024-08-13 10:06:41,143 [INFO] PluginManager:220 - loadIPPluginJar : add dfsdm
2024-08-13 10:06:41,148 [INFO] IPUIPlugin:80 - create IPUIPlugin
2024-08-13 10:06:41,149 [INFO] PluginManager:220 - loadIPPluginJar : add dma
2024-08-13 10:06:41,151 [INFO] IPUIPlugin:80 - create IPUIPlugin
2024-08-13 10:06:41,151 [INFO] PluginManager:220 - loadIPPluginJar : add dma3
2024-08-13 10:06:41,153 [INFO] IPUIPlugin:80 - create IPUIPlugin
2024-08-13 10:06:41,153 [INFO] PluginManager:220 - loadIPPluginJar : add extmemmanager
2024-08-13 10:06:41,154 [INFO] IPUIPlugin:80 - create IPUIPlugin
2024-08-13 10:06:41,154 [INFO] PluginManager:220 - loadIPPluginJar : add fatfs
2024-08-13 10:06:41,157 [INFO] IPUIPlugin:80 - create IPUIPlugin
2024-08-13 10:06:41,157 [INFO] PluginManager:220 - loadIPPluginJar : add fmc
2024-08-13 10:06:41,162 [INFO] IPUIPlugin:80 - create IPUIPlugin
2024-08-13 10:06:41,162 [INFO] PluginManager:220 - loadIPPluginJar : add freertos
2024-08-13 10:06:41,163 [INFO] IPUIPlugin:80 - create IPUIPlugin
2024-08-13 10:06:41,163 [INFO] PluginManager:220 - loadIPPluginJar : add genericplugin
2024-08-13 10:06:41,165 [INFO] IPUIPlugin:80 - create IPUIPlugin
2024-08-13 10:06:41,165 [INFO] PluginManager:220 - loadIPPluginJar : add gfxmmu
2024-08-13 10:06:41,169 [INFO] IPUIPlugin:80 - create IPUIPlugin
2024-08-13 10:06:41,169 [INFO] PluginManager:220 - loadIPPluginJar : add gic
2024-08-13 10:06:41,172 [INFO] IPUIPlugin:80 - create IPUIPlugin
2024-08-13 10:06:41,172 [INFO] PluginManager:220 - loadIPPluginJar : add gpio
2024-08-13 10:06:41,175 [INFO] IPUIPlugin:80 - create IPUIPlugin
2024-08-13 10:06:41,175 [INFO] PluginManager:220 - loadIPPluginJar : add gtzc
2024-08-13 10:06:41,177 [INFO] IPUIPlugin:80 - create IPUIPlugin
2024-08-13 10:06:41,177 [INFO] PluginManager:220 - loadIPPluginJar : add hash
2024-08-13 10:06:41,179 [INFO] IPUIPlugin:80 - create IPUIPlugin
2024-08-13 10:06:41,179 [INFO] PluginManager:220 - loadIPPluginJar : add i2c
2024-08-13 10:06:41,181 [INFO] IPUIPlugin:80 - create IPUIPlugin
2024-08-13 10:06:41,181 [INFO] PluginManager:220 - loadIPPluginJar : add i2s
2024-08-13 10:06:41,183 [INFO] IPUIPlugin:80 - create IPUIPlugin
2024-08-13 10:06:41,183 [INFO] PluginManager:220 - loadIPPluginJar : add i3c
2024-08-13 10:06:41,185 [INFO] IPUIPlugin:80 - create IPUIPlugin
2024-08-13 10:06:41,187 [INFO] PluginManager:220 - loadIPPluginJar : add ipddr
2024-08-13 10:06:41,193 [INFO] IPUIPlugin:80 - create IPUIPlugin
2024-08-13 10:06:41,193 [INFO] PluginManager:220 - loadIPPluginJar : add linkedlist
2024-08-13 10:06:41,196 [INFO] IPUIPlugin:80 - create IPUIPlugin
2024-08-13 10:06:41,196 [INFO] PluginManager:220 - loadIPPluginJar : add lorawan
2024-08-13 10:06:41,197 [INFO] IPUIPlugin:80 - create IPUIPlugin
2024-08-13 10:06:41,197 [INFO] PluginManager:220 - loadIPPluginJar : add ltdc
2024-08-13 10:06:41,201 [INFO] IPUIPlugin:80 - create IPUIPlugin
2024-08-13 10:06:41,201 [INFO] PluginManager:220 - loadIPPluginJar : add mdma
2024-08-13 10:06:41,204 [INFO] IPUIPlugin:80 - create IPUIPlugin
2024-08-13 10:06:41,204 [INFO] PluginManager:220 - loadIPPluginJar : add nvic
2024-08-13 10:06:41,208 [INFO] IPUIPlugin:80 - create IPUIPlugin
2024-08-13 10:06:41,208 [INFO] PluginManager:220 - loadIPPluginJar : add opamp
2024-08-13 10:06:41,210 [INFO] IPUIPlugin:80 - create IPUIPlugin
2024-08-13 10:06:41,210 [INFO] PluginManager:220 - loadIPPluginJar : add openamp
2024-08-13 10:06:41,212 [INFO] IPUIPlugin:80 - create IPUIPlugin
2024-08-13 10:06:41,212 [INFO] PluginManager:220 - loadIPPluginJar : add pdm2pcm
2024-08-13 10:06:41,216 [INFO] IPUIPlugin:80 - create IPUIPlugin
2024-08-13 10:06:41,217 [INFO] PluginManager:220 - loadIPPluginJar : add plateformsettings
2024-08-13 10:06:41,219 [INFO] IPUIPlugin:80 - create IPUIPlugin
2024-08-13 10:06:41,219 [INFO] PluginManager:220 - loadIPPluginJar : add quadspi
2024-08-13 10:06:41,221 [INFO] IPUIPlugin:80 - create IPUIPlugin
2024-08-13 10:06:41,221 [INFO] PluginManager:220 - loadIPPluginJar : add radio
2024-08-13 10:06:41,223 [INFO] IPUIPlugin:80 - create IPUIPlugin
2024-08-13 10:06:41,224 [INFO] PluginManager:220 - loadIPPluginJar : add resmgrutility
2024-08-13 10:06:41,225 [INFO] IPUIPlugin:80 - create IPUIPlugin
2024-08-13 10:06:41,226 [INFO] PluginManager:220 - loadIPPluginJar : add sai
2024-08-13 10:06:41,227 [INFO] IPUIPlugin:80 - create IPUIPlugin
2024-08-13 10:06:41,227 [INFO] PluginManager:220 - loadIPPluginJar : add spi
2024-08-13 10:06:41,230 [INFO] IPUIPlugin:80 - create IPUIPlugin
2024-08-13 10:06:41,230 [INFO] PluginManager:220 - loadIPPluginJar : add stm32_wpan
2024-08-13 10:06:41,232 [INFO] IPUIPlugin:80 - create IPUIPlugin
2024-08-13 10:06:41,232 [INFO] PluginManager:220 - loadIPPluginJar : add tim
2024-08-13 10:06:41,234 [INFO] IPUIPlugin:80 - create IPUIPlugin
2024-08-13 10:06:41,234 [INFO] PluginManager:220 - loadIPPluginJar : add touchsensing
2024-08-13 10:06:41,237 [INFO] IPUIPlugin:80 - create IPUIPlugin
2024-08-13 10:06:41,237 [INFO] PluginManager:220 - loadIPPluginJar : add tracer_emb
2024-08-13 10:06:41,238 [INFO] IPUIPlugin:80 - create IPUIPlugin
2024-08-13 10:06:41,238 [INFO] PluginManager:220 - loadIPPluginJar : add ts
2024-08-13 10:06:41,239 [INFO] IPUIPlugin:80 - create IPUIPlugin
2024-08-13 10:06:41,239 [INFO] PluginManager:220 - loadIPPluginJar : add tsc
2024-08-13 10:06:41,240 [INFO] IPUIPlugin:80 - create IPUIPlugin
2024-08-13 10:06:41,241 [INFO] PluginManager:220 - loadIPPluginJar : add ucpd
2024-08-13 10:06:41,242 [INFO] IPUIPlugin:80 - create IPUIPlugin
2024-08-13 10:06:41,242 [INFO] PluginManager:220 - loadIPPluginJar : add usart
2024-08-13 10:06:41,244 [INFO] IPUIPlugin:80 - create IPUIPlugin
2024-08-13 10:06:41,245 [INFO] PluginManager:220 - loadIPPluginJar : add usbx
2024-08-13 10:06:41,375 [INFO] CADModel:165 - CPN selected for project level
2024-08-13 10:06:41,375 [INFO] CADModel:114 - Register for checkConnection events
2024-08-13 10:06:41,376 [FATAL] Updater:334 - Updater called before beeing initialized
2024-08-13 10:06:41,376 [ERROR] CADModel:125 - Updater not yet initialized, retry later 
2024-08-13 10:06:41,508 [INFO] CADModel:165 - CPN selected for project level
2024-08-13 10:06:41,509 [INFO] CADModel:114 - Register for checkConnection events
2024-08-13 10:06:41,509 [FATAL] Updater:334 - Updater called before beeing initialized
2024-08-13 10:06:41,509 [ERROR] CADModel:125 - Updater not yet initialized, retry later 
2024-08-13 10:06:41,512 [FATAL] Updater:334 - Updater called before beeing initialized
2024-08-13 10:06:41,617 [FATAL] Updater:334 - Updater called before beeing initialized
2024-08-13 10:06:41,620 [INFO] DbMcusAds:53 - JSON generation date=Thu Sep 30 14:55:09 MYT 2021 (1632984909247)
2024-08-13 10:06:41,621 [FATAL] Updater:334 - Updater called before beeing initialized
2024-08-13 10:06:41,661 [WARN] DetailPanel:346 - Failed to get advertising image, set to default
2024-08-13 10:06:41,764 [FATAL] Updater:334 - Updater called before beeing initialized
2024-08-13 10:06:41,765 [FATAL] Updater:334 - Updater called before beeing initialized
2024-08-13 10:06:41,766 [FATAL] Updater:334 - Updater called before beeing initialized
2024-08-13 10:06:41,766 [WARN] DetailPanel:346 - Failed to get advertising image, set to default
2024-08-13 10:06:41,767 [FATAL] Updater:334 - Updater called before beeing initialized
2024-08-13 10:06:41,817 [ERROR] Updater:1164 - MainUpdater not yet initialized. External WinMGr cannot be set.
2024-08-13 10:06:41,820 [INFO] Updater:1100 - Updater Version found : 6.12.0
2024-08-13 10:06:41,840 [INFO] ApplicationProperties:184 - Using Application install path: C:\ST\STM32CubeIDE_1.16.0\STM32CubeIDE\plugins\com.st.stm32cube.common.mx_6.12.0.202406281431
2024-08-13 10:06:42,663 [ERROR] ConfigurationRetriever:142 - IOException on connection: Connect timed out
2024-08-13 10:06:43,418 [ERROR] LogOutputStream:75 - [STDERR_REDIRECT] Aug 13, 2024 10:06:43 AM java.util.prefs.WindowsPreferences <init>
2024-08-13 10:06:43,419 [ERROR] LogOutputStream:75 - [STDERR_REDIRECT] WARNING: Could not open/create prefs root node Software\JavaSoft\Prefs at root 0xffffffff80000002. Windows RegCreateKeyEx(...) returned error code 5.
2024-08-13 10:06:43,420 [ERROR] LogOutputStream:75 - [STDERR_REDIRECT] 
2024-08-13 10:06:43,572 [INFO] ThirdPartyUpdaterWithRetryManager:70 - Updater plugin not ready yet. [2/15]
2024-08-13 10:06:44,665 [ERROR] ConfigurationRetriever:142 - IOException on connection: Connect timed out
2024-08-13 10:06:44,939 [ERROR] ConfigurationRetriever:142 - IOException on connection: Connect timed out
2024-08-13 10:06:46,573 [FATAL] Updater:334 - Updater called before beeing initialized
2024-08-13 10:06:46,573 [ERROR] IntegrityCheckThread:130 - Cannot retrieve database content from updater: error 21
2024-08-13 10:06:46,573 [INFO] ThirdParty:978 - Integrity check success = false
2024-08-13 10:06:46,573 [INFO] IntegrityCheckThread:100 - exiting critical section [integrity check]
2024-08-13 10:06:46,574 [INFO] IntegrityCheckThread:103 - End integrity checks thread
2024-08-13 10:06:47,645 [WARN] CheckConnectionManager:291 - Warning during Server Connection :  timeout Connect to sw-center.st.com:443 [sw-center.st.com/203.121.59.208, sw-center.st.com/203.121.59.234] failed: Connect timed out
2024-08-13 10:06:49,942 [ERROR] ConfigurationRetriever:142 - IOException on connection: Connect timed out
2024-08-13 10:06:51,656 [WARN] CheckConnectionManager:291 - Warning during Server Connection :  timeout Connect to sw-center.st.com:443 [sw-center.st.com/203.121.59.208, sw-center.st.com/203.121.59.234] failed: Connect timed out
2024-08-13 10:06:51,661 [INFO] MainUpdater:2873 - connection check result : 22
2024-08-13 10:06:51,662 [INFO] MainUpdater:290 - Updater Check For Update Now.
2024-08-13 10:06:51,662 [INFO] MicroXplorer:498 - Change Database Version : DB.6.0.120
2024-08-13 10:06:51,670 [INFO] McuFinderGlobals:63 - Set McuFinder mode to 2 (CubeIDE integrated)
2024-08-13 10:06:51,670 [INFO] UserAuth:179 - activating auth plugin
2024-08-13 10:06:51,674 [INFO] UserAuth:417 - Internet connection configuration mode: 2
2024-08-13 10:06:51,700 [INFO] UserAuth:417 - Internet connection configuration mode: 2
2024-08-13 10:06:51,865 [INFO] CheckServerUpdateThread:120 - End of CheckServer Thread
2024-08-13 10:06:54,945 [ERROR] ConfigurationRetriever:142 - IOException on connection: Connect timed out
2024-08-13 10:07:38,110 [ERROR] ConfigurationRetriever:142 - IOException on connection: Connect timed out
2024-08-13 10:07:40,112 [ERROR] ConfigurationRetriever:142 - IOException on connection: Connect timed out
2024-08-13 10:07:42,114 [ERROR] ConfigurationRetriever:142 - IOException on connection: Connect timed out
2024-08-13 13:44:27,411 [ERROR] ConfigurationRetriever:142 - IOException on connection: Connect timed out
2024-08-13 13:44:29,417 [ERROR] ConfigurationRetriever:142 - IOException on connection: Connect timed out
2024-08-13 13:44:31,435 [ERROR] ConfigurationRetriever:142 - IOException on connection: Connect timed out
2024-08-13 13:44:32,501 [ERROR] LogOutputStream:75 - [STDERR_REDIRECT] 
